12:02:08  Namespace(bound=32, dot=None, incr=True, log=None, maxK=0, moore=True, size=0, spec='./experiments-for-synt/loop_arbiter_2_kmax.tlsf', spot=True, tmp=False, unreal=False, verbose=0)
12:02:08  created z3 process: 19137
12:02:09  automaton size is: 41
12:02:09  using CoBuchiEncoder
12:02:09  search
12:02:09  searching a model of size 1..
12:02:09  solving the query..
12:02:10  searching a model of size 2..
12:02:11  solving the query..
12:02:13  searching a model of size 3..
12:02:13  solving the query..
12:03:34  searching a model of size 4..
12:03:35  solving the query..
12:04:20  parse_model
12:04:20  searching a model took (sec): 131
12:04:20  FOUND model for sys of size 4
12:04:20  digraph module {
 rankdir=LR;

"0" [label="-g_0 -__d3_r_1 __d5_r_1 -__d5_r_0 __vp3_0 __vp3_1 -__d6_r_0 -__d3_r_0 -__d1_r_0 -__vp1_0 -__d4_r_1 -__d2_r_0 -__vp1_2 __vp1_1 -__d4_r_0 __vp4_2 -__d2_r_1 -__d1_r_1 -__d6_r_1 g_1 -__vp3_2 __vp4_0 -__vp4_1\n0", fillcolor="green", style=filled]
"1" [label="g_0 -__d3_r_1 -__d5_r_1 -__d5_r_0 -__vp3_0 -__vp3_1 -__d6_r_0 -__d3_r_0 -__d1_r_0 -__vp1_0 -__d4_r_1 -__d2_r_0 -__vp1_2 __vp1_1 -__d4_r_0 -__vp4_2 __d2_r_1 -__d1_r_1 -__d6_r_1 -g_1 -__vp3_2 -__vp4_0 -__vp4_1\n1"]
"2" [label="-g_0 -__d3_r_1 __d5_r_1 -__d5_r_0 -__vp3_0 -__vp3_1 -__d6_r_0 __d3_r_0 __d1_r_0 -__vp1_0 -__d4_r_1 -__d2_r_0 -__vp1_2 __vp1_1 -__d4_r_0 -__vp4_2 -__d2_r_1 -__d1_r_1 -__d6_r_1 -g_1 -__vp3_2 -__vp4_0 -__vp4_1\n2"]
"3" [label="g_0 -__d3_r_1 -__d5_r_1 -__d5_r_0 -__vp3_0 -__vp3_1 -__d6_r_0 __d3_r_0 -__d1_r_0 -__vp1_0 -__d4_r_1 -__d2_r_0 -__vp1_2 __vp1_1 -__d4_r_0 -__vp4_2 __d2_r_1 -__d1_r_1 -__d6_r_1 -g_1 -__vp3_2 -__vp4_0 -__vp4_1\n3"]
"0" -> "1" [label="r_0"]
"0" -> "0" [label="r_1 -r_0"]
"2" -> "3" [label="-r_1 r_0"]
"3" -> "3" [label="-r_1 r_0"]
"2" -> "2" [label="-r_1 -r_0"]
"3" -> "0" [label="r_1 r_0"]
"1" -> "0" [label="1"]
"3" -> "1" [label="-r_0"]
"0" -> "2" [label="-r_1 -r_0"]
"2" -> "1" [label="r_1"]
}
