09:49:43  Namespace(bound=128, direct=True, dot=None, incr=True, log=None, size=0, spec='./experiments-for-synt/loop_arbiter_3.py', tmp=False, verbose=0)
09:49:43  check_real
09:49:43  created z3 process: 14380
09:49:43  search
09:49:43  searching a model of size 1..
09:49:43  solving the query..
09:49:43  searching a model of size 2..
09:49:43  solving the query..
09:49:44  searching a model of size 3..
09:49:44  solving the query..
09:49:44  searching a model of size 4..
09:49:44  solving the query..
09:49:49  searching a model of size 5..
09:49:49  solving the query..
09:50:20  searching a model of size 6..
09:50:20  solving the query..
11:15:17  searching a model of size 7..
11:15:17  solving the query..
11:37:29  FOUND model for sys
11:37:29  digraph module {
 rankdir=LR;

"0" [label="-g_2 -g_1 -g_0\n0", fillcolor="green", style=filled]
"1" [label="-g_2 -g_1 g_0\n1"]
"2" [label="-g_2 -g_1 g_0\n2"]
"3" [label="-g_2 g_1 -g_0\n3"]
"4" [label="g_2 -g_1 -g_0\n4"]
"5" [label="-g_2 g_1 -g_0\n5"]
"6" [label="g_2 -g_1 -g_0\n6"]
"1" -> "2" [label="-r_1 r_2 r_0"]
"1" -> "2" [label="-r_1 -r_2 -r_0"]
"3" -> "2" [label="-r_1 r_2"]
"3" -> "2" [label="r_1 -r_2 r_0"]
"2" -> "6" [label="r_1"]
"4" -> "3" [label="r_1 -r_2 -r_0"]
"4" -> "5" [label="-r_1 r_0"]
"4" -> "5" [label="r_1 r_2 -r_0"]
"0" -> "0" [label="-r_1 -r_2 -r_0"]
"1" -> "6" [label="r_1 r_2"]
"1" -> "6" [label="r_2 -r_0"]
"4" -> "2" [label="-r_1 -r_2 -r_0"]
"5" -> "1" [label="-r_1 -r_2 r_0"]
"6" -> "5" [label="1"]
"3" -> "3" [label="r_1 -r_2 -r_0"]
"0" -> "1" [label="-r_1 -r_2 r_0"]
"4" -> "6" [label="r_1 r_0"]
"0" -> "6" [label="r_2 r_0"]
"0" -> "6" [label="r_1 r_2"]
"4" -> "4" [label="-r_1 r_2 -r_0"]
"3" -> "0" [label="-r_1 -r_2 -r_0"]
"1" -> "1" [label="-r_1 -r_2 r_0"]
"1" -> "5" [label="r_1 -r_2 -r_0"]
"3" -> "6" [label="r_1 r_2"]
"0" -> "4" [label="-r_1 r_2 -r_0"]
"1" -> "3" [label="r_1 -r_2 r_0"]
"0" -> "5" [label="r_1 -r_2"]
"3" -> "5" [label="-r_1 -r_2 r_0"]
"5" -> "2" [label="r_1"]
"5" -> "2" [label="r_2"]
"5" -> "2" [label="-r_0"]
"2" -> "4" [label="-r_1"]
}
