11:41:08  Namespace(maxK=8, minK=2, moore=False, output=None, spec='./experiments-for-synt/loop_arbiter_2_k5.tlsf', unreal=False, verbose=0)
11:41:09  UCW automaton has 35 states
11:41:09  setting k to 2...
11:41:09  k_reduce
11:41:09  k-LA automaton has 84 states
11:41:09  atm_to_verilog
11:41:09  verilog_to_aiger
11:41:42  synthesize
11:41:42  executing sdf...
12:07:15  sdf completed
REALIZABLE
aag 3919 2 84 21 3833
2
4
48 905
50 912
52 918
54 924
56 1455
58 1456
60 1477
62 1484
64 1496
66 1482
68 1502
70 1506
72 1512
74 1516
76 2103
78 2108
80 2112
82 2106
84 2114
86 2209
88 2214
90 2216
92 2619
94 2624
96 2630
98 2649
100 2628
102 2654
104 2660
106 2681
108 2684
110 2690
112 3099
114 3669
116 1
118 4277
120 4278
122 4282
124 2652
126 4288
128 4315
130 4316
132 4605
134 5083
136 5097
138 5367
140 5370
142 5372
144 5374
146 5467
148 5468
150 5470
152 5472
154 5474
156 5478
158 5484
160 5881
162 2622
164 5886
166 916
168 5888
170 5884
172 6315
174 6727
176 6730
178 6745
180 7105
182 2688
184 1500
186 7115
188 7116
190 4286
192 7118
194 7124
196 7128
198 5482
200 7339
202 7693
204 7835
206 7122
208 922
210 2638
212 2658
214 910
6
8
10
12
14
16
18
20
22
24
26
40
42
44
46
38
36
34
32
30
28
216 28 15
218 216 47
220 117 13
222 37 18
224 222 220
226 22 20
228 226 41
230 228 224
232 230 44
234 232 218
236 47 15
238 236 44
240 37 22
242 117 12
244 242 41
246 244 240
248 246 28
250 248 18
252 36 23
254 252 40
256 220 18
258 256 28
260 258 254
262 261 251
264 263 238
266 265 235
268 34 5
270 35 4
272 271 269
274 32 2
276 33 3
278 277 275
280 279 272
282 280 102
284 30 7
286 5 2
288 286 284
290 288 164
292 291 283
294 293 18
296 44 19
298 39 5
300 38 4
302 301 299
304 27 3
306 304 188
308 306 303
310 7 5
312 31 3
314 30 2
316 315 313
318 317 310
320 318 164
322 321 309
324 323 296
326 325 295
328 326 266
330 37 23
332 41 21
334 333 220
336 334 330
338 336 17
340 25 2
342 24 3
344 343 341
346 10 4
348 346 98
350 348 296
352 350 344
354 353 339
356 6 4
358 356 317
360 358 156
362 236 29
364 252 220
366 364 333
368 366 362
370 369 361
372 370 354
374 46 14
376 252 244
378 376 374
380 379 283
382 36 22
384 383 331
386 384 244
388 386 362
390 280 62
392 391 389
394 392 380
396 394 372
398 46 15
400 40 23
402 400 16
404 224 44
406 404 402
408 406 398
410 41 20
412 410 220
414 412 252
416 412 330
418 416 16
420 419 415
422 421 374
424 423 409
426 424 396
428 426 328
430 29 15
432 431 47
434 410 252
436 434 256
438 222 23
440 244 16
442 440 438
444 443 437
446 445 44
448 447 407
450 449 432
452 252 18
454 452 244
456 37 20
458 456 256
460 23 16
462 460 41
464 462 458
466 465 455
468 467 44
470 468 432
472 471 451
474 472 428
476 41 23
478 476 458
480 44 16
482 480 478
484 44 18
486 484 376
488 487 483
490 484 246
492 491 233
494 492 447
496 494 488
498 497 398
500 47 14
502 500 493
504 220 40
506 384 374
508 362 240
510 509 507
512 511 504
514 246 14
516 514 46
518 40 22
520 518 37
522 520 220
524 522 484
526 524 237
528 527 517
530 528 513
532 45 19
534 9 5
536 43 3
538 536 534
540 538 70
542 11 5
544 24 2
546 544 98
548 546 542
550 549 541
552 551 533
554 26 2
556 303 126
558 298 110
560 559 557
562 561 554
564 563 553
566 524 218
568 30 6
570 4 2
572 570 568
574 357 311
576 575 312
578 577 573
580 579 90
582 581 567
584 582 564
586 584 530
588 586 503
590 47 29
592 37 15
594 592 220
596 594 228
598 596 590
600 555 305
602 601 303
604 305 301
606 605 110
608 606 602
610 609 599
612 298 27
614 126 3
616 614 612
618 616 45
620 590 16
622 620 15
624 622 336
626 625 619
628 626 610
630 358 164
632 602 188
634 633 631
636 330 244
638 16 15
640 47 16
642 641 639
644 642 636
646 636 622
648 647 645
650 648 634
652 650 628
654 42 2
656 654 18
658 657 537
660 8 4
662 660 70
664 662 659
666 374 16
668 504 330
670 668 666
672 671 665
674 45 5
676 675 287
678 88 11
680 678 344
682 680 677
684 35 5
686 684 279
688 686 144
690 689 683
692 690 672
694 412 240
696 694 374
698 697 321
700 34 4
702 700 279
704 702 144
706 346 344
708 706 158
710 709 705
712 710 698
714 712 692
716 714 652
718 412 382
720 25 3
722 720 542
724 722 98
726 725 719
728 720 348
730 204 46
732 485 15
734 733 730
736 735 729
738 736 726
740 382 244
742 47 18
744 204 14
746 744 44
748 746 742
750 749 741
752 346 88
754 752 544
756 755 617
758 756 750
760 758 738
762 362 204
764 288 90
766 765 763
768 544 45
770 768 752
772 544 18
774 772 348
776 775 771
778 776 766
780 542 158
782 780 344
784 300 27
786 784 614
788 787 783
790 504 382
792 654 5
794 792 9
796 296 70
798 796 794
800 799 791
802 800 788
804 802 778
806 804 760
808 660 654
810 809 795
812 811 70
814 254 220
816 375 237
818 816 484
820 818 814
822 821 813
824 661 535
826 655 537
828 827 825
830 828 54
832 828 84
834 833 831
836 834 822
838 31 7
840 5 3
842 840 838
844 842 156
846 288 156
848 847 845
850 47 28
852 204 15
854 852 484
856 854 850
858 857 541
860 858 848
862 168 45
864 130 19
866 865 49
868 866 863
870 332 220
872 242 40
874 873 871
876 874 868
878 11 4
880 10 5
882 881 879
884 720 88
886 885 547
888 887 882
890 889 876
892 890 860
894 892 836
896 894 806
898 896 716
900 898 588
902 900 499
904 902 474
906 882 344
908 215 181
910 909 906
912 910 19
914 167 119
916 915 602
918 916 19
920 209 79
922 921 828
924 922 19
926 41 4
928 926 226
930 928 222
932 242 10
934 932 28
936 934 930
938 936 15
940 242 11
942 940 18
944 410 5
946 240 216
948 946 944
950 948 942
952 944 452
954 952 940
956 954 216
958 957 951
960 958 939
962 961 768
964 15 3
966 964 25
968 41 5
970 968 240
972 940 19
974 972 28
976 974 970
978 976 20
980 252 20
982 980 926
984 932 19
986 984 28
988 986 982
990 926 240
992 990 986
994 992 20
996 995 989
998 996 979
1000 999 966
1002 944 252
1004 1002 974
1006 1004 966
1008 19 5
1010 1008 410
1012 204 12
1014 1012 11
1016 1014 1010
1018 1016 544
1020 19 4
1022 1012 10
1024 1022 410
1026 1024 1020
1028 1026 544
1030 1029 1019
1032 1031 216
1034 1033 1007
1036 18 4
1038 1036 434
1040 1038 932
1042 1040 768
1044 1042 14
1046 16 2
1048 1046 24
1050 1048 14
1052 45 4
1054 1052 476
1056 932 18
1058 1056 456
1060 1058 1054
1062 1060 1050
1064 1063 1045
1066 1064 1034
1068 1066 1001
1070 1068 963
1072 1016 720
1074 720 45
1076 1036 1024
1078 1076 1074
1080 1079 1073
1082 1074 14
1084 926 22
1086 1084 1058
1088 1086 1082
1090 20 18
1092 1090 968
1094 1092 1014
1096 1094 768
1098 1097 1089
1100 1098 1080
1102 1101 431
1104 984 14
1106 1104 982
1108 972 14
1110 1108 1002
1112 1111 1107
1114 1113 544
1116 37 19
1118 23 20
1120 1118 968
1122 1120 1116
1124 1122 940
1126 1124 1048
1128 1126 216
1130 14 3
1132 25 16
1134 1132 1130
1136 1134 1124
1138 45 3
1140 1138 216
1142 1140 25
1144 1142 1040
1146 1145 1137
1148 1146 1129
1150 1148 1115
1152 544 15
1154 1005 995
1156 1155 1152
1158 1108 970
1160 1158 20
1162 1160 544
1164 1163 1157
1166 1164 1150
1168 1166 1103
1170 1104 990
1172 1170 20
1174 1026 431
1176 1175 1112
1178 1176 1173
1180 1179 720
1182 16 3
1184 1182 25
1186 926 330
1188 1186 20
1190 1188 984
1192 1190 1184
1194 940 222
1196 1194 20
1198 968 45
1200 1198 22
1202 1200 344
1204 674 476
1206 344 16
1208 1206 1204
1210 1209 1203
1212 1211 1196
1214 1213 1193
1216 1094 1074
1218 1217 1030
1220 1074 954
1222 1090 926
1224 1222 45
1226 1224 1022
1228 1226 544
1230 1229 1221
1232 1230 1218
1234 1232 1214
1236 1235 14
1238 1237 1181
1240 1238 1168
1242 1240 1070
1244 1243 47
1246 1124 216
1248 19 15
1250 1248 1188
1252 1250 934
1254 1253 1247
1256 1255 16
1258 1257 1161
1260 1259 720
1262 1086 768
1264 1184 1060
1266 1265 1263
1268 1190 1048
1270 954 768
1272 1271 1269
1274 1272 14
1276 1274 1266
1278 978 544
1280 1220 28
1282 1281 236
1284 1282 1279
1286 1285 1277
1288 1172 544
1290 1289 1287
1292 1290 1261
1294 1097 46
1296 1294 1019
1298 1184 1124
1300 1299 1221
1302 1300 1296
1304 1302 1272
1306 1305 375
1308 1306 1293
1310 1026 344
1312 1311 1229
1314 1312 1080
1316 1086 1074
1318 1074 1040
1320 1319 1127
1322 1320 1317
1324 1322 1314
1326 1266 1214
1328 1326 1324
1330 1329 398
1332 344 46
1334 1248 932
1336 1334 990
1338 1336 20
1340 1338 1332
1342 222 47
1344 1342 932
1346 45 28
1348 1346 926
1350 1348 1118
1352 1350 1344
1354 1352 1048
1356 1346 1194
1358 640 344
1360 1358 1120
1362 1360 1356
1364 1363 1355
1366 1365 15
1368 1321 500
1370 1369 1367
1372 1370 1341
1374 1048 398
1376 1374 1060
1378 1228 218
1380 544 236
1382 1380 988
1384 1383 1379
1386 1384 1377
1388 47 45
1390 1388 966
1392 1390 936
1394 591 15
1396 1394 1216
1398 720 638
1400 1398 1352
1402 1401 1397
1404 1402 1393
1406 1394 1042
1408 1388 720
1410 1408 950
1412 1411 1407
1414 1412 1404
1416 1414 1386
1418 1138 950
1420 1419 25
1422 1046 47
1424 1422 1252
1426 1424 1421
1428 1248 940
1430 1428 970
1432 1430 20
1434 1428 1002
1436 1334 982
1438 1437 1435
1440 1438 1433
1442 1441 1332
1444 1443 1427
1446 1444 1416
1448 1446 1372
1450 1448 1331
1452 1450 1309
1454 1452 1245
1456 146 19
1458 827 660
1460 1459 795
1462 1461 192
1464 193 61
1466 1465 538
1468 43 9
1470 1469 60
1472 1470 828
1474 1473 1467
1476 1474 1463
1478 269 66
1480 1479 97
1482 1481 280
1484 1482 45
1486 542 341
1488 1487 707
1490 342 11
1492 65 57
1494 1493 1491
1496 1494 1489
1498 185 139
1500 1499 602
1502 1500 45
1504 828 533
1506 1504 1465
1508 575 317
1510 135 73
1512 1511 1508
1514 149 75
1516 1515 828
1518 20 2
1520 284 220
1522 40 5
1524 1522 252
1526 1524 19
1528 1526 1520
1530 1528 1518
1532 838 458
1534 518 5
1536 1534 1138
1538 1536 1532
1540 1539 1531
1542 20 3
1544 40 4
1546 1544 252
1548 31 6
1550 1548 220
1552 1550 19
1554 1552 1546
1556 1554 1542
1558 37 4
1560 20 19
1562 1560 3
1564 1562 1550
1566 1564 1558
1568 1566 402
1570 1569 1557
1572 1570 1540
1574 1534 2
1576 220 19
1578 456 284
1580 1578 1576
1582 1580 1574
1584 1550 18
1586 1544 45
1588 1586 252
1590 1588 1584
1592 1590 1542
1594 1576 568
1596 1594 456
1598 570 518
1600 1598 1596
1602 1601 1593
1604 1602 1583
1606 1548 458
1608 1544 22
1610 1608 1138
1612 1610 1606
1614 45 16
1616 1614 400
1618 1616 840
1620 1618 1532
1622 1621 1613
1624 45 18
1626 1624 456
1628 1626 1520
1630 1628 1574
1632 402 286
1634 1632 1580
1636 1544 23
1638 1636 1046
1640 1638 1596
1642 1641 1635
1644 1642 1631
1646 1644 1622
1648 1646 1604
1650 1648 1572
1652 1651 14
1654 220 28
1656 1654 568
1658 1656 452
1660 1658 1586
1662 1520 28
1664 1662 1526
1666 1665 1661
1668 1667 15
1670 1546 568
1672 1670 1576
1674 1672 431
1676 1675 1669
1678 1677 1518
1680 1679 1653
1682 1522 15
1684 1662 1116
1686 1684 226
1688 1686 1682
1690 1544 16
1692 456 23
1694 568 220
1696 1694 216
1698 1696 1692
1700 1698 19
1702 1700 1690
1704 1703 1689
1706 20 15
1708 1522 45
1710 1662 452
1712 1710 1708
1714 1712 1706
1716 1715 2
1718 1716 1704
1720 1522 16
1722 838 220
1724 1722 216
1726 1724 1692
1728 1726 19
1730 1728 1720
1732 1722 28
1734 1706 1526
1736 1734 1732
1738 1732 222
1740 226 45
1742 1740 1522
1744 1742 15
1746 1744 1738
1748 1747 3
1750 1748 1737
1752 1750 1731
1754 1753 1719
1756 1722 1526
1758 1756 1542
1760 1182 45
1762 1760 1636
1764 1762 1606
1766 456 19
1768 1766 1722
1770 840 402
1772 1770 1768
1774 1773 1765
1776 1774 1759
1778 1777 14
1780 1520 216
1782 1780 1692
1784 40 2
1786 1008 16
1788 1786 1784
1790 18 5
1792 1790 1614
1794 1792 1784
1796 1795 1789
1798 1797 1782
1800 1550 216
1802 1800 1692
1804 1624 1182
1806 1804 1802
1808 1806 1544
1810 1732 1116
1812 964 226
1814 1812 1810
1816 1814 1522
1818 964 20
1820 1722 18
1822 252 28
1824 1822 1820
1826 1824 1708
1828 1826 1818
1830 1829 1817
1832 1830 1809
1834 1832 1799
1836 1834 1779
1838 1836 1755
1840 40 3
1842 1792 1726
1844 1550 28
1846 1844 222
1848 45 15
1850 226 4
1852 1850 1848
1854 1852 1846
1856 1855 1843
1858 1857 1840
1860 18 2
1862 1860 45
1864 1862 1698
1866 19 3
1868 1866 1802
1870 1869 1865
1872 1871 1690
1874 1518 45
1876 1520 18
1878 1876 1524
1880 1878 1874
1882 1138 20
1884 1820 1524
1886 1884 1882
1888 1887 1881
1890 1566 518
1892 1891 14
1894 1892 1888
1896 1116 226
1898 1896 1844
1900 1898 4
1902 1901 964
1904 1662 222
1906 1904 1742
1908 1841 15
1910 1908 1907
1912 1911 1903
1914 1912 1895
1916 1915 1873
1918 1916 1859
1920 1918 1838
1922 1920 1680
1924 1923 47
1926 1624 220
1928 1926 1670
1930 1929 1673
1932 1931 1518
1934 1933 1604
1936 1934 1646
1938 1888 1774
1940 568 458
1942 45 2
1944 1942 1608
1946 1046 45
1948 1946 1636
1950 1949 1945
1952 1951 1940
1954 1632 1628
1956 1090 45
1958 204 13
1960 1958 40
1962 1960 1956
1964 356 312
1966 1964 1962
1968 1967 1955
1970 1968 1953
1972 1970 1938
1974 1960 572
1976 1974 1560
1978 1977 1531
1980 1891 1759
1982 1980 1978
1984 1570 1539
1986 1984 1982
1988 1986 1972
1990 1988 1936
1992 1991 398
1994 1542 236
1996 1844 452
1998 1996 1586
2000 1554 28
2002 2001 1999
2004 2003 1994
2006 15 2
2008 2006 47
2010 1656 222
2012 2010 1740
2014 1656 1116
2016 2014 226
2018 2017 2013
2020 2019 1544
2022 2020 2008
2024 2023 2005
2026 1960 1560
2028 2026 1964
2030 1958 7
2032 1560 1522
2034 2032 2030
2036 2034 314
2038 2037 2029
2040 1962 318
2042 2034 312
2044 2043 2041
2046 1974 1956
2048 1534 3
2050 2048 1768
2052 2051 2047
2054 2052 2044
2056 2054 2038
2058 2057 816
2060 1962 288
2062 2061 2043
2064 2063 218
2066 2039 216
2068 2067 2065
2070 1976 432
2072 1624 850
2074 2072 317
2076 575 287
2078 2076 2074
2080 2078 1960
2082 2080 1706
2084 2083 2071
2086 2084 2068
2088 2086 2059
2090 2088 2024
2092 1928 1518
2094 2093 1970
2096 2095 500
2098 2097 2090
2100 2098 1993
2102 2100 1925
2104 133 83
2106 2105 828
2108 2106 19
2110 153 81
2112 2111 1508
2114 1516 45
2116 204 45
2118 2116 375
2120 2118 363
2122 414 15
2124 2123 597
2126 2125 28
2128 28 16
2130 330 15
2132 2130 244
2134 2130 334
2136 2135 2133
2138 2137 2128
2140 814 216
2142 523 377
2144 2143 431
2146 2145 2141
2148 2146 2139
2150 814 14
2152 248 15
2154 2153 2151
2156 2154 515
2158 2156 2148
2160 2158 2127
2162 2161 1388
2164 2163 2121
2166 2165 4
2168 926 45
2170 2168 980
2172 2170 220
2174 637 337
2176 16 4
2178 2176 45
2180 2178 2175
2182 2181 2173
2184 2183 816
2186 398 220
2188 2186 1588
2190 816 694
2192 398 386
2194 518 46
2196 2194 594
2198 2197 2193
2200 2198 2191
2202 2201 1052
2204 2203 2189
2206 2204 2185
2208 2206 2167
2210 906 45
2212 197 121
2214 2213 2210
2216 2112 19
2218 1576 8
2220 2218 1546
2222 2220 21
2224 2222 536
2226 654 45
2228 256 8
2230 2228 1546
2232 2230 21
2234 2232 2226
2236 2235 2225
2238 536 45
2240 256 9
2242 37 21
2244 2242 2240
2246 2244 1534
2248 2246 2238
2250 2240 1524
2252 2250 21
2254 2252 2226
2256 2242 518
2258 2256 2218
2260 536 4
2262 2260 2258
2264 40 21
2266 2264 19
2268 2266 1958
2270 2268 828
2272 2271 2263
2274 2272 2255
2276 2274 2249
2278 2276 2236
2280 2279 28
2282 28 21
2284 1576 9
2286 2284 1524
2288 2286 827
2290 2220 654
2292 2291 2289
2294 2293 2282
2296 2295 15
2298 2296 2281
2300 2284 2242
2302 2300 1534
2304 2303 2223
2306 2305 654
2308 654 16
2310 2242 1636
2312 2310 2218
2314 1522 23
2316 2314 2300
2318 2317 2313
2320 2319 2308
2322 2242 2228
2324 2322 1608
2326 2324 2226
2328 827 45
2330 2264 1958
2332 1036 8
2334 2332 2330
2336 2334 2328
2338 825 536
2340 2338 2268
2342 2341 2337
2344 2342 2327
2346 2344 2321
2348 2346 2307
2350 2238 2232
2352 2286 21
2354 2352 536
2356 2355 2351
2358 2324 2238
2360 536 16
2362 2360 2316
2364 2363 2359
2366 2364 2356
2368 674 400
2370 2368 2244
2372 2370 2308
2374 2373 14
2376 2374 2236
2378 2376 2366
2380 2378 2348
2382 2381 2299
2384 220 8
2386 2384 216
2388 1558 23
2390 2388 2266
2392 2390 2386
2394 2392 2308
2396 827 5
2398 220 9
2400 2398 216
2402 460 37
2404 2402 2266
2406 2404 2400
2408 2406 2396
2410 2409 2395
2412 2410 2383
2414 2413 47
2416 2246 2226
2418 654 4
2420 2418 2258
2422 2360 2312
2424 2423 2421
2426 2424 2417
2428 2426 2307
2430 2428 2346
2432 2352 654
2434 1636 45
2436 2434 2322
2438 2436 2308
2440 2439 2433
2442 2302 536
2444 2252 2238
2446 2370 2360
2448 2447 2445
2450 2448 2443
2452 2268 794
2454 1790 9
2456 2454 2330
2458 2456 2328
2460 2459 2453
2462 2460 2355
2464 2462 2236
2466 2464 2450
2468 2466 2440
2470 2468 2430
2472 2471 398
2474 2436 2360
2476 2475 2263
2478 2476 2363
2480 2479 398
2482 2444 850
2484 2483 501
2486 2254 47
2488 2263 14
2490 2488 2447
2492 2490 2487
2494 2493 2485
2496 2475 2424
2498 2496 2417
2500 2499 500
2502 2501 2495
2504 2502 2481
2506 2445 14
2508 2506 2440
2510 2327 15
2512 2511 432
2514 2512 2509
2516 2421 2359
2518 2517 218
2520 638 536
2522 2437 2371
2524 2523 850
2526 2524 2520
2528 2527 2519
2530 2308 15
2532 2530 2524
2534 2359 2255
2536 2535 398
2538 2537 2533
2540 2538 2528
2542 2350 1394
2544 2456 15
2546 2545 2335
2548 2238 850
2550 2548 2547
2552 2551 2543
2554 2372 398
2556 2416 218
2558 2557 2555
2560 2558 2552
2562 536 5
2564 2563 14
2566 827 432
2568 2566 2565
2570 2568 2302
2572 2238 816
2574 2572 2246
2576 640 536
2578 2576 2392
2580 816 808
2582 2580 2268
2584 2583 2579
2586 2584 2575
2588 2586 2571
2590 2456 2238
2592 2591 2453
2594 2593 500
2596 2334 218
2598 2456 432
2600 2599 2597
2602 2601 2226
2604 2603 2595
2606 2604 2588
2608 2606 2560
2610 2608 2540
2612 2610 2515
2614 2612 2504
2616 2614 2473
2618 2616 2415
2620 175 163
2622 2621 1508
2624 2622 533
2626 203 101
2628 2627 280
2630 2628 45
2632 722 296
2634 2632 210
2636 211 187
2638 2637 906
2640 840 19
2642 2640 187
2644 2643 533
2646 2644 2638
2648 2647 2635
2650 195 125
2652 2651 280
2654 2652 533
2656 213 115
2658 2657 280
2660 2658 19
2662 1458 106
2664 107 93
2666 2665 794
2668 808 92
2670 538 106
2672 2671 2669
2674 2672 2667
2676 2338 92
2678 2677 2674
2680 2678 2663
2682 143 109
2684 2683 602
2686 183 53
2688 2687 602
2690 2688 19
2692 2168 438
2694 242 8
2696 2694 29
2698 2696 2692
2700 2398 29
2702 2700 18
2704 2368 37
2706 2704 2702
2708 2707 2699
2710 2709 2360
2712 1560 252
2714 2712 2700
2716 2714 792
2718 2384 29
2720 2718 1896
2722 2720 2260
2724 2723 2717
2726 2725 41
2728 434 19
2730 827 4
2732 2730 2728
2734 2328 930
2736 2735 2733
2738 2737 2718
2740 2739 2727
2742 2740 2711
2744 2702 1002
2746 2744 2226
2748 968 22
2750 2748 456
2752 2750 2702
2754 2718 1038
2756 2755 2753
2758 2756 2747
2760 2759 2328
2762 1636 1116
2764 2762 2718
2766 968 330
2768 2766 19
2770 242 9
2772 2770 29
2774 2772 2768
2776 2775 2765
2778 2777 2308
2780 926 19
2782 2780 827
2784 2782 2402
2786 2784 2696
2788 1116 228
2790 2788 2396
2792 2790 2700
2794 2361 2309
2796 1624 37
2798 2796 29
2800 2384 1636
2802 2800 2798
2804 2802 2795
2806 2805 2793
2808 2806 2787
2810 2808 2779
2812 2810 2761
2814 2812 2742
2816 2815 398
2818 2238 430
2820 240 18
2822 2820 1522
2824 2398 46
2826 2824 2822
2828 46 18
2830 2828 2694
2832 2830 990
2834 2833 2827
2836 2835 2818
2838 2396 430
2840 46 19
2842 2840 2398
2844 2842 254
2846 2844 2838
2848 2847 2837
2850 2418 430
2852 252 41
2854 2840 2694
2856 2854 2852
2858 520 19
2860 2384 46
2862 2860 2858
2864 2863 2857
2866 2865 2850
2868 2360 398
2870 2868 2777
2872 2871 2867
2874 2872 2848
2876 2260 430
2878 2876 2856
2880 240 41
2882 2880 430
2884 2840 2770
2886 2884 2562
2888 2886 2882
2890 2889 2879
2892 485 204
2894 2892 46
2896 2894 430
2898 2896 828
2900 398 41
2902 2900 2562
2904 2902 2714
2906 2905 2899
2908 2906 2890
2910 2314 1116
2912 2910 2700
2914 2912 2868
2916 968 252
2918 2828 2770
2920 2918 2916
2922 2226 430
2924 2922 2920
2926 2925 2915
2928 926 252
2930 2928 2830
2932 2930 2922
2934 1198 438
2936 2934 2772
2938 2936 2868
2940 2939 2933
2942 2940 2926
2944 2942 2908
2946 2944 2874
2948 2230 46
2950 2250 46
2952 2918 970
2954 2953 2833
2956 2954 2951
2958 2956 2949
2960 2959 2922
2962 2798 638
2964 2824 1120
2966 2964 654
2968 2966 2962
2970 1544 240
2972 2970 18
2974 2972 2860
2976 2975 2827
2978 2977 2922
2980 2238 398
2982 2980 2744
2984 2983 2979
2986 2984 2969
2988 2986 2961
2990 2988 2946
2992 2398 430
2994 2992 1122
2996 2718 1250
2998 2997 2995
3000 2999 2795
3002 2912 2530
3004 3003 3001
3006 3005 46
3008 2308 398
3010 2937 2707
3012 3011 3008
3014 2949 2931
3016 3015 2818
3018 2953 2921
3020 3018 2951
3022 3021 2818
3024 3023 3017
3026 3024 3013
3028 2840 2384
3030 3028 254
3032 3030 2876
3034 2882 2730
3036 3034 2854
3038 3037 3033
3040 2974 2818
3042 2884 792
3044 3042 2882
3046 3045 3041
3048 3046 3038
3050 3030 2850
3052 2876 2862
3054 3053 3051
3056 2900 2418
3058 3056 2720
3060 3008 2698
3062 3061 3059
3064 3062 3054
3066 3064 3048
3068 2884 2852
3070 2842 520
3072 3071 3069
3074 3073 2838
3076 1118 926
3078 3076 2860
3080 2964 2520
3082 3081 3079
3084 2962 827
3086 3084 3083
3088 3087 3075
3090 3088 3066
3092 3090 3026
3094 3092 3007
3096 3094 2990
3098 3096 2817
3100 17 3
3102 35 33
3104 3102 242
3106 3104 18
3108 1346 970
3110 3108 3106
3112 240 19
3114 3112 968
3116 3114 3104
3118 3116 28
3120 3119 3111
3122 3121 3100
3124 34 33
3126 3124 220
3128 3126 3100
3130 2970 19
3132 3130 3128
3134 17 2
3136 3134 3112
3138 34 32
3140 3138 220
3142 3140 1544
3144 3142 3136
3146 3145 3133
3148 3147 28
3150 3149 15
3152 3150 3123
3154 1942 17
3156 3138 242
3158 3156 222
3160 3158 1084
3162 35 32
3164 3162 242
3166 3164 222
3168 3166 2748
3170 3169 3161
3172 3171 3154
3174 3140 222
3176 45 17
3178 3176 1598
3180 3178 3174
3182 3162 220
3184 3182 2820
3186 3154 944
3188 3186 3184
3190 3189 3133
3192 3154 1522
3194 3192 3184
3196 3182 1522
3198 3196 3136
3200 3199 3195
3202 3200 3190
3204 3202 3181
3206 3124 242
3208 3206 1116
3210 3208 1084
3212 3210 3100
3214 3100 45
3216 3104 222
3218 3216 2748
3220 3218 3214
3222 3221 3213
3224 3222 3204
3226 3224 3173
3228 3104 1116
3230 3100 2748
3232 3230 3228
3234 3102 220
3236 3234 3214
3238 2820 944
3240 3239 2823
3242 3241 3236
3244 3243 3233
3246 3182 944
3248 3247 3143
3250 3249 3136
3252 3126 2820
3254 1542 926
3256 3254 3176
3258 3214 1544
3260 3259 3257
3262 3261 3252
3264 1624 240
3266 1518 926
3268 3140 17
3270 3268 3266
3272 3270 3264
3274 3273 3263
3276 3274 3251
3278 3276 3244
3280 3164 1116
3282 3280 2748
3284 3156 1116
3286 3284 1084
3288 3287 3283
3290 3289 3134
3292 1084 222
3294 3292 3206
3296 3294 3214
3298 926 20
3300 3298 3112
3302 3300 3128
3304 3100 5
3306 3304 3112
3308 3234 410
3310 3308 3306
3312 3311 3303
3314 3312 14
3316 3314 3297
3318 3316 3291
3320 3318 3278
3322 3320 3226
3324 3323 3153
3326 3156 19
3328 990 28
3330 3328 3326
3332 3156 18
3334 1348 240
3336 3334 3332
3338 3337 3331
3340 3339 15
3342 3164 19
3344 970 216
3346 3344 3342
3348 3140 485
3350 926 28
3352 1706 240
3354 3352 3350
3356 3354 3348
3358 3357 3347
3360 3358 3341
3362 3361 3134
3364 3234 28
3366 3352 1198
3368 3366 3364
3370 3126 28
3372 3370 3352
3374 3372 2168
3376 3375 3369
3378 3100 18
3380 3378 3377
3382 964 17
3384 3206 18
3386 3384 3334
3388 3386 3382
3390 3100 2780
3392 3390 3372
3394 3393 3389
3396 3206 19
3398 3396 3328
3400 3398 3382
3402 216 3
3404 3402 3234
3406 216 2
3408 3406 3182
3410 3409 3405
3412 3176 2822
3414 3412 3411
3416 3415 3401
3418 3416 3394
3420 3162 3134
3422 3420 1654
3424 968 19
3426 3424 3100
3428 3426 3364
3430 3429 3423
3432 968 485
3434 3432 3352
3436 3434 3431
3438 216 45
3440 3140 3134
3442 3440 3438
3444 3442 2972
3446 1522 240
3448 3446 1248
3450 3448 3422
3452 3451 3445
3454 3452 3437
3456 3454 3418
3458 3456 3381
3460 3458 3363
3462 3460 3325
3464 3463 47
3466 216 204
3468 3466 32
3470 3468 700
3472 3162 744
3474 3472 5
3476 3475 3471
3478 3477 3112
3480 1036 45
3482 240 34
3484 3482 744
3486 3484 32
3488 3486 3480
3490 2820 674
3492 3490 3472
3494 3493 3489
3496 3494 3479
3498 3497 3134
3500 3102 744
3502 40 15
3504 3502 3364
3506 3505 3501
3508 3507 3306
3510 3307 35
3512 3100 4
3514 3512 3112
3516 3515 34
3518 3466 33
3520 3518 3517
3522 3520 3511
3524 3512 33
3526 3524 3484
3528 3526 1624
3530 3500 3100
3532 3530 3490
3534 2820 272
3536 852 33
3538 3100 1346
3540 3538 3536
3542 3540 3534
3544 3543 3533
3546 3544 3529
3548 3546 3523
3550 3548 3509
3552 3270 3112
3554 3304 3234
3556 3554 2858
3558 3557 3553
3560 3559 14
3562 3134 1020
3564 3562 3486
3566 3176 964
3568 3566 2972
3570 3568 3370
3572 3136 684
3574 3572 3468
3576 3575 3571
3578 3576 3565
3580 3578 3561
3582 3580 3550
3584 3582 3499
3586 3585 47
3588 3312 3297
3590 3588 3558
3592 3590 3291
3594 3592 3278
3596 3594 3226
3598 3597 398
3600 3134 240
3602 3138 46
3604 3602 852
3606 3604 3480
3608 3164 18
3610 1346 236
3612 3610 968
3614 3612 3608
3616 3615 3607
3618 3617 3600
3620 236 204
3622 274 28
3624 3622 3176
3626 3624 3620
3628 3626 3534
3630 47 19
3632 3630 3526
3634 32 4
3636 3635 45
3638 3637 18
3640 33 2
3642 32 3
3644 3643 852
3646 3644 3641
3648 46 17
3650 3648 240
3652 3650 272
3654 3652 3646
3656 3654 3639
3658 3657 3633
3660 3658 3629
3662 3660 3619
3664 3662 3599
3666 3664 3587
3668 3666 3465
3670 220 26
3672 303 16
3674 1116 23
3676 3674 1784
3678 3676 3672
3680 1046 18
3682 3680 330
3684 1522 39
3686 3684 45
3688 3686 3682
3690 3689 3679
3692 3691 3670
3694 1544 38
3696 3694 1138
3698 220 27
3700 438 16
3702 3700 3698
3704 3702 3696
3706 242 27
3708 3706 3674
3710 38 3
3712 2176 41
3714 3712 3710
3716 3714 3708
3718 3706 438
3720 3718 1182
3722 2168 38
3724 41 39
3726 3724 674
3728 3727 3723
3730 3729 3720
3732 3731 3717
3734 3732 3705
3736 3734 3693
3738 242 26
3740 3738 3674
3742 1046 5
3744 3742 3724
3746 3744 3740
3748 3747 3736
3750 3749 15
3752 1614 300
3754 23 3
3756 3754 852
3758 3756 222
3760 3758 3752
3762 298 16
3764 3674 204
3766 3764 964
3768 3766 3762
3770 3769 3761
3772 3771 27
3774 19 2
3776 3774 852
3778 3776 330
3780 3778 3672
3782 2116 2006
3784 3782 438
3786 3784 3762
3788 3787 3781
3790 3789 26
3792 1182 15
3794 3792 1624
3796 204 27
3798 3796 298
3800 3798 330
3802 3800 3794
3804 3803 3791
3806 3804 3773
3808 3806 3751
3810 3809 46
3812 3698 3674
3814 3812 1182
3816 3814 3684
3818 1182 5
3820 3818 3724
3822 3820 3708
3824 3823 3817
3826 460 456
3828 612 41
3830 1866 220
3832 3830 3828
3834 3832 3826
3836 3738 3682
3838 3836 3726
3840 3839 3835
3842 3840 3824
3844 3836 3722
3846 3814 3694
3848 3847 3845
3850 300 41
3852 3850 1046
3854 3852 3740
3856 3684 1138
3858 3856 3702
3860 3859 3855
3862 3860 3848
3864 3862 3842
3866 3864 3736
3868 3867 14
3870 14 2
3872 3870 204
3874 1614 26
3876 3874 438
3878 3876 3872
3880 27 16
3882 3880 28
3884 3882 3766
3886 3885 3879
3888 3887 303
3890 3764 1130
3892 3880 298
3894 3892 3890
3896 3778 28
3898 3872 3674
3900 3899 3897
3902 300 16
3904 3902 26
3906 3904 3901
3908 3907 3895
3910 3908 3889
3912 3910 3869
3914 3913 47
3916 1116 2
3918 3916 1654
3920 3850 26
3922 638 47
3924 3922 3920
3926 41 26
3928 3926 236
3930 3928 3762
3932 3931 3925
3934 3933 3918
3936 1116 220
3938 3936 47
3940 38 27
3942 3940 926
3944 3943 3829
3946 3945 3402
3948 3946 3938
3950 3948 16
3952 3951 3935
3954 3953 1118
3956 1848 330
3958 1654 27
3960 3958 3956
3962 3960 20
3964 3714 742
3966 3964 3962
3968 1654 26
3970 3968 3956
3972 3970 20
3974 3724 1790
3976 3974 1422
3978 3976 3972
3980 3979 3967
3982 3684 638
3984 47 26
3986 3984 23
3988 3986 3918
3990 28 3
3992 3990 23
3994 3992 3936
3996 47 27
3998 3996 3994
4000 3999 3989
4002 4001 3982
4004 3996 3760
4006 3984 3786
4008 4007 4005
4010 4009 28
4012 4011 4003
4014 4012 3980
4016 4014 3955
4018 1624 1046
4020 4018 330
4022 3694 3670
4024 4022 4020
4026 4025 3823
4028 4026 3817
4030 4028 3839
4032 4030 3862
4034 4033 398
4036 3754 458
4038 3942 1614
4040 4038 4036
4042 23 2
4044 4042 458
4046 26 16
4048 4046 3726
4050 4048 4044
4052 4051 4041
4054 4053 398
4056 3920 816
4058 3774 220
4060 4058 4056
4062 4060 3826
4064 3712 1866
4066 3940 220
4068 4066 1692
4070 4068 816
4072 4070 4064
4074 4073 4063
4076 4074 4055
4078 4076 4035
4080 4078 4016
4082 3891 47
4084 4083 300
4086 330 14
4088 18 3
4090 4088 2116
4092 4090 4086
4094 4093 27
4096 4094 4085
4098 3900 26
4100 3940 2176
4102 640 298
4104 4103 4101
4106 3767 46
4108 4107 4105
4110 4108 4099
4112 4110 4097
4114 1182 18
4116 4114 3960
4118 3694 47
4120 4118 4116
4122 1182 47
4124 4122 3974
4126 4124 3962
4128 3684 47
4130 3970 3680
4132 4130 4128
4134 4133 4127
4136 4134 4121
4138 242 28
4140 4138 26
4142 4140 3956
4144 3852 742
4146 4144 4142
4148 4138 27
4150 4148 3956
4152 4150 3964
4154 4153 4147
4156 4142 3976
4158 4157 4154
4160 4128 4116
4162 4138 1116
4164 4162 4042
4166 4164 3933
4168 4167 4161
4170 4168 4158
4172 4170 4136
4174 4172 4113
4176 4162 3754
4178 4176 3828
4180 3694 27
4182 4180 3994
4184 4183 4179
4186 4185 3922
4188 3694 638
4190 4188 3988
4192 3802 850
4194 204 26
4196 4194 222
4198 4196 4042
4200 3752 1394
4202 4200 4198
4204 4203 4193
4206 4204 4191
4208 4206 4187
4210 4040 500
4212 4050 500
4214 4213 4211
4216 4214 4208
4218 4144 3972
4220 4025 3747
4222 4221 500
4224 4223 4219
4226 4056 1614
4228 4226 4044
4230 3834 398
4232 4231 4229
4234 4232 4224
4236 3880 816
4238 4236 3726
4240 4238 4036
4242 3926 298
4244 4242 4058
4246 4244 3826
4248 4246 816
4250 4249 4241
4252 3942 3922
4254 4252 4176
4256 4150 4124
4258 4257 4255
4260 4130 4118
4262 4261 4258
4264 4262 4250
4266 4264 4234
4268 4266 4216
4270 4268 4174
4272 4270 4080
4274 4272 3915
4276 4274 3811
4278 2210 1493
4280 201 123
4282 4281 602
4284 191 69
4286 4285 602
4288 4286 45
4290 151 129
4292 4291 318
4294 571 30
4296 128 6
4298 4296 4295
4300 30 3
4302 4301 6
4304 4302 150
4306 4305 4299
4308 31 2
4310 4309 4
4312 4310 4307
4314 4313 4293
4316 58 19
4318 2694 452
4320 4318 926
4322 4320 17
4324 2230 17
4326 4325 4323
4328 4327 2238
4330 4322 2226
4332 654 17
4334 4332 2220
4336 244 9
4338 1790 252
4340 4338 17
4342 4340 2328
4344 4342 4336
4346 4345 4335
4348 4346 4331
4350 4348 4329
4352 3100 43
4354 2780 980
4356 4354 2384
4358 4356 4352
4360 2250 17
4362 4360 2238
4364 4363 4359
4366 674 434
4368 4366 2240
4370 4369 4357
4372 4371 4332
4374 827 17
4376 4374 2286
4378 252 19
4380 4378 926
4382 4380 2694
4384 4382 4352
4386 4385 4377
4388 4386 4373
4390 4388 4364
4392 4390 4350
4394 4360 2226
4396 1008 252
4398 4396 4336
4400 4398 4332
4402 2228 2170
4404 4402 4352
4406 4405 4401
4408 4406 4395
4410 4403 4383
4412 4411 4332
4414 4398 4352
4416 4378 944
4418 4416 2398
4420 4418 4352
4422 4421 4415
4424 4422 4413
4426 4424 4408
4428 4426 4392
4430 4429 14
4432 3480 252
4434 744 8
4436 4434 4374
4438 4436 4432
4440 1020 252
4442 4440 4436
4444 744 9
4446 4444 4396
4448 4446 4374
4450 4449 4443
4452 4450 4439
4454 4352 2220
4456 4454 14
4458 4414 216
4460 4459 4457
4462 4460 4452
4464 4354 2386
4466 4338 4336
4468 4466 3438
4470 4469 4465
4472 4471 4332
4474 4332 2286
4476 4475 4359
4478 4477 216
4480 4479 4473
4482 674 452
4484 4482 4444
4486 4416 2400
4488 4487 4485
4490 4489 4374
4492 4321 2251
4494 4492 4467
4496 4352 15
4498 4496 1346
4500 4498 4495
4502 4501 4491
4504 4502 4480
4506 4504 4462
4508 4352 2230
4510 4492 2231
4512 4511 4332
4514 4513 4509
4516 4515 3438
4518 4400 15
4520 4383 2221
4522 4374 15
4524 4522 4521
4526 4496 2286
4528 4527 4525
4530 4528 4519
4532 4531 28
4534 4533 4517
4536 4534 4506
4538 4536 4431
4540 4539 47
4542 4322 2328
4544 4455 4346
4546 4544 4543
4548 4546 4390
4550 4548 4426
4552 4551 398
4554 4397 9
4556 4555 4374
4558 4557 4343
4560 485 4
4562 4560 252
4564 4562 4374
4566 4565 8
4568 852 591
4570 4568 4567
4572 4570 4559
4574 4352 816
4576 4574 4368
4578 4522 850
4580 4403 4369
4582 4581 4578
4584 4583 4577
4586 4332 816
4588 4586 4418
4590 2226 816
4592 4591 2981
4594 4593 4324
4596 4595 4589
4598 4596 4584
4600 4598 4573
4602 4600 4553
4604 4602 4541
4606 568 252
4608 4606 242
4610 3712 1862
4612 4610 4608
4614 3712 252
4616 1624 3
4618 1548 242
4620 4618 4616
4622 4620 4614
4624 284 242
4626 4624 4018
4628 4626 2916
4630 4629 4623
4632 4630 4613
4634 41 19
4636 4634 3818
4638 838 242
4640 4638 252
4642 4640 4636
4644 2176 3
4646 4644 1550
4648 4646 2728
4650 4649 4643
4652 4650 4632
4654 1590 1182
4656 1760 1550
4658 4656 1038
4660 4659 4655
4662 4660 4652
4664 1931 1046
4666 2640 434
4668 1722 16
4670 4668 4666
4672 3774 3712
4674 4672 4608
4676 1820 1760
4678 4676 1002
4680 4679 4675
4682 4680 4671
4684 1884 1760
4686 1946 1878
4688 1528 1046
4690 4689 4687
4692 4690 4685
4694 4692 4682
4696 4694 4665
4698 4696 4662
4700 4699 14
4702 3480 1046
4704 4702 1694
4706 1046 4
4708 4706 1594
4710 4709 4705
4712 4711 434
4714 4634 3742
4716 252 30
4718 242 7
4720 4718 4716
4722 4720 4714
4724 4618 4380
4726 4724 1182
4728 4727 4723
4730 4728 4713
4732 4730 14
4734 4138 838
4736 4734 19
4738 2916 16
4740 4738 4736
4742 4740 3
4744 4743 15
4746 2852 674
4748 4746 18
4750 4748 4734
4752 2002 1827
4754 4752 4751
4756 4755 1182
4758 4757 4744
4760 4759 4733
4762 744 7
4764 4762 4716
4766 4764 1786
4768 4606 852
4770 2128 1020
4772 4770 4768
4774 4773 4767
4776 4775 2
4778 1046 15
4780 1713 1665
4782 4781 4778
4784 1800 1182
4786 1696 1046
4788 4787 4785
4790 1038 45
4792 4790 4789
4794 4793 4783
4796 4794 4777
4798 2728 286
4800 1780 16
4802 4800 4798
4804 4725 1757
4806 3792 28
4808 4806 4805
4810 4809 4803
4812 2168 252
4814 1860 15
4816 4814 4812
4818 4138 568
4820 4818 16
4822 4820 4816
4824 1724 980
4826 4824 4636
4828 4827 4823
4830 4828 4810
4832 1182 31
4834 4832 6
4836 4834 744
4838 4836 4432
4840 1046 1020
4842 4841 4703
4844 4606 744
4846 4844 4843
4848 4138 1548
4850 4848 3794
4852 4850 2928
4854 4853 4847
4856 4854 4839
4858 4138 284
4860 4858 4778
4862 4860 4748
4864 252 3
4866 852 838
4868 4866 1786
4870 4868 4864
4872 4870 28
4874 4832 4762
4876 4874 4482
4878 1946 30
4880 4762 4338
4882 4880 4878
4884 4883 4877
4886 4884 4873
4888 4886 4863
4890 4888 4856
4892 4890 4830
4894 1624 968
4896 4894 1046
4898 4896 1780
4900 4064 1800
4902 4901 4899
4904 4672 1696
4906 1804 968
4908 4906 1724
4910 4909 4905
4912 4910 4902
4914 4913 980
4916 1660 16
4918 4818 19
4920 4918 4614
4922 4858 19
4924 4922 4738
4926 4925 4921
4928 4926 4917
4930 4929 2006
4932 4931 4915
4934 4932 4892
4936 4934 4796
4938 4936 4761
4940 4938 4701
4942 4941 47
4944 1757 1555
4946 4945 1182
4948 1547 983
4950 1804 1550
4952 4950 4949
4954 4953 4947
4956 4954 4730
4958 4682 4652
4960 4692 4665
4962 4960 4958
4964 4962 4956
4966 4965 398
4968 4416 1046
4970 1946 952
4972 4971 4969
4974 4973 1520
4976 4945 4122
4978 4638 4616
4980 4978 4738
4982 4981 4977
4984 4982 4975
4986 4985 816
4988 4834 852
4990 4988 4562
4992 4866 1760
4994 852 284
4996 4994 1946
4998 4997 4993
5000 4999 4338
5002 5001 4871
5004 5002 4991
5006 5005 46
5008 4994 4396
5010 5008 591
5012 4560 46
5014 5012 4768
5016 5015 5011
5018 5017 1046
5020 204 2
5022 3922 5
5024 5022 5020
5026 5025 4303
5028 3620 2176
5030 5029 6
5032 1346 452
5034 5032 4309
5036 5034 5031
5038 5036 5027
5040 204 7
5042 5040 312
5044 5042 5032
5046 5044 5022
5048 4440 850
5050 5048 4988
5052 5051 5047
5054 5052 5039
5056 1422 216
5058 5056 1672
5060 4837 4
5062 4875 5
5064 3630 252
5066 5064 5063
5068 5066 5061
5070 5069 5059
5072 5070 5054
5074 5072 5019
5076 5074 5007
5078 5076 4987
5080 5078 4967
5082 5080 4943
5084 3102 104
5086 5085 137
5088 5087 280
5090 3162 286
5092 5091 703
5094 5093 104
5096 5095 5089
5098 4058 980
5100 4243 3921
5102 5101 5098
5104 5102 1394
5106 1958 304
5108 5106 1090
5110 5108 3726
5112 1958 554
5114 5112 1090
5116 5114 3722
5118 5117 5111
5120 5119 398
5122 226 37
5124 5122 4060
5126 5125 5121
5128 5126 5105
5130 4241 4127
5132 5130 4232
5134 5132 5128
5136 554 256
5138 5136 980
5140 5138 3722
5142 5114 3726
5144 1958 1562
5146 5144 3828
5148 5147 5143
5150 3830 434
5152 5150 784
5154 5153 5148
5156 5154 5141
5158 5157 816
5160 3726 236
5162 5160 27
5164 3850 1848
5166 5164 3996
5168 5167 5163
5170 3990 256
5172 5170 5122
5174 5172 5169
5176 5164 3984
5178 1860 1654
5180 5178 5122
5182 5180 5176
5184 5152 218
5186 5185 5183
5188 5186 5175
5190 5188 5159
5192 5190 5134
5194 601 256
5196 5194 3729
5198 4245 3833
5200 5198 5197
5202 5122 816
5204 5202 5201
5206 5160 26
5208 5206 5180
5210 5209 4219
5212 5144 850
5214 5212 3945
5216 5170 980
5218 5216 5166
5220 5219 5215
5222 3729 47
5224 1090 13
5226 3796 3402
5228 5226 5224
5230 5228 5222
5232 3466 554
5234 5232 5224
5236 5234 5222
5238 5237 5231
5240 5238 5220
5242 5240 5210
5244 5242 5205
5246 5244 4076
5248 5246 5192
5250 1560 13
5252 5250 5020
5254 5252 3920
5256 5122 3942
5258 5256 3830
5260 5259 5255
5262 5260 4247
5264 5262 4041
5266 5252 4242
5268 5144 3942
5270 5108 3722
5272 5271 5269
5274 5272 5267
5276 5274 4051
5278 5276 5264
5280 304 256
5282 5280 980
5284 5282 3726
5286 5150 612
5288 5287 5103
5290 5288 5285
5292 5282 3722
5294 5293 3835
5296 5138 3726
5298 5297 5118
5300 5298 5294
5302 5300 5290
5304 5302 5278
5306 5305 500
5308 3726 980
5310 5308 5194
5312 5311 5293
5314 5312 5287
5316 5315 398
5318 3928 303
5320 5318 3918
5322 5321 3949
5324 5323 226
5326 5216 5162
5328 5286 218
5330 5329 5327
5332 5330 3980
5334 5332 5325
5336 5334 5317
5338 5336 5307
5340 5259 4247
5342 5340 5274
5344 5343 46
5346 5266 28
5348 5347 5255
5350 5348 5345
5352 5351 1394
5354 5207 5177
5356 5178 980
5358 5356 5355
5360 5359 3955
5362 5360 5353
5364 5362 5338
5366 5364 5248
5368 141 77
5370 5369 1508
5372 4282 533
5374 5097 19
5376 1576 398
5378 41 22
5380 5379 463
5382 5381 456
5384 5382 5376
5386 5064 412
5388 402 15
5390 5388 3938
5392 5391 5387
5394 5393 431
5396 2728 2186
5398 1116 242
5400 5398 462
5402 505 245
5404 384 19
5406 5404 5403
5408 5407 5401
5410 5409 218
5412 5411 5397
5414 5412 5395
5416 5400 398
5418 3936 432
5420 3503 460
5422 5420 333
5424 5422 5418
5426 5425 5417
5428 1116 402
5430 5428 2186
5432 3938 228
5434 5432 431
5436 5435 5431
5438 5436 5426
5440 5438 5414
5442 5440 5385
5444 5443 2
5446 3774 816
5448 5446 384
5450 5448 5403
5452 3776 591
5454 3872 3630
5456 5455 5453
5458 5400 3870
5460 5458 47
5462 5461 5456
5464 5462 5451
5466 5464 5445
5468 2681 45
5470 5370 45
5472 1512 19
5474 86 45
5476 1508 45
5478 5476 4291
5480 199 51
5482 5481 906
5484 5482 19
5486 3630 940
5488 5486 2916
5490 220 11
5492 5490 3630
5494 5492 1524
5496 5495 5489
5498 5497 544
5500 220 10
5502 3630 1546
5504 5502 5500
5506 940 742
5508 5506 2916
5510 5508 45
5512 5511 5505
5514 5513 720
5516 2892 47
5518 5516 906
5520 1544 47
5522 5520 5500
5524 5522 452
5526 5500 1342
5528 5526 1608
5530 5529 5525
5532 5531 768
5534 5533 5519
5536 5534 5515
5538 5536 5499
5540 5539 28
5542 1048 47
5544 2766 974
5546 5544 5542
5548 5500 28
5550 5548 930
5552 1654 11
5554 5552 3238
5556 5555 5551
5558 5557 1408
5560 720 640
5562 5552 2910
5564 5562 5560
5566 5565 5559
5568 5566 5547
5570 5568 5541
5572 5552 3112
5574 5572 944
5576 5552 3424
5578 5576 980
5580 5579 5575
5582 5581 2
5584 5550 1942
5586 2692 934
5588 5586 1046
5590 5589 5585
5592 5590 5583
5594 5593 24
5596 5548 4354
5598 5597 5579
5600 968 460
5602 5600 1356
5604 5603 5598
5606 5605 720
5608 5548 2762
5610 5609 5563
5612 5611 1048
5614 5548 1038
5616 5614 768
5618 2796 2314
5620 5618 5552
5622 5620 1184
5624 5623 5617
5626 5624 5613
5628 5626 5607
5630 5628 5595
5632 5631 47
5634 5633 5570
5636 5635 14
5638 1048 500
5640 2796 1636
5642 5640 5548
5644 5643 5621
5646 5645 5638
5648 5548 19
5650 1692 14
5652 1358 926
5654 5652 5650
5656 5654 5648
5658 5657 5647
5660 5650 5576
5662 5660 5542
5664 544 500
5666 5664 5602
5668 5667 5663
5670 5668 5658
5672 720 500
5674 5672 5574
5676 5548 3300
5678 5676 5664
5680 5552 952
5682 768 500
5684 5682 5680
5686 5685 5679
5688 5686 5675
5690 1186 986
5692 5690 5638
5694 28 14
5696 5694 768
5698 2928 47
5700 5698 1056
5702 5701 5509
5704 5703 5696
5706 5705 5693
5708 5706 5688
5710 5560 14
5712 5643 5587
5714 5712 5545
5716 5715 5710
5718 5490 742
5720 5718 1524
5722 5720 5696
5724 47 10
5726 5724 1036
5728 5726 246
5730 5728 5696
5732 5731 5723
5734 5676 5672
5736 5694 344
5738 5486 970
5740 5738 5736
5742 5741 5735
5744 5742 5732
5746 5744 5717
5748 5746 5708
5750 5748 5670
5752 5691 5609
5754 5753 1134
5756 5660 1184
5758 5681 5615
5760 5759 1082
5762 5761 5757
5764 5762 5755
5766 5765 47
5768 1522 384
5770 5768 4043
5772 5770 5718
5774 970 47
5776 5774 942
5778 5776 2
5780 5779 5773
5782 5736 45
5784 5782 5781
5786 3298 1346
5788 5786 5526
5790 1346 456
5792 5790 5718
5794 5792 968
5796 5795 5789
5798 1135 1051
5800 5799 23
5802 5800 5797
5804 5803 5785
5806 5694 544
5808 3630 932
5810 5808 990
5812 5811 5505
5814 5813 5806
5816 5554 45
5818 5817 5597
5820 5819 5664
5822 5821 5815
5824 5822 5804
5826 5824 5767
5828 5826 5750
5830 5527 40
5832 1345 41
5834 1052 22
5836 5834 5833
5838 5836 5831
5840 5839 5495
5842 5841 25
5844 5808 2928
5846 5845 5843
5848 5847 5736
5850 5811 5489
5852 5492 3446
5854 5522 3112
5856 5855 5853
5858 5856 5850
5860 5859 720
5862 5777 5525
5864 5862 5701
5866 5865 1074
5868 5857 544
5870 5869 5867
5872 5870 5861
5874 5873 5694
5876 5875 5849
5878 5876 5828
5880 5878 5637
5882 171 95
5884 5883 1508
5886 5884 533
5888 154 45
5890 3182 29
5892 5890 4714
5894 3140 29
5896 5894 4672
5898 5897 5893
5900 5899 1692
5902 5890 1116
5904 5902 2748
5906 1116 1084
5908 5906 5894
5910 5909 5905
5912 5911 1518
5914 3126 29
5916 1804 926
5918 5917 4065
5920 5919 1692
5922 4 3
5924 5922 5428
5926 1762 222
5928 5927 5925
5930 5928 5921
5932 5931 5914
5934 5933 5913
5936 5934 5901
5938 5890 4798
5940 1874 29
5942 5940 1084
5944 5942 3174
5946 5902 1632
5948 3234 29
5950 5948 4666
5952 5951 5947
5954 5952 5945
5956 5954 5939
5958 5948 222
5960 5958 2748
5962 5914 3292
5964 5963 5961
5966 5965 1882
5968 4354 2
5970 2170 1860
5972 5971 5969
5974 1638 1116
5976 5975 5972
5978 5977 5894
5980 5979 5967
5982 5980 5956
5984 5914 1116
5986 5984 928
5988 674 402
5990 5988 5958
5992 1786 41
5994 330 29
5996 5994 3104
5998 5996 5992
6000 5999 5991
6002 6000 5987
6004 6003 3
6006 1770 1116
6008 4907 4637
6010 6009 1692
6012 6011 6007
6014 6013 5948
6016 6015 6005
6018 6016 5982
6020 6018 5936
6022 6021 500
6024 968 14
6026 3630 2
6028 6026 3164
6030 3104 47
6032 6030 4616
6034 6033 6029
6036 1860 1388
6038 6036 3164
6040 6039 6034
6042 6041 6024
6044 1130 968
6046 6044 3104
6048 3126 1130
6050 6048 1544
6052 6051 6047
6054 6053 3630
6056 6036 14
6058 6056 3140
6060 1138 14
6062 6060 742
6064 6062 3126
6066 6065 6059
6068 6067 1544
6070 3630 3182
6072 3870 1522
6074 6072 6070
6076 3630 3234
6078 1522 1130
6080 6078 6076
6082 6081 6075
6084 6082 6069
6086 6084 6055
6088 6086 6043
6090 6089 252
6092 5698 3396
6094 6076 3446
6096 3630 2970
6098 6096 3126
6100 6099 6095
6102 6100 6093
6104 6103 1130
6106 6056 3182
6108 6062 3234
6110 6109 6107
6112 6111 5768
6114 3156 926
6116 6114 384
6118 6116 6056
6120 3630 3140
6122 3870 1546
6124 6122 6120
6126 6125 6119
6128 6126 6113
6130 6128 6105
6132 6130 6091
6134 6133 29
6136 4791 4355
6138 6137 6048
6140 4672 4086
6142 3870 45
6144 6142 3712
6146 6144 438
6148 6147 6141
6150 6149 3156
6152 3182 460
6154 6072 2796
6156 6154 6152
6158 6060 3234
6160 6158 952
6162 3234 1896
6164 6162 6044
6166 6165 6161
6168 6166 6157
6170 6168 6151
6172 6170 6139
6174 276 14
6176 6174 4
6178 6176 246
6180 3870 32
6182 6181 6175
6184 2972 220
6186 6184 6183
6188 6187 6179
6190 485 34
6192 6190 6189
6194 4610 3140
6196 6194 5650
6198 4086 3206
6200 6198 5919
6202 1636 1614
6204 6202 3870
6206 6204 3174
6208 6207 6201
6210 6208 6197
6212 6210 6193
6214 6212 6172
6216 6215 590
6218 570 520
6220 6218 6120
6222 3104 1866
6224 6222 5774
6226 6225 6221
6228 5516 280
6230 3164 2402
6232 968 47
6234 485 2
6236 6234 6232
6238 6236 6230
6240 6239 6229
6242 6240 6226
6244 4088 47
6246 6244 3206
6248 6246 4812
6250 520 286
6252 6250 6070
6254 6026 3156
6256 6254 990
6258 6257 6253
6260 6258 6249
6262 6260 6242
6264 1874 742
6266 6264 3182
6268 6267 6034
6270 6269 970
6272 6271 6262
6274 29 14
6276 6274 6273
6278 3104 1804
6280 6278 4086
6282 4018 3182
6284 6282 5650
6286 6285 6281
6288 6287 6232
6290 6106 1002
6292 5698 3326
6294 3164 1624
6296 6294 5774
6298 6297 6293
6300 6299 3870
6302 6301 6291
6304 6302 6289
6306 6305 29
6308 6307 6277
6310 6308 6217
6312 6310 6135
6314 6312 6023
6316 2006 1686
6318 6317 1815
6320 6319 968
6322 2016 2006
6324 1898 964
6326 4818 15
6328 6326 4020
6330 6329 1807
6332 6330 6325
6334 6332 6323
6336 6335 926
6338 6337 6321
6340 968 226
6342 6340 1942
6344 6342 1904
6346 3266 1822
6348 6346 1594
6350 6349 6345
6352 6351 15
6354 4714 1782
6356 2006 222
6358 6356 5988
6360 6358 1662
6362 3792 2762
6364 6362 1844
6366 6365 6361
6368 6366 6355
6370 4850 1186
6372 2168 1818
6374 6372 1996
6376 6375 6371
6378 4906 1726
6380 4672 1698
6382 6381 6379
6384 6382 6376
6386 6384 6368
6388 4778 2766
6390 6388 4922
6392 3792 2368
6394 6392 1738
6396 4610 1698
6398 6397 6395
6400 6398 6391
6402 6400 6386
6404 6402 6353
6406 6404 6338
6408 6407 46
6410 4624 46
6412 6410 1624
6414 970 2
6416 6414 6412
6418 2894 1508
6420 1694 46
6422 6420 1624
6424 6422 6218
6426 6425 6419
6428 6426 6417
6430 2840 3
6432 6430 4618
6434 568 46
6436 6434 242
6438 6436 6234
6440 6439 6433
6442 6441 990
6444 4638 19
6446 968 46
6448 6446 4864
6450 6448 6444
6452 6432 2928
6454 1520 46
6456 6234 3446
6458 6456 6454
6460 6459 6453
6462 6460 6451
6464 6462 6443
6466 6464 6428
6468 4618 2828
6470 6468 4812
6472 1722 46
6474 3446 485
6476 6474 6472
6478 6477 6471
6480 6479 3
6482 6412 2916
6484 6436 4380
6486 6485 6483
6488 6487 2
6490 6489 6481
6492 6490 6466
6494 6493 15
6496 398 3
6498 6444 970
6500 1757 1591
6502 6500 6499
6504 6503 6496
6506 2006 252
6508 6506 6422
6510 240 15
6512 46 3
6514 6512 1552
6516 6514 6510
6518 6517 6509
6520 6519 1544
6522 6436 4816
6524 1624 5
6526 964 254
6528 6526 6524
6530 6528 6472
6532 1524 284
6534 6234 2186
6536 6534 6532
6538 6537 6531
6540 6538 6523
6542 6540 6521
6544 6542 6505
6546 6544 6495
6548 6547 28
6550 1052 228
6552 6551 6203
6554 6553 2010
6556 4894 2402
6558 6556 4858
6560 6559 6555
6562 4416 1662
6564 674 410
6566 6564 1710
6568 6567 6563
6570 6568 6560
6572 6571 2
6574 1662 1632
6576 1656 1638
6578 6577 6575
6580 6579 1116
6582 1874 926
6584 6582 1658
6586 4638 3990
6588 6586 6556
6590 6589 6585
6592 6590 6581
6594 3238 1732
6596 1844 930
6598 6597 6595
6600 6599 1138
6602 6007 4667
6604 6603 1732
6606 6605 6601
6608 6606 6592
6610 6608 6573
6612 6611 398
6614 6410 3774
6616 6614 2916
6618 6420 3774
6620 6618 1546
6622 6512 1554
6624 6623 6621
6626 6624 6617
6628 6627 216
6630 6618 216
6632 1584 1140
6634 6632 46
6636 6635 6631
6638 6637 2970
6640 6614 3344
6642 1182 398
6644 6642 2766
6646 6644 4736
6648 6647 6641
6650 6648 6639
6652 1046 398
6654 6652 4918
6656 6642 4848
6658 6656 19
6660 6659 6655
6662 6661 1186
6664 3712 46
6666 6664 1868
6668 6667 6663
6670 6668 6650
6672 6670 6629
6674 1346 3
6676 6468 990
6678 2828 968
6680 6678 384
6682 6680 4638
6684 6683 6677
6686 6685 6674
6688 6512 6202
6690 6688 1846
6692 3254 46
6694 6692 1552
6696 6564 4088
6698 6696 6472
6700 6699 6695
6702 6701 1822
6704 6703 6691
6706 6704 6687
6708 6707 15
6710 1728 1182
6712 4018 1782
6714 6713 6711
6716 6715 6446
6718 6717 6709
6720 6718 6672
6722 6720 6613
6724 6722 6549
6726 6724 6409
6728 177 161
6730 6729 906
6732 1461 178
6734 179 113
6736 6735 538
6738 1469 112
6740 6738 828
6742 6741 6737
6744 6742 6733
6746 216 5
6748 6746 4634
6750 5490 5122
6752 6750 6748
6754 5548 1608
6756 5552 1534
6758 6757 6755
6760 6759 2796
6762 6761 6753
6764 6763 1184
6766 1206 992
6768 5548 3130
6770 6768 1206
6772 6771 6767
6774 6772 6765
6776 6775 15
6778 3264 944
6780 6778 5490
6782 6780 1206
6784 1522 222
6786 22 16
6788 6786 6784
6790 6788 5490
6792 344 45
6794 6792 6790
6796 6795 6783
6798 3712 2820
6800 6798 932
6802 6800 768
6804 5490 1116
6806 6804 6340
6808 6806 1184
6810 6809 6803
6812 226 222
6814 5500 2168
6816 6814 6812
6818 6817 6807
6820 6819 1048
6822 6821 6810
6824 6822 6796
6826 6825 14
6828 744 11
6830 6828 3490
6832 5500 1116
6834 1608 14
6836 6834 6832
6838 3438 2748
6840 6838 1194
6842 6841 6837
6844 6842 6831
6846 6844 1171
6848 6847 1048
6850 852 346
6852 6850 3112
6854 6852 1132
6856 6854 3990
6858 744 10
6860 6858 240
6862 6860 4560
6864 6862 1206
6866 1786 240
6868 6828 344
6870 6868 6866
6872 6871 6865
6874 6872 6857
6876 5572 1522
6878 638 544
6880 6878 6876
6882 6142 24
6884 2748 16
6886 6884 1194
6888 5500 16
6890 6888 2972
6892 6891 6887
6894 6893 6882
6896 6895 6881
6898 6896 6874
6900 6898 6849
6902 6900 6827
6904 6902 6777
6906 6804 1534
6908 6906 14
6910 6909 1159
6912 6832 928
6914 6912 14
6916 6915 6842
6918 6916 1171
6920 6918 6910
6922 6877 977
6924 6923 15
6926 5648 928
6928 1624 1084
6930 6928 934
6932 6931 6927
6934 6933 592
6936 6935 6925
6938 6936 6920
6940 6939 1184
6942 976 15
6944 6910 6753
6946 6944 6943
6948 6946 6935
6950 6949 1048
6952 6951 6941
6954 6952 6904
6956 6955 47
6958 6887 6801
6960 6959 6792
6962 6806 1048
6964 6890 1074
6966 6965 6963
6968 6966 6796
6970 6968 6961
6972 6971 15
6974 1608 15
6976 6974 6832
6978 6977 1337
6980 6979 1206
6982 1430 1206
6984 1152 45
6986 6984 6890
6988 638 344
6990 6988 6906
6992 6991 6987
6994 6992 6983
6996 6994 6981
6998 6996 6973
7000 6999 46
7002 6852 1048
7004 1786 344
7006 6524 1048
7008 674 25
7010 7008 4114
7012 7011 7007
7014 7012 7005
7016 852 11
7018 7016 7015
7020 1052 772
7022 1624 25
7024 7022 5922
7026 7025 7021
7028 204 10
7030 7028 638
7032 7030 7027
7034 7033 7019
7036 7035 240
7038 7037 7003
7040 7039 591
7042 6830 5560
7044 6854 6512
7046 6878 2748
7048 7046 5792
7050 7049 7045
7052 7050 7043
7054 6913 6817
7056 7055 1374
7058 6914 5542
7060 7059 7057
7062 7060 7052
7064 1380 16
7066 7064 6760
7068 6892 6801
7070 1074 500
7072 7070 7069
7074 7073 7067
7076 7074 7062
7078 5794 1398
7080 7079 5789
7082 6988 22
7084 7082 7081
7086 6913 6818
7088 6816 500
7090 7089 399
7092 7091 1184
7094 7092 7087
7096 7095 7085
7098 7096 7076
7100 7098 7041
7102 7100 7001
7104 7102 6957
7106 2632 176
7108 2640 161
7110 7109 533
7112 7110 6730
7114 7113 7107
7116 2684 533
7118 6735 1504
7120 207 173
7122 7121 280
7124 7122 533
7126 2213 1491
7128 7126 1489
7130 4378 2006
7132 7130 3968
7134 3112 964
7136 7134 3958
7138 7137 7133
7140 4378 964
7142 7140 3958
7144 1942 15
7146 7144 2820
7148 7146 3968
7150 7149 7143
7152 7144 452
7154 7152 3968
7156 7155 7150
7158 7156 7138
7160 7159 3684
7162 452 3
7164 7162 4148
7166 7164 5164
7168 7154 3694
7170 7169 7167
7172 3724 2006
7174 7172 5
7176 4140 3112
7178 7176 7174
7180 968 964
7182 7180 39
7184 4148 3112
7186 7184 7182
7188 7187 7179
7190 7188 7170
7192 4148 2820
7194 3726 964
7196 7194 7192
7198 3710 2780
7200 7198 4148
7202 7200 6510
7204 7203 7197
7206 4378 4140
7208 7206 7174
7210 4378 4148
7212 7210 7182
7214 7213 7209
7216 7214 7204
7218 7216 7190
7220 258 27
7222 6510 1138
7224 7222 7220
7226 7225 7133
7228 7227 3694
7230 4140 452
7232 7231 2
7234 7193 3
7236 7235 5164
7238 7236 7233
7240 7239 7229
7242 7240 7218
7244 7242 7161
7246 7245 47
7248 7224 4128
7250 7249 4261
7252 5102 218
7254 7207 7177
7256 3850 2008
7258 7256 7255
7260 7259 7253
7262 7260 7250
7264 7262 4170
7266 5188 4136
7268 7266 7264
7270 7143 7137
7272 7270 7149
7274 7273 4118
7276 252 236
7278 3857 3697
7280 7279 7220
7282 7281 7201
7284 7283 7276
7286 7285 5210
7288 7286 7275
7290 2008 303
7292 7290 2858
7294 7292 3968
7296 602 216
7298 7296 5516
7300 4140 2820
7302 3722 2008
7304 7302 7300
7306 7305 7299
7308 7306 7295
7310 5219 4191
7312 7310 4258
7314 7312 7308
7316 4187 4003
7318 7316 7314
7320 7318 7288
7322 7320 7268
7324 7301 7231
7326 7325 2
7328 7327 7165
7330 7329 5160
7332 7331 5334
7334 7332 5360
7336 7334 7322
7338 7336 7247
7340 21 3
7342 3210 816
7344 3387 3111
7346 7344 3399
7348 7347 236
7350 7349 7343
7352 7351 7340
7354 2282 2130
7356 7354 3206
7358 7356 4064
7360 3104 3
7362 4714 3164
7364 7363 7361
7366 4894 16
7368 7367 5993
7370 7369 7354
7372 7370 7365
7374 7373 7359
7376 7375 47
7378 21 2
7380 7378 3332
7382 7380 4812
7384 36 3
7386 3384 21
7388 7386 1054
7390 1204 21
7392 7390 3106
7394 7393 7389
7396 7395 7384
7398 7397 7383
7400 7399 218
7402 7401 7377
7404 7402 7353
7406 7356 5916
7408 7354 3164
7410 7408 4896
7412 7411 7407
7414 7340 3116
7416 2928 21
7418 3206 1866
7420 7418 7416
7422 332 19
7424 1012 276
7426 7424 272
7428 7426 7422
7430 7429 7421
7432 7430 7415
7434 7433 216
7436 7435 7412
7438 7437 47
7440 7378 3342
7442 7440 2916
7444 2916 21
7446 7444 6222
7448 3774 3156
7450 7448 7416
7452 7451 7447
7454 7452 7443
7456 7455 218
7458 3438 686
7460 3402 3124
7462 7460 1052
7464 7463 7459
7466 1012 332
7468 7466 742
7470 7468 7465
7472 7378 236
7474 3608 3108
7476 7474 7472
7478 7472 3336
7480 7479 7477
7482 7472 3330
7484 2780 1422
7486 6036 3712
7488 7487 7485
7490 7354 3156
7492 7490 7489
7494 7493 7483
7496 7494 7480
7498 7496 7471
7500 7498 7457
7502 7500 7439
7504 7424 700
7506 7504 3630
7508 570 34
7510 1012 32
7512 7510 485
7514 7512 7508
7516 7426 1624
7518 7517 7515
7520 7518 7507
7522 7521 332
7524 7378 3282
7526 1138 21
7528 7526 3294
7530 332 23
7532 7530 4644
7534 7532 3208
7536 7535 7529
7538 7536 7525
7540 7538 7523
7542 7541 816
7544 7422 1012
7546 2008 272
7548 7546 7544
7550 7508 1848
7552 7550 7468
7554 7553 7549
7556 7555 32
7558 4746 3608
7560 7559 3283
7562 7561 7472
7564 7563 7557
7566 7565 28
7568 7567 7543
7570 7568 7502
7572 7570 7404
7574 2168 460
7576 7574 3158
7578 7577 3287
7580 7579 7378
7582 7390 1046
7584 7582 3166
7586 5601 2749
7588 7587 3228
7590 3206 16
7592 7590 2692
7594 7593 7589
7596 7595 7340
7598 7597 7585
7600 7598 7581
7602 7384 3106
7604 1860 36
7606 7604 3164
7608 7607 7603
7610 7609 7390
7612 7530 3742
7614 7612 3280
7616 7526 3218
7618 1942 21
7620 7618 3168
7622 7621 7617
7624 7622 7615
7626 7624 7611
7628 7626 7600
7630 7388 7384
7632 7447 7383
7634 7632 7631
7636 7530 4706
7638 7636 3284
7640 7504 7422
7642 7641 7451
7644 7642 7639
7646 1182 21
7648 7646 1204
7650 7648 3216
7652 5090 1624
7654 7652 7466
7656 7655 7421
7658 7656 7651
7660 7658 7644
7662 7618 3160
7664 7544 686
7666 7665 7443
7668 7666 7663
7670 7668 7660
7672 7670 7634
7674 7672 7628
7676 7675 398
7678 7639 7451
7680 7678 7658
7682 7680 7668
7684 7682 7634
7686 7684 7628
7688 7687 500
7690 7689 7677
7692 7690 7572
7694 1848 47
7696 454 28
7698 7697 251
7700 7699 7694
7702 437 231
7704 7703 45
7706 1616 224
7708 7707 7705
7710 7709 500
7712 1614 478
7714 5403 3264
7716 7714 500
7718 7717 7713
7720 7719 432
7722 7721 7711
7724 7722 7701
7726 3610 230
7728 7706 218
7730 442 45
7732 7730 432
7734 7733 7729
7736 7734 7727
7738 5431 5385
7740 3466 1624
7742 816 254
7744 7742 1926
7746 7745 7741
7748 7746 7738
7750 7748 7736
7752 522 15
7754 7753 515
7756 7755 19
7758 485 14
7760 7758 376
7762 5400 14
7764 7763 2893
7766 7764 7761
7768 7766 7757
7770 7769 816
7772 522 14
7774 7773 3467
7776 7775 3630
7778 3610 436
7780 7742 1576
7782 520 258
7784 7782 7694
7786 7785 7781
7788 7786 7779
7790 7788 7777
7792 7694 260
7794 5432 216
7796 7795 7793
7798 5432 14
7800 7799 5425
7802 7800 7796
7804 1248 386
7806 7804 46
7808 7807 7802
7810 7808 7790
7812 7810 7771
7814 7812 7750
7816 1624 376
7818 7715 7713
7820 7731 5401
7822 7820 7818
7824 7822 7708
7826 7824 7817
7828 7827 398
7830 7829 5414
7832 7830 7814
7834 7832 7724
6 5 5
8 5 5
10 5 5
12 1 1
14 1 1
16 1 1
7836 168 130
7838 7837 168
18 7839 7839
20 0 0
22 0 0
24 0 0
26 3 3
40 0 0
42 0 0
44 168 168
46 0 0
38 0 0
36 0 0
34 0 0
32 3 3
30 0 0
28 0 0
i0 r_0
i1 r_1
l0 __bad __qdead
l1 __q14k1
l2 __q9k1
l3 __q18k0
l4 __q7k2
l5 __q2k1
l6 __q27k0
l7 __q15k0
l8 __q23k1
l9 __q31k0
l10 __q12k1
l11 __q11k0
l12 __q24k1
l13 __q26k0
l14 __q16k2
l15 __q18k1
l16 __q24k0
l17 __q34k1
l18 __q10k0
l19 __q3k2
l20 __q7k0
l21 __q8k0
l22 __q10k2
l23 __q17k1
l24 __q15k1
l25 __q13k0
l26 __q31k1
l27 __q6k0
l28 __q5k1
l29 __q26k1
l30 __q20k0
l31 __q9k0
l32 __q11k2
l33 __q5k2
l34 !__q0k2
l35 __q9k2
l36 __q7k1
l37 __q20k1
l38 __q22k0
l39 __q12k0
l40 __q32k0
l41 __q2k0
l42 __q18k2
l43 __q8k2
l44 __q21k0
l45 __q12k2
l46 __q32k1
l47 __q4k1
l48 __q5k0
l49 __q2k2
l50 __q10k1
l51 __q16k1
l52 __q8k1
l53 __q3k1
l54 __q16k0
l55 __q14k0
l56 __q13k2
l57 __q33k1
l58 __q17k0
l59 __q25k1
l60 __q3k0
l61 __q33k0
l62 __q6k2
l63 __q17k2
l64 __q29k1
l65 __q27k1
l66 __q14k2
l67 __q25k0
l68 __q28k1
l69 __q13k1
l70 __q4k0
l71 __q28k0
l72 __q11k1
l73 __q6k1
l74 __q23k0
l75 __q30k0
l76 __q4k2
l77 __q15k2
l78 __q19k2
l79 __q22k1
l80 __q34k0
l81 __q29k0
l82 __q21k1
l83 __q30k1
o0 __d3_r_1
o1 __d2_r_1
o2 __d5_r_1
o3 __vp4_2
o4 __vp1_2
o5 __vp3_0
o6 g_0
o7 __vp4_0
o8 __vp3_2
o9 __d5_r_0
o10 __d1_r_0
o11 __vp4_1
o12 __d2_r_0
o13 g_1
o14 __vp1_1
o15 __d1_r_1
o16 __vp3_1
o17 __d4_r_1
o18 __d4_r_0
o19 __d3_r_0
o20 __vp1_0
c
Generated by Yosys 0.7+217 (git sha1 5442554, clang 3.8.0-2ubuntu4 -fPIC -Os)

