12:02:08  Namespace(bound=32, dot=None, incr=True, log=None, maxK=0, moore=True, size=0, spec='./experiments-for-synt/loop_arbiter_2_k3.tlsf', spot=True, tmp=False, unreal=False, verbose=0)
12:02:08  created z3 process: 19123
12:02:08  automaton size is: 23
12:02:08  using CoBuchiEncoder
12:02:08  search
12:02:08  searching a model of size 1..
12:02:08  solving the query..
12:02:08  searching a model of size 2..
12:02:08  solving the query..
12:02:09  searching a model of size 3..
12:02:09  solving the query..
12:02:24  searching a model of size 4..
12:02:25  solving the query..
12:02:28  parse_model
12:02:28  searching a model took (sec): 20
12:02:28  FOUND model for sys of size 4
12:02:28  digraph module {
 rankdir=LR;

"0" [label="__d1_r_1 __vp4_0 __vp1_1 -__d3_r_0 __d2_r_1 -__d3_r_1 g_1 __d1_r_0 -__vp1_0 __d2_r_0 __vp3_0 -__vp3_1 -g_0 __vp4_1\n0", fillcolor="green", style=filled]
"1" [label="-__d1_r_1 -__vp4_0 __vp1_1 __d3_r_0 -__d2_r_1 -__d3_r_1 -g_1 __d1_r_0 -__vp1_0 -__d2_r_0 -__vp3_0 -__vp3_1 g_0 -__vp4_1\n1"]
"2" [label="-__d1_r_1 -__vp4_0 __vp1_1 -__d3_r_0 -__d2_r_1 -__d3_r_1 -g_1 -__d1_r_0 -__vp1_0 -__d2_r_0 -__vp3_0 -__vp3_1 -g_0 -__vp4_1\n2"]
"3" [label="-__d1_r_1 -__vp4_0 __vp1_1 -__d3_r_0 -__d2_r_1 -__d3_r_1 -g_1 -__d1_r_0 -__vp1_0 -__d2_r_0 -__vp3_0 -__vp3_1 g_0 -__vp4_1\n3"]
"1" -> "2" [label="-r_1 -r_0"]
"2" -> "0" [label="r_1 -r_0"]
"0" -> "0" [label="-r_1 -r_0"]
"2" -> "3" [label="r_0"]
"2" -> "2" [label="-r_1 -r_0"]
"3" -> "0" [label="1"]
"0" -> "1" [label="r_1 r_0"]
"1" -> "0" [label="r_1"]
"1" -> "1" [label="-r_1 r_0"]
"0" -> "3" [label="-r_1 r_0"]
"0" -> "3" [label="r_1 -r_0"]
}
