12:02:48  Namespace(bound=32, dot=None, incr=True, log=None, maxK=0, moore=True, size=0, spec='./experiments-for-synt/loop_arbiter_2_k4.tlsf', spot=True, tmp=False, unreal=False, verbose=0)
12:02:48  created z3 process: 19234
12:02:48  automaton size is: 29
12:02:48  using CoBuchiEncoder
12:02:48  search
12:02:48  searching a model of size 1..
12:02:49  solving the query..
12:02:49  searching a model of size 2..
12:02:49  solving the query..
12:02:50  searching a model of size 3..
12:02:50  solving the query..
12:03:19  searching a model of size 4..
12:03:19  solving the query..
12:03:38  parse_model
12:03:38  searching a model took (sec): 50
12:03:38  FOUND model for sys of size 4
12:03:38  digraph module {
 rankdir=LR;

"0" [label="__d4_r_0 -__d2_r_0 -__d3_r_1 __vp3_2 -__vp3_1 -__d2_r_1 -__vp1_1 -g_0 __d4_r_1 -__vp4_2 -__d1_r_1 __vp4_1 __vp1_0 -__vp3_0 g_1 -__d3_r_0 -__vp1_2 -__d1_r_0 -__vp4_0\n0", fillcolor="green", style=filled]
"1" [label="-__d4_r_0 -__d2_r_0 -__d3_r_1 -__vp3_2 -__vp3_1 -__d2_r_1 -__vp1_1 -g_0 -__d4_r_1 -__vp4_2 -__d1_r_1 -__vp4_1 __vp1_0 -__vp3_0 -g_1 -__d3_r_0 -__vp1_2 -__d1_r_0 -__vp4_0\n1"]
"2" [label="-__d4_r_0 __d2_r_0 -__d3_r_1 -__vp3_2 -__vp3_1 -__d2_r_1 -__vp1_1 g_0 -__d4_r_1 -__vp4_2 -__d1_r_1 -__vp4_1 __vp1_0 -__vp3_0 -g_1 __d3_r_0 -__vp1_2 __d1_r_0 -__vp4_0\n2"]
"3" [label="-__d4_r_0 -__d2_r_0 __d3_r_1 -__vp3_2 -__vp3_1 __d2_r_1 -__vp1_1 -g_0 -__d4_r_1 -__vp4_2 -__d1_r_1 -__vp4_1 -__vp1_0 -__vp3_0 g_1 -__d3_r_0 __vp1_2 -__d1_r_0 -__vp4_0\n3"]
"2" -> "0" [label="r_1"]
"1" -> "3" [label="-r_0 r_1"]
"2" -> "3" [label="r_0 -r_1"]
"3" -> "3" [label="-r_0 r_1"]
"2" -> "2" [label="-r_0 -r_1"]
"3" -> "0" [label="r_0"]
"1" -> "0" [label="r_0"]
"3" -> "1" [label="-r_0 -r_1"]
"0" -> "2" [label="1"]
"1" -> "1" [label="-r_0 -r_1"]
}
