09:49:43  Namespace(bound=128, direct=True, dot=None, incr=True, log=None, size=0, spec='./experiments-for-synt/loop_arbiter_2.py', tmp=False, verbose=0)
09:49:43  check_real
09:49:43  created z3 process: 14378
09:49:43  search
09:49:43  searching a model of size 1..
09:49:43  solving the query..
09:49:43  searching a model of size 2..
09:49:43  solving the query..
09:49:43  searching a model of size 3..
09:49:43  solving the query..
09:49:44  searching a model of size 4..
09:49:44  solving the query..
09:49:45  FOUND model for sys
09:49:45  digraph module {
 rankdir=LR;

"0" [label="g_0 -g_1\n0", fillcolor="green", style=filled]
"1" [label="-g_0 g_1\n1"]
"2" [label="g_0 -g_1\n2"]
"3" [label="-g_0 -g_1\n3"]
"0" -> "1" [label="1"]
"1" -> "2" [label="r_0 -r_1"]
"3" -> "2" [label="r_0 -r_1"]
"1" -> "3" [label="-r_0 r_1"]
"3" -> "3" [label="-r_0 -r_1"]
"3" -> "0" [label="r_0 r_1"]
"3" -> "1" [label="-r_0 r_1"]
"2" -> "1" [label="r_0 r_1"]
"2" -> "0" [label="-r_0 r_1"]
"2" -> "3" [label="-r_0 -r_1"]
"2" -> "2" [label="r_0 -r_1"]
"1" -> "0" [label="r_0 r_1"]
"1" -> "1" [label="-r_0 -r_1"]
}
