09:27:17  Namespace(maxK=8, minK=2, moore=False, output=None, spec='./experiments-for-synt/loop_arbiter_2_k4.tlsf', unreal=False, verbose=0)
09:27:18  UCW automaton has 29 states
09:27:18  setting k to 2...
09:27:18  k_reduce
09:27:18  k-LA automaton has 69 states
09:27:18  atm_to_verilog
09:27:18  verilog_to_aiger
09:28:02  synthesize
09:28:02  executing sdf...
09:29:58  sdf completed
REALIZABLE
aag 3414 2 69 19 3343
2
4
44 911
46 940
48 944
50 948
52 1077
54 1095
56 1183
58 1184
60 1841
62 1851
64 1854
66 1856
68 1864
70 1885
72 1890
74 1892
76 2477
78 2484
80 3243
82 3246
84 3250
86 1
88 3252
90 3256
92 3799
94 3800
96 3802
98 4083
100 4088
102 4533
104 4538
106 5043
108 5385
110 5703
112 5713
114 5718
116 1862
118 5724
120 6059
122 6060
124 5722
126 6064
128 6070
130 6085
132 6088
134 6439
136 6068
138 6465
140 6466
142 6468
144 6474
146 6480
148 6789
150 6472
152 6478
154 6794
156 6798
158 6800
160 6804
162 6792
164 6806
166 6808
168 6810
170 6812
172 6818
174 5716
176 6820
178 6824
180 6816
6
8
10
12
14
16
18
20
22
36
38
40
42
34
32
30
28
26
24
182 25 12
184 182 87
186 35 33
188 186 38
190 188 184
192 24 13
194 192 87
196 194 188
198 197 191
200 34 33
202 200 184
204 200 194
206 205 203
208 206 198
210 40 27
212 210 15
214 212 209
216 40 38
218 87 13
220 218 27
222 35 32
224 222 15
226 224 220
228 226 216
230 40 26
232 186 39
234 232 15
236 234 184
238 236 230
240 34 32
242 240 15
244 242 220
246 244 40
248 247 239
250 248 229
252 87 26
254 32 13
256 254 252
258 35 15
260 258 256
262 40 39
264 262 260
266 265 250
268 266 215
270 234 194
272 270 230
274 273 268
276 275 20
278 273 248
280 279 8
282 220 8
284 282 224
286 284 216
288 87 8
290 288 192
292 34 15
294 292 33
296 294 290
298 296 210
300 288 182
302 300 210
304 302 294
306 305 299
308 26 8
310 308 218
312 310 224
314 312 262
316 87 9
318 316 192
320 232 14
322 320 318
324 322 230
326 325 315
328 326 306
330 328 287
332 14 9
334 205 197
336 335 332
338 336 210
340 220 9
342 340 222
344 342 14
346 344 216
348 27 14
350 348 218
352 350 240
354 352 9
356 354 40
358 357 347
360 358 339
362 360 330
364 362 281
366 316 39
368 186 182
370 368 366
372 370 14
374 372 230
376 256 35
378 376 332
380 378 262
382 381 375
384 332 202
386 192 186
388 288 38
390 388 386
392 390 15
394 393 385
396 395 210
398 397 382
400 388 368
402 400 212
404 403 398
406 404 364
408 407 21
410 409 277
412 411 18
414 400 348
416 202 8
418 416 27
420 371 26
422 421 15
424 423 419
426 318 188
428 27 15
430 316 38
432 430 368
434 433 428
436 434 427
438 437 425
440 318 26
442 440 234
444 232 184
446 26 14
448 446 444
450 448 8
452 38 14
454 452 222
456 454 282
458 457 451
460 458 443
462 460 439
464 462 415
466 465 21
468 252 192
470 468 320
472 348 196
474 473 449
476 474 471
478 477 20
480 10 2
482 43 5
484 42 4
486 485 483
488 487 480
490 488 118
492 36 4
494 37 5
496 495 493
498 29 3
500 498 497
502 79 47
504 503 500
506 505 491
508 41 18
510 11 3
512 510 118
514 512 482
516 10 3
518 11 2
520 519 517
522 484 118
524 522 520
526 525 515
528 527 508
530 21 9
532 428 204
534 532 530
536 535 529
538 536 506
540 428 21
542 316 182
544 542 200
546 544 540
548 31 3
550 22 4
552 23 5
554 553 551
556 555 548
558 556 144
560 558 41
562 561 547
564 20 14
566 564 27
568 566 190
570 16 3
572 17 2
574 573 571
576 7 5
578 6 4
580 579 577
582 581 574
584 582 62
586 585 569
588 586 562
590 588 538
592 590 479
594 38 20
596 594 222
598 596 350
600 566 202
602 601 599
604 178 7
606 605 165
608 607 582
610 530 244
612 611 609
614 612 602
616 30 2
618 616 552
620 618 158
622 620 19
624 192 38
626 624 186
628 626 252
630 629 623
632 39 26
634 38 27
636 635 87
638 636 633
640 638 368
642 641 559
644 642 630
646 644 614
648 432 14
650 648 210
652 21 18
654 652 650
656 21 8
658 348 204
660 659 353
662 661 656
664 663 655
666 664 646
668 552 548
670 668 158
672 492 3
674 94 29
676 674 672
678 677 671
680 616 550
682 680 144
684 618 144
686 685 683
688 686 678
690 31 2
692 30 3
694 693 691
696 550 158
698 696 694
700 16 2
702 164 19
704 702 576
706 704 700
708 707 699
710 680 142
712 578 178
714 712 574
716 715 711
718 716 708
720 718 688
722 564 218
724 33 27
726 724 24
728 726 722
730 729 257
732 731 34
734 252 182
736 734 200
738 255 193
740 87 27
742 39 35
744 742 740
746 744 739
748 38 35
750 748 256
752 751 747
754 752 737
756 754 733
758 756 720
760 556 142
762 39 21
764 762 14
766 764 222
768 766 310
770 769 761
772 182 33
774 773 738
776 774 87
778 520 487
780 155 75
782 781 778
784 783 777
786 784 770
788 5 3
790 788 37
792 790 674
794 793 621
796 552 30
798 142 2
800 798 796
802 632 222
804 802 722
806 805 801
808 806 794
810 66 41
812 176 19
814 813 811
816 814 45
818 468 200
820 819 816
822 17 3
824 62 40
826 824 576
828 826 822
830 512 487
832 831 829
834 832 820
836 834 808
838 836 786
840 838 758
842 28 2
844 842 497
846 844 503
848 656 470
850 849 847
852 844 94
854 38 21
856 854 15
858 856 342
860 859 853
862 860 850
864 21 15
866 864 39
868 376 9
870 868 866
872 352 20
874 873 871
876 40 18
878 530 15
880 531 14
882 881 879
884 882 877
886 885 52
888 27 21
890 888 14
892 626 288
894 892 890
896 895 887
898 896 874
900 898 862
902 900 840
904 902 666
906 904 592
908 906 467
910 908 413
912 497 2
914 912 168
916 844 58
918 917 28
920 918 915
922 672 29
924 922 58
926 497 3
928 926 168
930 790 58
932 931 29
934 932 929
936 934 925
938 937 19
940 938 921
942 103 49
944 943 582
946 115 51
948 947 582
950 21 19
952 950 402
954 41 27
956 954 15
958 956 209
960 41 38
962 960 226
964 41 39
966 964 260
968 967 20
970 968 963
972 970 959
974 41 26
976 271 237
978 977 974
980 979 972
982 269 19
984 983 980
986 651 398
988 986 364
990 989 19
992 400 15
994 993 649
996 994 385
998 300 294
1000 393 297
1002 1000 999
1004 1002 996
1006 1004 337
1008 1007 954
1010 964 312
1012 974 318
1014 1012 320
1016 1015 21
1018 1016 1011
1020 244 41
1022 1020 8
1024 974 8
1026 1024 270
1028 1027 1023
1030 1028 1018
1032 354 41
1034 964 378
1036 1035 1033
1038 1036 1030
1040 236 8
1042 1041 373
1044 1043 974
1046 345 285
1048 1047 960
1050 1049 1045
1052 1050 1038
1054 1052 1009
1056 1054 991
1058 1057 985
1060 882 52
1062 1060 877
1064 1020 20
1066 1065 1063
1068 20 19
1070 1068 272
1072 1071 1066
1074 1072 1059
1076 1074 953
1078 923 845
1080 1079 54
1082 790 54
1084 1082 29
1086 843 499
1088 1087 497
1090 1088 80
1092 1091 1085
1094 1092 1081
1096 19 2
1098 1042 323
1100 1099 26
1102 1101 355
1104 1007 27
1106 1105 1102
1108 1107 21
1110 762 26
1112 1110 290
1114 1112 186
1116 27 20
1118 1116 199
1120 1119 1115
1122 1121 15
1124 428 218
1126 656 240
1128 1126 1124
1130 1129 1061
1132 1130 1123
1134 1132 1109
1136 1135 1096
1138 1068 2
1140 977 26
1142 533 245
1144 428 202
1146 1145 1142
1148 1146 1141
1150 1149 1138
1152 38 2
1154 1152 950
1156 1154 1047
1158 39 2
1160 1158 950
1162 379 313
1164 1163 1160
1166 1152 1068
1168 1166 226
1170 1158 1068
1172 1170 260
1174 1173 1169
1176 1174 1165
1178 1176 1157
1180 1178 1151
1182 1180 1137
1184 1095 19
1186 340 240
1188 1186 4
1190 452 3
1192 1190 21
1194 1192 31
1196 1194 877
1198 1196 1188
1200 318 210
1202 1200 31
1204 950 4
1206 1190 200
1208 1206 1204
1210 1208 1202
1212 1211 1199
1214 34 21
1216 740 192
1218 1216 8
1220 1218 41
1222 15 3
1224 1222 38
1226 1224 33
1228 31 4
1230 1228 1226
1232 1230 1220
1234 1232 1214
1236 34 4
1238 1236 33
1240 542 210
1242 950 38
1244 14 2
1246 1244 30
1248 1246 1242
1250 1248 1240
1252 1250 1238
1254 1253 1235
1256 1254 1212
1258 1152 14
1260 1258 200
1262 21 4
1264 318 30
1266 1264 954
1268 1266 1262
1270 1268 1260
1272 954 542
1274 1238 1194
1276 1274 1272
1278 33 4
1280 954 300
1282 1280 1278
1284 38 3
1286 34 31
1288 1286 1284
1290 1288 864
1292 1152 15
1294 1292 1214
1296 1294 30
1298 1297 1291
1300 1299 1282
1302 52 27
1304 1302 31
1306 1304 1224
1308 41 20
1310 1308 1236
1312 1310 1306
1314 1313 22
1316 1314 1301
1318 1316 1277
1320 1318 1271
1322 1320 1256
1324 40 19
1326 34 20
1328 1326 1226
1330 1216 31
1332 1330 4
1334 1332 1328
1336 740 182
1338 1336 1278
1340 1152 292
1342 30 20
1344 1342 1340
1346 1344 1338
1348 1347 1335
1350 1349 1324
1352 15 2
1354 1352 34
1356 32 4
1358 1356 282
1360 1358 30
1362 1360 1354
1364 548 292
1366 1364 1358
1368 1367 1363
1370 1324 854
1372 1370 1369
1374 1373 1351
1376 1374 1322
1378 1246 854
1380 1378 1272
1382 950 31
1384 1382 1190
1386 1384 1240
1388 1387 1381
1390 1389 33
1392 656 41
1394 1392 1306
1396 1068 40
1398 1302 30
1400 1398 1292
1402 1400 1396
1404 1403 1395
1406 531 41
1408 1406 1400
1410 1396 1306
1412 530 41
1414 1412 1258
1416 1414 1398
1418 1417 1411
1420 1418 1409
1422 1420 1404
1424 1422 1391
1426 1425 1236
1428 1378 1188
1430 1364 594
1432 1430 1338
1434 1292 1278
1436 1216 30
1438 1436 1326
1440 1438 1434
1442 1441 1433
1444 1442 1347
1446 1444 1429
1448 1447 41
1450 1344 220
1452 1288 1124
1454 1452 20
1456 1455 1451
1458 1356 877
1460 1458 1457
1462 1220 30
1464 1462 1434
1466 1464 1214
1468 1467 1461
1470 1324 1262
1472 1302 1286
1474 1472 1190
1476 34 14
1478 1476 1152
1480 1478 1398
1482 1481 1475
1484 1482 9
1486 1398 1340
1488 1284 292
1490 1488 1304
1492 1491 8
1494 1492 1487
1496 1495 1485
1498 1496 1470
1500 1428 19
1502 1501 1499
1504 1502 1468
1506 1504 1449
1508 1506 1427
1510 1508 1376
1512 32 5
1514 1512 282
1516 1514 1364
1518 877 854
1520 1518 1516
1522 21 5
1524 954 318
1526 1524 31
1528 1526 1522
1530 1528 1206
1532 1531 1521
1534 34 5
1536 1400 1308
1538 1537 1411
1540 1539 1534
1542 877 20
1544 1542 1452
1546 1544 1512
1548 1547 23
1550 1548 1541
1552 1550 1532
1554 1258 950
1556 1240 30
1558 1556 1554
1560 1558 33
1562 1561 1404
1564 1563 1534
1566 1534 1392
1568 1566 1400
1570 33 5
1572 1570 1336
1574 1572 1430
1576 1574 1324
1578 1577 1569
1580 1578 1565
1582 1580 1552
1584 1522 1324
1586 1584 1496
1588 1330 5
1590 1588 1328
1592 1286 530
1594 1592 1190
1596 1595 1431
1598 1596 1345
1600 1599 1572
1602 1601 1591
1604 1603 41
1606 1570 1292
1608 1606 1462
1610 1222 31
1612 1570 38
1614 1612 1610
1616 1614 1220
1618 300 30
1620 1618 954
1622 1620 1606
1624 1623 1617
1626 1624 1609
1628 1627 1214
1630 1629 1605
1632 1630 1587
1634 1632 1582
1636 1214 19
1638 1614 302
1640 1218 40
1642 1640 30
1644 302 30
1646 1645 1643
1648 1647 1606
1650 40 5
1652 290 31
1654 1652 27
1656 1654 1650
1658 1656 1226
1660 1659 1649
1662 1660 1639
1664 1663 1636
1666 1514 30
1668 1666 1354
1670 1668 854
1672 1512 1450
1674 1186 5
1676 1379 1195
1678 1677 1674
1680 1679 1673
1682 1680 1671
1684 1683 877
1686 1522 1266
1688 1264 27
1690 1688 1584
1692 1691 1687
1694 1693 1260
1696 1304 41
1698 1696 1534
1700 1698 1224
1702 1436 5
1704 877 33
1706 1704 1340
1708 1706 1702
1710 1709 1701
1712 1711 20
1714 1713 1695
1716 1714 1685
1718 1716 1665
1720 1718 1634
1722 1721 1511
1724 854 41
1726 1724 1369
1728 1443 1324
1730 1334 41
1732 40 4
1734 1654 1226
1736 1734 1732
1738 1736 1636
1740 1739 1731
1742 1740 1729
1744 1742 1727
1746 1745 22
1748 1572 1344
1750 1749 1591
1752 1751 1324
1754 200 5
1756 1754 1380
1758 1614 1280
1760 1758 1214
1762 1761 1757
1764 1762 1753
1766 1765 23
1768 1240 31
1770 1769 1203
1772 1522 19
1774 1772 23
1776 1774 1206
1778 1776 1771
1780 1190 23
1782 1780 1698
1784 1284 550
1786 1784 1476
1788 1786 1696
1790 552 41
1792 1790 1480
1794 1793 1789
1796 1794 1783
1798 1797 530
1800 1799 1779
1802 1800 1767
1804 1802 1747
1806 22 21
1808 34 19
1810 1642 1434
1812 1230 302
1814 1813 1811
1816 1644 1434
1818 1817 1814
1820 1819 1808
1822 1732 19
1824 1822 1688
1826 1824 1260
1828 1238 1190
1830 1828 1526
1832 1831 1827
1834 1832 1821
1836 1835 1806
1838 1837 1804
1840 1838 1723
1842 41 19
1844 1843 582
1846 1844 90
1848 1844 88
1850 1849 1847
1852 121 65
1854 1853 582
1856 170 41
1858 149 117
1860 1859 487
1862 1860 520
1864 1862 41
1866 922 104
1868 105 71
1870 1869 912
1872 1871 28
1874 1869 790
1876 672 70
1878 1877 29
1880 1878 1875
1882 1881 1873
1884 1883 1867
1886 517 68
1888 1887 73
1890 1889 778
1892 1890 41
1894 1244 10
1896 1894 762
1898 542 230
1900 19 5
1902 1900 186
1904 1902 1898
1906 1904 1896
1908 41 21
1910 15 10
1912 1910 1158
1914 222 5
1916 1914 310
1918 1916 1912
1920 1918 1908
1922 1222 11
1924 1922 762
1926 290 230
1928 1926 1902
1930 1928 1924
1932 1931 1921
1934 35 5
1936 1222 39
1938 1936 1934
1940 52 26
1942 1940 11
1944 1543 1393
1946 1945 1942
1948 1946 1938
1950 1352 39
1952 1940 10
1954 1952 1950
1956 1934 1542
1958 1956 1954
1960 1959 1949
1962 1960 1932
1964 1962 1907
1966 1324 21
1968 1244 39
1970 1968 10
1972 868 5
1974 1972 1970
1976 1974 1966
1978 1922 39
1980 35 20
1982 1980 1570
1984 1982 734
1986 1984 1978
1988 1934 20
1990 1988 256
1992 1990 1912
1994 1993 1987
1996 1995 41
1998 1997 1977
2000 1998 1964
2002 2001 43
2004 39 3
2006 2004 258
2008 1942 8
2010 2008 2006
2012 1942 9
2014 35 14
2016 2014 2004
2018 2016 2012
2020 39 8
2022 2020 1352
2024 1158 332
2026 2025 2023
2028 1952 35
2030 2028 2027
2032 2031 2019
2034 2032 2011
2036 1966 487
2038 2036 2035
2040 1278 35
2042 974 542
2044 2042 2040
2046 42 21
2048 14 11
2050 2048 2004
2052 2050 2046
2054 2052 2044
2056 43 41
2058 2056 1912
2060 2058 1984
2062 2061 2055
2064 43 21
2066 2064 2050
2068 2066 1904
2070 1570 35
2072 300 230
2074 2072 2070
2076 2064 19
2078 2076 2074
2080 2078 1978
2082 2081 2069
2084 2082 2062
2086 2040 1898
2088 2004 950
2090 2088 2048
2092 2090 2086
2094 2040 19
2096 40 9
2098 2096 468
2100 2098 2094
2102 2100 1896
2104 2103 2093
2106 2105 42
2108 2107 2084
2110 2108 2039
2112 1324 42
2114 39 20
2116 2114 1922
2118 35 4
2120 2118 256
2122 2120 2116
2124 2122 2112
2126 1952 41
2128 2126 2024
2130 2004 14
2132 2130 41
2134 2132 2012
2136 2135 2129
2138 2118 2046
2140 2138 2137
2142 2141 2125
2144 2064 1912
2146 974 290
2148 2146 2070
2150 2149 1929
2152 2151 2144
2154 950 42
2156 2154 2040
2158 2156 1926
2160 2046 2040
2162 2160 2146
2164 2163 2159
2166 2165 1912
2168 2167 2153
2170 2168 2142
2172 2070 2042
2174 2172 2066
2176 1896 43
2178 2176 2172
2180 2179 2175
2182 2072 2040
2184 2154 1912
2186 2184 2182
2188 1978 1916
2190 2056 21
2192 2190 2188
2194 2193 2187
2196 1896 42
2198 2040 1012
2200 2198 2196
2202 2070 1012
2204 2202 2066
2206 2205 2201
2208 2206 2194
2210 2208 2180
2212 2210 2170
2214 42 41
2216 2040 734
2218 2216 2116
2220 2218 2214
2222 974 300
2224 2222 2160
2226 2225 2079
2228 2227 1912
2230 2229 2221
2232 1356 35
2234 2232 310
2236 2234 1924
2238 2236 2112
2240 2126 2027
2242 2241 2135
2244 2064 1934
2246 2244 2243
2248 2247 2239
2250 2064 1978
2252 2250 2148
2254 2064 1324
2256 2189 1919
2258 2257 2254
2260 2259 2253
2262 2260 2248
2264 2262 2230
2266 2264 2212
2268 2266 2110
2270 2268 2003
2272 41 4
2274 2272 1980
2276 2274 1954
2278 1942 1936
2280 2279 1955
2282 2281 1396
2284 1936 1406
2286 2284 1942
2288 1952 1908
2290 2288 2022
2292 2291 2287
2294 2292 2283
2296 2295 2118
2298 2297 2277
2300 2299 42
2302 2198 2052
2304 2046 1324
2306 2120 9
2308 2306 2050
2310 2306 1970
2312 2311 2309
2314 2313 2304
2316 2315 2303
2318 2050 1972
2320 2318 2254
2322 2190 1974
2324 2100 2052
2326 2202 2176
2328 2327 2325
2330 2328 2323
2332 2330 2321
2334 2332 2316
2336 2334 2301
2338 2218 2112
2340 1324 43
2342 2340 1984
2344 2342 1912
2346 2345 2339
2348 2044 1896
2350 2348 42
2352 2351 2346
2354 877 43
2356 1982 468
2358 2356 1912
2360 1990 1978
2362 2361 2359
2364 2363 2354
2366 2356 2354
2368 2367 2159
2370 2369 1978
2372 2371 2365
2374 2372 2352
2376 2154 1970
2378 2376 2086
2380 2222 2070
2382 2380 2144
2384 1912 42
2386 2384 1542
2388 2386 2216
2390 2389 2383
2392 2390 2379
2394 2343 2225
2396 2395 1978
2398 2397 2392
2400 2380 2250
2402 2154 1978
2404 2402 2182
2406 2405 2401
2408 2386 2120
2410 2340 1992
2412 2411 2409
2414 2234 1912
2416 2046 41
2418 2417 2305
2420 2419 2414
2422 2421 2412
2424 2422 2406
2426 2424 2398
2428 2426 2374
2430 2318 2190
2432 2416 2310
2434 2098 1902
2436 2177 2067
2438 2437 2434
2440 2439 2433
2442 2440 2431
2444 1979 1913
2446 877 42
2448 1980 1278
2450 2448 2446
2452 2450 468
2454 2162 1978
2456 2455 2453
2458 2457 2445
2460 2416 2308
2462 2237 2123
2464 2463 2214
2466 2465 2461
2468 2466 2459
2470 2468 2442
2472 2470 2428
2474 2472 2336
2476 2474 2270
2478 1869 926
2480 2479 29
2482 2481 1843
2484 2482 1873
2486 37 15
2488 5 2
2490 2488 2486
2492 2490 35
2494 40 33
2496 194 28
2498 2496 2494
2500 2498 2492
2502 1068 634
2504 2502 2500
2506 854 27
2508 41 33
2510 2508 2496
2512 492 35
2514 2512 1352
2516 2514 2510
2518 2516 8
2520 2518 2506
2522 2521 2505
2524 2512 1222
2526 29 13
2528 2526 740
2530 2528 8
2532 40 32
2534 2532 2530
2536 2534 1242
2538 2536 2524
2540 282 28
2542 2540 2532
2544 1292 950
2546 494 35
2548 2546 2544
2550 2548 2542
2552 2551 2539
2554 2552 2522
2556 950 634
2558 300 28
2560 2558 2494
2562 2560 2492
2564 300 29
2566 2564 2494
2568 2566 2524
2570 2569 2563
2572 2571 2556
2574 1512 37
2576 2528 9
2578 1324 35
2580 2578 2576
2582 2580 1192
2584 40 35
2586 340 28
2588 2586 2584
2590 2588 1554
2592 2591 2583
2594 2593 2574
2596 2595 2573
2598 2596 2554
2600 14 3
2602 318 29
2604 2602 2494
2606 2604 2600
2608 2606 2546
2610 2608 2556
2612 194 29
2614 2612 2494
2616 2614 2524
2618 2616 2502
2620 2619 2611
2622 2514 2498
2624 2622 8
2626 2624 2556
2628 2602 2508
2630 2628 2512
2632 2630 2600
2634 2632 2506
2636 2635 2627
2638 2636 2620
2640 497 35
2642 2640 854
2644 41 3
2646 1302 29
2648 2646 9
2650 2648 2644
2652 2651 14
2654 2653 2642
2656 1302 28
2658 2656 8
2660 41 2
2662 2660 2658
2664 2646 8
2666 2664 2644
2668 2667 2663
2670 2668 15
2672 2671 2654
2674 2514 1242
2676 2674 2542
2678 2656 1324
2680 2679 2
2682 2647 3
2684 594 15
2686 40 3
2688 2687 2684
2690 2688 2546
2692 2690 2683
2694 2692 2681
2696 950 27
2698 2696 2040
2700 1190 36
2702 184 29
2704 2702 2096
2706 2704 2700
2708 2706 2698
2710 2709 2695
2712 2710 2677
2714 2712 2673
2716 2714 2638
2718 2716 2598
2720 2612 2508
2722 2720 8
2724 2722 2524
2726 2564 2508
2728 2640 1222
2730 2728 2726
2732 2731 2725
2734 2733 2506
2736 2560 2514
2738 2736 950
2740 2738 634
2742 2741 2735
2744 2696 35
2746 492 33
2748 2746 1258
2750 184 28
2752 2750 2096
2754 2752 2748
2756 1190 37
2758 2756 1570
2760 2758 2704
2762 2761 2755
2764 2763 2744
2766 2574 21
2768 41 9
2770 2768 35
2772 2770 2528
2774 2772 1190
2776 220 28
2778 2776 2770
2780 2778 1258
2782 2781 2775
2784 2783 2766
2786 2785 2765
2788 594 27
2790 2788 2516
2792 2510 2492
2794 2792 8
2796 2794 2506
2798 2797 2791
2800 2664 748
2802 672 15
2804 2802 950
2806 2804 2800
2808 1352 492
2810 2808 950
2812 2490 21
2814 2812 19
2816 2815 2811
2818 2658 748
2820 2818 2817
2822 2821 2807
2824 2823 40
2826 2825 2798
2828 2826 2786
2830 2828 2742
2832 2830 2718
2834 41 32
2836 2834 2540
2838 2640 2
2840 2838 856
2842 2840 2836
2844 2834 2530
2846 2844 3
2848 2512 856
2850 2848 2846
2852 2773 2581
2854 1356 21
2856 2854 2853
2858 2856 2700
2860 2859 2851
2862 2860 2843
2864 2770 2702
2866 2864 2756
2868 2770 2750
2870 1258 37
2872 2870 2868
2874 2873 2867
2876 1570 888
2878 2876 2875
2880 2800 2486
2882 37 14
2884 2648 748
2886 2884 2882
2888 2887 2881
2890 1584 3
2892 2890 2889
2894 2893 2879
2896 2894 2862
2898 2802 1980
2900 2898 2720
2902 2900 634
2904 2617 2501
2906 2905 8
2908 2906 2556
2910 2909 2903
2912 35 21
2914 2558 2508
2916 2914 2912
2918 2916 2490
2920 1222 494
2922 2920 35
2924 2922 2722
2926 2924 21
2928 2927 2919
2930 2929 634
2932 2931 2910
2934 2932 2896
2936 2646 1224
2938 2936 1308
2940 2938 2512
2942 1258 36
2944 2942 2854
2946 2944 2778
2948 494 258
2950 2948 724
2952 2750 40
2954 2952 2950
2956 2954 1166
2958 2957 2947
2960 2958 2941
2962 2944 2578
2964 2962 2586
2966 2868 888
2968 2966 2748
2970 2969 2965
2972 2870 2696
2974 2972 2752
2976 2974 2070
2978 2977 2970
2980 2978 2960
2982 2922 2720
2984 2982 2788
2986 2628 2014
2988 2986 790
2990 2988 2506
2992 2488 37
2994 2510 9
2996 2994 2014
2998 2996 2992
3000 2998 2506
3002 3001 2991
3004 3002 2985
3006 3004 2980
3008 2922 2536
3010 2498 9
3012 3010 1244
3014 3012 1242
3016 3014 2546
3018 2914 2514
3020 3018 854
3022 3021 3017
3024 3023 27
3026 3025 3009
3028 3026 3006
3030 3028 2934
3032 3030 2832
3034 2512 1244
3036 3034 2994
3038 3034 19
3040 3038 3010
3042 3041 3037
3044 3043 854
3046 2746 1192
3048 3046 2864
3050 2750 2660
3052 594 33
3054 3052 2948
3056 3054 3050
3058 3057 3049
3060 2922 2614
3062 3060 8
3064 3062 1242
3066 2606 2512
3068 3066 1242
3070 3069 3065
3072 2792 20
3074 3060 1068
3076 3075 3073
3078 3077 38
3080 3079 3070
3082 3080 3058
3084 3082 3045
3086 3085 27
3088 2678 594
3090 3088 2514
3092 2936 1396
3094 3092 2640
3096 3095 3091
3098 2746 258
3100 3098 2502
3102 2702 2686
3104 3102 3100
3106 1908 1258
3108 2656 9
3110 3108 2640
3112 3110 3106
3114 3113 3105
3116 3114 3096
3118 492 224
3120 1396 1284
3122 3120 2528
3124 3122 3118
3126 3098 2788
3128 3126 2952
3130 3128 1096
3132 3131 3125
3134 3132 3116
3136 842 220
3138 877 594
3140 3138 3136
3142 2486 1914
3144 3118 40
3146 3145 3143
3148 3147 3140
3150 2950 2702
3152 3150 3120
3154 3126 3050
3156 3155 3153
3158 3156 3149
3160 3142 3122
3162 2684 41
3164 3162 2656
3166 3164 2838
3168 3167 3161
3170 3143 3119
3172 2528 1308
3174 3172 3171
3176 3174 1284
3178 3126 2702
3180 3178 2644
3182 3181 3177
3184 3182 3168
3186 3184 3158
3188 3186 3134
3190 40 14
3192 950 672
3194 3192 2884
3196 950 748
3198 3196 3108
3200 3198 912
3202 3201 3195
3204 3203 3190
3206 2922 2566
3208 3206 2556
3210 2622 1068
3212 3210 634
3214 3213 3209
3216 2546 856
3218 3216 2846
3220 3136 594
3222 3220 3118
3224 1336 498
3226 3224 3054
3228 3227 3223
3230 3229 41
3232 3231 3219
3234 3232 3214
3236 3234 3205
3238 3236 3188
3240 3238 3087
3242 3240 3032
3244 97 83
3246 3245 1088
3248 135 85
3250 3249 1088
3252 1854 1843
3254 91 89
3256 3255 582
3258 194 31
3260 27 3
3262 3260 292
3264 1356 20
3266 3264 3262
3268 3266 3258
3270 35 30
3272 3270 468
3274 3264 1950
3276 3274 3272
3278 1980 1224
3280 3278 32
3282 3280 1332
3284 3283 3277
3286 3284 3269
3288 1476 9
3290 3288 3260
3292 3290 3258
3294 3292 1356
3296 290 30
3298 3296 4
3300 27 2
3302 3300 242
3304 3302 3298
3306 194 30
3308 3300 3288
3310 3308 3306
3312 3310 1356
3314 3313 3305
3316 3314 3295
3318 3317 21
3320 3319 3286
3322 3321 1324
3324 2232 1190
3326 3324 1526
3328 1012 30
3330 2232 1968
3332 3330 3328
3334 3333 3327
3336 3335 21
3338 3285 41
3340 1436 1354
3342 3340 3264
3344 3342 1324
3346 3342 41
3348 1950 222
3350 3348 950
3352 3298 230
3354 3352 3350
3356 3355 3347
3358 3356 3345
3360 3358 3339
3362 3360 3337
3364 52 9
3366 3364 24
3368 3366 254
3370 3368 1246
3372 3370 1966
3374 548 14
3376 3374 3368
3378 3376 1908
3380 1068 15
3382 3380 2532
3384 192 52
3386 3384 694
3388 3386 3382
3390 1308 32
3392 3390 3384
3394 3392 1610
3396 3395 3389
3398 3396 3379
3400 3398 3373
3402 52 8
3404 3402 24
3406 3404 254
3408 3406 1610
3410 616 15
3412 3410 3406
3414 3413 3409
3416 877 21
3418 3416 3415
3420 1292 222
3422 3420 950
3424 3422 1642
3426 3425 3419
3428 3426 3400
3430 3429 4
3432 3260 242
3434 1228 290
3436 3434 3432
3438 3436 1908
3440 1980 1292
3442 3440 1436
3444 3442 1458
3446 3445 3439
3448 3410 3392
3450 3448 4
3452 3434 230
3454 2088 224
3456 3454 3452
3458 3457 3451
3460 3458 3446
3462 3376 1470
3464 3463 22
3466 3268 41
3468 1908 4
3470 3468 3370
3472 3471 3467
3474 3472 3464
3476 3474 3460
3478 2130 1382
3480 3478 2098
3482 950 30
3484 3482 2098
3486 3484 1968
3488 3487 3481
3490 3489 2232
3492 2004 21
3494 3492 224
3496 2146 1228
3498 3496 3494
3500 35 31
3502 3500 468
3504 3264 1936
3506 3504 877
3508 3506 3502
3510 3500 2130
3512 3510 1012
3514 3512 2854
3516 3515 3509
3518 3516 3499
3520 3518 3491
3522 3520 3476
3524 3522 3431
3526 3524 3362
3528 3526 3323
3530 3420 1462
3532 877 242
3534 3532 3300
3536 3534 3296
3538 3512 32
3540 3539 3537
3542 1224 222
3544 3542 1654
3546 3544 1324
3548 3547 3540
3550 3548 3531
3552 3551 21
3554 3408 41
3556 3377 3371
3558 3556 3413
3560 3558 3555
3562 3561 3416
3564 3449 3396
3566 3390 3340
3568 3260 20
3570 3568 3532
3572 3570 3258
3574 3573 3567
3576 3574 3564
3578 3576 3425
3580 3578 3563
3582 3580 3553
3584 3583 5
3586 1512 20
3588 3586 1936
3590 3588 3502
3592 3280 1588
3594 3593 3591
3596 3595 41
3598 1968 1914
3600 3598 3328
3602 1652 5
3604 3602 3432
3606 3604 41
3608 3607 3601
3610 3609 21
3612 1900 31
3614 3612 1926
3616 3614 3494
3618 3590 1324
3620 3619 3617
3622 3408 1584
3624 1192 222
3626 3624 3612
3628 3626 1200
3630 3629 3623
3632 3630 3620
3634 3310 1512
3636 3634 1908
3638 3598 3484
3640 3639 23
3642 3640 3637
3644 3642 3632
3646 3644 3611
3648 3646 3597
3650 3586 1950
3652 3650 3272
3654 3442 1512
3656 3655 3653
3658 3586 3340
3660 3659 3593
3662 3660 3656
3664 3663 1324
3666 1258 222
3668 3666 1686
3670 3292 1512
3672 3671 3605
3674 3673 1966
3676 3675 3669
3678 1190 222
3680 3678 1528
3682 30 5
3684 3350 1926
3686 1158 21
3688 3686 224
3690 3688 2146
3692 3691 3685
3694 3693 3682
3696 3695 3681
3698 3696 3676
3700 3698 3665
3702 3700 3648
3704 3702 3585
3706 3705 3529
3708 3666 1824
3710 3298 974
3712 3710 3348
3714 2232 1292
3716 3714 1462
3718 3717 3713
3720 3718 3709
3722 3721 21
3724 3436 1966
3726 3294 1908
3728 3727 3725
3730 3544 1470
3732 3324 950
3734 3732 1202
3736 3735 3731
3738 3736 3728
3740 3666 1268
3742 3315 1908
3744 3743 3741
3746 3744 3738
3748 3746 3723
3750 3749 22
3752 3670 21
3754 3753 3656
3756 3755 41
3758 3666 1690
3760 3634 1966
3762 3761 3759
3764 3762 3757
3766 3765 23
3768 3544 1908
3770 3480 222
3772 3771 3769
3774 3773 552
3776 974 23
3778 3776 3602
3780 3778 3494
3782 31 22
3784 3782 1262
3786 3784 3542
3788 3786 1220
3790 3789 3781
3792 3790 3775
3794 3792 3767
3796 3794 3751
3798 3796 3707
3800 3246 41
3802 3250 41
3804 3018 21
3806 2562 950
3808 3807 2919
3810 3808 3805
3812 3810 2739
3814 3813 632
3816 950 39
3818 2500 8
3820 3207 2569
3822 3820 3819
3824 3823 3816
3826 3825 26
3828 950 26
3830 34 8
3832 3830 2720
3834 864 672
3836 3834 3832
3838 2566 1808
3840 3838 3834
3842 3841 3837
3844 3830 2810
3846 3844 2498
3848 3847 3065
3850 2914 1214
3852 3850 2490
3854 3853 3021
3856 3854 3848
3858 3856 3842
3860 3858 3829
3862 3861 3827
3864 3863 3815
3866 310 29
3868 3866 2644
3870 310 28
3872 3870 2660
3874 3872 3118
3876 3875 3869
3878 3171 39
3880 3878 3877
3882 2490 1808
3884 3882 2542
3886 3885 3881
3888 2836 34
3890 3888 2808
3892 2534 1808
3894 3892 2920
3896 3895 3891
3898 3896 3886
3900 3899 21
3902 3870 2
3904 3902 1324
3906 3866 2686
3908 3906 19
3910 3909 3873
3912 3910 3905
3914 3142 762
3916 3914 3913
3918 3917 2573
3920 3918 3901
3922 2920 888
3924 3922 3832
3926 3830 2696
3928 3926 2614
3930 3928 2802
3932 1352 888
3934 3932 497
3936 3934 3830
3938 3936 2510
3940 3939 3931
3942 3940 3925
3944 2795 2519
3946 3945 1110
3948 950 632
3950 3948 2624
3952 3926 2498
3954 3952 2490
3956 3955 3951
3958 3956 3947
3960 3958 3942
3962 3948 8
3964 3962 2728
3966 3964 2614
3968 3967 2552
3970 3968 2742
3972 3970 3960
3974 3972 3920
3976 2724 1110
3978 3922 3838
3980 3979 3977
3982 2808 2542
3984 3982 1636
3986 2844 1214
3988 3986 2920
3990 3989 3985
3992 3990 3980
3994 2926 632
3996 2730 1110
3998 3934 1808
4000 3998 2560
4002 4001 3997
4004 4002 3995
4006 2808 27
4008 4006 3850
4010 3986 2802
4012 4011 4009
4014 3888 2812
4016 3892 3834
4018 4017 4015
4020 4018 4012
4022 4020 4004
4024 4022 3992
4026 3009 2931
4028 3816 3118
4030 3902 40
4032 4031 3907
4034 4033 4028
4036 4035 3209
4038 3402 15
4040 4038 877
4042 4040 21
4044 4042 1088
4046 4045 3219
4048 4046 2521
4050 4048 4036
4052 3928 2920
4054 497 21
4056 4054 3262
4058 4056 2726
4060 4059 2677
4062 4060 4053
4064 4062 2909
4066 4064 4050
4068 2851 2843
4070 4068 2797
4072 4070 2627
4074 4072 4066
4076 4074 4026
4078 4076 4024
4080 4078 3974
4082 4080 3864
4084 139 101
4086 694 555
4088 4086 4085
4090 822 762
4092 14 6
4094 4092 1238
4096 4094 1524
4098 1525 1273
4100 14 7
4102 4100 1754
4104 4102 4099
4106 1278 292
4108 4106 6
4110 4108 1280
4112 4111 4105
4114 4112 4097
4116 4115 4090
4118 4108 1640
4120 4118 1160
4122 4121 16
4124 4108 1336
4126 4124 1158
4128 4126 1396
4130 4129 4122
4132 2004 1396
4134 576 244
4136 4108 1216
4138 578 244
4140 4139 4137
4142 4140 4135
4144 4143 4132
4146 4102 1240
4148 4146 2088
4150 4149 17
4152 4150 4145
4154 4153 4131
4156 762 700
4158 1570 292
4160 4158 7
4162 4160 1220
4164 1302 6
4166 3288 2272
4168 4166 4164
4170 4169 4163
4172 4170 4112
4174 4173 4156
4176 4175 4155
4178 4176 4117
4180 2004 17
4182 1476 7
4184 4182 1512
4186 4184 340
4188 4186 4180
4190 4188 1966
4192 1356 6
4194 4192 1476
4196 4194 340
4198 4196 4156
4200 2114 822
4202 4200 4124
4204 4203 4199
4206 4205 41
4208 20 17
4210 4208 1324
4212 4210 2004
4214 4212 4124
4216 2114 700
4218 4216 41
4220 4218 4141
4222 4221 4215
4224 4198 1324
4226 15 6
4228 4226 34
4230 4228 1358
4232 4180 3416
4234 4232 4230
4236 4235 4225
4238 4236 4222
4240 4238 4207
4242 4240 4191
4244 4200 41
4246 4160 1216
4248 87 25
4250 4248 7
4252 12 5
4254 4252 292
4256 4254 724
4258 4256 4250
4260 4259 4247
4262 4260 4137
4264 4263 4244
4266 700 39
4268 4266 950
4270 4094 1200
4272 4271 4147
4274 4273 4268
4276 4094 1240
4278 4108 302
4280 4102 1200
4282 4281 4279
4284 4282 4277
4286 4285 4268
4288 4287 4275
4290 4288 4265
4292 4180 950
4294 4279 4271
4296 4295 4292
4298 4266 1396
4300 4247 4137
4302 4301 4298
4304 4303 4297
4306 4298 4138
4308 4258 4218
4310 4309 4307
4312 1302 7
4314 41 5
4316 4314 292
4318 4316 4312
4320 2272 1302
4322 4320 4228
4324 4323 4319
4326 574 39
4328 4326 4325
4330 4328 531
4332 3816 574
4334 4332 4160
4336 4334 302
4338 4337 4331
4340 4338 4310
4342 4340 4304
4344 4247 4125
4346 4345 4218
4348 4334 1640
4350 4298 4258
4352 4244 4138
4354 4353 4351
4356 4354 4349
4358 4356 4347
4360 4358 4342
4362 4360 4290
4364 4362 4242
4366 4160 1280
4368 4108 1220
4370 4369 4367
4372 4370 4163
4374 4373 2004
4376 4375 17
4378 21 17
4380 4094 3686
4382 4380 4099
4384 4383 4379
4386 4385 4377
4388 4196 4180
4390 4266 4186
4392 4391 4389
4394 4134 8
4396 4266 4230
4398 4397 4395
4400 4399 4326
4402 4401 4392
4404 4403 1966
4406 4405 4387
4408 4406 4364
4410 4408 4178
4412 4281 4277
4414 4412 4119
4416 4415 19
4418 4094 1272
4420 4314 3288
4422 4420 4312
4424 4423 4169
4426 4424 4419
4428 4426 4417
4430 4429 3492
4432 2020 292
4434 3288 39
4436 4435 4433
4438 4 3
4440 4438 4164
4442 4312 788
4444 4443 4441
4446 4445 1966
4448 4446 4437
4450 2004 1068
4452 1302 292
4454 4452 40
4456 4454 581
4458 4456 4450
4460 4459 17
4462 4261 4132
4464 4463 4460
4466 4464 4449
4468 4466 4431
4470 4186 41
4472 4423 4370
4474 4472 4471
4476 4475 3686
4478 4 2
4480 4478 4164
4482 4480 4432
4484 4312 2488
4486 4484 4437
4488 4487 4483
4490 4489 1966
4492 4456 1170
4494 4134 1158
4496 4494 1396
4498 4497 4493
4500 4434 4164
4502 4478 1966
4504 4502 4500
4506 4505 16
4508 4506 4498
4510 4508 4491
4512 4510 4477
4514 4513 4469
4516 4389 4189
4518 4516 4401
4520 4519 21
4522 2114 574
4524 4522 4134
4526 4525 4521
4528 4527 41
4530 4529 4515
4532 4530 4410
4534 131 99
4536 4535 1843
4538 4536 1088
4540 15 7
4542 3402 25
4544 4542 254
4546 4544 1966
4548 4546 4540
4550 4549 1471
4552 3364 254
4554 4552 25
4556 4554 4092
4558 4557 4
4560 4559 4551
4562 4554 4100
4564 4562 1584
4566 4565 4561
4568 25 13
4570 4568 52
4572 4570 6
4574 4572 3382
4576 4546 4226
4578 4577 4575
4580 4579 4
4582 4572 2834
4584 1262 332
4586 4584 4582
4588 4587 4581
4590 4588 4566
4592 4591 822
4594 1512 13
4596 4594 4250
4598 4596 3262
4600 4248 13
4602 4600 4192
4604 4602 3262
4606 4605 4599
4608 258 26
4610 4608 4602
4612 4608 4596
4614 4613 4611
4616 4615 2004
4618 4617 4606
4620 4619 4210
4622 15 4
4624 4622 4582
4626 4624 531
4628 4100 1914
4630 4568 316
4632 4630 954
4634 4632 4628
4636 4634 854
4638 4637 4627
4640 4639 700
4642 4226 2232
4644 4568 288
4646 4644 974
4648 4646 4642
4650 4648 3686
4652 4651 4379
4654 4092 2232
4656 4630 974
4658 4656 4654
4660 4658 2004
4662 4634 1284
4664 4663 4661
4666 4664 17
4668 4667 4653
4670 4669 4641
4672 4670 4621
4674 4672 4593
4676 4556 1470
4678 4677 4588
4680 4679 700
4682 822 27
4684 4630 4184
4686 4684 4682
4688 4644 242
4690 700 27
4692 4690 578
4694 4692 4688
4696 4695 4687
4698 4697 41
4700 4602 3288
4702 4700 4690
4704 4690 4684
4706 4705 4703
4708 4707 41
4710 1284 17
4712 4654 4632
4714 4644 954
4716 4714 4642
4718 4717 4713
4720 4719 4710
4722 4688 576
4724 4722 4682
4726 4724 41
4728 4727 4721
4730 4728 4709
4732 4730 4699
4734 4733 21
4736 4735 4681
4738 4736 4674
4740 4570 7
4742 4740 2834
4744 4742 15
4746 4740 3382
4748 4747 4745
4750 4749 5
4752 4751 4625
4754 822 531
4756 4754 4753
4758 4616 4208
4760 4690 21
4762 4760 4722
4764 888 578
4766 4764 822
4768 4766 4688
4770 4769 4763
4772 20 16
4774 3300 292
4776 258 27
4778 4776 1152
4780 4779 4775
4782 4781 4602
4784 4782 4772
4786 4785 4770
4788 4786 4759
4790 4789 41
4792 4791 4757
4794 4747 4549
4796 4562 1966
4798 4797 4794
4800 4744 531
4802 4742 332
4804 4802 21
4806 4805 4801
4808 4806 4798
4810 700 5
4812 4810 4809
4814 4700 4682
4816 4815 4706
4818 4816 4696
4820 4819 1966
4822 4821 4813
4824 4822 4792
4826 4644 210
4828 4826 4642
4830 4630 210
4832 4830 4654
4834 4833 4829
4836 1242 822
4838 4836 4835
4840 4630 230
4842 4840 4654
4844 4540 1914
4846 4644 230
4848 4846 4844
4850 4849 4843
4852 4851 4292
4854 4853 4839
4856 4724 1966
4858 4840 4628
4860 4846 4642
4862 4861 4859
4864 4863 4292
4866 4865 4857
4868 4866 4854
4870 1308 17
4872 4776 1284
4874 4872 4602
4876 4875 4599
4878 4877 4870
4880 4648 4090
4882 4872 4596
4884 4882 4210
4886 4885 4881
4888 4886 4879
4890 4378 788
4892 4890 4802
4894 4656 762
4896 4830 1242
4898 4897 4895
4900 4628 574
4902 4900 4899
4904 4903 4893
4906 4904 4888
4908 4906 4868
4910 4835 1154
4912 4774 4596
4914 4912 1396
4916 4842 1160
4918 4917 4915
4920 4918 4911
4922 4921 16
4924 4859 4849
4926 4925 4268
4928 4762 1324
4930 4929 4927
4932 4814 1908
4934 4883 4605
4936 4935 4870
4938 4937 4933
4940 4938 4930
4942 4940 4923
4944 4942 4908
4946 4772 1324
4948 4610 1158
4950 4949 4783
4952 4951 4946
4954 21 16
4956 4716 1152
4958 4844 4646
4960 4958 1158
4962 4961 4957
4964 4963 4954
4966 1152 16
4968 4966 4712
4970 4844 4714
4972 4971 4969
4974 854 574
4976 4974 4973
4978 4977 4965
4980 4978 4953
4982 4844 4826
4984 4982 4836
4986 4966 950
4988 4986 4982
4990 4860 4268
4992 4991 4989
4994 4992 4985
4996 4216 877
4998 4996 4612
5000 4874 4210
5002 5001 4999
5004 4768 1324
5006 4772 877
5008 4778 4596
5010 5008 5006
5012 5011 5005
5014 5012 5002
5016 5014 4994
5018 4658 4266
5020 4958 4180
5022 5021 5019
5024 5023 21
5026 4772 41
5028 4949 4913
5030 5029 5026
5032 5031 5025
5034 5032 5016
5036 5034 4980
5038 5036 4944
5040 5038 4824
5042 5040 4738
5044 4086 4040
5046 1292 22
5048 5046 3270
5050 5048 1282
5052 5051 5045
5054 1222 232
5056 5054 3778
5058 5057 5052
5060 1638 19
5062 5061 1617
5064 5062 1609
5066 5065 35
5068 5054 3614
5070 3682 290
5072 5070 974
5074 1950 186
5076 5074 5072
5078 5077 5069
5080 5078 5067
5082 5081 23
5084 5083 5058
5086 5085 20
5088 2222 39
5090 5088 1610
5092 5090 1570
5094 5093 1623
5096 5095 1980
5098 1516 1396
5100 3270 310
5102 5100 877
5104 5102 3650
5106 5105 5099
5108 5106 5097
5110 5109 23
5112 5074 19
5114 5112 3352
5116 3434 974
5118 5116 5054
5120 5119 5115
5122 5121 20
5124 5122 22
5126 41 22
5128 1116 548
5130 5128 300
5132 5130 4106
5134 1116 200
5136 5134 1352
5138 5136 3298
5140 5100 3274
5142 5141 5139
5144 5142 5133
5146 5145 5126
5148 877 23
5150 3278 31
5152 5150 1514
5154 5152 5148
5156 5155 5147
5158 5156 5125
5160 5158 5111
5162 5160 5087
5164 5136 5070
5166 3440 1666
5168 5134 1222
5170 5168 3602
5172 5130 4158
5174 5173 5171
5176 5174 5167
5178 5176 5165
5180 5179 1324
5182 2073 1927
5184 3682 1138
5186 5184 234
5188 5186 5183
5190 5189 23
5192 3300 1542
5194 5192 1618
5196 5194 4158
5198 1980 1758
5200 4450 15
5202 5200 31
5204 5202 2074
5206 5205 5199
5208 5206 5197
5210 5208 5190
5212 1068 35
5214 5212 1661
5216 3500 310
5218 5216 3588
5220 5219 5165
5222 5220 5174
5224 1669 1517
5226 5225 20
5228 5227 5222
5230 5229 41
5232 5231 5215
5234 5232 5210
5236 5234 5181
5238 5074 20
5240 5238 3710
5242 1396 1366
5244 5150 1358
5246 5244 1324
5248 5132 1324
5250 616 27
5252 1542 300
5254 5252 5250
5256 5254 4106
5258 5257 5249
5260 5258 5247
5262 5260 5243
5264 1362 1308
5266 5265 22
5268 5266 5262
5270 5268 5241
5272 1980 1464
5274 1814 1737
5276 5275 5212
5278 5277 5273
5280 1366 1308
5282 5216 3504
5284 5168 3434
5286 5285 5283
5288 5287 41
5290 5289 5281
5292 3440 1360
5294 2040 26
5296 1950 1342
5298 5296 5294
5300 5298 300
5302 5301 5293
5304 5303 877
5306 5202 2182
5308 5150 1282
5310 5309 5307
5312 5310 5305
5314 5312 5290
5316 5314 5278
5318 5316 5270
5320 5319 5237
5322 1362 20
5324 5286 5142
5326 5324 5323
5328 5327 1324
5330 5200 186
5332 5330 3452
5334 1980 1232
5336 5090 2448
5338 5337 5335
5340 5338 5333
5342 5340 5329
5344 5343 22
5346 1324 23
5348 1668 20
5350 5349 5219
5352 5351 5346
5354 5212 1278
5356 5354 5046
5358 5356 1644
5360 5244 5126
5362 5361 5359
5364 5362 5353
5366 41 23
5368 5366 5166
5370 1982 1950
5372 3776 1618
5374 5372 5370
5376 5375 5369
5378 5376 5364
5380 5378 5345
5382 5380 5321
5384 5382 5162
5386 2070 1272
5388 510 452
5390 5388 2064
5392 5390 5386
5394 2040 1240
5396 2600 11
5398 5396 1242
5400 5398 42
5402 5400 5394
5404 5403 5393
5406 2070 1524
5408 1894 43
5410 5408 854
5412 5411 5391
5414 5413 5406
5416 1894 1186
5418 2112 1262
5420 5418 5416
5422 5421 5415
5424 2070 1200
5426 5408 1242
5428 5426 5424
5430 2036 510
5432 5430 354
5434 5433 5429
5436 5434 5422
5438 5436 5404
5440 14 10
5442 5440 3300
5444 1238 318
5446 5444 5442
5448 1894 340
5450 5448 2232
5452 5450 38
5454 5453 5447
5456 5455 2416
5458 1754 318
5460 5458 5442
5462 5440 1152
5464 1914 340
5466 5464 5462
5468 5467 5461
5470 5469 2190
5472 5471 5457
5474 5472 5438
5476 5396 340
5478 5448 42
5480 5479 5477
5482 2834 1214
5484 5482 487
5486 5484 5481
5488 1894 888
5490 1754 542
5492 5490 5488
5494 5492 2056
5496 510 348
5498 5496 21
5500 1238 542
5502 5500 5498
5504 5502 2214
5506 5505 5495
5508 5506 2461
5510 5508 5487
5512 2069 2055
5514 5500 5488
5516 5514 2214
5518 5517 2379
5520 5518 5512
5522 5514 2112
5524 2046 452
5526 5524 2040
5528 5526 520
5530 5528 1272
5532 5531 5523
5534 21 14
5536 3364 877
5538 5536 5534
5540 5538 778
5542 5541 2201
5544 5496 5444
5546 5544 2304
5548 5547 2205
5550 5548 5542
5552 5550 5532
5554 5552 5520
5556 5554 5510
5558 5462 2154
5560 5558 5394
5562 877 482
5564 5562 5498
5566 5564 544
5568 5492 2340
5570 5569 5567
5572 5570 2180
5574 5572 5561
5576 5574 2442
5578 5576 5556
5580 5578 5474
5582 5476 2232
5584 5582 1724
5586 5502 1324
5588 5587 2349
5590 5588 5585
5592 2040 1200
5594 5592 5398
5596 5544 1908
5598 5597 42
5600 5598 5595
5602 5600 2104
5604 5602 5590
5606 5464 1894
5608 5606 1370
5610 1977 43
5612 5610 5609
5614 1908 34
5616 5614 5448
5618 5616 1512
5620 5619 1907
5622 5464 5396
5624 5622 1724
5626 5460 1966
5628 5627 5625
5630 2070 1240
5632 5462 950
5634 5632 5630
5636 5462 21
5638 5636 5386
5640 5639 5635
5642 5630 5398
5644 5424 5398
5646 5645 5643
5648 5646 5640
5650 5648 5628
5652 5650 5620
5654 5652 5612
5656 5655 5605
5658 2040 1524
5660 5463 5389
5662 5661 21
5664 5662 5658
5666 5632 5592
5668 5446 1966
5670 5669 5667
5672 5670 5665
5674 5583 5451
5676 5675 1370
5678 5677 5672
5680 5679 42
5682 5416 1584
5684 5622 1370
5686 5496 5458
5688 5686 3416
5690 5689 5685
5692 5690 5683
5694 5693 43
5696 5695 5681
5698 5696 2334
5700 5698 5657
5702 5700 5580
5704 2272 1060
5706 1021 980
5708 5707 4
5710 5708 1055
5712 5711 5705
5714 175 107
5716 5715 582
5718 5716 41
5720 147 125
5722 5721 778
5724 5722 1843
5726 4226 2040
5728 5726 1524
5730 4642 340
5732 5730 40
5734 5726 1240
5736 5735 5733
5738 5737 19
5740 5739 5729
5742 5741 1284
5744 5458 4540
5746 5744 3260
5748 5746 41
5750 5749 17
5752 5464 4540
5754 5752 1284
5756 5754 1324
5758 5757 5750
5760 4540 2172
5762 5726 1898
5764 5762 19
5766 5765 5761
5768 5767 2004
5770 5769 5758
5772 5770 5743
5774 4226 2044
5776 4540 1904
5778 5777 5775
5780 5779 1158
5782 5490 4540
5784 5782 3300
5786 5784 1324
5788 5726 1272
5790 4540 2070
5792 5790 1272
5794 5793 5789
5796 5795 1152
5798 5744 3300
5800 5798 41
5802 5801 16
5804 5802 5797
5806 5804 5787
5808 5806 5781
5810 5809 5773
5812 5774 4180
5814 5788 4710
5816 5658 4226
5818 5816 4966
5820 5536 15
5822 5820 582
5824 5790 1012
5826 5824 4266
5828 5827 5823
5830 5828 5819
5832 5830 5815
5834 5832 5813
5836 5834 5811
5838 5837 20
5840 5792 1284
5842 5824 2004
5844 5843 5841
5846 5845 4208
5848 4226 1186
5850 5848 4478
5852 4540 1186
5854 5852 2488
5856 5855 5851
5858 5857 5006
5860 4180 1068
5862 5860 1898
5864 4266 1068
5866 5864 2098
5868 5867 5863
5870 4710 1068
5872 1241 1201
5874 5873 5870
5876 5875 5868
5878 5877 5790
5880 5879 5859
5882 5880 5847
5884 4540 594
5886 5884 574
5888 5886 5406
5890 5026 1152
5892 5890 5730
5894 5893 5889
5896 4522 4226
5898 5896 2198
5900 5790 2098
5902 5900 5860
5904 5903 5899
5906 5904 5894
5908 5790 2042
5910 5908 4216
5912 5865 5861
5914 5726 2098
5916 5914 5913
5918 1152 19
5920 5918 4772
5922 5920 5790
5924 5922 1200
5926 5925 5917
5928 5926 5911
5930 5928 5906
5932 5500 4226
5934 5932 3300
5936 5934 4946
5938 4226 2306
5940 5938 4218
5942 5941 5937
5944 5942 5930
5946 5790 1240
5948 5947 5736
5950 5949 5920
5952 5798 4946
5954 5864 5762
5956 5592 4226
5958 5921 5871
5960 5959 5956
5962 5961 5955
5964 5962 5953
5966 5964 5951
5968 5966 5944
5970 5933 5783
5972 5971 3260
5974 5852 788
5976 5975 5747
5978 5976 5973
5980 5979 4210
5982 5784 5026
5984 5934 5026
5986 4540 1972
5988 5986 4996
5990 5989 5985
5992 5990 5983
5994 5992 5981
5996 5994 5968
5998 5996 5882
6000 5938 4216
6002 5938 2004
6004 5444 4226
6006 6004 3260
6008 6007 6003
6010 6009 4208
6012 6011 6001
6014 6013 1324
6016 5986 2004
6018 5848 4438
6020 6019 6017
6022 5753 5731
6024 6023 1284
6026 6007 5973
6028 6026 6025
6030 6028 6020
6032 6031 4870
6034 6021 4210
6036 6003 5975
6038 6037 4870
6040 6004 3300
6042 5752 1152
6044 6043 6041
6046 6045 5006
6048 6047 6039
6050 6048 6035
6052 6050 6033
6054 6052 6015
6056 6054 5998
6058 6056 5839
6060 56 19
6062 127 109
6064 6063 4086
6066 137 93
6068 6067 4086
6070 6068 41
6072 1079 98
6074 791 131
6076 844 130
6078 4535 500
6080 6079 6077
6082 6081 6075
6084 6083 6073
6086 167 133
6088 6087 4086
6090 2516 2114
6092 6091 26
6094 3012 2640
6096 6095 2609
6098 6096 3063
6100 6098 2907
6102 6101 950
6104 3211 2901
6106 2546 1244
6108 6106 2994
6110 6109 2925
6112 6111 21
6114 6113 6104
6116 6114 6103
6118 6117 39
6120 6119 6092
6122 2994 34
6124 1262 1244
6126 6124 6122
6128 1204 34
6130 6128 2606
6132 6131 6127
6134 6133 36
6136 3380 34
6138 6136 912
6140 6138 2498
6142 6141 3847
6144 6142 6135
6146 6122 2488
6148 2628 34
6150 6148 788
6152 6151 6147
6154 6153 2882
6156 6154 21
6158 6157 6144
6160 2720 1326
6162 6160 2920
6164 3017 27
6166 2600 37
6168 1534 950
6170 6168 6166
6172 6170 2604
6174 6173 3837
6176 6174 3045
6178 6176 6164
6180 6178 6163
6182 6180 3080
6184 6182 6158
6186 6185 6121
6188 3010 1636
6190 6188 4478
6192 4438 21
6194 6192 6148
6196 6195 36
6198 6196 6191
6200 6188 2488
6202 6201 37
6204 6203 348
6206 6204 6199
6208 2526 33
6210 6208 3366
6212 6210 6166
6214 6208 3404
6216 6215 3
6218 28 13
6220 6218 33
6222 6220 3404
6224 6223 2
6226 6225 2486
6228 6226 6217
6230 6229 6213
6232 6231 1772
6234 1352 36
6236 6234 6222
6238 1244 36
6240 6220 3366
6242 6240 6238
6244 6243 6237
6246 6245 1204
6248 6214 2804
6250 6249 6247
6252 6250 6233
6254 6253 40
6256 6231 4314
6258 6210 672
6260 6240 2992
6262 6261 6259
6264 877 14
6266 6264 6263
6268 6245 2272
6270 2802 41
6272 6270 6214
6274 6273 6269
6276 6274 6267
6278 6276 6257
6280 6279 21
6282 6281 6255
6284 6282 6207
6286 6110 2725
6288 6287 2506
6290 3066 950
6292 2905 1068
6294 6293 6291
6296 6295 632
6298 6297 2910
6300 6298 6289
6302 2798 2522
6304 2014 672
6306 6304 2628
6308 6307 3037
6310 6309 1110
6312 2614 1808
6314 6312 20
6316 6315 6161
6318 672 428
6320 6318 6317
6322 6321 6311
6324 6322 6302
6326 6306 2506
6328 2556 8
6330 6328 2622
6332 6331 2619
6334 6332 6327
6336 6334 2611
6338 632 20
6340 6338 2982
6342 2494 1068
6344 3384 15
6346 6344 844
6348 3384 29
6350 6348 1222
6352 6350 497
6354 6353 6347
6356 6355 6342
6358 6357 6341
6360 2622 2502
6362 2600 2546
6364 6362 2628
6366 6364 2506
6368 6367 6361
6370 6368 6358
6372 1308 33
6374 6372 6355
6376 1352 497
6378 1326 27
6380 6378 6376
6382 6380 2510
6384 6383 2985
6386 6384 6375
6388 6386 6370
6390 6388 6336
6392 6390 6324
6394 3962 2622
6396 3926 2490
6398 6396 2498
6400 6399 3939
6402 6400 6395
6404 6402 3931
6406 6404 3925
6408 6406 3947
6410 6312 1116
6412 6411 3929
6414 6413 2920
6416 3060 19
6418 6417 2793
6420 6419 6338
6422 6365 2725
6424 6423 1110
6426 6425 6421
6428 6426 6415
6430 6428 6408
6432 6430 6392
6434 6432 6300
6436 6434 6284
6438 6436 6187
6440 693 555
6442 5126 31
6444 1843 691
6446 6444 6443
6448 6446 6440
6450 6448 108
6452 1843 126
6454 6452 4086
6456 108 18
6458 6456 4438
6460 6458 6442
6462 6461 6455
6464 6462 6451
6466 944 19
6468 4088 1843
6470 151 129
6472 6471 4086
6474 6472 41
6476 153 111
6478 6477 778
6480 6478 1843
6482 2070 1336
6484 2684 510
6486 6484 6482
6488 6487 1987
6490 6489 41
6492 5396 3364
6494 6492 772
6496 6494 1584
6498 2070 950
6500 6498 302
6502 1292 10
6504 6502 6500
6506 6505 6497
6508 6506 1907
6510 6508 5635
6512 6510 6491
6514 6513 43
6516 1238 184
6518 6516 8
6520 540 480
6522 6520 6518
6524 2040 1336
6526 6524 6484
6528 6527 6523
6530 6529 41
6532 1922 888
6534 6532 6518
6536 1922 1116
6538 6536 6516
6540 480 15
6542 6540 1116
6544 6542 6516
6546 6545 6539
6548 6547 40
6550 6549 6535
6552 6550 6531
6554 6553 2446
6556 2684 480
6558 6556 6524
6560 6559 6545
6562 6561 2214
6564 6563 2230
6566 6564 2084
6568 6566 6555
6570 6568 6515
6572 1966 772
6574 6572 3402
6576 182 52
6578 6576 6342
6580 6576 6372
6582 6581 6579
6584 6582 6575
6586 6585 1922
6588 1908 772
6590 6588 6492
6592 6591 6587
6594 6574 6540
6596 6595 6592
6598 6597 484
6600 6494 1470
6602 6601 2093
6604 6602 5587
6606 6605 42
6608 6607 6599
6610 6608 5574
6612 2392 2351
6614 6612 2346
6616 6558 2112
6618 6486 2340
6620 6619 6617
6622 2912 1282
6624 6623 42
6626 1522 1280
6628 6626 186
6630 6629 43
6632 1922 38
6634 6632 42
6636 6635 6503
6638 6637 6631
6640 6638 6625
6642 3364 1894
6644 6642 6588
6646 6645 6595
6648 6647 482
6650 6649 6641
6652 6650 6620
6654 6652 6614
6656 1754 184
6658 6656 6542
6660 6556 6482
6662 6660 2056
6664 6663 6659
6666 6665 2354
6668 6578 6540
6670 4038 520
6672 6670 6588
6674 6673 6669
6676 6674 6592
6678 6677 482
6680 6679 6667
6682 6680 6654
6684 6522 2112
6686 1754 300
6688 6520 2354
6690 6532 2056
6692 6691 6689
6694 6693 6686
6696 6695 6685
6698 2040 302
6700 6698 950
6702 6700 6634
6704 6703 5517
6706 6704 6696
6708 6706 5404
6710 5643 5639
6712 6711 43
6714 6686 6532
6716 6715 6661
6718 6717 2340
6720 6719 6713
6722 6720 6708
6724 2406 2397
6726 6526 2112
6728 6727 5506
6730 6728 6724
6732 6629 6501
6734 6632 43
6736 6734 6733
6738 6538 2214
6740 6644 484
6742 6741 6739
6744 6742 6737
6746 487 2
6748 6580 1910
6750 5440 3364
6752 6750 6572
6754 6753 6749
6756 6755 6746
6758 6675 484
6760 6759 6757
6762 6760 6744
6764 6536 2354
6766 6764 6656
6768 6502 2154
6770 6768 6698
6772 6771 2187
6774 6772 6767
6776 6774 5532
6778 6776 6762
6780 6778 6730
6782 6780 6722
6784 6782 6682
6786 6784 6610
6788 6786 6570
6790 173 163
6792 6791 778
6794 6792 19
6796 157 61
6798 6797 4086
6800 6088 19
6802 161 141
6804 6803 582
6806 6804 19
6808 6798 19
6810 937 921
6812 112 41
6814 181 77
6816 6815 778
6818 6816 19
6820 122 19
6822 947 41
6824 6822 582
6 5 5
8 1 1
10 3 3
12 1 1
14 0 0
16 0 0
6826 177 67
6828 177 6827
18 6829 6829
20 0 0
22 5 5
36 0 0
38 0 0
40 66 66
42 0 0
34 0 0
32 0 0
30 0 0
28 3 3
26 1 1
24 0 0
i0 r_0
i1 r_1
l0 __bad __qdead
l1 __q14k0
l2 __q23k1
l3 __q26k0
l4 __q16k2
l5 __q27k1
l6 __q2k2
l7 __q14k1
l8 __q15k2
l9 __q6k0
l10 __q19k1
l11 __q3k0
l12 __q9k1
l13 __q18k0
l14 __q22k0
l15 __q9k0
l16 __q11k2
l17 __q5k0
l18 __q14k2
l19 __q17k0
l20 __q17k1
l21 !__q0k2
l22 __q6k1
l23 __q19k0
l24 __q8k2
l25 __q4k0
l26 __q4k1
l27 __q5k2
l28 __q25k0
l29 __q10k2
l30 __q5k1
l31 __q13k2
l32 __q12k2
l33 __q7k2
l34 __q3k2
l35 __q13k1
l36 __q22k1
l37 __q7k0
l38 __q6k2
l39 __q2k1
l40 __q20k0
l41 __q25k1
l42 __q8k1
l43 __q18k1
l44 __q28k0
l45 __q4k2
l46 __q21k1
l47 __q12k1
l48 __q10k1
l49 __q12k0
l50 __q8k0
l51 __q7k1
l52 __q9k2
l53 __q21k0
l54 __q20k1
l55 __q11k0
l56 __q28k1
l57 __q15k0
l58 __q23k0
l59 __q24k0
l60 __q10k0
l61 __q15k1
l62 __q27k0
l63 __q3k1
l64 __q11k1
l65 __q26k1
l66 __q2k0
l67 __q13k0
l68 __q24k1
o0 __d2_r_1
o1 __vp1_0
o2 __d4_r_0
o3 __vp4_2
o4 __vp1_2
o5 __d2_r_0
o6 g_0
o7 __vp1_1
o8 __d3_r_1
o9 __d1_r_1
o10 __vp3_0
o11 g_1
o12 __d4_r_1
o13 __vp3_1
o14 __vp4_1
o15 __d3_r_0
o16 __d1_r_0
o17 __vp3_2
o18 __vp4_0
c
Generated by Yosys 0.7+217 (git sha1 5442554, clang 3.8.0-2ubuntu4 -fPIC -Os)

