09:27:17  Namespace(maxK=8, minK=2, moore=False, output=None, spec='./experiments-for-synt/loop_arbiter_2_k3.tlsf', unreal=False, verbose=0)
09:27:17  UCW automaton has 23 states
09:27:17  setting k to 2...
09:27:17  k_reduce
09:27:17  k-LA automaton has 54 states
09:27:17  atm_to_verilog
09:27:17  verilog_to_aiger
09:27:32  synthesize
09:27:32  executing sdf...
09:27:35  sdf completed
REALIZABLE
aag 1256 2 54 14 1200
2
4
34 441
36 503
38 504
40 539
42 540
44 542
46 546
48 579
50 580
52 582
54 587
56 590
58 607
60 639
62 975
64 1011
66 1029
68 1032
70 1034
72 1036
74 1273
76 1280
78 1284
80 1560
82 1583
84 1615
86 1616
88 1620
90 1622
92 1673
94 1674
96 1683
98 1686
100 1688
102 1742
104 1748
106 1750
108 1938
110 1942
112 1
114 1979
116 2115
118 2245
120 2403
122 1963
124 2404
126 2406
128 2423
130 2424
132 2428
134 2437
136 2499
138 2502
140 2504
6
8
10
12
26
28
30
32
24
22
20
18
16
14
142 4 3
144 142 25
146 144 6
148 146 92
150 4 2
152 150 24
154 152 6
156 154 92
158 16 4
160 12 2
162 160 158
164 162 36
166 11 3
168 8 4
170 168 64
172 170 166
174 173 165
176 174 157
178 176 149
180 179 30
182 92 7
184 25 3
186 24 2
188 187 185
190 189 5
192 190 182
194 9 5
196 195 169
198 10 2
200 199 167
202 201 197
204 202 64
206 30 22
208 206 33
210 27 20
212 210 29
214 113 18
216 214 14
218 216 212
220 29 15
222 26 18
224 222 113
226 224 221
228 227 219
230 229 208
232 231 205
234 232 193
236 33 19
238 236 113
240 44 23
242 38 31
244 243 35
246 244 241
248 246 239
250 33 18
252 220 113
254 252 250
256 27 21
258 257 84
260 258 206
262 261 255
264 262 248
266 29 14
268 266 113
270 268 210
272 206 32
274 272 270
276 197 166
278 276 52
280 279 275
282 280 264
284 166 106
286 284 194
288 8 2
290 10 4
292 290 106
294 292 288
296 295 287
298 297 23
300 284 168
302 198 194
304 302 106
306 305 301
308 28 26
310 308 113
312 310 272
314 31 22
316 314 64
318 316 302
320 319 313
322 320 306
324 322 299
326 324 282
328 326 234
330 328 181
332 256 214
334 332 221
336 335 33
338 268 26
340 338 206
342 257 33
344 269 32
346 345 256
348 113 28
350 348 210
352 350 206
354 353 253
356 354 347
358 357 343
360 359 341
362 361 337
364 17 5
366 365 159
368 13 3
370 369 161
372 371 367
374 372 42
376 375 296
378 371 158
380 131 37
382 381 378
384 348 32
386 385 85
388 387 256
390 389 383
392 390 376
394 7 4
396 6 5
398 397 395
400 398 184
402 400 86
404 403 149
406 198 197
408 406 52
410 409 157
412 410 404
414 412 392
416 398 189
418 416 70
420 371 364
422 420 381
424 398 186
426 424 86
428 352 250
430 429 427
432 430 423
434 432 419
436 434 414
438 436 363
440 438 330
442 5 3
444 83 55
446 445 17
448 446 442
450 54 16
452 450 142
454 453 449
456 455 13
458 158 2
460 5 2
462 460 17
464 463 459
466 445 12
468 466 465
470 469 457
472 471 30
474 31 23
476 30 12
478 477 475
480 158 82
482 480 371
484 482 478
486 31 5
488 486 446
490 31 4
492 490 450
494 493 489
496 371 22
498 496 495
500 499 485
502 500 473
504 90 31
506 40 16
508 506 142
510 40 17
512 510 442
514 513 13
516 514 509
518 506 150
520 519 12
522 521 517
524 368 367
526 524 50
528 527 523
530 462 40
532 531 51
534 533 465
536 534 12
538 537 528
540 539 31
542 100 23
544 127 47
546 545 202
548 48 16
550 548 142
552 48 17
554 552 442
556 555 13
558 556 551
560 548 150
562 561 12
564 563 559
566 524 80
568 567 565
570 465 80
572 462 48
574 573 571
576 575 12
578 577 568
580 579 31
582 546 31
584 480 368
586 585 470
588 121 57
590 589 202
592 125 59
594 593 378
596 420 124
598 371 5
600 58 17
602 600 598
604 603 597
606 604 595
608 33 4
610 257 29
612 610 216
614 257 28
616 614 214
618 617 613
620 619 23
622 620 608
624 23 4
626 351 311
628 626 339
630 628 271
632 631 32
634 633 259
636 635 624
638 637 623
640 32 30
642 640 144
644 113 6
646 644 20
648 27 23
650 648 266
652 650 646
654 652 642
656 29 27
658 656 23
660 18 14
662 660 646
664 33 30
666 664 662
668 666 658
670 668 144
672 671 655
674 113 7
676 674 14
678 29 26
680 678 23
682 680 676
684 250 30
686 442 25
688 686 684
690 186 5
692 690 684
694 693 689
696 695 682
698 668 152
700 699 697
702 486 184
704 678 676
706 704 702
708 706 250
710 674 20
712 710 650
714 712 692
716 644 14
718 716 490
720 26 2
722 720 29
724 722 24
726 724 718
728 726 250
730 729 715
732 730 709
734 732 700
736 734 672
738 460 31
740 738 29
742 26 24
744 742 740
746 744 676
748 746 250
750 30 25
752 750 250
754 716 680
756 754 142
758 756 752
760 690 640
762 760 712
764 27 24
766 764 33
768 710 660
770 768 740
772 770 766
774 773 763
776 774 759
778 776 749
780 25 2
782 781 395
784 31 2
786 785 24
788 490 27
790 789 787
792 790 782
794 207 84
796 794 257
798 743 397
800 30 26
802 801 266
804 802 798
806 804 796
808 806 792
810 686 640
812 811 761
814 813 682
816 726 32
818 817 815
820 818 809
822 718 184
824 822 678
826 824 250
828 680 189
830 186 20
832 830 658
834 833 829
836 398 84
838 836 14
840 838 30
842 840 835
844 843 827
846 844 820
848 846 778
850 848 736
852 825 707
854 852 747
856 855 32
858 31 3
860 858 656
862 860 25
864 862 608
866 864 662
868 784 29
870 868 14
872 32 4
874 872 764
876 874 646
878 876 870
880 879 867
882 810 712
884 862 20
886 32 5
888 886 676
890 888 884
892 712 688
894 893 891
896 894 883
898 896 880
900 898 857
902 32 24
904 902 212
906 738 676
908 906 904
910 872 716
912 910 884
914 702 33
916 768 656
918 916 914
920 764 608
922 868 662
924 922 920
926 925 919
928 926 913
930 928 909
932 640 152
934 932 652
936 84 7
938 936 744
940 938 14
942 941 935
944 664 152
946 944 18
948 933 643
950 948 947
952 951 754
954 868 24
956 955 885
958 14 4
960 958 258
962 960 957
964 962 6
966 965 953
968 966 942
970 968 930
972 970 900
974 972 850
976 11 5
978 977 314
980 291 30
982 981 979
984 983 202
986 194 166
988 986 314
990 989 985
992 991 104
994 10 8
996 994 104
998 997 129
1000 999 202
1002 1000 30
1004 314 202
1006 1004 128
1008 1007 1003
1010 1008 993
1012 141 67
1014 1013 424
1016 686 7
1018 1016 140
1020 1019 1015
1022 1016 66
1024 1023 147
1026 1025 1013
1028 1027 1020
1030 95 69
1032 1031 416
1034 1032 31
1036 590 23
1038 33 24
1040 460 30
1042 1040 1038
1044 214 7
1046 308 23
1048 1046 1044
1050 1048 1042
1052 608 308
1054 214 6
1056 1054 31
1058 1056 1052
1060 1058 186
1062 1061 1051
1064 1054 1046
1066 664 144
1068 1067 945
1070 1069 1064
1072 686 664
1074 1072 1048
1076 920 784
1078 646 18
1080 1078 28
1082 1080 1076
1084 1083 1075
1086 608 184
1088 31 27
1090 1088 1086
1092 1090 1080
1094 1058 184
1096 1095 1093
1098 1096 1084
1100 1098 1071
1102 1100 734
1104 1102 1062
1106 1073 1043
1108 1044 20
1110 28 23
1112 1110 27
1114 1112 1108
1116 1114 1107
1118 28 27
1120 1118 914
1122 28 2
1124 1122 486
1126 1124 766
1128 1127 1121
1130 1129 1108
1132 1112 1078
1134 1132 944
1136 1135 1131
1138 1136 1117
1140 1138 893
1142 26 23
1144 84 6
1146 1144 18
1148 1146 1142
1150 1148 1066
1152 742 33
1154 1152 1124
1156 1154 1044
1158 1157 1151
1160 1158 749
1162 1146 20
1164 1091 1077
1166 1165 1162
1168 1132 1066
1170 1169 1167
1172 946 754
1174 1173 759
1176 662 608
1178 1176 862
1180 1179 773
1182 1180 1174
1184 1182 1170
1186 1184 1160
1188 1186 1140
1190 1188 1104
1192 1148 4
1194 23 5
1196 936 18
1198 1196 210
1200 1198 1194
1202 1201 1193
1204 1203 24
1206 1142 5
1208 1206 1196
1210 1209 1205
1212 664 189
1214 1212 1211
1216 1198 914
1218 1217 1215
1220 30 23
1222 1220 2
1224 1222 920
1226 1224 1162
1228 1044 308
1230 1228 914
1232 1231 1227
1234 926 671
1236 1234 1232
1238 486 186
1240 1196 342
1242 1240 1238
1244 397 25
1246 720 4
1248 1247 1245
1250 1220 20
1252 1251 27
1254 250 84
1256 1254 782
1258 1256 1253
1260 1258 801
1262 1260 1249
1264 1263 827
1266 1264 1243
1268 1266 1236
1270 1268 1218
1272 1270 1190
1274 277 199
1276 1275 108
1278 1277 77
1280 1279 202
1282 117 79
1284 1283 372
1286 113 13
1288 1286 17
1290 1288 18
1292 1290 442
1294 113 12
1296 1294 17
1298 1296 18
1300 1298 460
1302 1301 1293
1304 1303 308
1306 212 14
1308 1306 1292
1310 210 28
1312 1310 1300
1314 1310 442
1316 1314 1290
1318 84 12
1320 1318 17
1322 1320 18
1324 20 2
1326 1324 27
1328 1326 5
1330 1328 1322
1332 1331 1317
1334 1332 1313
1336 1334 1309
1338 1336 1305
1340 1339 207
1342 1324 656
1344 16 14
1346 1344 1294
1348 1346 18
1350 1348 1342
1352 26 3
1354 18 16
1356 84 13
1358 1356 1354
1360 1358 1352
1362 1354 1294
1364 1122 210
1366 1364 1362
1368 1354 1318
1370 1368 720
1372 1371 1367
1374 1372 1361
1376 1348 722
1378 1354 1286
1380 20 3
1382 1380 1118
1384 1382 1378
1386 1385 1377
1388 1386 1374
1390 1388 1351
1392 1391 490
1394 1296 14
1396 1394 740
1398 1396 222
1400 1344 1286
1402 1400 18
1404 207 4
1406 210 3
1408 1406 1404
1410 1408 1402
1412 1410 29
1414 1413 1399
1416 1414 1393
1418 1368 1326
1420 1406 1358
1422 1421 1419
1424 1423 490
1426 460 207
1428 1426 1320
1430 1428 222
1432 1220 5
1434 1356 17
1436 18 3
1438 1436 257
1440 1438 1434
1442 1440 1432
1444 1443 1431
1446 1444 1425
1448 210 14
1450 1448 1298
1452 1450 740
1454 257 3
1456 1220 4
1458 1456 1358
1460 1458 1454
1462 1456 1366
1464 1463 1461
1466 1464 1453
1468 1466 1446
1470 1298 20
1472 648 14
1474 1472 1040
1476 1474 1470
1478 1220 150
1480 1478 257
1482 1480 1348
1484 1483 1477
1486 1485 29
1488 1419 1371
1490 1489 1456
1492 1440 486
1494 1493 1491
1496 1394 1040
1498 1496 680
1500 1498 18
1502 1501 1494
1504 1502 1487
1506 1504 1468
1508 720 28
1510 1508 1362
1512 308 3
1514 1512 1378
1516 1515 1511
1518 1517 490
1520 1220 142
1522 1520 1402
1524 1522 678
1526 1525 1519
1528 1288 14
1530 1436 678
1532 1530 1528
1534 1532 1432
1536 1532 486
1538 1530 490
1540 1538 1400
1542 1541 1537
1544 1516 1385
1546 1545 1456
1548 1547 1542
1550 1548 1535
1552 1550 1526
1554 1552 1506
1556 1554 1416
1558 1556 1341
1560 1559 32
1562 314 78
1564 1562 420
1566 490 16
1568 1566 1283
1570 116 31
1572 1570 364
1574 1573 1569
1576 1575 496
1578 1284 30
1580 1579 1577
1582 1580 1565
1584 619 33
1586 1584 31
1588 268 32
1590 1589 385
1592 1591 31
1594 648 32
1596 1594 268
1598 1597 1593
1600 1599 257
1602 664 620
1604 640 23
1606 1604 629
1608 1607 797
1610 1608 1603
1612 1610 1601
1614 1612 1587
1616 1029 23
1618 89 75
1620 1619 416
1622 138 31
1624 114 7
1626 1624 190
1628 114 6
1630 1628 144
1632 690 7
1634 1632 96
1636 1635 1631
1638 1636 1627
1640 1639 30
1642 490 184
1644 1643 153
1646 1645 1628
1648 1646 475
1650 702 22
1652 1650 1624
1654 115 97
1656 1655 314
1658 1656 1632
1660 1659 1653
1662 475 461
1664 1662 96
1666 1664 416
1668 1667 1660
1670 1668 1649
1672 1670 1641
1674 1620 31
1676 1655 154
1678 400 96
1680 1679 1677
1682 1680 1638
1684 99 73
1686 1685 202
1688 60 23
1690 26 21
1692 794 202
1694 994 113
1696 1694 1404
1698 1697 2
1700 113 11
1702 1700 9
1704 207 5
1706 1704 28
1708 1706 1702
1710 1700 8
1712 1711 3
1714 1713 1404
1716 1715 1709
1718 1717 1699
1720 113 10
1722 1720 9
1724 1722 1426
1726 442 207
1728 1702 29
1730 1728 1726
1732 1731 1725
1734 1732 1719
1736 237 221
1738 1736 1735
1740 1739 1693
1742 1741 1690
1744 289 104
1746 1745 998
1748 1747 202
1750 1686 23
1752 1702 19
1754 1752 1314
1756 84 10
1758 1756 9
1760 1758 19
1762 1760 26
1764 1762 460
1766 1765 1755
1768 84 11
1770 1768 9
1772 1770 19
1774 1752 14
1776 1774 29
1778 1777 1773
1780 442 210
1782 1780 1779
1784 1783 1766
1786 1785 1220
1788 1726 678
1790 486 3
1792 1790 212
1794 1793 1789
1796 1795 1774
1798 1768 8
1800 1798 19
1802 1456 1406
1804 1802 1800
1806 1512 486
1808 1806 1752
1810 1406 490
1812 1810 1800
1814 1813 1809
1816 1814 1805
1818 1816 1797
1820 1760 1426
1822 288 19
1824 1822 1756
1826 1824 1404
1828 1827 1821
1830 1829 210
1832 1710 19
1834 1832 1512
1836 1800 1352
1838 1837 1835
1840 1839 1404
1842 1841 1831
1844 1842 1818
1846 1722 19
1848 1220 460
1850 1848 610
1852 722 486
1854 1853 1851
1856 1855 14
1858 1426 1310
1860 1859 1857
1862 1861 1846
1864 1726 257
1866 1791 27
1868 1867 1772
1870 1868 1864
1872 1512 1432
1874 1790 1310
1876 1875 1873
1878 1877 1752
1880 1408 266
1882 1880 1832
1884 1883 1879
1886 1884 1871
1888 1886 1863
1890 1888 1844
1892 1846 1306
1894 1893 1763
1896 1895 31
1898 1846 308
1900 1899 1897
1902 1901 1426
1904 1694 19
1906 1326 266
1908 722 14
1910 1122 257
1912 1911 1909
1914 1912 1907
1916 1915 1904
1918 1824 26
1920 1352 266
1922 1921 1383
1924 1923 1832
1926 1925 1919
1928 1926 1917
1930 1929 1404
1932 1931 1903
1934 1932 1890
1936 1934 1787
1938 1937 32
1940 119 111
1942 1941 372
1944 136 6
1946 1945 123
1948 1947 400
1950 424 122
1952 1951 1949
1954 136 7
1956 1954 190
1958 1944 152
1960 1959 1957
1962 1960 1952
1964 1963 30
1966 1239 703
1968 1954 22
1970 1968 1967
1972 1947 314
1974 1972 416
1976 1975 1971
1978 1976 1965
1980 378 84
1982 1320 460
1984 1434 442
1986 1985 1983
1988 1986 1981
1990 26 20
1992 1990 207
1994 1992 1989
1996 1290 5
1998 1378 4
2000 1999 1997
2002 1380 664
2004 2002 1046
2006 2004 2001
2008 1512 20
2010 2008 1288
2012 1604 5
2014 2012 2010
2016 2015 2007
2018 2016 1995
2020 1324 308
2022 2020 1296
2024 1380 678
2026 2024 1528
2028 722 20
2030 2028 1394
2032 2031 2027
2034 2032 2023
2036 2035 1704
2038 1286 16
2040 2038 2008
2042 2024 1400
2044 2043 2041
2046 2045 4
2048 1294 158
2050 2048 2020
2052 2051 2047
2054 2053 207
2056 2010 486
2058 2028 1404
2060 2058 1346
2062 2061 2057
2064 2062 2055
2066 2064 2037
2068 2067 32
2070 1532 1250
2072 1222 308
2074 1908 1220
2076 2075 2073
2078 2077 1470
2080 2079 2071
2082 2081 5
2084 308 20
2086 2084 1478
2088 2086 1362
2090 2089 2083
2092 2091 33
2094 1404 1376
2096 2095 1399
2098 2096 1542
2100 1304 31
2102 2101 1526
2104 2102 2098
2106 33 20
2108 2106 2105
2110 2109 2093
2112 2110 2069
2114 2112 2018
2116 1910 1704
2118 2116 1394
2120 1726 1310
2122 2120 1528
2124 2123 2119
2126 2125 32
2128 1294 32
2130 2128 2072
2132 614 160
2134 2132 794
2136 2135 2131
2138 2137 1344
2140 2138 4
2142 1220 28
2144 2142 1454
2146 858 614
2148 2147 2145
2150 1356 1344
2152 2150 2149
2154 2152 4
2156 2144 1402
2158 1348 1220
2160 2158 1910
2162 2161 2157
2164 2163 608
2166 2165 2155
2168 2166 2141
2170 2168 2127
2172 1364 1220
2174 2173 785
2176 2175 1346
2178 207 3
2180 2178 1400
2182 2181 2177
2184 2183 872
2186 1348 784
2188 1402 858
2190 2189 2187
2192 2191 608
2194 2193 2185
2196 2195 614
2198 1448 1290
2200 2198 1726
2202 2201 1477
2204 2203 28
2206 1450 1124
2208 1726 1288
2210 1426 1296
2212 2211 2209
2214 660 308
2216 2214 2213
2218 2217 2207
2220 2218 2205
2222 2221 33
2224 886 207
2226 2224 1512
2228 2226 1528
2230 1726 1434
2232 2231 1429
2234 2233 614
2236 2234 14
2238 2237 2229
2240 2238 2223
2242 2240 2197
2244 2242 2170
2246 1710 15
2248 2246 1310
2250 858 4
2252 2250 2248
2254 1702 15
2256 1704 1512
2258 2256 2254
2260 1520 614
2262 2260 2246
2264 2263 2259
2266 2264 2253
2268 1722 15
2270 2268 1310
2272 2270 738
2274 2268 1432
2276 2274 1910
2278 2277 2273
2280 2278 2266
2282 2246 1512
2284 1694 15
2286 2284 1508
2288 2287 2283
2290 2289 490
2292 2254 2120
2294 2268 308
2296 2294 738
2298 2297 2293
2300 2298 2291
2302 2072 4
2304 1310 207
2306 2304 150
2308 2307 2303
2310 2309 2284
2312 2311 2300
2314 2312 2280
2316 2315 32
2318 2282 1456
2320 1364 490
2322 2320 2284
2324 2323 2259
2326 2324 2319
2328 2270 1426
2330 2329 2253
2332 2330 2326
2334 2332 2300
2336 2335 250
2338 2284 1910
2340 2248 3
2342 2341 2339
2344 684 624
2346 2344 2343
2348 15 8
2350 2348 490
2352 2350 1756
2354 2352 1364
2356 801 194
2358 1089 168
2360 2359 2357
2362 1756 2
2364 2362 2361
2366 1798 142
2368 2367 2365
2370 207 15
2372 2370 614
2374 2372 2369
2376 2375 2355
2378 2376 2347
2380 2378 2337
2382 2149 1770
2384 2072 1758
2386 1722 720
2388 2386 1110
2390 2388 684
2392 2391 2385
2394 2392 2383
2396 15 5
2398 2396 2395
2400 2399 2380
2402 2400 2317
2404 1942 23
2406 1280 31
2408 991 102
2410 202 134
2412 198 168
2414 2412 102
2416 2414 30
2418 2417 2411
2420 2419 475
2422 2421 2409
2424 607 23
2426 133 63
2428 2427 416
2430 2415 2411
2432 995 102
2434 2432 202
2436 2435 2430
2438 949 646
2440 813 710
2442 2441 2439
2444 2443 1112
2446 2445 898
2448 2446 930
2450 1118 32
2452 710 702
2454 2452 2450
2456 210 207
2458 2456 189
2460 2458 836
2462 784 28
2464 2462 876
2466 2465 2461
2468 2466 2455
2470 2468 715
2472 774 699
2474 2472 2470
2476 1093 1083
2478 1169 935
2480 2478 2476
2482 2480 2474
2484 2482 2448
2486 1642 646
2488 1238 710
2490 2489 2487
2492 2491 2450
2494 2493 1138
2496 2494 672
2498 2496 2484
2500 1585 634
2502 2501 784
2504 2428 23
6 5 5
8 5 5
10 0 0
12 3 3
26 0 0
28 0 0
2506 84 44
2508 112 2506
2510 113 44
2512 2509 2511
30 2512 2512
32 0 0
24 0 0
22 44 44
20 1 1
18 1 1
16 0 0
14 1 1
i0 r_0
i1 r_1
l0 __bad __qdead
l1 __q6k0
l2 __q2k0
l3 __q15k0
l4 __q5k0
l5 __q3k0
l6 __q14k0
l7 __q15k1
l8 __q5k1
l9 __q4k0
l10 __q16k0
l11 __q22k1
l12 __q18k0
l13 __q3k2
l14 __q10k2
l15 __q11k0
l16 __q20k0
l17 __q19k0
l18 __q9k0
l19 __q12k1
l20 __q9k2
l21 __q14k1
l22 __q16k1
l23 __q5k2
l24 __q6k1
l25 __q13k2
l26 __q10k0
l27 __q19k1
l28 __q2k1
l29 __q7k0
l30 __q9k1
l31 __q17k0
l32 __q22k0
l33 __q3k1
l34 __q11k2
l35 __q21k0
l36 __q12k0
l37 __q4k2
l38 __q18k1
l39 !__q0k2
l40 __q7k1
l41 __q6k2
l42 __q8k2
l43 __q12k2
l44 __q17k1
l45 __q8k1
l46 __q4k1
l47 __q11k1
l48 __q8k0
l49 __q20k1
l50 __q21k1
l51 __q7k2
l52 __q2k2
l53 __q10k1
o0 __d2_r_1
o1 __d1_r_1
o2 __d1_r_0
o3 __d3_r_0
o4 __vp1_0
o5 __vp4_0
o6 g_0
o7 __vp3_0
o8 __d2_r_0
o9 g_1
o10 __vp1_1
o11 __vp3_1
o12 __d3_r_1
o13 __vp4_1
c
Generated by Yosys 0.7+217 (git sha1 5442554, clang 3.8.0-2ubuntu4 -fPIC -Os)

