15:59:44  Namespace(bound=32, dot=None, incr=True, log=None, maxK=0, moore=True, size=0, spec='./experiments-for-synt/postponed_arbiter_3_k1.tlsf', spot=True, tmp=False, unreal=False, verbose=0)
15:59:44  created z3 process: 26220
15:59:44  automaton size is: 15
15:59:44  using CoBuchiEncoder
15:59:44  search
15:59:44  searching a model of size 1..
15:59:44  solving the query..
15:59:44  searching a model of size 2..
15:59:44  solving the query..
15:59:45  searching a model of size 3..
15:59:45  solving the query..
15:59:45  searching a model of size 4..
15:59:45  solving the query..
15:59:46  parse_model
15:59:46  searching a model took (sec): 1
15:59:46  FOUND model for sys of size 4
15:59:46  digraph module {
 rankdir=LR;

"0" [label="-g_0 __d1_r_1 __d1_r_0 __vp1_0 __vp3_0 -g_1 -g_2 -__d1_r_2 __vp2_0\n0", fillcolor="green", style=filled]
"1" [label="-g_0 __d1_r_1 __d1_r_0 __vp1_0 __vp3_0 -g_1 g_2 -__d1_r_2 __vp2_0\n1"]
"2" [label="-g_0 -__d1_r_1 __d1_r_0 __vp1_0 __vp3_0 g_1 -g_2 __d1_r_2 __vp2_0\n2"]
"3" [label="g_0 __d1_r_1 -__d1_r_0 __vp1_0 __vp3_0 -g_1 -g_2 __d1_r_2 __vp2_0\n3"]
"0" -> "1" [label="1"]
"2" -> "0" [label="-r_1 r_0"]
"2" -> "0" [label="-r_2 r_0"]
"3" -> "2" [label="1"]
"1" -> "3" [label="1"]
"2" -> "1" [label="-r_0"]
"2" -> "1" [label="r_1 r_2"]
}
