11:55:09  Namespace(bound=32, dot=None, incr=True, log=None, maxK=0, moore=True, size=0, spec='./experiments-for-synt/postponed_arbiter_4_k7.tlsf', spot=True, tmp=False, unreal=False, verbose=0)
11:55:10  created z3 process: 21833
11:57:19  automaton size is: 91
11:57:21  using CoBuchiEncoder
11:57:21  search
11:57:21  searching a model of size 1..
11:57:39  solving the query..
11:57:51  searching a model of size 2..
11:58:08  solving the query..
11:58:26  searching a model of size 3..
11:58:44  solving the query..
12:02:22  searching a model of size 4..
12:02:38  solving the query..
12:06:02  searching a model of size 5..
12:06:19  solving the query..
14:19:02  parse_model
14:19:02  searching a model took (sec): 8501
14:19:02  FOUND model for sys of size 5
14:19:02  digraph module {
 rankdir=LR;

"0" [label="-__d3_r_1 -__d4_r_2 __d1_r_0 __d4_r_3 -__d2_r_0 __d2_r_2 -__d1_r_2 -g_1 __vp1_0 -__d1_r_1 -__d6_r_1 -__vp4_0 -__vp4_1 -__d7_r_1 -__d5_r_1 -__d5_r_2 -g_0 -__d7_r_0 __vp3_0 __vp4_2 -__d2_r_1 -__d6_r_3 -__d3_r_3 -__d6_r_2 -__vp2_2 -__vp1_2 -g_2 __d5_r_3 -__vp2_1 -__d3_r_0 -__d2_r_3 -__d7_r_2 __d1_r_3 -g_3 __d7_r_3 -__vp3_2 __vp2_0 -__d5_r_0 -__vp1_1 -__d6_r_0 -__vp3_1 __d3_r_2 -__d4_r_0 -__d4_r_1\n0", fillcolor="green", style=filled]
"1" [label="__d3_r_1 -__d4_r_2 __d1_r_0 -__d4_r_3 -__d2_r_0 -__d2_r_2 -__d1_r_2 -g_1 __vp1_0 -__d1_r_1 -__d6_r_1 __vp4_0 -__vp4_1 __d7_r_1 __d5_r_1 __d5_r_2 -g_0 -__d7_r_0 __vp3_0 -__vp4_2 -__d2_r_1 -__d6_r_3 __d3_r_3 -__d6_r_2 -__vp2_2 -__vp1_2 g_2 __d5_r_3 -__vp2_1 -__d3_r_0 -__d2_r_3 -__d7_r_2 __d1_r_3 -g_3 __d7_r_3 -__vp3_2 __vp2_0 -__d5_r_0 -__vp1_1 -__d6_r_0 -__vp3_1 __d3_r_2 -__d4_r_0 -__d4_r_1\n1"]
"2" [label="-__d3_r_1 -__d4_r_2 -__d1_r_0 -__d4_r_3 -__d2_r_0 -__d2_r_2 __d1_r_2 -g_1 __vp1_0 __d1_r_1 -__d6_r_1 __vp4_0 -__vp4_1 -__d7_r_1 -__d5_r_1 -__d5_r_2 g_0 -__d7_r_0 __vp3_0 -__vp4_2 -__d2_r_1 -__d6_r_3 __d3_r_3 -__d6_r_2 -__vp2_2 -__vp1_2 -g_2 -__d5_r_3 -__vp2_1 __d3_r_0 -__d2_r_3 -__d7_r_2 -__d1_r_3 -g_3 -__d7_r_3 -__vp3_2 __vp2_0 -__d5_r_0 -__vp1_1 -__d6_r_0 -__vp3_1 -__d3_r_2 -__d4_r_0 -__d4_r_1\n2"]
"3" [label="-__d3_r_1 -__d4_r_2 -__d1_r_0 -__d4_r_3 -__d2_r_0 __d2_r_2 -__d1_r_2 -g_1 __vp1_0 __d1_r_1 -__d6_r_1 __vp4_0 -__vp4_1 -__d7_r_1 -__d5_r_1 -__d5_r_2 -g_0 -__d7_r_0 __vp3_0 __vp4_2 -__d2_r_1 -__d6_r_3 -__d3_r_3 -__d6_r_2 -__vp2_2 -__vp1_2 -g_2 -__d5_r_3 -__vp2_1 -__d3_r_0 -__d2_r_3 -__d7_r_2 -__d1_r_3 g_3 -__d7_r_3 -__vp3_2 __vp2_0 -__d5_r_0 -__vp1_1 -__d6_r_0 -__vp3_1 __d3_r_2 -__d4_r_0 -__d4_r_1\n3"]
"4" [label="-__d3_r_1 -__d4_r_2 -__d1_r_0 __d4_r_3 -__d2_r_0 __d2_r_2 __d1_r_2 g_1 __vp1_0 -__d1_r_1 -__d6_r_1 -__vp4_0 -__vp4_1 -__d7_r_1 -__d5_r_1 -__d5_r_2 -g_0 -__d7_r_0 __vp3_0 __vp4_2 -__d2_r_1 -__d6_r_3 -__d3_r_3 -__d6_r_2 -__vp2_2 -__vp1_2 -g_2 -__d5_r_3 -__vp2_1 -__d3_r_0 __d2_r_3 -__d7_r_2 -__d1_r_3 -g_3 __d7_r_3 -__vp3_2 __vp2_0 -__d5_r_0 -__vp1_1 -__d6_r_0 -__vp3_1 -__d3_r_2 -__d4_r_0 -__d4_r_1\n4"]
"2" -> "3" [label="1"]
"0" -> "4" [label="1"]
"4" -> "2" [label="1"]
"1" -> "0" [label="-r_3"]
"1" -> "0" [label="r_0 -r_2"]
"1" -> "0" [label="-r_0 r_2 r_1"]
"3" -> "1" [label="1"]
"1" -> "4" [label="r_0 r_2 r_3"]
"1" -> "4" [label="-r_0 r_3 -r_1"]
"1" -> "4" [label="-r_0 r_3 -r_2"]
}
