09:27:17  Namespace(maxK=8, minK=2, moore=False, output=None, spec='./experiments-for-synt/postponed_arbiter_3_k2.tlsf', unreal=False, verbose=0)
09:27:18  UCW automaton has 24 states
09:27:18  setting k to 2...
09:27:18  k_reduce
09:27:18  k-LA automaton has 60 states
09:27:18  atm_to_verilog
09:27:18  verilog_to_aiger
09:27:54  synthesize
09:27:54  executing sdf...
09:27:56  sdf completed
09:27:56  setting k to 4...
09:27:56  k_reduce
09:27:56  k-LA automaton has 102 states
09:27:56  atm_to_verilog
09:27:56  verilog_to_aiger
09:28:43  synthesize
09:28:43  executing sdf...
09:29:13  sdf completed
REALIZABLE
aag 2905 3 102 15 2800
2
4
6
38 1551
40 1554
42 1566
44 1586
46 1594
48 1608
50 1614
52 1671
54 2109
56 2118
58 2120
60 2124
62 2128
64 2185
66 2190
68 2194
70 2198
72 2245
74 2246
76 2248
78 2250
80 2263
82 2264
84 2266
86 2272
88 2274
90 2799
92 2800
94 2835
96 2836
98 2869
100 2870
102 2876
104 2888
106 2917
108 3247
110 3653
112 3693
114 3755
116 3756
118 3758
120 3760
122 3832
124 3834
126 3866
128 3895
130 3919
132 3928
134 3967
136 3970
138 4135
140 4138
142 4149
144 4150
146 4152
148 4154
150 4164
152 4395
154 4396
156 4603
158 4787
160 4859
162 4862
164 4864
166 4870
168 4872
170 2906
172 5087
174 5090
176 5092
178 5096
180 5153
182 3868
184 5195
186 5196
188 5198
190 5297
192 5300
194 5304
196 5395
198 5396
200 5400
202 5481
204 5484
206 5486
208 5581
210 5635
212 5638
214 5642
216 5644
218 5669
220 5670
222 5684
224 5648
226 5686
228 5697
230 5745
232 1
234 5746
236 5748
238 5777
240 5778
8
10
12
14
16
30
32
34
36
28
26
24
22
20
18
242 25 5
244 10 2
246 244 35
248 246 7
250 194 20
252 238 20
254 253 251
256 255 248
258 34 2
260 28 6
262 260 120
264 262 258
266 35 2
268 120 7
270 268 266
272 271 265
274 273 10
276 275 257
278 11 3
280 278 7
282 280 250
284 7 2
286 284 10
288 286 194
290 289 283
292 238 21
294 292 280
296 295 35
298 296 290
300 280 252
302 286 238
304 303 301
306 194 21
308 306 280
310 309 304
312 310 298
314 244 6
316 239 195
318 317 314
320 278 6
322 320 306
324 204 20
326 324 320
328 327 323
330 328 34
332 330 319
334 333 313
336 335 276
338 337 242
340 10 3
342 11 2
344 343 341
346 25 4
348 24 5
350 349 347
352 34 7
354 35 6
356 355 353
358 356 350
360 358 344
362 360 28
364 362 92
366 24 4
368 35 7
370 368 278
372 370 366
374 372 96
376 17 13
378 166 8
380 378 376
382 27 19
384 382 380
386 28 21
388 386 30
390 388 384
392 31 17
394 29 27
396 394 378
398 396 392
400 399 227
402 400 391
404 402 375
406 16 13
408 406 378
410 408 382
412 31 29
414 412 410
416 30 16
418 166 9
420 418 26
422 420 386
424 26 21
426 233 9
428 426 424
430 428 29
432 431 423
434 433 416
436 435 415
438 436 404
440 424 19
442 418 406
444 442 440
446 444 31
448 27 21
450 448 418
452 451 447
454 453 28
456 30 29
458 26 18
460 458 21
462 17 12
464 462 426
466 464 460
468 382 21
470 233 8
472 470 17
474 472 13
476 474 468
478 477 467
480 426 376
482 480 440
484 472 12
486 27 18
488 486 21
490 488 484
492 491 483
494 492 478
496 495 456
498 497 455
500 498 438
502 501 23
504 503 365
506 504 339
508 15 5
510 508 37
512 33 3
514 28 7
516 514 154
518 516 512
520 512 7
522 210 21
524 522 520
526 174 21
528 526 520
530 529 525
532 530 519
534 533 510
536 242 34
538 324 314
540 29 6
542 540 120
544 542 278
546 545 539
548 547 536
550 549 535
552 15 4
554 14 5
556 555 553
558 556 36
560 32 2
562 560 6
564 562 558
566 564 210
568 416 23
570 386 27
572 570 378
574 573 397
576 575 568
578 577 567
580 578 550
582 418 376
584 26 19
586 584 582
588 462 418
590 588 458
592 591 587
594 22 21
596 594 456
598 596 593
600 31 23
602 600 17
604 29 21
606 604 27
608 606 470
610 609 431
612 611 602
614 613 599
616 34 6
618 616 366
620 618 278
622 620 98
624 512 6
626 624 558
628 128 22
630 628 626
632 631 623
634 632 614
636 634 580
638 366 34
640 638 326
642 370 350
644 107 97
646 645 22
648 646 642
650 649 641
652 22 20
654 653 456
656 462 378
658 656 486
660 659 385
662 661 654
664 508 36
666 664 624
668 666 182
670 669 663
672 670 650
674 624 522
676 562 174
678 677 675
680 679 664
682 560 7
684 682 146
686 14 4
688 686 37
690 510 29
692 691 689
694 693 684
696 695 681
698 682 142
700 688 28
702 701 691
704 703 698
706 210 20
708 707 129
710 709 626
712 711 705
714 712 696
716 714 672
718 716 636
720 242 10
722 260 98
724 722 258
726 98 7
728 726 266
730 729 725
732 731 720
734 366 35
736 734 244
738 736 7
740 738 106
742 741 733
744 624 146
746 562 128
748 747 745
750 749 558
752 664 560
754 752 260
756 754 142
758 757 751
760 758 742
762 600 386
764 762 410
766 36 6
768 766 686
770 768 512
772 174 20
774 772 770
776 775 765
778 772 666
780 556 37
782 780 520
784 782 772
786 785 779
788 786 776
790 788 760
792 20 6
794 792 194
796 536 344
798 638 278
800 799 797
802 801 794
804 770 182
806 805 803
808 792 238
810 808 278
812 811 539
814 813 638
816 734 291
818 817 815
820 818 806
822 510 28
824 520 146
826 147 143
828 827 682
830 829 825
832 831 822
834 29 26
836 834 418
838 836 416
840 838 594
842 841 833
844 738 96
846 372 98
848 847 845
850 848 842
852 850 820
854 852 790
856 854 718
858 22 7
860 858 182
862 178 20
864 862 7
866 865 861
868 867 560
870 862 520
872 23 7
874 872 512
876 874 182
878 877 871
880 211 175
882 881 682
884 883 530
886 884 878
888 886 869
890 889 688
892 624 28
894 893 563
896 895 827
898 183 175
900 899 562
902 862 624
904 903 36
906 904 901
908 906 897
910 858 128
912 910 560
914 872 128
916 914 512
918 917 913
920 918 37
922 921 686
924 922 909
926 925 891
928 642 106
930 572 392
932 242 35
934 280 96
936 934 932
938 937 931
940 938 929
942 941 23
944 278 268
946 726 244
948 947 945
950 948 309
952 324 7
954 952 344
956 726 278
958 956 28
960 959 295
962 960 955
964 962 950
966 965 734
968 967 943
970 968 926
972 278 35
974 972 29
976 974 726
978 974 268
980 278 34
982 980 262
984 244 34
986 984 542
988 987 983
990 988 979
992 980 722
994 540 98
996 994 984
998 997 993
1000 998 990
1002 1000 977
1004 1003 242
1006 16 12
1008 1006 418
1010 1008 458
1012 1010 412
1014 1013 415
1016 1015 594
1018 1017 1005
1020 919 510
1022 914 560
1024 1023 1021
1026 1025 780
1028 1006 470
1030 1028 486
1032 1031 585
1034 426 406
1036 1035 26
1038 604 600
1040 1038 1037
1042 1040 1033
1044 106 6
1046 1044 984
1048 1047 993
1050 1049 366
1052 29 22
1054 1052 446
1056 1055 1051
1058 1056 1043
1060 1058 1027
1062 1060 1018
1064 1062 970
1066 1064 856
1068 166 20
1070 1068 28
1072 1071 839
1074 422 392
1076 1075 1013
1078 1076 1072
1080 593 456
1082 659 591
1084 1083 388
1086 1085 1081
1088 1086 1078
1090 1089 23
1092 260 154
1094 664 512
1096 560 558
1098 1097 1095
1100 1099 1092
1102 858 116
1104 1102 688
1106 22 6
1108 1106 116
1110 1108 558
1112 1111 1105
1114 1113 560
1116 1115 1101
1118 170 22
1120 1118 360
1122 320 292
1124 1123 323
1126 314 252
1128 314 250
1130 1129 1127
1132 1130 1124
1134 1133 638
1136 1135 1121
1138 1136 1116
1140 1113 512
1142 804 22
1144 1143 1141
1146 182 22
1148 1146 624
1150 624 526
1152 1151 903
1154 1152 1149
1156 1155 664
1158 664 562
1160 1158 146
1162 1161 1157
1164 1162 1144
1166 1164 1138
1168 1166 1091
1170 808 796
1172 378 22
1174 1172 416
1176 1174 606
1178 1177 1171
1180 1010 762
1182 638 314
1184 316 99
1186 1185 1182
1188 1187 1181
1190 1188 1178
1192 1158 182
1194 872 560
1196 1194 182
1198 1196 688
1200 1199 1193
1202 686 36
1204 1202 512
1206 1204 1092
1208 798 262
1210 1209 1207
1212 1210 1200
1214 1212 1190
1216 666 142
1218 736 268
1220 1219 1217
1222 33 2
1224 32 3
1226 1225 1223
1228 1226 510
1230 1228 1102
1232 594 392
1234 1233 603
1236 1235 836
1238 1237 1231
1240 1238 1220
1242 824 690
1244 958 932
1246 1245 1243
1248 23 21
1250 426 394
1252 834 470
1254 1253 1251
1256 1255 1248
1258 608 568
1260 1259 1257
1262 1260 1246
1264 1262 1240
1266 1264 1214
1268 1151 675
1270 1269 1202
1272 28 22
1274 1273 424
1276 29 23
1278 1277 378
1280 1278 1274
1282 233 29
1284 1282 1249
1286 1272 166
1288 1287 1285
1290 148 29
1292 233 28
1294 1293 1291
1296 124 21
1298 1297 39
1300 1298 1294
1302 1300 1288
1304 1302 1281
1306 1304 1271
1308 734 305
1310 984 242
1312 1311 799
1314 1106 645
1316 1314 1313
1318 1317 1309
1320 1318 1306
1322 882 510
1324 388 23
1326 1324 586
1328 1327 1323
1330 6 2
1332 1330 862
1334 1202 32
1336 1334 1332
1338 1122 536
1340 1339 1337
1342 1340 1328
1344 520 510
1346 1344 142
1348 688 512
1350 1348 860
1352 1351 1347
1354 562 29
1356 1354 664
1358 1356 142
1360 1226 688
1362 1360 516
1364 1363 1359
1366 1364 1352
1368 1366 1342
1370 1368 1320
1372 1370 1266
1374 1183 621
1376 1375 120
1378 834 378
1380 418 394
1382 1381 1379
1384 1383 23
1386 536 278
1388 1386 994
1390 1389 1385
1392 468 412
1394 470 406
1396 1394 23
1398 1396 1392
1400 512 510
1402 1401 1349
1404 1403 910
1406 1405 1399
1408 1406 1390
1410 1408 1377
1412 1226 860
1414 1413 1197
1416 1414 878
1418 1417 510
1420 96 6
1422 1421 243
1424 1422 981
1426 616 344
1428 248 242
1430 1429 1427
1432 1431 645
1434 1432 350
1436 1434 1425
1438 1437 1419
1440 1438 1410
1442 688 520
1444 1442 706
1446 350 35
1448 1446 944
1450 1448 28
1452 1451 1445
1454 1006 378
1456 1454 486
1458 1456 762
1460 1344 706
1462 1461 1459
1464 1462 1452
1466 653 412
1468 1466 1456
1470 600 29
1472 1006 426
1474 1472 460
1476 1474 1470
1478 1477 1469
1480 698 688
1482 1442 827
1484 1483 1481
1486 1484 1478
1488 1486 1464
1490 560 510
1492 1490 516
1494 624 142
1496 1494 1202
1498 1497 1493
1500 1470 584
1502 1500 442
1504 594 398
1506 1505 1503
1508 1506 1498
1510 954 932
1512 664 32
1514 1512 1332
1516 1515 1511
1518 1069 451
1520 1519 1052
1522 20 7
1524 179 175
1526 1525 1522
1528 706 7
1530 1529 1527
1532 1531 1490
1534 1533 1521
1536 1534 1516
1538 1536 1508
1540 1538 1488
1542 1540 1440
1544 1542 1372
1546 1544 1168
1548 1546 1066
1550 1548 506
1552 244 200
1554 1552 358
1556 36 7
1558 37 6
1560 1559 1557
1562 1560 686
1564 1562 1226
1566 1564 112
1568 1226 556
1570 199 133
1572 37 7
1574 766 22
1576 1575 1573
1578 1577 1571
1580 206 22
1582 1580 1560
1584 1583 1579
1586 1585 1568
1588 350 34
1590 1588 344
1592 1590 6
1594 1592 80
1596 1561 15
1598 560 553
1600 1598 1597
1602 1560 4
1604 1603 14
1606 1605 172
1608 1606 1600
1610 350 344
1612 616 46
1614 1612 1610
1616 244 20
1618 1617 279
1620 616 350
1622 1620 196
1624 35 10
1626 1625 359
1628 366 7
1630 1624 243
1632 1631 356
1634 1633 1629
1636 35 21
1638 1636 5
1640 1639 90
1642 1640 1635
1644 1642 1627
1646 1645 1623
1648 1647 1619
1650 242 90
1652 350 196
1654 1653 1651
1656 370 21
1658 1656 1655
1660 1522 196
1662 344 35
1664 1662 350
1666 1664 1660
1668 1667 1659
1670 1668 1649
1672 24 22
1674 1672 21
1676 412 6
1678 34 27
1680 19 4
1682 1454 244
1684 1682 1680
1686 1684 1678
1688 1686 1676
1690 1688 1674
1692 1008 244
1694 1692 1680
1696 34 26
1698 1696 1694
1700 1698 1676
1702 1700 1674
1704 1703 1691
1706 18 5
1708 1706 244
1710 1708 442
1712 1710 1696
1714 1712 25
1716 18 4
1718 1716 278
1720 1718 442
1722 1720 1696
1724 1722 24
1726 1725 1715
1728 1727 1676
1730 1728 594
1732 1731 1704
1734 19 5
1736 1734 1682
1738 1736 1678
1740 762 6
1742 1740 25
1744 1742 1738
1746 1740 24
1748 1746 1686
1750 1749 1745
1752 1716 244
1754 1752 408
1756 1754 1678
1758 1756 1746
1760 1706 278
1762 1760 408
1764 1762 1678
1766 1764 1742
1768 1767 1759
1770 1768 1750
1772 12 11
1774 16 3
1776 1774 426
1778 1776 1772
1780 1778 1734
1782 25 21
1784 1782 34
1786 600 6
1788 1786 834
1790 1788 1784
1792 1790 1780
1794 1778 1680
1796 34 24
1798 1796 21
1800 1798 1788
1802 1800 1794
1804 1774 470
1806 1804 1772
1808 1806 1680
1810 1798 394
1812 1810 1786
1814 1812 1808
1816 1815 1803
1818 1816 1793
1820 1008 278
1822 1820 1680
1824 1822 1696
1826 1824 1746
1828 1820 1734
1830 1828 1696
1832 1830 1742
1834 1833 1827
1836 1834 1818
1838 1836 1770
1840 25 23
1842 1454 278
1844 1842 1734
1846 1844 1678
1848 1846 1676
1850 1848 1840
1852 1738 1676
1854 1852 1840
1856 1855 1851
1858 24 23
1860 1824 1676
1862 1860 1858
1864 1830 1676
1866 1864 1840
1868 1867 1863
1870 1868 1856
1872 1870 1838
1874 1756 1676
1876 1874 1674
1878 594 25
1880 1734 1692
1882 1880 1696
1884 1882 1676
1886 1884 1878
1888 1887 1877
1890 1764 1676
1892 1890 1878
1894 1718 408
1896 1894 1678
1898 1896 1676
1900 1898 1674
1902 1901 1893
1904 1902 1888
1906 1028 244
1908 1906 1734
1910 1784 394
1912 1910 1786
1914 1912 1908
1916 1708 1394
1918 1916 1912
1920 1919 1915
1922 1753 1719
1924 1923 1394
1926 1924 1812
1928 1927 1920
1930 1842 1680
1932 1930 1678
1934 1932 1746
1936 1846 1742
1938 1937 1935
1940 1938 1928
1942 1932 1676
1944 1942 1674
1946 1760 442
1948 1946 1696
1950 1948 1676
1952 1950 1878
1954 1953 1945
1956 1954 1940
1958 1956 1904
1960 1958 1872
1962 1960 1732
1964 1943 1875
1966 1899 1689
1968 1966 1964
1970 1969 1858
1972 1878 1852
1974 1896 1746
1976 1708 408
1978 1976 1678
1980 1978 1742
1982 1806 1734
1984 1982 1912
1986 1760 1394
1988 1986 1912
1990 1989 1985
1992 1990 1981
1994 1992 1975
1996 1994 1973
1998 1728 23
2000 1999 1996
2002 2000 1971
2004 1752 442
2006 2004 1696
2008 2006 1676
2010 2008 1674
2012 1890 1840
2014 2013 2011
2016 1978 1676
2018 2016 1840
2020 1906 1680
2022 2020 1812
2024 1472 244
2026 2024 1680
2028 2026 1800
2030 2024 1734
2032 2030 1790
2034 2033 2029
2036 2034 2023
2038 2036 2019
2040 2038 2014
2042 1860 1674
2044 2016 1878
2046 2045 2043
2048 1878 1848
2050 1878 1864
2052 2051 2049
2054 2052 2046
2056 2054 2040
2058 1884 1840
2060 1034 344
2062 1790 1706
2064 1800 1716
2066 2065 2063
2068 2067 2060
2070 2069 2059
2072 2008 1858
2074 1746 1698
2076 1882 1742
2078 2077 2075
2080 2078 2073
2082 2080 2070
2084 1949 1713
2086 2085 1742
2088 1858 1700
2090 2089 2087
2092 1950 1840
2094 2007 1723
2096 2095 1746
2098 2097 2093
2100 2098 2090
2102 2100 2082
2104 2102 2056
2106 2104 2002
2108 2106 1962
2110 780 560
2112 2111 7
2114 1097 6
2116 2115 104
2118 2116 2113
2120 168 29
2122 2115 202
2124 2122 2113
2126 1605 108
2128 2126 1600
2130 1226 7
2132 1345 823
2134 2133 2130
2136 560 260
2138 2136 558
2140 2139 667
2142 2140 2135
2144 2143 112
2146 1560 556
2148 29 4
2150 2149 2146
2152 2150 1226
2154 260 2
2156 28 5
2158 29 3
2160 2159 112
2162 2160 2157
2164 2162 2155
2166 2165 103
2168 2167 2152
2170 514 37
2172 2170 1568
2174 1226 260
2176 2174 558
2178 2177 2173
2180 2179 78
2182 2181 2169
2184 2182 2145
2186 366 356
2188 2186 344
2190 2188 74
2192 344 152
2194 2192 1620
2196 344 54
2198 2196 1620
2200 29 7
2202 2200 1662
2204 2202 180
2206 74 29
2208 2206 344
2210 2208 356
2212 2211 2205
2214 2213 242
2216 514 188
2218 2216 1662
2220 344 28
2222 181 75
2224 2223 356
2226 2224 2220
2228 2227 2219
2230 2229 350
2232 260 188
2234 2232 1590
2236 540 180
2238 2236 796
2240 2239 2235
2242 2240 2231
2244 2242 2215
2246 2188 126
2248 100 23
2250 1564 208
2252 2199 2195
2254 2253 22
2256 1610 368
2258 153 55
2260 2259 2256
2262 2261 2255
2264 2188 180
2266 2188 190
2268 1226 6
2270 2268 558
2272 2270 132
2274 2270 138
2276 35 27
2278 656 278
2280 2278 1734
2282 2280 2276
2284 456 7
2286 2284 2282
2288 2286 23
2290 2280 1678
2292 23 6
2294 2292 456
2296 2294 2290
2298 588 278
2300 2298 1734
2302 2294 1696
2304 2302 2300
2306 2305 2297
2308 2306 2289
2310 2309 25
2312 35 26
2314 2312 1822
2316 24 7
2318 2316 412
2320 2318 2314
2322 412 7
2324 2276 1684
2326 2324 2322
2328 2326 24
2330 2329 2321
2332 2331 23
2334 30 6
2336 2334 29
2338 2336 1858
2340 588 244
2342 2340 1680
2344 2342 1696
2346 2344 2338
2348 2340 1734
2350 2302 25
2352 2350 2348
2354 2353 2089
2356 2354 2347
2358 2356 2333
2360 2358 2311
2362 2348 2312
2364 2362 2284
2366 2364 1840
2368 2367 1868
2370 656 244
2372 2370 1734
2374 2372 2276
2376 2374 2284
2378 2376 1840
2380 2342 2312
2382 30 7
2384 2382 1858
2386 2384 29
2388 2386 2380
2390 2389 2379
2392 2276 1930
2394 2392 2322
2396 2395 1943
2398 2397 1858
2400 2399 2390
2402 2400 2368
2404 2276 1736
2406 2404 2322
2408 2406 1840
2410 2312 1694
2412 2410 2322
2414 2412 1858
2416 2415 2409
2418 2372 1678
2420 2418 2336
2422 2420 1840
2424 2278 1680
2426 2424 2276
2428 2426 2284
2430 2428 1858
2432 2431 2423
2434 2432 2416
2436 2312 1828
2438 2436 2322
2440 2438 1840
2442 2312 1880
2444 2442 2322
2446 2444 1840
2448 2447 2441
2450 2448 1856
2452 2450 2434
2454 2452 2402
2456 2454 2360
2458 2457 20
2460 2276 1844
2462 2460 2322
2464 2462 1840
2466 386 31
2468 1840 7
2470 2468 2466
2472 2470 2460
2474 2316 762
2476 2474 2392
2478 2477 2473
2480 2478 2465
2482 2462 1878
2484 2483 2043
2486 2484 2480
2488 2320 594
2490 2489 2049
2492 2290 21
2494 2336 25
2496 2494 22
2498 2496 2492
2500 2286 1878
2502 2501 2499
2504 2502 2490
2506 2504 2486
2508 2298 1680
2510 2508 34
2512 26 20
2514 2512 2338
2516 2514 2510
2518 584 456
2520 2518 1248
2522 2520 464
2524 2522 358
2526 2524 278
2528 2527 2517
2530 2300 35
2532 424 25
2534 2532 2284
2536 2534 2530
2538 424 34
2540 2538 2300
2542 2540 2494
2544 2543 2537
2546 2544 2528
2548 424 35
2550 2548 2316
2552 2550 1470
2554 2552 1794
2556 2276 872
2558 1782 412
2560 2558 2556
2562 2560 1982
2564 2563 2555
2566 2564 1935
2568 2382 1840
2570 2568 386
2572 2570 2282
2574 260 30
2576 2574 1840
2578 2576 2540
2580 2579 2573
2582 2580 2566
2584 2582 2546
2586 2438 1878
2588 2587 1945
2590 2334 23
2592 2590 1810
2594 2276 604
2596 2594 2384
2598 2597 2593
2600 484 278
2602 2600 1680
2604 2602 2599
2606 2508 35
2608 2382 24
2610 2608 1274
2612 2610 2606
2614 2424 1678
2616 2336 1674
2618 2616 2614
2620 2619 2613
2622 2620 2605
2624 2622 2588
2626 2624 2584
2628 2626 2506
2630 2399 1863
2632 2631 21
2634 2576 2492
2636 2600 1734
2638 2590 1910
2640 2638 2636
2642 2641 1937
2644 2642 2635
2646 2644 1836
2648 1858 20
2650 2370 1680
2652 2650 2276
2654 2652 2284
2656 2655 1689
2658 2657 2648
2660 2428 1674
2662 2614 2338
2664 2663 2661
2666 2664 2659
2668 2666 2646
2670 2668 2633
2672 2670 2628
2674 2510 424
2676 2674 2336
2678 2512 2284
2680 2678 2606
2682 2681 2677
2684 2683 24
2686 605 26
2688 28 20
2690 2689 2382
2692 2690 2686
2694 2692 2530
2696 1884 20
2698 2697 2695
2700 2699 25
2702 2701 2685
2704 2703 23
2706 1865 1849
2708 2336 2290
2710 2709 2287
2712 2710 2706
2714 2713 25
2716 2715 2321
2718 2717 1248
2720 2441 2431
2722 2721 21
2724 2650 1678
2726 2724 2336
2728 2726 2648
2730 2394 1674
2732 2574 1858
2734 2336 1672
2736 2735 2733
2738 2737 2674
2740 2739 2731
2742 2740 2729
2744 2316 600
2746 2744 2594
2748 2746 1808
2750 2749 1985
2752 2594 2568
2754 2752 2636
2756 2532 368
2758 2756 1470
2760 2758 1780
2762 2761 2755
2764 2762 2750
2766 2470 2436
2768 2474 2314
2770 2769 2767
2772 2770 2764
2774 2384 386
2776 2774 2426
2778 2732 21
2780 2778 2614
2782 2781 2777
2784 2782 2051
2786 2784 2772
2788 2786 2742
2790 2788 2723
2792 2790 2719
2794 2792 2705
2796 2794 2672
2798 2796 2459
2800 2188 82
2802 33 22
2804 2802 15
2806 2805 1572
2808 32 15
2810 2809 1574
2812 2811 2807
2814 2813 1568
2816 1344 22
2818 2817 2815
2820 2819 110
2822 1158 110
2824 2823 2275
2826 2825 22
2828 2130 780
2830 2828 138
2832 2831 2827
2834 2832 2821
2836 1592 184
2838 362 66
2840 246 72
2842 2841 83
2844 2843 2202
2846 2200 72
2848 2846 972
2850 2849 2845
2852 2851 242
2854 83 73
2856 2855 2220
2858 2856 358
2860 2855 540
2862 2860 796
2864 2863 2859
2866 2864 2853
2868 2866 2839
2870 144 23
2872 156 14
2874 2872 1226
2876 2874 1602
2878 32 21
2880 1568 1560
2882 2880 108
2884 2880 172
2886 2885 2883
2888 2887 2879
2890 136 7
2892 370 184
2894 2893 2891
2896 2895 1662
2898 248 184
2900 2899 2897
2902 2901 350
2904 344 136
2906 2904 1620
2908 360 50
2910 2909 2837
2912 2910 2907
2914 2913 22
2916 2915 2903
2918 32 22
2920 766 30
2922 2920 2918
2924 380 2
2926 686 486
2928 2926 604
2930 2928 2924
2932 2930 2922
2934 508 486
2936 2934 2924
2938 2936 604
2940 2938 2922
2942 2941 2933
2944 1572 30
2946 32 23
2948 2946 2944
2950 582 2
2952 686 458
2954 2952 2950
2956 2954 29
2958 2956 2948
2960 2944 2918
2962 2960 2930
2964 2963 2959
2966 2964 2942
2968 508 458
2970 2968 2950
2972 2970 29
2974 2972 21
2976 2974 2960
2978 2954 604
2980 2978 2960
2982 2936 386
2984 2982 2948
2986 2985 2981
2988 2986 2977
2990 2988 2966
2992 2954 386
2994 2946 2920
2996 2994 2992
2998 408 2
3000 2998 2926
3002 600 32
3004 3002 1572
3006 3004 386
3008 3006 3000
3010 3009 2997
3012 508 29
3014 480 460
3016 3014 2
3018 3016 3012
3020 3018 2994
3022 556 29
3024 472 2
3026 488 13
3028 3026 3024
3030 3028 3022
3032 3030 2994
3034 3033 3021
3036 3034 3010
3038 2992 2948
3040 2926 2924
3042 3040 386
3044 3042 2948
3046 3045 3039
3048 2978 2922
3050 3042 2994
3052 3051 3049
3054 3052 3046
3056 3054 3036
3058 3056 2990
3060 2972 2948
3062 2936 29
3064 3062 2948
3066 3065 3061
3068 3002 1560
3070 3068 29
3072 442 2
3074 3072 2968
3076 3072 2952
3078 3077 3075
3080 2998 2934
3082 3081 3001
3084 3082 3078
3086 3085 3070
3088 3087 3066
3090 2952 604
3092 3090 3072
3094 766 31
3096 3094 2918
3098 3096 3092
3100 3068 2
3102 3100 1034
3104 3102 3090
3106 3105 3099
3108 2994 2972
3110 2994 2956
3112 3111 3109
3114 1572 31
3116 3114 2918
3118 3116 3092
3120 3076 3006
3122 3121 3119
3124 3122 3112
3126 3124 3106
3128 3126 3088
3130 3128 3058
3132 3040 29
3134 3133 3063
3136 686 29
3138 3136 3016
3140 3139 2983
3142 3140 3134
3144 3143 2994
3146 3068 386
3148 3094 2946
3150 3148 3000
3152 3151 3081
3154 3153 3146
3156 3155 3145
3158 2968 604
3160 3158 3072
3162 3160 3116
3164 3074 386
3166 3164 3004
3168 3167 3163
3170 3164 3148
3172 2970 386
3174 3172 2948
3176 3172 2994
3178 3177 3175
3180 3178 3171
3182 3180 3168
3184 3182 3156
3186 3117 3097
3188 3187 604
3190 3188 3000
3192 3158 3102
3194 2934 604
3196 3195 2929
3198 3197 1394
3200 3198 3100
3202 3201 3193
3204 3202 3191
3206 3160 3096
3208 3194 2998
3210 3208 3096
3212 3211 3207
3214 3148 386
3216 3214 3076
3218 3208 3116
3220 3219 3217
3222 3220 3212
3224 3222 3204
3226 2960 2938
3228 2974 2922
3230 3229 3227
3232 3031 3019
3234 3139 3133
3236 3234 3232
3238 3237 2948
3240 3239 3230
3242 3240 3224
3244 3242 3184
3246 3244 3130
3248 33 23
3250 3248 2944
3252 3250 386
3254 588 3
3256 686 584
3258 3256 3254
3260 3258 3252
3262 3261 3039
3264 588 2
3266 3264 440
3268 686 28
3270 3268 3266
3272 3270 2948
3274 3273 3262
3276 3274 2977
3278 2920 2802
3280 582 3
3282 3280 3158
3284 3282 3278
3286 656 3
3288 508 382
3290 3288 604
3292 3290 2802
3294 3292 3286
3296 3294 2920
3298 3297 3285
3300 3298 2933
3302 584 508
3304 3302 3264
3306 3304 29
3308 3306 21
3310 3308 2922
3312 656 2
3314 3312 3290
3316 3314 2922
3318 3317 2941
3320 3318 3311
3322 3320 3300
3324 464 440
3326 3324 2
3328 3326 3012
3330 3329 3307
3332 3331 2948
3334 2944 2802
3336 3334 3282
3338 3280 2952
3340 3338 3252
3342 3341 3337
3344 3342 3333
3346 3302 3254
3348 3346 29
3350 3348 21
3352 3350 3278
3354 3350 3334
3356 3355 3353
3358 3356 3344
3360 3358 3322
3362 3360 3276
3364 3136 468
3366 3364 3286
3368 3366 3334
3370 3366 3278
3372 3280 2968
3374 3372 3252
3376 3375 3371
3378 3376 3369
3380 474 3
3382 3380 3250
3384 3382 3197
3386 3288 3286
3388 3386 3252
3390 3389 3385
3392 3364 3312
3394 3392 2960
3396 380 3
3398 3396 2926
3400 3398 3252
3402 3401 3395
3404 3402 3390
3406 3404 3378
3408 3250 29
3410 3408 3258
3412 3411 2959
3414 3412 3066
3416 3414 3406
3418 3408 3338
3420 3408 3372
3422 3421 3419
3424 3396 2934
3426 3424 3252
3428 3392 2922
3430 3429 3427
3432 3430 3422
3434 3398 604
3436 3434 3334
3438 3437 3175
3440 3438 3432
3442 3136 584
3444 3442 3264
3446 3444 2948
3448 3136 440
3450 464 3
3452 3450 3448
3454 3452 3250
3456 3455 3447
3458 3396 3194
3460 3458 3334
3462 3448 3264
3464 3462 2960
3466 3465 3461
3468 3466 3456
3470 3346 3252
3472 3314 2960
3474 3473 3471
3476 686 382
3478 3476 3286
3480 3478 3252
3482 3462 2922
3484 3483 3481
3486 3484 3474
3488 3486 3468
3490 3488 3440
3492 3490 3416
3494 3280 3090
3496 3495 3459
3498 3497 3278
3500 3499 2986
3502 3494 3334
3504 3258 604
3506 3504 3334
3508 3507 3503
3510 3504 3278
3512 3511 3049
3514 3512 3508
3516 3514 3500
3518 3398 29
3520 3424 29
3522 3521 3519
3524 3523 3250
3526 2334 33
3528 3526 36
3530 3528 3434
3532 3530 22
3534 3533 3525
3536 3308 2960
3538 3248 29
3540 3538 3478
3542 3541 3295
3544 3543 2944
3546 3545 3537
3548 3546 3534
3550 3548 3516
3552 3550 3492
3554 480 3
3556 3554 3090
3558 3554 3158
3560 3302 604
3562 3560 3450
3564 484 3
3566 3564 3290
3568 3567 3563
3570 3568 3559
3572 3570 3557
3574 3573 3250
3576 468 12
3578 3576 3024
3580 3578 3136
3582 3312 3288
3584 3582 29
3586 3476 3312
3588 3586 29
3590 3589 3585
3592 3590 3581
3594 3593 2948
3596 3595 3230
3598 3596 3575
3600 3304 386
3602 3600 2948
3604 3387 3347
3606 3605 3408
3608 3607 3603
3610 3608 3045
3612 3586 386
3614 3612 2948
3616 3326 3136
3618 3616 2948
3620 3619 3615
3622 3582 386
3624 3622 2948
3626 3625 2963
3628 3626 3620
3630 3628 3610
3632 3564 3248
3634 3632 3364
3636 3578 3012
3638 3636 2946
3640 3639 3635
3642 3641 2944
3644 3643 3239
3646 3644 3630
3648 3646 3598
3650 3648 3552
3652 3650 3362
3654 2149 626
3656 701 511
3658 3657 2130
3660 2136 1202
3662 3661 3659
3664 3662 3655
3666 3665 208
3668 2136 156
3670 3669 209
3672 3671 1158
3674 2130 822
3676 36 3
3678 687 28
3680 3678 3677
3682 3681 2149
3684 3682 2880
3686 3685 3675
3688 3687 156
3690 3689 3673
3692 3690 3667
3694 1443 771
3696 3695 28
3698 703 682
3700 3661 1345
3702 3700 3699
3704 3702 3697
3706 3705 42
3708 1226 64
3710 3681 2150
3712 514 510
3714 3713 3711
3716 3715 3708
3718 624 42
3720 2136 64
3722 3721 3719
3724 2136 42
3726 2174 222
3728 1354 42
3730 3729 3727
3732 3730 3725
3734 3732 3722
3736 3735 664
3738 3726 1202
3740 2172 222
3742 682 42
3744 3742 822
3746 3745 3741
3748 3746 3739
3750 3748 3737
3752 3750 3717
3754 3752 3707
3756 2270 86
3758 2270 198
3760 2188 72
3762 3577 3027
3764 3763 472
3766 3325 3015
3768 3766 3765
3770 3769 456
3772 1472 440
3774 1394 488
3776 3775 3773
3778 3777 412
3780 1392 1028
3782 460 412
3784 3782 1034
3786 3785 3781
3788 3786 3779
3790 3788 3771
3792 3791 23
3794 486 380
3796 582 458
3798 3797 3795
3800 656 382
3802 588 584
3804 3803 3801
3806 3804 3798
3808 3807 456
3810 1008 584
3812 458 442
3814 3813 3811
3816 486 408
3818 1454 382
3820 3819 3817
3822 3820 3814
3824 3823 412
3826 3825 3809
3828 3826 3793
3830 653 4
3832 3830 3829
3834 186 21
3836 2186 28
3838 932 7
3840 28 10
3842 3841 6
3844 3842 536
3846 3845 3839
3848 3846 3837
3850 3849 190
3852 2149 158
3854 2156 190
3856 3855 3853
3858 259 159
3860 3859 358
3862 3860 3857
3864 3863 3851
3866 3865 344
3868 2270 44
3870 2880 118
3872 3871 3869
3874 3872 3757
3876 3875 22
3878 2130 44
3880 875 683
3882 3881 86
3884 3883 3879
3886 3885 780
3888 858 86
3890 3888 1403
3892 3891 3887
3894 3892 3877
3896 2880 212
3898 2880 56
3900 3899 3897
3902 3901 20
3904 2880 2879
3906 3904 202
3908 56 21
3910 3908 782
3912 3908 626
3914 3913 3911
3916 3914 3907
3918 3916 3903
3920 88 22
3922 177 95
3924 3923 2293
3926 3925 3921
3928 3927 2880
3930 3824 21
3932 3823 2466
3934 3933 3788
3936 3935 23
3938 3937 3931
3940 3939 2
3942 30 2
3944 3942 1276
3946 3944 3769
3948 2950 460
3950 3312 468
3952 3951 3949
3954 2924 488
3956 3955 3267
3958 3956 3952
3960 1273 30
3962 3960 3959
3964 3963 3947
3966 3964 3941
3968 344 218
3970 3968 1620
3972 3613 3589
3974 3972 3623
3976 3637 3585
3978 3976 3232
3980 3978 3974
3982 3981 2994
3984 3479 3387
3986 3984 3521
3988 3248 2920
3990 3988 2689
3992 3990 3987
3994 3616 2994
3996 3338 386
3998 3996 3988
4000 3999 3995
4002 4000 3993
4004 3563 3559
4006 4005 3988
4008 3988 3556
4010 3988 3380
4012 4010 3194
4014 4013 4009
4016 4014 4007
4018 4016 4002
4020 4018 3322
4022 4020 3983
4024 3442 3254
4026 4024 3988
4028 3444 2994
4030 4029 4027
4032 4030 3512
4034 3988 386
4036 4034 3346
4038 3270 2994
4040 4039 2997
4042 4040 4037
4044 3306 2994
4046 4045 3229
4048 4046 4042
4050 4048 4032
4052 3566 3248
4054 3580 2946
4056 4055 4053
4058 4057 2920
4060 4059 3145
4062 3601 3329
4064 4063 2994
4066 3988 3348
4068 4034 3258
4070 4069 4067
4072 4070 4065
4074 3988 3518
4076 3338 29
4078 4076 3988
4080 4079 4075
4082 4080 3112
4084 4082 4072
4086 4084 4060
4088 3483 3429
4090 3988 3452
4092 4091 3371
4094 4092 4088
4096 4094 3533
4098 3499 3353
4100 4098 4096
4102 4034 3424
4104 3372 29
4106 4104 3988
4108 4107 4103
4110 4108 3177
4112 3399 3373
4114 4113 4034
4116 3634 2920
4118 4117 4115
4120 4010 2928
4122 4121 3051
4124 4122 4118
4126 4124 4110
4128 4126 4100
4130 4128 4086
4132 4130 4050
4134 4132 4022
4136 2115 56
4138 4136 2113
4140 2152 240
4142 2152 114
4144 2179 228
4146 4145 4143
4148 4146 4141
4150 150 23
4152 1564 114
4154 216 29
4156 3807 388
4158 4157 3771
4160 4158 3826
4162 4160 3934
4164 4163 2292
4166 653 25
4168 2312 1710
4170 4168 4166
4172 2312 2004
4174 653 24
4176 4174 4172
4178 4177 4171
4180 4179 2322
4182 2276 1976
4184 4182 2322
4186 4184 1878
4188 2276 1754
4190 2276 1894
4192 4191 4189
4194 4193 2474
4196 4195 4187
4198 4196 4181
4200 2406 1878
4202 4201 1893
4204 4202 2480
4206 4204 4198
4208 4172 2474
4210 4209 2767
4212 1708 1034
4214 1760 1034
4216 4215 4213
4218 4216 1781
4220 4219 2758
4222 2312 1720
4224 4222 2474
4226 4225 4221
4228 4226 4210
4230 2746 2020
4232 4231 2749
4234 2552 2026
4236 2560 1908
4238 4237 4235
4240 4238 4232
4242 4174 2322
4244 4242 4222
4246 4245 2769
4248 4246 4240
4250 4248 4228
4252 4168 2470
4254 4166 2322
4256 4255 2471
4258 2312 1946
4260 4258 4257
4262 4261 2564
4264 4262 4253
4266 4264 2588
4268 4266 4250
4270 4268 4206
4272 2484 2448
4274 2276 1762
4276 4274 2322
4278 4276 1840
4280 4279 2045
4282 4280 2490
4284 4282 4272
4286 4284 1732
4288 4286 4270
4290 4188 2322
4292 4190 2322
4294 4293 4291
4296 4295 1858
4298 1901 1877
4300 4298 4297
4302 2474 2324
4304 2470 2404
4306 4305 4303
4308 2474 2410
4310 2470 2442
4312 4311 4309
4314 4312 4306
4316 2412 1674
4318 4317 2409
4320 4318 4314
4322 4320 4300
4324 4322 2333
4326 1973 1887
4328 2326 1674
4330 4276 1878
4332 4331 4329
4334 4332 4326
4336 4290 1674
4338 2746 1924
4340 2560 1986
4342 2560 1916
4344 4343 4341
4346 4344 4339
4348 2060 1716
4350 4348 2552
4352 2758 2030
4354 4353 4351
4356 4354 4346
4358 4356 4337
4360 2415 1953
4362 4360 4358
4364 4362 4334
4366 4292 1674
4368 4184 1840
4370 4369 4367
4372 4370 2011
4374 2444 1878
4376 4275 4183
4378 4377 2470
4380 4379 4375
4382 4174 2394
4384 4383 2051
4386 4384 4380
4388 4386 4372
4390 4388 4364
4392 4390 4324
4394 4392 4288
4396 1564 240
4398 4007 3251
4400 4004 3349
4402 4400 4105
4404 4403 4399
4406 3358 3276
4408 4406 4405
4410 3248 31
4412 4410 1572
4414 442 3
4416 4414 2952
4418 4416 386
4420 4418 4412
4422 4421 4107
4424 3121 3021
4426 4424 4422
4428 3603 3061
4430 3999 3109
4432 4430 4428
4434 4432 4426
4436 3248 3094
4438 1008 3
4440 4438 3256
4442 4440 386
4444 4442 4436
4446 1008 2
4448 4446 3302
4450 4448 29
4452 4450 3148
4454 4453 4445
4456 4414 3158
4458 3094 2802
4460 33 31
4462 4460 1572
4464 4462 22
4466 4465 4459
4468 4467 4456
4470 4034 3372
4472 4471 4469
4474 4472 4454
4476 3217 3207
4478 4438 3302
4480 4478 4412
4482 4480 29
4484 4483 3193
4486 4484 4476
4488 4486 4474
4490 4488 4434
4492 4436 4418
4494 4442 4412
4496 4495 4493
4498 4437 4413
4500 1034 3
4502 4500 3158
4504 4414 2968
4506 4504 386
4508 4507 4503
4510 4509 4499
4512 4511 3537
4514 4512 4496
4516 4499 29
4518 4516 4504
4520 4464 3560
4522 4520 4438
4524 4523 4519
4526 4458 604
4528 4526 4478
4530 4446 3560
4532 4530 3096
4534 4533 4529
4536 4534 4524
4538 3471 3375
4540 4538 3285
4542 4540 4536
4544 4436 2689
4546 4544 4478
4548 4448 3146
4550 4549 4547
4552 4446 3256
4554 4552 3146
4556 4530 3116
4558 4557 4555
4560 4558 4550
4562 4560 3311
4564 4562 4542
4566 4564 4514
4568 4566 4490
4570 4499 3
4572 4571 3101
4574 4573 1472
4576 4574 3560
4578 4577 3182
4580 4450 3004
4582 4480 386
4584 4583 4581
4586 3018 2948
4588 3074 3070
4590 4589 4587
4592 4590 4584
4594 4592 4072
4596 4594 4048
4598 4596 4578
4600 4598 4568
4602 4600 4408
4604 1718 380
4606 2774 2276
4608 4606 4604
4610 4609 2563
4612 4610 2755
4614 4344 4237
4616 4614 1920
4618 4616 4612
4620 4306 2409
4622 4620 4618
4624 2753 2639
4626 474 344
4628 4626 1706
4630 4628 4625
4632 4631 2573
4634 2570 2374
4636 2774 2652
4638 4637 4635
4640 4638 4632
4642 1760 380
4644 4642 2276
4646 4644 2570
4648 4647 1935
4650 2334 386
4652 4650 1840
4654 1708 380
4656 4654 1678
4658 4642 1678
4660 4659 4657
4662 4661 4652
4664 484 244
4666 4664 1734
4668 4666 4625
4670 4669 4663
4672 4670 4648
4674 4672 4640
4676 4674 4622
4678 2782 2013
4680 4654 2276
4682 4680 2284
4684 4656 2336
4686 4685 4683
4688 4687 1840
4690 4689 1851
4692 4690 4678
4694 4379 2483
4696 4369 2049
4698 4696 4694
4700 4698 4692
4702 4700 4676
4704 1752 380
4706 4705 4605
4708 4707 1678
4710 4708 2778
4712 2778 2724
4714 4704 4606
4716 4715 4713
4718 4716 4711
4720 4718 1770
4722 2644 2502
4724 4722 4720
4726 4196 2480
4728 4280 4202
4730 4728 4726
4732 4730 4724
4734 4732 4702
4736 4686 4277
4738 4737 594
4740 4658 2336
4742 4644 2284
4744 4743 4741
4746 4745 23
4748 872 388
4750 4748 4680
4752 4751 2297
4754 4752 4747
4756 4754 2289
4758 4756 4739
4760 4759 25
4762 2421 2377
4764 4763 1878
4766 4652 2418
4768 4767 1855
4770 4768 4765
4772 4745 1878
4774 4773 2423
4776 2379 2019
4778 4776 4774
4780 4778 1996
4782 4780 4770
4784 4782 4761
4786 4784 4734
4788 236 6
4790 4788 536
4792 40 20
4794 4788 4
4796 4795 4793
4798 4797 358
4800 4799 4791
4802 4801 11
4804 11 7
4806 236 21
4808 4806 4804
4810 4808 734
4812 231 20
4814 4813 11
4816 4815 3
4818 353 350
4820 230 34
4822 4821 6
4824 236 5
4826 4825 231
4828 4827 4823
4830 4828 4818
4832 4830 4817
4834 4833 4811
4836 4834 4803
4838 4837 3
4840 973 737
4842 4841 350
4844 1522 236
4846 4844 4842
4848 20 10
4850 4801 2
4852 4851 4833
4854 4853 4848
4856 4855 4847
4858 4856 4839
4860 244 236
4862 4860 358
4864 134 21
4866 3827 21
4868 4867 22
4870 4869 4163
4872 122 29
4874 3135 2994
4876 4516 4416
4878 4519 3421
4880 4878 4877
4882 4880 3525
4884 4882 4875
4886 3132 2948
4888 4107 2959
4890 4888 4887
4892 4890 4082
4894 4892 4884
4896 4894 3088
4898 4897 20
4900 3997 3283
4902 4901 23
4904 4903 3459
4906 4905 3526
4908 508 18
4910 408 3
4912 4910 4908
4914 4460 2292
4916 4914 570
4918 4916 4912
4920 4919 4907
4922 4921 36
4924 4414 3090
4926 4924 1560
4928 4912 1572
4930 686 18
4932 4930 1560
4934 4932 4910
4936 4935 4929
4938 394 20
4940 4939 571
4942 4941 4937
4944 4943 4927
4946 4945 4410
4948 4076 20
4950 4900 3435
4952 4950 4949
4954 4953 3250
4956 4910 2928
4958 4956 4436
4960 4959 4457
4962 4498 4466
4964 4963 4961
4966 3494 3278
4968 4924 4464
4970 4969 4967
4972 4970 4965
4974 4972 4511
4976 4974 4955
4978 4976 4947
4980 3520 20
4982 3559 3495
4984 4982 4981
4986 4985 3988
4988 4500 3090
4990 4988 4499
4992 4991 4493
4994 3494 3250
4996 3094 33
4998 4912 606
5000 4998 4996
5002 5001 4995
5004 5002 4992
5006 4998 4462
5008 5007 4103
5010 3558 3250
5012 3556 3250
5014 5013 5011
5016 5014 5008
5018 5016 5004
5020 5018 4987
5022 3458 3250
5024 1560 3
5026 4410 1394
5028 5026 5024
5030 5028 3197
5032 5031 5023
5034 4938 4436
5036 5034 4912
5038 4956 4467
5040 5039 5037
5042 5040 5032
5044 3401 3385
5046 4956 4412
5048 5047 3375
5050 5048 5044
5052 5050 5042
5054 4924 4458
5056 5055 4421
5058 5056 4014
5060 5058 5052
5062 3503 3337
5064 4121 4115
5066 5064 5062
5068 3461 3427
5070 5068 3285
5072 3531 3437
5074 5072 5070
5076 5074 5066
5078 5076 5060
5080 5078 5020
5082 5080 4978
5084 5082 4923
5086 5084 4899
5088 2115 130
5090 5088 2113
5092 2270 110
5094 2115 60
5096 5094 2113
5098 235 127
5100 2201 285
5102 5101 932
5104 536 6
5106 5105 5103
5108 5107 5099
5110 514 126
5112 932 3
5114 5112 5110
5116 5115 5109
5118 5117 344
5120 358 84
5122 618 234
5124 5123 5121
5126 5125 2220
5128 514 234
5130 5128 4842
5132 314 28
5134 278 260
5136 5135 5133
5138 638 126
5140 5138 5137
5142 734 344
5144 5142 5110
5146 5145 5141
5148 5146 5131
5150 5148 5127
5152 5150 5119
5154 360 224
5156 350 244
5158 5156 1612
5160 218 7
5162 5160 736
5164 5163 5159
5166 5164 5155
5168 5166 3971
5170 5169 22
5172 972 350
5174 5172 5160
5176 1612 278
5178 5176 22
5180 1673 246
5182 5180 5160
5184 5183 5179
5186 5185 350
5188 2256 46
5190 5189 5187
5192 5190 5175
5194 5192 5171
5196 220 21
5198 2188 234
5200 4367 2782
5202 5200 2431
5204 5202 4300
5206 5204 1971
5208 2727 2655
5210 5209 4174
5212 2328 653
5214 5213 2664
5216 5214 5211
5218 4637 1975
5220 2619 2605
5222 5220 5218
5224 2477 1935
5226 1759 1749
5228 5226 5224
5230 5228 5222
5232 4664 1680
5234 5232 2599
5236 2617 2339
5238 5237 4708
5240 1752 474
5242 5240 2599
5244 5243 5239
5246 5244 5235
5248 5246 4718
5250 5248 5230
5252 4337 4195
5254 4383 1691
5256 5254 5252
5258 1718 474
5260 5258 2596
5262 5261 4339
5264 4609 2023
5266 5264 5262
5268 4303 4232
5270 5268 5266
5272 1927 1815
5274 5258 2592
5276 2316 2276
5278 5276 654
5280 5278 4707
5282 5281 5275
5284 5282 5272
5286 5284 1945
5288 5286 5270
5290 5288 5256
5292 5290 5250
5294 5292 5216
5296 5294 5206
5298 244 230
5300 5298 358
5302 358 160
5304 5302 244
5306 4770 4320
5308 5306 2356
5310 4201 1973
5312 2423 1750
5314 5312 5310
5316 4353 4231
5318 5316 1915
5320 4713 4238
5322 5320 5318
5324 2415 1887
5326 5324 5322
5328 5326 5314
5330 1325 597
5332 5331 2316
5334 5332 2380
5336 4166 2444
5338 5337 5335
5340 1858 1688
5342 2577 2497
5344 2538 2348
5346 5344 5343
5348 5347 5341
5350 5348 5338
5352 2059 2036
5354 2737 21
5356 5354 2344
5358 5357 2078
5360 5358 5352
5362 5360 5350
5364 5362 5328
5366 4166 2364
5368 2375 2363
5370 5369 2570
5372 5371 5211
5374 5372 5367
5376 4669 4637
5378 2524 244
5380 5379 5235
5382 5380 5376
5384 5382 1704
5386 5213 2390
5388 5386 5384
5390 5388 5374
5392 5390 5364
5394 5392 5308
5396 2270 94
5398 244 90
5400 5398 358
5402 48 6
5404 5402 20
5406 5404 560
5408 5406 664
5410 1522 62
5412 1522 48
5414 5413 5411
5416 5415 1360
5418 5410 1400
5420 5419 5417
5422 5420 5409
5424 770 48
5426 5412 1490
5428 5427 5425
5430 5428 5422
5432 792 62
5434 5432 1226
5436 5435 5407
5438 5437 1202
5440 48 21
5442 5440 782
5444 5443 5439
5446 5440 666
5448 5432 752
5450 33 20
5452 5450 3676
5454 5452 5402
5456 5454 508
5458 5457 5449
5460 5458 5447
5462 5460 5444
5464 3904 104
5466 5432 1094
5468 5410 1490
5470 5412 1400
5472 5471 5469
5474 5472 5467
5476 5474 5465
5478 5476 5462
5480 5478 5430
5482 244 192
5484 5482 358
5486 2270 176
5488 3187 21
5490 5489 3069
5492 4446 3442
5494 5492 5491
5496 4496 3106
5498 5496 5495
5500 5056 4040
5502 4970 3122
5504 5502 5500
5506 3508 3412
5508 4000 3262
5510 5508 5506
5512 5510 5504
5514 5512 5498
5516 4574 3448
5518 3138 2994
5520 4516 4440
5522 5521 5519
5524 3215 3071
5526 5525 3076
5528 3138 2948
5530 5529 5527
5532 5530 5522
5534 5532 4032
5536 5534 5517
5538 3483 3419
5540 5538 3619
5542 3273 2981
5544 5542 5540
5546 4877 4091
5548 5546 4555
5550 3465 3341
5552 5550 3456
5554 5552 5548
5556 5554 5544
5558 5013 4991
5560 4467 604
5562 5560 4440
5564 5563 4445
5566 5564 5558
5568 4069 3111
5570 4079 4009
5572 5570 5568
5574 5572 5566
5576 5574 5556
5578 5576 5536
5580 5578 5514
5582 783 627
5584 771 20
5586 5585 60
5588 5586 5583
5590 792 140
5592 60 6
5594 5592 20
5596 5595 5591
5598 5597 1096
5600 1522 60
5602 5600 1228
5604 5592 5452
5606 5604 508
5608 5590 512
5610 5608 558
5612 5611 5607
5614 5612 5603
5616 5614 5599
5618 3904 130
5620 1522 140
5622 5600 1360
5624 5623 5621
5626 1361 1229
5628 5627 5625
5630 5629 5619
5632 5630 5616
5634 5632 5589
5636 2115 48
5638 5636 2113
5640 356 244
5642 5640 1652
5644 58 29
5646 344 68
5648 5646 1620
5650 360 70
5652 5651 5649
5654 5652 1595
5656 5655 22
5658 68 7
5660 5658 1664
5662 80 7
5664 5662 1664
5666 5665 5661
5668 5666 5657
5670 164 21
5672 560 4
5674 5673 2269
5676 5675 14
5678 5677 1349
5680 1573 769
5682 5681 102
5684 5682 5679
5686 76 23
5688 3742 688
5690 1202 562
5692 5691 3694
5694 5693 42
5696 5695 5689
5698 984 350
5700 5699 799
5702 792 214
5704 5702 5701
5706 1620 20
5708 4804 1446
5710 5709 1621
5712 21 3
5714 5712 5711
5716 5715 5707
5718 5717 200
5720 358 52
5722 21 2
5724 5723 5720
5726 1522 1446
5728 215 201
5730 5729 5726
5732 536 3
5734 5732 5702
5736 5735 5731
5738 5736 5725
5740 5738 5719
5742 5741 344
5744 5743 5705
5746 2188 158
5748 5720 244
5750 792 162
5752 5750 5701
5754 5717 192
5756 5750 536
5758 5757 5303
5760 5759 3
5762 193 163
5764 5763 5726
5766 5302 20
5768 5767 5765
5770 5768 5761
5772 5770 5755
5774 5773 344
5776 5775 5753
5778 3708 1562
8 1 1
10 3 3
12 1 1
14 5 5
16 1 1
30 0 0
32 0 0
34 0 0
36 0 0
28 148 148
26 0 0
24 0 0
5780 232 148
5782 5781 232
5784 227 5782
5786 227 5785
5788 186 226
5790 187 5787
5792 5789 5791
5794 124 226
5796 125 5793
5798 5795 5797
22 5799 5799
5800 227 5783
5802 227 5801
5804 186 5803
5806 5805 186
5808 125 5806
5810 125 5809
20 5811 5811
18 0 0
i0 r_2
i1 r_0
i2 r_1
l0 __bad __qdead
l1 __q23k2
l2 __q12k2
l3 __q10k1
l4 __q15k2
l5 __q16k3
l6 __q21k1
l7 __q8k3
l8 __q15k4
l9 __q16k2
l10 __q2k2
l11 __q16k1
l12 __q22k3
l13 __q9k2
l14 __q19k1
l15 __q15k3
l16 __q21k3
l17 __q7k1
l18 __q13k2
l19 __q3k1
l20 __q18k3
l21 __q5k3
l22 __q13k1
l23 __q19k3
l24 __q14k1
l25 __q20k3
l26 __q8k4
l27 __q19k0
l28 __q10k3
l29 __q15k0
l30 __q7k0
l31 __q3k2
l32 __q12k3
l33 __q6k3
l34 __q5k0
l35 __q16k4
l36 __q10k4
l37 __q9k3
l38 __q9k1
l39 __q20k0
l40 __q20k1
l41 __q13k0
l42 __q2k4
l43 __q4k0
l44 __q7k3
l45 __q10k0
l46 __q6k1
l47 __q10k2
l48 __q4k4
l49 __q15k1
l50 __q14k4
l51 __q22k1
l52 __q9k0
l53 __q3k3
l54 __q12k0
l55 __q2k0
l56 __q3k4
l57 __q5k4
l58 __q18k0
l59 __q9k4
l60 __q7k4
l61 __q8k1
l62 __q23k1
l63 __q4k3
l64 __q11k4
l65 __q2k3
l66 __q21k0
l67 __q6k4
l68 __q16k0
l69 __q14k3
l70 __q22k0
l71 __q7k2
l72 __q14k0
l73 __q5k1
l74 __q4k1
l75 __q19k2
l76 __q13k4
l77 __q17k1
l78 __q17k0
l79 __q17k4
l80 __q14k2
l81 __q17k3
l82 __q6k2
l83 __q23k0
l84 __q20k2
l85 __q12k4
l86 __q6k0
l87 __q22k2
l88 __q23k3
l89 __q2k1
l90 __q5k2
l91 __q4k2
l92 __q18k2
l93 __q21k2
l94 __q3k0
l95 __q18k1
l96 __q8k2
l97 !__q0k4
l98 __q13k3
l99 __q17k2
l100 __q8k0
l101 __q12k1
o0 __vp1_1
o1 __d2_r_2
o2 __vp3_1
o3 __d1_r_0
o4 __vp2_1
o5 __vp2_0
o6 __d1_r_2
o7 __d2_r_1
o8 __d1_r_1
o9 g_0
o10 __vp1_0
o11 __d2_r_0
o12 g_1
o13 g_2
o14 __vp3_0
c
Generated by Yosys 0.7+217 (git sha1 5442554, clang 3.8.0-2ubuntu4 -fPIC -Os)

