09:27:17  Namespace(maxK=8, minK=2, moore=False, output=None, spec='./experiments-for-synt/postponed_arbiter_3_k1.tlsf', unreal=False, verbose=0)
09:27:17  UCW automaton has 15 states
09:27:17  setting k to 2...
09:27:17  k_reduce
09:27:17  k-LA automaton has 36 states
09:27:17  atm_to_verilog
09:27:17  verilog_to_aiger
09:27:24  synthesize
09:27:24  executing sdf...
09:27:25  sdf completed
09:27:25  setting k to 4...
09:27:25  k_reduce
09:27:25  k-LA automaton has 60 states
09:27:25  atm_to_verilog
09:27:25  verilog_to_aiger
09:27:35  synthesize
09:27:35  executing sdf...
09:27:36  sdf completed
REALIZABLE
aag 765 3 60 9 702
2
4
6
26 641
28 642
30 644
32 646
34 777
36 778
38 780
40 786
42 805
44 867
46 874
48 878
50 880
52 963
54 964
56 966
58 968
60 1
62 970
64 972
66 974
68 989
70 990
72 1061
74 1062
76 1083
78 1111
80 1112
82 1124
84 1126
86 1177
88 1188
90 1190
92 1128
94 1225
96 1226
98 1237
100 1251
102 1252
104 1277
106 1278
108 1286
110 1305
112 1319
114 1345
116 1346
118 1348
120 1350
122 1064
124 1369
126 1370
128 1206
130 1372
132 1451
134 1465
136 1481
138 1482
140 1484
142 1486
144 1468
8
10
12
14
16
24
22
20
18
146 14 5
148 15 4
150 149 147
152 150 20
154 152 6
156 154 2
158 150 21
160 6 3
162 160 158
164 163 10
166 164 157
168 20 3
170 21 2
172 171 169
174 172 150
176 174 7
178 177 11
180 179 40
182 180 167
184 21 4
186 10 6
188 186 14
190 188 184
192 15 7
194 21 5
196 194 192
198 196 11
200 199 191
202 136 3
204 202 201
206 205 60
208 206 183
210 209 24
212 124 3
214 212 198
216 186 15
218 216 194
220 54 3
222 220 218
224 223 131
226 224 215
228 227 23
230 80 3
232 230 190
234 186 152
236 234 2
238 236 80
240 239 233
242 10 2
244 20 4
246 14 6
248 246 244
250 248 242
252 250 144
254 144 3
256 254 201
258 257 253
260 259 24
262 261 240
264 262 229
266 244 14
268 18 2
270 81 73
272 271 268
274 272 266
276 184 14
278 18 3
280 278 271
282 280 276
284 283 275
286 285 186
288 190 3
290 125 55
292 290 73
294 293 288
296 11 2
298 14 7
300 298 244
302 300 296
304 303 251
306 305 136
308 307 295
310 308 287
312 250 22
314 312 54
316 25 23
318 16 12
320 61 19
322 320 319
324 322 316
326 98 12
328 326 19
330 25 17
332 330 328
334 98 19
336 24 22
338 25 13
340 339 337
342 341 334
344 343 333
346 344 325
348 346 315
350 218 3
352 350 271
354 277 219
356 11 7
358 357 187
360 278 102
362 360 359
364 362 355
366 365 353
368 366 348
370 368 310
372 20 5
374 372 192
376 374 296
378 302 24
380 379 377
382 380 351
384 383 136
386 23 19
388 387 61
390 389 257
392 391 25
394 393 385
396 394 370
398 396 264
400 398 211
402 359 174
404 402 138
406 194 15
408 406 359
410 291 3
412 410 408
414 413 405
416 415 22
418 204 25
420 302 22
422 421 377
424 423 291
426 425 419
428 220 198
430 218 212
432 431 429
434 433 23
436 381 144
438 437 435
440 438 426
442 290 145
444 443 302
446 318 316
448 446 9
450 98 18
452 451 321
454 453 448
456 455 445
458 293 250
460 23 16
462 460 24
464 328 9
466 464 462
468 467 459
470 468 456
472 450 317
474 38 19
476 30 25
478 477 27
480 478 475
482 480 473
484 372 15
486 484 6
488 242 136
490 488 486
492 25 18
494 17 12
496 98 23
498 496 494
500 498 492
502 501 491
504 502 482
506 24 19
508 506 319
510 492 13
512 511 509
514 513 496
516 486 242
518 145 55
520 518 73
522 521 516
524 523 515
526 524 504
528 526 470
530 298 184
532 530 11
534 532 3
536 290 137
538 537 534
540 488 248
542 540 24
544 543 253
546 544 539
548 360 198
550 268 102
552 300 11
554 552 550
556 555 549
558 25 16
560 558 464
562 254 218
564 563 561
566 564 556
568 566 546
570 568 528
572 570 440
574 152 7
576 19 2
578 576 574
580 578 72
582 576 80
584 582 300
586 21 7
588 230 150
590 588 586
592 591 585
594 7 3
596 594 72
598 596 158
600 374 272
602 601 599
604 602 592
606 604 581
608 607 11
610 374 11
612 611 235
614 613 550
616 517 313
618 617 124
620 276 254
622 582 484
624 623 621
626 624 275
628 627 356
630 629 619
632 630 615
634 632 609
636 634 572
638 636 417
640 638 400
642 84 25
644 28 25
646 88 23
648 507 493
650 184 3
652 650 649
654 356 14
656 326 8
658 656 16
660 658 654
662 660 23
664 662 652
666 492 194
668 666 3
670 356 15
672 670 658
674 672 23
676 674 668
678 677 665
680 658 188
682 680 23
684 682 652
686 19 3
688 686 21
690 688 25
692 690 4
694 12 8
696 694 61
698 696 460
700 698 188
702 700 692
704 703 685
706 690 5
708 698 216
710 708 706
712 698 670
714 712 706
716 715 711
718 716 704
720 718 678
722 682 2
724 662 2
726 725 723
728 506 244
730 728 727
732 24 5
734 658 216
736 734 23
738 172 19
740 738 736
742 738 674
744 743 741
746 745 732
748 736 668
750 692 680
752 734 706
754 753 751
756 754 749
758 698 654
760 758 692
762 692 660
764 706 672
766 765 763
768 766 761
770 768 756
772 770 747
774 772 731
776 774 720
778 32 23
780 118 19
782 517 377
784 782 304
786 785 92
788 359 172
790 150 18
792 790 788
794 19 11
796 794 176
798 797 793
800 799 114
802 799 100
804 803 801
806 20 19
808 25 2
810 808 806
812 810 4
814 812 680
816 810 5
818 816 734
820 819 815
822 820 754
824 816 672
826 812 660
828 827 825
830 828 766
832 830 822
834 833 22
836 492 372
838 674 2
840 838 836
842 816 708
844 816 712
846 845 843
848 846 716
850 848 841
852 745 5
854 736 2
856 854 836
858 749 677
860 858 857
862 860 853
864 862 850
866 864 835
868 359 276
870 868 3
872 871 304
874 873 44
876 186 174
878 876 96
880 785 104
882 278 142
884 882 158
886 268 142
888 886 484
890 889 885
892 891 356
894 19 10
896 895 373
898 356 18
900 899 897
902 901 402
904 902 96
906 884 186
908 172 132
910 908 359
912 910 790
914 886 552
916 132 3
918 916 19
920 918 198
922 921 915
924 922 913
926 924 907
928 926 905
930 578 132
932 530 19
934 932 916
936 935 931
938 374 19
940 96 2
942 940 938
944 943 11
946 944 936
948 886 154
950 940 18
952 950 486
954 953 949
956 954 10
958 957 947
960 959 928
962 960 893
964 873 94
966 36 23
968 876 132
970 785 76
972 785 122
974 873 78
976 305 70
978 70 3
980 978 184
982 980 654
984 983 977
986 978 190
988 987 984
990 873 110
992 578 52
994 576 58
996 994 300
998 58 3
1000 998 932
1002 1001 997
1004 268 58
1006 1004 574
1008 1007 1002
1010 1008 993
1012 1011 11
1014 53 49
1016 1015 172
1018 1016 790
1020 278 58
1022 686 52
1024 1023 1021
1026 1024 407
1028 356 158
1030 1022 276
1032 1031 999
1034 1033 1028
1036 1034 1027
1038 1037 1019
1040 1039 359
1042 1004 234
1044 186 158
1046 1044 1020
1048 1022 198
1050 994 610
1052 1051 1049
1054 1052 1047
1056 1054 1043
1058 1056 1041
1060 1058 1013
1062 873 46
1064 785 34
1066 1065 881
1068 1067 24
1070 359 158
1072 104 3
1074 1072 1070
1076 1070 3
1078 1076 34
1080 1079 1075
1082 1080 1069
1084 649 244
1086 1084 722
1088 812 700
1090 1089 704
1092 1090 1087
1094 1084 724
1096 813 693
1098 681 661
1100 1099 1097
1102 1097 758
1104 1103 665
1106 1104 1101
1108 1106 1095
1110 1108 1092
1112 876 52
1114 320 8
1116 1114 446
1118 658 19
1120 1119 1117
1122 337 6
1124 1122 1121
1126 120 25
1128 785 112
1130 517 304
1132 6 4
1134 1132 21
1136 20 11
1138 1137 1135
1140 11 6
1142 1141 245
1144 1142 174
1146 1144 1139
1148 1147 1130
1150 1149 62
1152 359 64
1154 1152 174
1156 1155 1151
1158 1156 1129
1160 1159 24
1162 190 25
1164 1029 219
1166 1164 1163
1168 1167 62
1170 1070 112
1172 1171 1169
1174 1173 3
1176 1175 1161
1178 658 316
1180 656 19
1182 1180 462
1184 1183 1117
1186 1184 1179
1188 1187 4
1190 116 19
1192 783 70
1194 978 408
1196 15 5
1198 1196 788
1200 1198 134
1202 1201 1195
1204 1202 1193
1206 873 134
1208 147 74
1210 1134 70
1212 1211 1209
1214 788 149
1216 1214 1213
1218 1217 984
1220 1218 1207
1222 1221 22
1224 1223 1204
1226 876 42
1228 1178 18
1230 1118 25
1232 1231 1117
1234 1232 1229
1236 1234 1183
1238 857 749
1240 740 732
1242 843 711
1244 1242 1241
1246 1244 822
1248 1246 1238
1250 1248 1092
1252 876 58
1254 1089 820
1256 812 758
1258 1257 828
1260 1258 1254
1262 1260 846
1264 855 839
1266 806 732
1268 1267 837
1270 1269 1265
1272 1084 727
1274 1273 1271
1276 1274 1262
1278 785 62
1280 235 2
1282 1045 3
1284 1283 100
1286 1284 1281
1288 975 875
1290 1289 22
1292 595 44
1294 1293 79
1296 1295 1198
1298 44 3
1300 1298 198
1302 1301 1297
1304 1302 1291
1306 123 77
1308 1307 1076
1310 402 50
1312 1311 971
1314 1312 973
1316 1315 24
1318 1317 1309
1320 742 732
1322 841 830
1324 1322 1321
1326 1103 845
1328 492 4
1330 1328 172
1332 1330 682
1334 1333 715
1336 1334 1326
1338 1095 678
1340 1338 1336
1342 1340 1238
1344 1342 1324
1346 82 19
1348 90 19
1350 140 25
1352 129 95
1354 1199 421
1356 1355 1353
1358 402 68
1360 871 251
1362 1361 1353
1364 1363 1359
1366 1365 22
1368 1367 1357
1370 876 114
1372 56 23
1374 578 11
1376 1375 793
1378 1377 42
1380 278 126
1382 686 42
1384 1383 1381
1386 1385 196
1388 268 126
1390 1388 574
1392 1391 1387
1394 1393 11
1396 587 193
1398 1397 11
1400 1399 187
1402 108 18
1404 1402 174
1406 1404 1401
1408 686 126
1410 1408 198
1412 576 126
1414 1412 610
1416 1388 10
1418 1416 154
1420 1419 1415
1422 1420 1411
1424 1422 1407
1426 1045 533
1428 1427 1380
1430 268 108
1432 1431 1413
1434 1433 244
1436 1409 1383
1438 1437 184
1440 1439 1435
1442 1441 654
1444 1443 1429
1446 1444 1424
1448 1446 1395
1450 1448 1379
1452 111 47
1454 1453 1198
1456 402 66
1458 1063 991
1460 1458 1457
1462 1461 22
1464 1463 1455
1466 402 106
1468 785 86
1470 1469 787
1472 1470 1467
1474 1473 24
1476 93 87
1478 1477 1076
1480 1479 1475
1482 873 128
1484 1235 2
1486 876 126
8 1 1
10 7 7
12 1 1
14 0 0
16 1 1
1488 99 61
1490 99 1489
1492 130 1491
1494 131 61
1496 1493 1495
1498 38 98
1500 39 1497
1502 1499 1501
1504 118 98
1506 119 1503
1508 1505 1507
1510 56 1509
1512 57 1503
1514 1511 1513
24 1514 1514
22 130 130
20 0 0
1516 39 131
1518 39 1517
1520 118 1519
1522 119 38
1524 1521 1523
1526 56 1525
1528 57 38
1530 1527 1529
18 1531 1531
i0 r_2
i1 r_1
i2 r_0
l0 __bad __qdead
l1 __q2k1
l2 __q2k0
l3 __q4k3
l4 __q5k4
l5 __q4k2
l6 __q3k0
l7 __q14k0
l8 __q6k3
l9 __q7k4
l10 __q9k3
l11 __q13k1
l12 __q14k3
l13 __q6k1
l14 __q9k0
l15 __q4k1
l16 __q10k1
l17 !__q0k4
l18 __q11k2
l19 __q14k2
l20 __q12k3
l21 __q12k1
l22 __q9k2
l23 __q6k0
l24 __q12k2
l25 __q5k3
l26 __q9k4
l27 __q10k0
l28 __q3k4
l29 __q2k2
l30 __q5k1
l31 __q4k4
l32 __q3k2
l33 __q11k1
l34 __q7k1
l35 __q10k2
l36 __q8k4
l37 __q10k4
l38 __q13k0
l39 __q11k4
l40 __q14k1
l41 __q13k3
l42 __q7k3
l43 __q5k2
l44 __q6k4
l45 __q3k3
l46 __q3k1
l47 __q2k3
l48 __q11k3
l49 __q7k0
l50 __q10k3
l51 __q9k1
l52 __q4k0
l53 __q6k2
l54 __q7k2
l55 __q5k0
l56 __q12k0
l57 __q2k4
l58 __q13k2
l59 __q11k0
o0 __vp1_0
o1 __d1_r_0
o2 __vp2_0
o3 __d1_r_1
o4 __vp3_0
o5 g_2
o6 g_1
o7 __d1_r_2
o8 g_0
c
Generated by Yosys 0.7+217 (git sha1 5442554, clang 3.8.0-2ubuntu4 -fPIC -Os)

