15:59:44  Namespace(bound=32, dot=None, incr=True, log=None, maxK=0, moore=True, size=0, spec='./experiments-for-synt/postponed_arbiter_4_k3.tlsf', spot=True, tmp=False, unreal=False, verbose=0)
15:59:45  created z3 process: 26281
15:59:46  automaton size is: 43
15:59:47  using CoBuchiEncoder
15:59:47  search
15:59:47  searching a model of size 1..
15:59:49  solving the query..
15:59:51  searching a model of size 2..
15:59:53  solving the query..
15:59:56  searching a model of size 3..
15:59:58  solving the query..
16:00:05  searching a model of size 4..
16:00:07  solving the query..
16:00:32  searching a model of size 5..
16:00:35  solving the query..
16:15:23  parse_model
16:15:23  searching a model took (sec): 936
16:15:23  FOUND model for sys of size 5
16:15:24  digraph module {
 rankdir=LR;

"0" [label="-__d2_r_1 -__vp1_0 -g_1 __vp3_1 __d1_r_2 -__d2_r_3 -__vp4_1 __vp4_0 -__d3_r_1 -__d2_r_2 __d3_r_0 __d2_r_0 -g_3 -g_2 -g_0 -__d1_r_3 -__d1_r_1 __vp1_1 -__d1_r_0 __vp2_1 __vp3_0 -__d3_r_3 __vp2_0 __d3_r_2\n0", fillcolor="green", style=filled]
"1" [label="-__d2_r_1 -__vp1_0 -g_1 __vp3_1 -__d1_r_2 -__d2_r_3 -__vp4_1 __vp4_0 -__d3_r_1 -__d2_r_2 -__d3_r_0 -__d2_r_0 -g_3 g_2 -g_0 __d1_r_3 __d1_r_1 __vp1_1 -__d1_r_0 __vp2_1 -__vp3_0 -__d3_r_3 __vp2_0 -__d3_r_2\n1"]
"2" [label="-__d2_r_1 -__vp1_0 -g_1 __vp3_1 -__d1_r_2 -__d2_r_3 -__vp4_1 __vp4_0 __d3_r_1 __d2_r_2 -__d3_r_0 -__d2_r_0 -g_3 -g_2 g_0 -__d1_r_3 __d1_r_1 __vp1_1 -__d1_r_0 __vp2_1 __vp3_0 -__d3_r_3 __vp2_0 -__d3_r_2\n2"]
"3" [label="-__d2_r_1 -__vp1_0 -g_1 __vp3_1 __d1_r_2 -__d2_r_3 -__vp4_1 __vp4_0 __d3_r_1 __d2_r_2 __d3_r_0 -__d2_r_0 g_3 -g_2 -g_0 -__d1_r_3 -__d1_r_1 __vp1_1 -__d1_r_0 __vp2_1 __vp3_0 -__d3_r_3 __vp2_0 __d3_r_2\n3"]
"4" [label="__d2_r_1 __vp1_0 g_1 __vp3_1 -__d1_r_2 -__d2_r_3 -__vp4_1 __vp4_0 -__d3_r_1 __d2_r_2 -__d3_r_0 __d2_r_0 -g_3 -g_2 -g_0 __d1_r_3 -__d1_r_1 __vp1_1 -__d1_r_0 __vp2_1 -__vp3_0 -__d3_r_3 __vp2_0 -__d3_r_2\n4"]
"1" -> "2" [label="1"]
"2" -> "3" [label="1"]
"0" -> "4" [label="1"]
"3" -> "0" [label="r_1 -r_2"]
"3" -> "0" [label="-r_3 r_1"]
"3" -> "0" [label="-r_3 -r_0"]
"3" -> "0" [label="r_3 -r_2 r_0"]
"4" -> "1" [label="1"]
"3" -> "4" [label="r_3 r_2"]
"3" -> "4" [label="-r_3 -r_1 r_0"]
"3" -> "4" [label="r_3 -r_1 -r_0"]
}
