12:02:08  Namespace(bound=32, dot=None, incr=True, log=None, maxK=0, moore=True, size=0, spec='./experiments-for-synt/postponed_arbiter_3_k2.tlsf', spot=True, tmp=False, unreal=False, verbose=0)
12:02:08  created z3 process: 19119
12:02:08  automaton size is: 24
12:02:08  using CoBuchiEncoder
12:02:08  search
12:02:08  searching a model of size 1..
12:02:08  solving the query..
12:02:08  searching a model of size 2..
12:02:08  solving the query..
12:02:09  searching a model of size 3..
12:02:09  solving the query..
12:02:09  searching a model of size 4..
12:02:10  solving the query..
12:02:22  parse_model
12:02:22  searching a model took (sec): 13
12:02:22  FOUND model for sys of size 4
12:02:22  digraph module {
 rankdir=LR;

"0" [label="-__d2_r_1 __d2_r_0 -__d1_r_1 -g_1 __vp3_1 -__vp2_0 -__d1_r_2 __d2_r_2 -g_0 -__vp1_0 -__d1_r_0 __vp1_1 __vp2_1 -__vp3_0 -g_2\n0", fillcolor="green", style=filled]
"1" [label="__d2_r_1 -__d2_r_0 __d1_r_1 -g_1 __vp3_1 -__vp2_0 -__d1_r_2 -__d2_r_2 g_0 -__vp1_0 -__d1_r_0 __vp1_1 __vp2_1 -__vp3_0 -g_2\n1"]
"2" [label="-__d2_r_1 -__d2_r_0 -__d1_r_1 g_1 __vp3_1 -__vp2_0 -__d1_r_2 __d2_r_2 -g_0 -__vp1_0 -__d1_r_0 __vp1_1 __vp2_1 -__vp3_0 -g_2\n2"]
"3" [label="__d2_r_1 __d2_r_0 -__d1_r_1 -g_1 __vp3_1 -__vp2_0 -__d1_r_2 -__d2_r_2 -g_0 -__vp1_0 -__d1_r_0 __vp1_1 __vp2_1 -__vp3_0 g_2\n3"]
"3" -> "0" [label="-r_1 r_0"]
"3" -> "0" [label="-r_2 r_0"]
"3" -> "0" [label="r_2 r_1 -r_0"]
"3" -> "2" [label="r_2 r_1 r_0"]
"3" -> "2" [label="-r_1 -r_0"]
"3" -> "2" [label="-r_2 -r_0"]
"1" -> "3" [label="1"]
"0" -> "2" [label="1"]
"2" -> "1" [label="1"]
}
