09:27:17  Namespace(maxK=8, minK=2, moore=False, output=None, spec='./experiments-for-synt/postponed_arbiter_4_k1.tlsf', unreal=False, verbose=0)
09:27:17  UCW automaton has 19 states
09:27:17  setting k to 2...
09:27:17  k_reduce
09:27:17  k-LA automaton has 47 states
09:27:17  atm_to_verilog
09:27:18  verilog_to_aiger
09:27:43  synthesize
09:27:43  executing sdf...
09:27:43  sdf completed
09:27:43  setting k to 4...
09:27:43  k_reduce
09:27:43  k-LA automaton has 79 states
09:27:43  atm_to_verilog
09:27:44  verilog_to_aiger
09:28:22  synthesize
09:28:22  executing sdf...
09:28:25  sdf completed
REALIZABLE
aag 2347 4 79 12 2264
2
4
6
8
34 1477
36 1493
38 1805
40 1816
42 1818
44 1820
46 1847
48 1858
50 1973
52 1974
54 1977
56 2097
58 2122
60 2130
62 2161
64 2162
66 2170
68 2172
70 2176
72 2353
74 2367
76 2369
78 2425
80 2426
82 2374
84 2438
86 2440
88 2445
90 2446
92 2460
94 2479
96 2481
98 2575
100 2743
102 2744
104 2757
106 2758
108 2770
110 2782
112 2784
114 2851
116 2963
118 3097
120 3098
122 3100
124 3102
126 3183
128 3213
130 3277
132 3280
134 3282
136 3480
138 3563
140 3703
142 3823
144 3869
146 3965
148 3966
150 3968
152 3975
154 2378
156 4001
158 4125
160 4147
162 4227
164 4281
166 4426
168 4428
170 4430
172 4432
174 4434
176 1
178 4438
180 4442
182 4444
184 4600
186 4602
188 4604
190 4609
10
12
26
28
30
32
24
22
20
18
16
14
192 14 4
194 15 5
196 195 193
198 19 9
200 18 8
202 201 199
204 203 197
206 28 6
208 29 7
210 209 207
212 211 22
214 212 2
216 206 23
218 208 23
220 201 193
222 221 218
224 223 217
226 199 195
228 227 3
230 228 225
232 231 215
234 233 204
236 200 192
238 236 216
240 198 194
242 241 237
244 243 218
246 245 239
248 247 3
250 249 235
252 251 152
254 206 22
256 254 240
258 22 7
260 258 29
262 260 240
264 263 257
266 142 2
268 266 265
270 142 3
272 270 238
274 23 7
276 274 198
278 276 29
280 190 3
282 281 271
284 283 192
286 284 278
288 190 2
290 288 256
292 198 192
294 292 254
296 289 267
298 297 294
300 299 291
302 300 287
304 302 273
306 304 269
308 306 253
310 309 32
312 200 194
314 312 3
316 86 13
318 316 314
320 312 280
322 321 319
324 98 13
326 325 143
328 327 314
330 329 322
332 331 274
334 194 2
336 334 198
338 98 12
340 338 336
342 312 2
344 325 317
346 345 342
348 347 341
350 86 12
352 350 336
354 297 236
356 355 353
358 356 348
360 359 258
362 361 333
364 363 29
366 192 98
368 366 3
370 368 203
372 203 192
374 86 3
376 374 372
378 377 371
380 379 216
382 240 33
384 382 283
386 194 3
388 386 350
390 388 200
392 386 324
394 392 203
396 395 391
398 396 385
400 386 338
402 386 316
404 403 401
406 405 198
408 407 322
410 408 398
412 411 216
414 336 316
416 414 260
418 197 2
420 106 12
422 420 258
424 422 203
426 424 418
428 274 200
430 428 388
432 431 427
434 433 29
436 435 417
438 436 413
440 438 381
442 440 365
444 17 14
446 444 198
448 136 2
450 448 446
452 450 254
454 216 203
456 16 3
458 456 48
460 458 14
462 460 454
464 198 14
466 136 3
468 466 17
470 468 464
472 470 218
474 254 200
476 16 2
478 476 136
480 478 14
482 480 474
484 483 473
486 484 463
488 486 453
490 489 4
492 338 314
494 420 3
496 494 292
498 312 33
500 498 270
502 501 497
504 502 493
506 505 216
508 218 200
510 146 3
512 510 194
514 512 508
516 510 192
518 516 278
520 519 515
522 521 31
524 523 507
526 524 491
528 200 197
530 110 2
532 531 267
534 533 528
536 535 415
538 192 2
540 538 86
542 540 203
544 543 341
546 538 198
548 546 350
550 546 338
552 551 549
554 552 544
556 554 536
558 557 254
560 216 200
562 494 192
564 562 560
566 280 244
568 567 565
570 476 48
572 570 294
574 374 192
576 575 369
578 577 508
580 579 573
582 580 568
584 236 212
586 584 448
588 546 146
590 588 260
592 292 212
594 476 110
596 594 592
598 597 591
600 598 587
602 600 582
604 602 559
606 604 526
608 593 263
610 609 288
612 128 3
614 612 292
616 510 236
618 617 615
620 619 216
622 621 611
624 29 4
626 460 276
628 200 14
630 628 258
632 630 570
634 633 627
636 635 624
638 336 324
640 639 353
642 641 254
644 643 637
646 260 200
648 646 197
650 648 530
652 420 334
654 538 420
656 338 334
658 657 655
660 658 653
662 661 474
664 663 651
666 664 644
668 666 622
670 456 136
672 670 15
674 672 5
676 675 401
678 677 508
680 216 4
682 680 470
684 458 192
686 684 508
688 687 683
690 292 218
692 690 670
694 76 30
696 694 13
698 76 31
700 698 12
702 701 697
704 33 26
706 705 17
708 20 17
710 709 12
712 711 707
714 713 703
716 715 693
718 716 688
720 718 679
722 312 254
724 722 570
726 592 478
728 727 725
730 312 216
732 730 466
734 612 216
736 146 2
738 736 254
740 739 735
742 741 236
744 743 733
746 744 728
748 746 720
750 266 254
752 750 292
754 736 194
756 754 474
758 757 753
760 386 203
762 211 23
764 762 420
766 764 760
768 538 98
770 768 474
772 770 12
774 773 767
776 774 758
778 31 17
780 26 24
782 780 778
784 782 33
786 20 11
788 177 13
790 788 786
792 790 784
794 110 3
796 794 216
798 796 236
800 799 793
802 464 216
804 670 4
806 804 802
808 334 324
810 808 474
812 811 807
814 812 800
816 512 198
818 816 762
820 128 2
822 820 240
824 822 260
826 825 819
828 266 256
830 312 260
832 830 266
834 833 829
836 834 826
838 836 814
840 838 776
842 840 748
844 842 668
846 844 606
848 846 442
850 848 311
852 624 258
854 852 628
856 854 736
858 236 218
860 858 612
862 861 857
864 292 260
866 864 820
868 612 194
870 868 508
872 871 867
874 218 203
876 874 516
878 386 94
880 878 278
882 690 612
884 883 881
886 884 877
888 886 872
890 888 862
892 260 194
894 893 2
896 254 227
898 897 647
900 898 894
902 199 193
904 903 216
906 223 3
908 906 905
910 204 94
912 910 909
914 912 901
916 546 128
918 917 589
920 918 823
922 921 254
924 734 312
926 254 236
928 926 820
930 929 925
932 878 560
934 933 515
936 934 930
938 854 820
940 538 94
942 260 198
944 943 475
946 945 940
948 947 939
950 948 936
952 950 923
954 952 915
956 954 890
958 957 30
960 17 15
962 960 198
964 530 212
966 965 797
968 214 136
970 969 966
972 971 962
974 198 23
976 974 211
978 976 672
980 198 15
982 980 594
984 982 212
986 218 17
988 980 794
990 988 986
992 991 985
994 456 110
996 994 15
998 996 976
1000 999 992
1002 1000 979
1004 455 279
1006 458 15
1008 1006 1005
1010 478 212
1012 762 468
1014 1013 1011
1016 1015 980
1018 1017 1009
1020 1018 1002
1022 1020 973
1024 1023 5
1026 546 86
1028 546 98
1030 1029 1027
1032 1030 639
1034 1033 260
1036 401 389
1038 1037 276
1040 1038 29
1042 1041 1035
1044 1042 1025
1046 1044 959
1048 619 218
1050 1049 872
1052 1051 31
1054 216 198
1056 270 192
1058 1056 1054
1060 1059 32
1062 240 216
1064 1062 270
1066 1065 1060
1068 1054 197
1070 1068 280
1072 270 244
1074 1073 1071
1076 1074 1066
1078 1056 560
1080 280 238
1082 1081 1079
1084 1082 33
1086 1084 1073
1088 1087 1077
1090 1089 1053
1092 939 862
1094 1093 31
1096 30 16
1098 1097 779
1100 1098 780
1102 786 76
1104 1102 13
1106 1104 1100
1108 698 13
1110 1108 16
1112 1110 27
1114 26 25
1116 1114 698
1118 20 13
1120 1118 1116
1122 1121 1113
1124 1122 1107
1126 762 292
1128 1126 270
1130 1129 33
1132 1130 1124
1134 722 288
1136 730 270
1138 750 312
1140 1139 1137
1142 1140 1135
1144 1142 32
1146 1145 1133
1148 1147 1095
1150 1148 1090
1152 1062 612
1154 227 221
1156 510 216
1158 1156 1154
1160 1159 1153
1162 1160 923
1164 874 562
1166 393 369
1168 1167 278
1170 1169 1165
1172 762 236
1174 1172 670
1176 474 334
1178 1176 86
1180 1179 1175
1182 1180 1170
1184 203 15
1186 570 5
1188 1186 260
1190 1188 1184
1192 868 278
1194 1193 291
1196 1194 1191
1198 1196 1182
1200 1198 1162
1202 550 260
1204 769 657
1206 1205 646
1208 1207 1203
1210 530 446
1212 1210 254
1214 628 254
1216 1214 594
1218 794 446
1220 1218 762
1222 1221 1217
1224 1222 1213
1226 1225 4
1228 927 257
1230 1228 865
1232 1231 570
1234 350 334
1236 1235 541
1238 1237 646
1240 548 260
1242 1241 1239
1244 1242 1233
1246 1244 1227
1248 1246 1208
1250 1248 1200
1252 508 197
1254 1253 731
1256 1255 794
1258 26 20
1260 1259 1108
1262 1261 1121
1264 1263 17
1266 1265 1257
1268 1173 691
1270 1269 994
1272 1271 930
1274 1272 1266
1276 1253 239
1278 1277 466
1280 288 254
1282 1280 528
1284 33 20
1286 1284 780
1288 788 778
1290 1288 1287
1292 1291 1283
1294 1292 1279
1296 1102 784
1298 708 33
1300 1298 1116
1302 1301 1297
1304 1303 12
1306 768 203
1308 546 420
1310 1309 1307
1312 1311 254
1314 1313 1305
1316 1314 1294
1318 1316 1274
1320 821 449
1322 1321 312
1324 1322 212
1326 216 32
1328 280 236
1330 1328 1326
1332 1331 1325
1334 168 33
1336 1335 35
1338 80 31
1340 68 17
1342 1341 1339
1344 150 13
1346 177 30
1348 1347 1345
1350 1348 1342
1352 1350 1336
1354 695 176
1356 17 13
1358 1357 1355
1360 1359 1352
1362 1360 1332
1364 852 450
1366 1104 782
1368 1367 1365
1370 76 26
1372 1370 13
1374 33 21
1376 1374 1372
1378 1376 1098
1380 1054 388
1382 1381 1379
1384 1382 1368
1386 1384 1362
1388 508 5
1390 1388 996
1392 575 403
1394 1393 278
1396 1388 1006
1398 1397 1395
1400 1398 1391
1402 1400 1386
1404 312 288
1406 198 197
1408 1406 266
1410 1409 1405
1412 1411 260
1414 260 203
1416 1414 754
1418 1417 1413
1420 280 33
1422 1420 292
1424 1422 762
1426 994 4
1428 1426 802
1430 1429 1425
1432 1210 852
1434 254 198
1436 1434 652
1438 1437 1433
1440 1438 1430
1442 538 350
1444 1442 474
1446 1110 32
1448 1447 1445
1450 1434 754
1452 1372 30
1454 1298 25
1456 1454 1452
1458 1457 1451
1460 1458 1448
1462 1460 1440
1464 1462 1418
1466 1464 1402
1468 1466 1318
1470 1468 1250
1472 1470 1150
1474 1472 1046
1476 1474 850
1478 116 2
1480 1478 648
1482 1478 254
1484 1478 197
1486 1484 942
1488 1487 1483
1490 1489 204
1492 1491 1481
1494 198 22
1496 20 10
1498 1496 177
1500 1498 1494
1502 13 2
1504 1502 28
1506 1504 26
1508 1506 1500
1510 24 6
1512 1510 192
1514 778 33
1516 1514 1512
1518 1516 1508
1520 1510 194
1522 1520 1514
1524 1522 1508
1526 1525 1519
1528 778 704
1530 1528 1512
1532 13 3
1534 1532 28
1536 1498 974
1538 1536 1534
1540 1538 1530
1542 1528 1520
1544 1542 1538
1546 1545 1541
1548 1546 1526
1550 76 10
1552 1550 20
1554 200 23
1556 1554 1552
1558 12 3
1560 1558 28
1562 1560 1556
1564 1562 1530
1566 1552 974
1568 1566 1560
1570 1568 1542
1572 1571 1565
1574 1552 1494
1576 12 2
1578 1576 28
1580 1578 1574
1582 1580 1530
1584 200 22
1586 1584 1552
1588 1586 1578
1590 1588 1542
1592 1591 1583
1594 1592 1572
1596 30 17
1598 1596 704
1600 1598 1512
1602 1556 1534
1604 1602 1600
1606 780 206
1608 1550 1532
1610 1608 960
1612 23 18
1614 20 8
1616 31 5
1618 1616 1614
1620 1618 1612
1622 1620 1610
1624 1622 1606
1626 1625 1605
1628 1543 1531
1630 1584 1498
1632 1630 1504
1634 1554 1498
1636 1634 1534
1638 1637 1633
1640 1639 1629
1642 1641 1626
1644 1642 1594
1646 1644 1548
1648 1562 1542
1650 1588 1530
1652 1494 20
1654 1550 1502
1656 778 194
1658 1656 1654
1660 1658 1652
1662 1660 1606
1664 1663 1651
1666 1664 1649
1668 31 4
1670 1668 1606
1672 1654 444
1674 1672 1652
1676 1674 1670
1678 1584 20
1680 1678 1672
1682 1680 1670
1684 1683 1677
1686 974 20
1688 1608 444
1690 1688 1686
1692 1690 1670
1694 1693 1684
1696 1694 1666
1698 1574 1504
1700 704 31
1702 1700 16
1704 1702 1512
1706 1704 1698
1708 1566 1534
1710 1708 1704
1712 1711 1707
1714 1598 1520
1716 1714 1698
1718 1702 1520
1720 1718 1602
1722 1721 1717
1724 1722 1712
1726 1568 1530
1728 1580 1542
1730 1729 1727
1732 1586 1504
1734 1732 1714
1736 1732 1718
1738 1737 1735
1740 1738 1730
1742 1740 1724
1744 1742 1696
1746 1718 1698
1748 1678 1658
1750 1748 1606
1752 1718 1708
1754 1753 1751
1756 1754 1747
1758 1686 1616
1760 1758 1610
1762 1760 1606
1764 1714 1708
1766 1714 1602
1768 1767 1765
1770 1768 1763
1772 1770 1756
1774 1614 1612
1776 1774 1688
1778 1776 1670
1780 1732 1704
1782 1781 1779
1784 1732 1600
1786 1698 1600
1788 1787 1785
1790 1704 1602
1792 1708 1600
1794 1793 1791
1796 1794 1788
1798 1796 1782
1800 1798 1772
1802 1800 1744
1804 1802 1646
1806 22 3
1808 23 2
1810 1809 1807
1812 1810 211
1814 1812 166
1816 1814 528
1818 66 31
1820 42 31
1822 154 2
1824 1822 197
1826 1824 942
1828 1822 256
1830 1829 1827
1832 1822 1154
1834 1832 254
1836 927 831
1838 1837 1822
1840 1822 854
1842 1841 1839
1844 1842 1835
1846 1844 1830
1848 40 2
1850 1848 212
1852 40 3
1854 1852 762
1856 1855 1851
1858 1857 528
1860 254 203
1862 334 74
1864 1862 1860
1866 74 3
1868 1063 239
1870 1869 1866
1872 1871 1865
1874 538 74
1876 1874 1860
1878 292 216
1880 1879 731
1882 1881 1866
1884 1883 1877
1886 293 241
1888 1886 313
1890 114 2
1892 1890 254
1894 1892 1889
1896 114 3
1898 1896 216
1900 1898 204
1902 1901 1895
1904 1812 104
1906 1904 204
1908 1890 926
1910 1909 1907
1912 1910 1902
1914 1912 1884
1916 1914 1872
1918 1917 30
1920 336 74
1922 1886 237
1924 1923 1890
1926 1925 1921
1928 1927 260
1930 1896 218
1932 1930 312
1934 1862 646
1936 1866 194
1938 1936 874
1940 1939 1935
1942 1940 1933
1944 1930 372
1946 1866 218
1948 1946 372
1950 1949 1945
1952 1874 646
1954 1930 240
1956 1955 1953
1958 1874 942
1960 1890 830
1962 1961 1959
1964 1962 1956
1966 1964 1950
1968 1966 1942
1970 1968 1929
1972 1970 1919
1974 44 31
1976 1909 1902
1978 22 6
1980 1576 236
1982 1576 1154
1984 1983 1981
1986 1985 118
1988 70 12
1990 334 203
1992 538 203
1994 1993 1991
1996 1995 1988
1998 119 71
2000 1999 13
2002 2000 342
2004 70 13
2006 2005 119
2008 2007 336
2010 2009 2003
2012 2010 1997
2014 2012 1987
2016 102 12
2018 2016 203
2020 2018 334
2022 2021 2014
2024 2023 1978
2026 23 6
2028 1558 372
2030 2028 1999
2032 1999 760
2034 1558 102
2036 2034 528
2038 2037 2033
2040 2038 2031
2042 2041 2026
2044 2043 2025
2046 2045 28
2048 2015 260
2050 2030 218
2052 2026 19
2054 14 2
2056 2054 1978
2058 2057 28
2060 2058 2053
2062 23 19
2064 2062 15
2066 1807 7
2068 2066 2065
2070 2069 29
2072 1809 197
2074 2072 2018
2076 2074 2071
2078 2076 2061
2080 2079 2051
2082 2032 274
2084 386 276
2086 2084 2016
2088 2087 2083
2090 2089 29
2092 2091 2080
2094 2092 2049
2096 2094 2047
2098 1596 33
2100 1552 13
2102 2100 780
2104 2102 2098
2106 1552 12
2108 2106 784
2110 2100 782
2112 1498 13
2114 2112 784
2116 2115 2111
2118 2116 2109
2120 2118 2105
2122 2121 8
2124 1097 33
2126 2124 2102
2128 2127 2116
2130 2129 4
2132 50 2
2134 2132 192
2136 2134 1434
2138 336 254
2140 2139 1177
2142 2141 50
2144 2143 2137
2146 50 3
2148 2146 216
2150 2148 1923
2152 2148 312
2154 2134 474
2156 2155 2153
2158 2156 2151
2160 2158 2144
2162 124 33
2164 1702 24
2166 2164 2100
2168 2167 2118
2170 2169 6
2172 134 17
2174 1812 372
2176 2174 158
2178 54 3
2180 2178 240
2182 2178 292
2184 2183 2181
2186 2185 216
2188 54 2
2190 2188 722
2192 2188 192
2194 2192 1434
2196 2195 2191
2198 2196 2187
2200 2178 858
2202 2146 218
2204 2202 240
2206 2205 2201
2208 2178 730
2210 2188 256
2212 2211 2209
2214 2146 238
2216 2215 2212
2218 2216 2206
2220 2218 2144
2222 2220 2198
2224 2192 474
2226 2178 238
2228 2227 2225
2230 2180 218
2232 2146 858
2234 2233 2231
2236 2234 2228
2238 2188 854
2240 2202 312
2242 2241 2239
2244 2178 312
2246 2245 2183
2248 2247 218
2250 2249 2242
2252 2250 2236
2254 212 197
2256 96 2
2258 2256 203
2260 2258 2254
2262 2261 2156
2264 2132 236
2266 2132 312
2268 2188 312
2270 2269 2267
2272 2270 2265
2274 2273 260
2276 96 3
2278 2276 194
2280 1554 211
2282 2281 1055
2284 2282 279
2286 2285 2278
2288 2287 2275
2290 2288 2262
2292 2276 192
2294 2292 2283
2296 2134 942
2298 2148 1406
2300 2292 278
2302 2301 2299
2304 2302 2297
2306 2304 2295
2308 2306 2290
2310 2308 2252
2312 2310 2222
2314 2313 30
2316 2192 942
2318 2317 2206
2320 2318 2234
2322 2320 2250
2324 2323 31
2326 2134 198
2328 2327 2272
2330 2329 31
2332 2188 30
2334 2332 292
2336 2189 2133
2338 2337 240
2340 2339 2335
2342 2340 2331
2344 2343 260
2346 2202 292
2348 2347 2345
2350 2348 2325
2352 2350 2315
2354 156 3
2356 216 204
2358 2356 2354
2360 156 2
2362 2360 254
2364 2362 204
2366 2365 2359
2368 2167 2120
2370 212 204
2372 126 2
2374 2372 2370
2376 164 2
2378 2376 2370
2380 2379 2375
2382 2381 32
2384 1923 218
2386 1886 32
2388 2387 2356
2390 2389 2385
2392 238 32
2394 2393 2390
2396 126 3
2398 2396 2395
2400 1327 219
2402 2401 312
2404 164 3
2406 2404 218
2408 2407 2397
2410 2409 2402
2412 1127 731
2414 1868 245
2416 2414 2412
2418 2417 2404
2420 2419 2411
2422 2420 2399
2424 2422 2383
2426 52 31
2428 1552 33
2430 1100 13
2432 2431 783
2434 2433 2428
2436 2435 2115
2438 2437 2
2440 2174 56
2442 2228 2212
2444 2442 2198
2446 2174 144
2448 762 197
2450 108 3
2452 2450 2448
2454 108 2
2456 2454 2254
2458 2457 2453
2460 2459 200
2462 62 3
2464 2462 197
2466 2464 1054
2468 418 62
2470 2468 1860
2472 2462 528
2474 2472 216
2476 2475 2471
2478 2476 2467
2480 1884 1872
2482 1532 312
2484 2482 112
2486 182 12
2488 113 57
2490 2489 15
2492 2491 2487
2494 57 13
2496 2494 199
2498 2497 204
2500 2498 2493
2502 2500 3
2504 2503 2485
2506 2028 112
2508 192 56
2510 2508 1558
2512 2510 198
2514 2513 2507
2516 2514 2504
2518 2517 216
2520 2486 418
2522 112 12
2524 2522 538
2526 334 112
2528 2527 2525
2530 2528 2521
2532 2531 203
2534 1502 56
2536 2534 194
2538 2536 200
2540 313 242
2542 1576 56
2544 2542 2541
2546 2545 2539
2548 2546 2533
2550 2549 212
2552 2489 2028
2554 2553 2504
2556 2555 218
2558 1494 211
2560 2508 1576
2562 2561 2537
2564 2563 2558
2566 2510 560
2568 2567 2565
2570 2568 2557
2572 2570 2551
2574 2572 2519
2576 780 208
2578 2576 1760
2580 2576 1748
2582 24 7
2584 2582 194
2586 2584 1528
2588 1576 29
2590 2588 1586
2592 2590 2586
2594 2593 2581
2596 2582 192
2598 2596 1528
2600 2598 2590
2602 1558 29
2604 2602 1556
2606 2604 2598
2608 2607 2601
2610 2608 2594
2612 2610 2579
2614 2612 1772
2616 1636 1542
2618 1532 29
2620 2618 1536
2622 2620 2586
2624 2604 2586
2626 2625 2623
2628 2626 2617
2630 2602 1566
2632 2630 2586
2634 2633 1545
2636 2618 1634
2638 2636 2586
2640 2630 2598
2642 2641 2639
2644 2642 2634
2646 2644 2628
2648 1502 29
2650 2648 1574
2652 2650 2584
2654 2652 1598
2656 2618 1566
2658 2656 2584
2660 2658 1702
2662 2588 1574
2664 2662 2598
2666 2665 2661
2668 2666 2655
2670 2668 2646
2672 2670 2614
2674 1740 1594
2676 2652 1702
2678 1632 1542
2680 2679 1525
2682 2680 2677
2684 2648 1586
2686 2684 2584
2688 2686 1598
2690 2618 1556
2692 2690 2584
2694 1098 704
2696 2694 2692
2698 2697 2689
2700 2698 2682
2702 2700 2674
2704 2648 1630
2706 2704 2586
2708 2648 1500
2710 2708 2586
2712 2711 2707
2714 2712 1722
2716 2686 1702
2718 2658 1598
2720 2719 2717
2722 2720 2714
2724 2662 2586
2726 2725 1625
2728 2576 1622
2730 2576 1660
2732 2731 2729
2734 2732 2726
2736 2734 1666
2738 2736 2722
2740 2738 2702
2742 2740 2672
2744 2174 148
2746 418 38
2748 2746 1860
2750 38 3
2752 2750 197
2754 2752 454
2756 2755 2749
2758 2174 112
2760 140 3
2762 2760 2448
2764 140 2
2766 2764 2254
2768 2767 2763
2770 2769 200
2772 184 3
2774 2772 2448
2776 184 2
2778 2776 2254
2780 2779 2775
2782 2781 200
2784 2174 118
2786 2746 198
2788 2360 372
2790 157 39
2792 2791 342
2794 2793 2789
2796 2794 2787
2798 2797 258
2800 258 200
2802 538 38
2804 2802 2800
2806 2804 31
2808 274 203
2810 2808 2752
2812 240 3
2814 274 156
2816 2814 2812
2818 274 236
2820 2818 2354
2822 2821 2817
2824 2822 2811
2826 2824 2807
2828 2826 2799
2830 2829 29
2832 2804 29
2834 2833 2756
2836 2834 2366
2838 2837 30
2840 2360 262
2842 1154 218
2844 2842 2354
2846 2845 2841
2848 2846 2839
2850 2848 2831
2852 82 3
2854 2852 2541
2856 2854 2026
2858 82 2
2860 2858 2541
2862 78 2
2864 2862 1889
2866 2865 1833
2868 2866 2861
2870 2869 1978
2872 2871 2857
2874 2873 28
2876 2862 584
2878 2854 218
2880 2879 2877
2882 154 3
2884 2882 192
2886 2884 278
2888 236 3
2890 2889 2813
2892 216 154
2894 2892 2891
2896 2895 2887
2898 2896 1830
2900 2898 2880
2902 1154 2
2904 2902 78
2906 2905 2861
2908 2907 260
2910 2852 1126
2912 2911 1839
2914 2858 592
2916 2915 1841
2918 2916 2912
2920 2918 2909
2922 2920 2900
2924 2922 2875
2926 2925 32
2928 78 3
2930 2928 2395
2932 2882 762
2934 2928 2401
2936 2935 2933
2938 2937 312
2940 2897 33
2942 2882 244
2944 2884 1054
2946 194 32
2948 2946 2862
2950 2948 942
2952 2951 2945
2954 2952 2943
2956 2954 2941
2958 2956 2939
2960 2958 2931
2962 2960 2927
2964 192 158
2966 2964 1576
2968 2966 203
2970 342 148
2972 2971 2969
2974 90 12
2976 2903 337
2978 2977 2974
2980 148 12
2982 2980 538
2984 2982 200
2986 2974 538
2988 2986 200
2990 2989 2985
2992 342 158
2994 159 149
2996 2995 336
2998 2997 2993
3000 2998 2990
3002 3000 2979
3004 3002 2972
3006 3005 1978
3008 2974 3
3010 3008 192
3012 2964 1558
3014 3013 3011
3016 3015 198
3018 148 13
3020 3019 159
3022 3021 314
3024 2995 2812
3026 192 148
3028 3026 1558
3030 3028 203
3032 3031 3025
3034 3032 3023
3036 3034 3017
3038 3037 2026
3040 3039 3007
3042 3041 28
3044 3005 260
3046 3008 194
3048 3046 454
3050 386 148
3052 3051 3047
3054 3053 278
3056 3055 3049
3058 2980 386
3060 3059 3014
3062 3061 560
3064 2982 2558
3066 3029 3013
3068 3067 874
3070 3069 3065
3072 3070 3063
3074 3072 3056
3076 3008 312
3078 2812 158
3080 3079 3077
3082 3010 203
3084 2995 314
3086 3085 3083
3088 3086 3080
3090 3089 218
3092 3091 3074
3094 3092 3045
3096 3094 3043
3098 64 33
3100 172 13
3102 84 33
3104 1788 1781
3106 3104 2682
3108 2650 192
3110 2684 192
3112 3111 3109
3114 2582 1702
3116 2582 1598
3118 3117 3115
3120 3119 3113
3122 1632 1530
3124 2704 2598
3126 3125 1519
3128 3126 3123
3130 3128 3121
3132 3130 3106
3134 1717 1707
3136 3134 1684
3138 1738 1664
3140 3138 3136
3142 2731 2601
3144 2708 2598
3146 2576 1668
3148 3146 1680
3150 3149 3145
3152 3150 3142
3154 1751 1729
3156 2665 1747
3158 3156 3154
3160 3158 3152
3162 3160 3140
3164 3146 1674
3166 3165 2725
3168 2689 2594
3170 3168 3166
3172 2712 1592
3174 2717 2655
3176 3174 3172
3178 3176 3170
3180 3178 3162
3182 3180 3132
3184 72 3
3186 731 239
3188 3186 1879
3190 3189 3184
3192 72 2
3194 3192 312
3196 546 72
3198 3197 3195
3200 3199 254
3202 3192 1229
3204 3184 240
3206 3204 216
3208 3207 3203
3210 3208 3201
3212 3210 3191
3214 1735 1649
3216 1751 1591
3218 3216 3214
3220 3218 1642
3222 1791 1737
3224 3222 2717
3226 3224 2698
3228 3226 3220
3230 2729 2625
3232 3149 3125
3234 3232 3230
3236 2636 2598
3238 3146 1776
3240 3239 3237
3242 3240 2594
3244 3242 3234
3246 2707 2639
3248 2690 192
3250 3248 3119
3252 3251 3246
3254 3119 3110
3256 1651 1565
3258 3256 3255
3260 3258 3252
3262 1785 1683
3264 3262 1782
3266 1767 1721
3268 3266 2608
3270 3268 3264
3272 3270 3260
3274 3272 3244
3276 3274 3228
3278 1812 130
3280 3278 528
3282 186 17
3284 260 17
3286 3285 255
3288 3287 2776
3290 3284 1848
3292 2772 17
3294 3292 216
3296 3292 218
3298 1848 254
3300 3299 3297
3302 3300 3295
3304 3302 3291
3306 3304 3289
3308 3307 464
3310 2283 14
3312 456 92
3314 3312 3310
3316 456 40
3318 456 184
3320 3319 3317
3322 3321 3310
3324 476 92
3326 3324 14
3328 3326 942
3330 3326 1860
3332 3331 4
3334 3332 3329
3336 3334 3323
3338 3336 3315
3340 276 14
3342 3320 3313
3344 3343 3340
3346 3326 2800
3348 464 258
3350 476 40
3352 476 184
3354 3353 3351
3356 3355 3348
3358 3357 3347
3360 3358 3345
3362 3361 29
3364 628 16
3366 3364 1850
3368 1584 211
3370 3352 14
3372 3370 3368
3374 1854 446
3376 3375 3373
3378 3376 3367
3380 3378 3363
3382 3380 3338
3384 3382 3309
3386 3324 1184
3388 2776 980
3390 3389 3387
3392 3391 258
3394 2772 962
3396 3394 274
3398 3350 980
3400 3398 258
3402 1852 962
3404 3402 274
3406 3405 3401
3408 3406 3397
3410 3408 3393
3412 3411 29
3414 3312 15
3416 3414 1005
3418 3399 3387
3420 3419 254
3422 3421 3417
3424 3403 3395
3426 3425 216
3428 3316 15
3430 3428 2285
3432 3431 3427
3434 3432 3422
3436 200 15
3438 3436 16
3440 3439 963
3442 3441 254
3444 3438 260
3446 3445 3443
3448 3447 2776
3450 3352 980
3452 3450 254
3454 3319 3313
3456 3436 218
3458 3456 3455
3460 3459 5
3462 3460 3453
3464 3441 1850
3466 3318 15
3468 3466 1005
3470 3469 3465
3472 3470 3462
3474 3472 3449
3476 3474 3434
3478 3476 3413
3480 3479 3385
3482 3146 1690
3484 3483 3145
3486 2620 2598
3488 2731 2641
3490 3488 3487
3492 3490 3484
3494 2711 2623
3496 2656 192
3498 3496 3119
3500 3116 3108
3502 3501 3499
3504 3502 3494
3506 3248 3114
3508 3507 1730
3510 1753 1693
3512 2692 1702
3514 3513 3510
3516 3514 3508
3518 3516 3504
3520 3518 3492
3522 2633 1793
3524 3522 2677
3526 3524 2579
3528 3526 2668
3530 1765 1763
3532 3530 3224
3534 3166 2719
3536 3114 3113
3538 3537 3534
3540 3538 3532
3542 1747 1583
3544 3542 1781
3546 1787 1677
3548 1663 1571
3550 3548 3546
3552 3550 3544
3554 1724 1548
3556 3554 3552
3558 3556 3540
3560 3558 3528
3562 3560 3520
3564 476 138
3566 3564 258
3568 17 3
3570 3568 138
3572 3570 274
3574 3573 3567
3576 3575 198
3578 130 2
3580 138 2
3582 3581 3579
3584 258 198
3586 3579 16
3588 3587 3584
3590 2800 16
3592 3591 3589
3594 3593 3583
3596 130 3
3598 456 138
3600 3599 3597
3602 3601 276
3604 3603 3595
3606 3604 3577
3608 3607 29
3610 198 28
3612 3570 2026
3614 3583 1978
3616 3615 3613
3618 3617 3610
3620 3564 474
3622 3601 1054
3624 3578 16
3626 3624 474
3628 3627 3623
3630 3628 3621
3632 456 130
3634 3633 3599
3636 3635 2280
3638 3637 3630
3640 3638 3619
3642 3640 3609
3644 3643 192
3646 3564 1978
3648 3647 3613
3650 3649 28
3652 3575 29
3654 3653 3651
3656 3580 3284
3658 3657 3654
3660 3659 980
3662 3566 3436
3664 3598 15
3666 3664 428
3668 3667 3663
3670 3439 981
3672 3671 3596
3674 3672 274
3676 3675 3668
3678 3677 29
3680 3664 1005
3682 3578 212
3684 3682 3671
3686 3685 3681
3688 3672 216
3690 3580 3442
3692 3691 3689
3694 3692 3686
3696 3694 3679
3698 3696 3661
3700 3699 5
3702 3701 3645
3704 160 3
3706 3704 2818
3708 418 160
3710 3708 203
3712 36 2
3714 3712 1889
3716 3715 3711
3718 3717 258
3720 3719 3707
3722 3721 29
3724 203 194
3726 3724 254
3728 585 295
3730 3728 3727
3732 3731 3712
3734 334 162
3736 3734 942
3738 206 4
3740 3738 22
3742 3740 628
3744 162 2
3746 3744 3742
3748 3747 3737
3750 36 3
3752 731 691
3754 3752 245
3756 3755 3750
3758 3757 3748
3760 3750 1068
3762 865 649
3764 3763 3744
3766 3765 3761
3768 3766 3758
3770 1889 762
3772 3771 239
3774 3773 3704
3776 3708 1860
3778 3744 254
3780 3778 1889
3782 162 3
3784 3783 3751
3786 3785 238
3788 3787 3781
3790 3788 3777
3792 3790 3775
3794 3792 3768
3796 3794 3733
3798 3796 3723
3800 3799 32
3802 3750 238
3804 3803 3757
3806 3804 3761
3808 3807 33
3810 3750 218
3812 3811 3783
3814 3813 2402
3816 3782 2391
3818 3817 3815
3820 3818 3809
3822 3820 3801
3824 3487 3240
3826 3824 3130
3828 1727 1693
3830 3828 1684
3832 1794 1712
3834 3832 3830
3836 1779 1583
3838 2665 2641
3840 3838 3836
3842 3840 3104
3844 3842 3834
3846 3499 3251
3848 2608 1605
3850 3848 3846
3852 3484 3256
3854 3165 3149
3856 1637 1539
3858 3857 1530
3860 3859 3854
3862 3860 3852
3864 3862 3850
3866 3864 3844
3868 3866 3826
3870 211 3
3872 3870 204
3874 3872 88
3876 3875 213
3878 88 2
3880 3878 192
3882 3880 3610
3884 3878 3724
3886 3885 3883
3888 3887 3877
3890 3874 23
3892 943 647
3894 3892 475
3896 3895 3880
3898 3897 2467
3900 3898 3891
3902 3900 2476
3904 3902 3889
3906 3904 3212
3908 3907 30
3910 2468 198
3912 3192 236
3914 3912 30
3916 3915 3197
3918 200 62
3920 3918 538
3922 3918 334
3924 3923 3921
3926 3924 3195
3928 3926 3916
3930 3928 3911
3932 3931 258
3934 3205 2473
3936 3935 274
3938 3184 2818
3940 2464 276
3942 3941 3939
3944 3942 3937
3946 3944 3933
3948 3947 29
3950 260 31
3952 3950 3912
3954 3184 2842
3956 3955 3953
3958 3192 262
3960 3959 3956
3962 3960 3949
3964 3962 3909
3966 2174 100
3968 122 13
3970 3712 584
3972 3714 212
3974 3973 3971
3976 2717 1768
3978 3494 3246
3980 3978 3976
3982 3980 3244
3984 3850 3492
3986 3984 3982
3988 1735 1717
3990 3988 1788
3992 3990 2698
3994 3534 3121
3996 3994 3992
3998 3996 3528
4000 3998 3986
4002 100 13
4004 4002 386
4006 4004 2026
4008 144 13
4010 4008 334
4012 4010 1978
4014 4013 4007
4016 4015 203
4018 144 12
4020 4002 336
4022 4021 4019
4024 4023 1990
4026 1576 100
4028 4026 204
4030 1576 292
4032 4031 1981
4034 4033 144
4036 4035 22
4038 4036 4029
4040 4038 4025
4042 1558 100
4044 4042 192
4046 386 144
4048 4047 4045
4050 4049 198
4052 2028 144
4054 4053 23
4056 314 144
4058 4042 3724
4060 4059 4057
4062 4060 4054
4064 4062 4051
4066 4065 6
4068 4066 4041
4070 4069 4017
4072 4071 28
4074 4002 342
4076 4010 203
4078 4077 4075
4080 4078 4040
4082 4018 760
4084 2482 100
4086 4008 198
4088 4086 386
4090 4089 23
4092 4090 4085
4094 4092 4083
4096 4042 1889
4098 4056 13
4100 4099 4097
4102 4100 4094
4104 4103 208
4106 4104 4081
4108 4074 254
4110 4004 278
4112 4111 4109
4114 4052 218
4116 4042 1172
4118 4117 4115
4120 4118 4112
4122 4120 4107
4124 4122 4073
4126 1176 170
4128 170 2
4130 4128 260
4132 4130 1154
4134 4133 4127
4136 585 257
4138 4136 295
4140 4139 4128
4142 4141 4134
4144 4128 262
4146 4145 4142
4148 46 2
4150 4148 2370
4152 4151 4142
4154 170 3
4156 4154 216
4158 4154 218
4160 4159 4157
4162 4161 292
4164 4163 4145
4166 1063 219
4168 4154 243
4170 4168 4167
4172 4171 1481
4174 4172 4164
4176 46 3
4178 4176 762
4180 4179 1483
4182 4181 1889
4184 4181 236
4186 116 3
4188 4186 238
4190 4156 236
4192 4191 1487
4194 4192 4189
4196 4194 4185
4198 4196 4183
4200 4198 4174
4202 4200 4152
4204 4203 32
4206 4191 4163
4208 4206 4171
4210 4209 33
4212 2403 2390
4214 4213 4186
4216 4156 312
4218 4158 2402
4220 4219 4217
4222 4220 4215
4224 4222 4211
4226 4224 4205
4228 2719 1626
4230 2661 2579
4232 4230 4228
4234 1711 1649
4236 1779 1727
4238 4236 4234
4240 1794 1572
4242 4240 4238
4244 4242 4232
4246 3266 2697
4248 3859 3510
4250 4248 4246
4252 4250 2646
4254 4252 4244
4256 1751 1663
4258 2731 2581
4260 4258 4256
4262 3854 1684
4264 4262 4260
4266 4265 32
4268 2729 2607
4270 4268 3483
4272 4270 3530
4274 3846 3824
4276 4274 4272
4278 4276 4267
4280 4278 4254
4282 456 180
4284 4282 3436
4286 456 140
4288 4286 1184
4290 180 3
4292 4291 2761
4294 4293 962
4296 4295 4289
4298 4296 4285
4300 4299 274
4302 2764 962
4304 180 2
4306 4305 2765
4308 4307 16
4310 4308 1184
4312 4311 4303
4314 4313 258
4316 4315 4301
4318 4317 29
4320 4304 212
4322 3438 254
4324 4323 963
4326 4325 4320
4328 4297 216
4330 4329 5
4332 4330 4327
4334 4308 980
4336 476 140
4338 4336 3436
4340 4339 4303
4342 4340 4335
4344 4343 254
4346 203 132
4348 4346 476
4350 4348 212
4352 4346 456
4354 4352 762
4356 4355 4351
4358 4282 1005
4360 4359 4356
4362 4361 15
4364 4363 4345
4366 4364 4332
4368 4366 4319
4370 4286 2280
4372 4371 4356
4374 4373 14
4376 4336 1214
4378 4290 762
4380 4378 446
4382 2760 802
4384 4383 4381
4386 4384 4377
4388 3365 447
4390 4307 258
4392 4390 4389
4394 4308 3348
4396 4283 2761
4398 4397 3340
4400 4399 4395
4402 4400 4393
4404 4403 29
4406 4282 3310
4408 4307 464
4410 4304 3364
4412 4411 4409
4414 4413 254
4416 4415 4
4418 4416 4407
4420 4418 4405
4422 4420 4386
4424 4422 4375
4426 4425 4369
4428 120 33
4430 2862 2370
4432 174 13
4434 60 13
4436 4379 4321
4438 4437 528
4440 1812 138
4442 4440 528
4444 2174 70
4446 3438 2450
4448 456 178
4450 4448 15
4452 4450 200
4454 166 3
4456 4455 2451
4458 4457 962
4460 4459 4453
4462 4460 4447
4464 4461 216
4466 4465 219
4468 4467 4463
4470 476 178
4472 4470 1184
4474 2454 962
4476 4475 4473
4478 166 2
4480 4478 3441
4482 4481 4476
4484 4483 212
4486 456 166
4488 4486 15
4490 4488 2285
4492 456 108
4494 4492 15
4496 4494 278
4498 4497 5
4500 4494 454
4502 476 108
4504 4502 3436
4506 4504 212
4508 4507 4501
4510 4508 4498
4512 4450 976
4514 476 166
4516 4515 4503
4518 980 212
4520 4518 4517
4522 4521 4513
4524 4522 4510
4526 4524 4491
4528 4526 4485
4530 4528 4469
4532 4478 464
4534 4532 3287
4536 2450 17
4538 4487 4449
4540 4538 4537
4542 4541 802
4544 4517 14
4546 4544 3368
4548 4547 4543
4550 4548 4535
4552 4470 14
4554 1861 943
4556 4554 647
4558 4557 4552
4560 762 628
4562 4538 4493
4564 4563 4560
4566 4454 17
4568 4567 4493
4570 4569 802
4572 4571 4
4574 4572 4565
4576 4574 4559
4578 4576 4550
4580 3287 2454
4582 4457 986
4584 4583 4581
4586 4585 464
4588 4563 3340
4590 4544 3584
4592 4591 4589
4594 4593 29
4596 4595 4587
4598 4596 4578
4600 4599 4531
4602 188 17
4604 58 17
4606 3781 3748
4608 4606 3765
10 1 1
4610 172 186
4612 81 4611
4614 81 4613
4616 122 80
4618 123 4615
4620 4617 4619
4622 176 4621
4624 4623 176
4626 135 4625
4628 135 4627
4630 69 4629
4632 69 4631
4634 169 4633
4636 169 4635
4638 151 4636
4640 151 4639
12 4641 4641
26 1 1
28 0 0
4642 176 80
4644 176 4621
4646 134 4642
4648 135 4644
4650 4647 4649
4652 68 4642
4654 69 4651
4656 4653 4655
4658 168 4642
4660 169 4657
4662 4659 4661
4664 150 4642
4666 151 4663
4668 4665 4667
30 4669 4669
32 168 168
24 1 1
22 0 0
20 1 1
18 0 0
4670 176 80
4672 4671 176
4674 134 4673
4676 4675 134
4678 68 176
4680 69 4676
4682 4679 4681
4684 168 68
4686 169 4683
4688 4685 4687
4690 150 68
4692 151 4689
4694 4691 4693
16 4695 4695
14 5 5
i0 r_3
i1 r_0
i2 r_1
i3 r_2
l0 __bad __qdead
l1 __q11k1
l2 __q14k4
l3 __q13k1
l4 __q2k3
l5 __q2k2
l6 __q15k2
l7 __q17k0
l8 __q8k2
l9 __q2k1
l10 __q14k2
l11 __q6k1
l12 __q3k4
l13 __q5k4
l14 __q14k1
l15 __q4k2
l16 __q2k4
l17 __q3k0
l18 __q12k2
l19 __q8k1
l20 __q14k3
l21 __q10k4
l22 __q7k3
l23 __q2k0
l24 __q15k3
l25 __q4k4
l26 __q12k0
l27 __q18k1
l28 __q16k3
l29 __q17k1
l30 __q18k0
l31 __q18k2
l32 __q6k0
l33 __q6k4
l34 __q16k2
l35 __q18k3
l36 __q16k0
l37 __q13k2
l38 __q13k0
l39 __q12k1
l40 __q8k3
l41 __q7k2
l42 __q6k2
l43 __q4k1
l44 __q5k1
l45 __q4k3
l46 __q11k4
l47 __q14k0
l48 __q13k4
l49 __q17k3
l50 __q3k1
l51 __q9k0
l52 __q9k4
l53 __q9k3
l54 __q7k0
l55 __q12k4
l56 __q8k0
l57 __q12k3
l58 __q5k0
l59 __q15k0
l60 __q11k3
l61 __q8k4
l62 __q6k3
l63 __q15k1
l64 __q7k1
l65 __q7k4
l66 __q9k2
l67 __q4k0
l68 __q11k2
l69 __q5k2
l70 __q5k3
l71 !__q0k4
l72 __q17k2
l73 __q13k3
l74 __q16k1
l75 __q9k1
l76 __q3k2
l77 __q3k3
l78 __q11k0
o0 __vp1_0
o1 g_0
o2 __vp2_0
o3 __d1_r_1
o4 g_1
o5 g_3
o6 __vp4_0
o7 __d1_r_3
o8 __vp3_0
o9 __d1_r_2
o10 g_2
o11 __d1_r_0
c
Generated by Yosys 0.7+217 (git sha1 5442554, clang 3.8.0-2ubuntu4 -fPIC -Os)

