15:59:44  Namespace(bound=32, dot=None, incr=True, log=None, maxK=0, moore=True, size=0, spec='./experiments-for-synt/postponed_arbiter_4_k5.tlsf', spot=True, tmp=False, unreal=False, verbose=0)
15:59:45  created z3 process: 26295
16:00:12  automaton size is: 67
16:00:13  using CoBuchiEncoder
16:00:13  search
16:00:13  searching a model of size 1..
16:00:27  solving the query..
16:00:36  searching a model of size 2..
16:00:50  solving the query..
16:01:08  searching a model of size 3..
16:01:22  solving the query..
16:02:33  searching a model of size 4..
16:02:47  solving the query..
16:06:16  searching a model of size 5..
16:06:30  solving the query..
17:45:35  parse_model
17:45:35  searching a model took (sec): 6321
17:45:35  FOUND model for sys of size 5
17:45:35  digraph module {
 rankdir=LR;

"0" [label="-__vp4_2 -__d3_r_0 -__d5_r_2 -__vp3_1 __vp2_1 __vp4_0 __d1_r_3 -__d4_r_3 -__d3_r_2 -__d2_r_3 -__vp1_1 -__vp4_1 __d2_r_0 -__d5_r_0 __d1_r_1 -__d3_r_3 -__d5_r_3 -__d3_r_1 -g_2 -__d2_r_2 -g_3 -__vp2_0 -__d5_r_1 -__vp2_2 -__d4_r_0 -__d4_r_1 -__vp3_2 __d1_r_2 -g_0 __vp1_2 __vp3_0 -g_1 -__d4_r_2 -__d1_r_0 -__vp1_0 __d2_r_1\n0", fillcolor="green", style=filled]
"1" [label="-__vp4_2 -__d3_r_0 -__d5_r_2 -__vp3_1 -__vp2_1 __vp4_0 -__d1_r_3 -__d4_r_3 -__d3_r_2 -__d2_r_3 -__vp1_1 -__vp4_1 -__d2_r_0 -__d5_r_0 -__d1_r_1 -__d3_r_3 -__d5_r_3 -__d3_r_1 -g_2 -__d2_r_2 -g_3 __vp2_0 -__d5_r_1 -__vp2_2 -__d4_r_0 -__d4_r_1 -__vp3_2 __d1_r_2 g_0 -__vp1_2 __vp3_0 -g_1 -__d4_r_2 -__d1_r_0 __vp1_0 __d2_r_1\n1"]
"2" [label="-__vp4_2 -__d3_r_0 -__d5_r_2 -__vp3_1 -__vp2_1 __vp4_0 __d1_r_3 -__d4_r_3 -__d3_r_2 -__d2_r_3 -__vp1_1 -__vp4_1 -__d2_r_0 __d5_r_0 __d1_r_1 -__d3_r_3 __d5_r_3 -__d3_r_1 g_2 -__d2_r_2 -g_3 __vp2_0 __d5_r_1 -__vp2_2 -__d4_r_0 -__d4_r_1 -__vp3_2 -__d1_r_2 -g_0 __vp1_2 __vp3_0 -g_1 -__d4_r_2 __d1_r_0 -__vp1_0 -__d2_r_1\n2"]
"3" [label="-__vp4_2 -__d3_r_0 __d5_r_2 -__vp3_1 -__vp2_1 __vp4_0 -__d1_r_3 -__d4_r_3 -__d3_r_2 -__d2_r_3 -__vp1_1 -__vp4_1 -__d2_r_0 -__d5_r_0 -__d1_r_1 -__d3_r_3 -__d5_r_3 -__d3_r_1 -g_2 -__d2_r_2 g_3 __vp2_0 __d5_r_1 -__vp2_2 __d4_r_0 -__d4_r_1 -__vp3_2 -__d1_r_2 -g_0 -__vp1_2 __vp3_0 -g_1 -__d4_r_2 -__d1_r_0 __vp1_0 -__d2_r_1\n3"]
"4" [label="-__vp4_2 -__d3_r_0 -__d5_r_2 -__vp3_1 -__vp2_1 __vp4_0 -__d1_r_3 -__d4_r_3 -__d3_r_2 -__d2_r_3 -__vp1_1 -__vp4_1 -__d2_r_0 -__d5_r_0 -__d1_r_1 -__d3_r_3 -__d5_r_3 -__d3_r_1 -g_2 -__d2_r_2 -g_3 __vp2_0 -__d5_r_1 -__vp2_2 __d4_r_0 -__d4_r_1 -__vp3_2 -__d1_r_2 -g_0 -__vp1_2 __vp3_0 g_1 -__d4_r_2 __d1_r_0 __vp1_0 -__d2_r_1\n4"]
"0" -> "1" [label="1"]
"2" -> "0" [label="r_2 r_1 r_3"]
"2" -> "0" [label="-r_2 r_1 r_0"]
"2" -> "0" [label="r_2 -r_1 r_0"]
"2" -> "0" [label="-r_2 r_1 -r_3"]
"2" -> "0" [label="-r_2 -r_1 -r_0"]
"2" -> "0" [label="-r_2 -r_0 -r_3"]
"1" -> "3" [label="1"]
"4" -> "2" [label="1"]
"3" -> "4" [label="1"]
"2" -> "1" [label="r_2 r_1 -r_3"]
"2" -> "1" [label="-r_2 -r_1 r_0"]
"2" -> "1" [label="r_2 -r_1 -r_0"]
"2" -> "1" [label="r_3 -r_2 r_1 -r_0"]
}
