15:59:44  Namespace(bound=32, dot=None, incr=True, log=None, maxK=0, moore=True, size=0, spec='./experiments-for-synt/postponed_arbiter_3_k4.tlsf', spot=True, tmp=False, unreal=False, verbose=0)
15:59:45  created z3 process: 26280
15:59:45  automaton size is: 42
15:59:46  using CoBuchiEncoder
15:59:46  search
15:59:46  searching a model of size 1..
15:59:47  solving the query..
15:59:47  searching a model of size 2..
15:59:48  solving the query..
15:59:49  searching a model of size 3..
15:59:50  solving the query..
15:59:54  searching a model of size 4..
15:59:55  solving the query..
16:00:43  parse_model
16:00:43  searching a model took (sec): 57
16:00:43  FOUND model for sys of size 4
16:00:43  digraph module {
 rankdir=LR;

"0" [label="__vp3_0 -__d3_r_1 -__vp1_2 __vp1_0 -__d2_r_0 -__vp2_2 __d1_r_1 -g_1 -__vp2_0 __vp2_1 __d2_r_1 -__d4_r_1 __d1_r_2 -g_0 -__d4_r_2 -__d3_r_2 -g_2 -__d4_r_0 -__vp1_1 -__vp3_1 -__vp3_2 -__d1_r_0 -__d3_r_0 __d2_r_2\n0", fillcolor="green", style=filled]
"1" [label="__vp3_0 -__d3_r_1 -__vp1_2 __vp1_0 __d2_r_0 -__vp2_2 -__d1_r_1 -g_1 __vp2_0 -__vp2_1 -__d2_r_1 -__d4_r_1 -__d1_r_2 -g_0 __d4_r_2 -__d3_r_2 g_2 -__d4_r_0 -__vp1_1 -__vp3_1 -__vp3_2 __d1_r_0 -__d3_r_0 -__d2_r_2\n1"]
"2" [label="__vp3_0 -__d3_r_1 -__vp1_2 __vp1_0 __d2_r_0 -__vp2_2 -__d1_r_1 g_1 __vp2_0 -__vp2_1 -__d2_r_1 __d4_r_1 __d1_r_2 -g_0 -__d4_r_2 -__d3_r_2 -g_2 -__d4_r_0 -__vp1_1 -__vp3_1 -__vp3_2 __d1_r_0 -__d3_r_0 __d2_r_2\n2"]
"3" [label="-__vp3_0 -__d3_r_1 -__vp1_2 -__vp1_0 -__d2_r_0 -__vp2_2 __d1_r_1 -g_1 -__vp2_0 __vp2_1 __d2_r_1 __d4_r_1 __d1_r_2 g_0 -__d4_r_2 -__d3_r_2 -g_2 __d4_r_0 __vp1_1 __vp3_1 -__vp3_2 -__d1_r_0 -__d3_r_0 -__d2_r_2\n3"]
"1" -> "2" [label="1"]
"2" -> "0" [label="-r_0"]
"2" -> "0" [label="r_1 -r_2"]
"2" -> "0" [label="-r_1 r_2"]
"0" -> "3" [label="1"]
"3" -> "1" [label="1"]
"2" -> "3" [label="r_1 r_2 r_0"]
"2" -> "3" [label="-r_1 -r_2 r_0"]
}
