09:27:17  Namespace(maxK=8, minK=2, moore=False, output=None, spec='./experiments-for-synt/postponed_arbiter_3_k3.tlsf', unreal=False, verbose=0)
09:27:18  UCW automaton has 33 states
09:27:18  setting k to 2...
09:27:18  k_reduce
09:27:18  k-LA automaton has 84 states
09:27:18  atm_to_verilog
09:27:18  verilog_to_aiger
09:28:17  synthesize
09:28:17  executing sdf...
09:28:22  sdf completed
09:28:22  setting k to 4...
09:28:22  k_reduce
09:28:22  k-LA automaton has 144 states
09:28:22  atm_to_verilog
09:28:22  verilog_to_aiger
09:29:34  synthesize
09:29:34  executing sdf...
09:58:34  sdf completed
REALIZABLE
aag 5073 3 144 18 4926
2
4
6
44 1843
46 1844
48 1848
50 1852
52 1907
54 1985
56 1986
58 1992
60 1996
62 2000
64 2008
66 2014
68 2061
70 2083
72 2101
74 2104
76 2106
78 2108
80 2297
82 2331
84 2342
86 2365
88 2851
90 2869
92 2915
94 2304
96 2928
98 2977
100 2980
102 2984
104 3002
106 3077
108 3078
110 3086
112 3088
114 3101
116 1910
118 3102
120 3191
122 3192
124 3194
126 3205
128 3935
130 3945
132 3946
134 3991
136 4053
138 4123
140 4134
142 4138
144 4140
146 4177
148 4209
150 4657
152 1
154 4658
156 4660
158 4664
160 4693
162 4694
164 4698
166 4707
168 4708
170 4713
172 4714
174 4743
176 4744
178 4755
180 4797
182 4881
184 4882
186 1870
188 4906
190 4846
192 4965
194 5292
196 5303
198 5360
200 5411
202 5412
204 5414
206 5416
208 5467
210 5470
212 5484
214 5771
216 5825
218 6078
220 6087
222 6105
224 6109
226 6173
228 4672
230 6182
232 6639
234 6656
236 6660
238 6719
240 6720
242 6938
244 6943
246 6944
248 6946
250 6964
252 2944
254 6112
256 6968
258 7225
260 7519
262 7601
264 7693
266 3147
268 7694
270 7698
272 4844
274 7703
276 7707
278 8083
280 8100
282 8123
284 8124
286 8463
288 8469
290 8745
292 8746
294 8763
296 8764
298 8801
300 8832
302 8873
304 8874
306 8876
308 8888
310 8969
312 8970
314 9201
316 9233
318 9401
320 7520
322 9404
324 9521
326 9522
328 9859
330 10121
8
10
12
14
16
18
20
22
36
38
40
42
34
32
30
28
26
24
332 42 6
334 332 5
336 25 3
338 336 34
340 338 64
342 340 334
344 7 5
346 24 2
348 347 337
350 349 35
352 350 310
354 346 35
356 354 58
358 357 353
360 354 64
362 336 35
364 362 64
366 362 58
368 367 365
370 368 361
372 371 42
374 373 358
376 375 344
378 377 343
380 379 27
382 12 2
384 22 4
386 384 7
388 322 8
390 388 21
392 390 386
394 344 23
396 21 9
398 396 96
400 398 394
402 401 393
404 7 4
406 21 8
408 406 404
410 408 316
412 396 300
414 412 394
416 415 411
418 416 402
420 22 5
422 420 7
424 422 398
426 22 6
428 426 5
430 20 9
432 430 322
434 432 428
436 435 425
438 396 344
440 438 22
442 440 322
444 20 6
446 444 384
448 446 388
450 6 4
452 20 8
454 452 450
456 454 96
458 457 449
460 458 443
462 460 436
464 462 418
466 465 382
468 454 382
470 468 116
472 438 13
474 472 116
476 474 3
478 39 4
480 6 3
482 480 18
484 482 478
486 254 40
488 486 484
490 39 5
492 490 482
494 254 41
496 494 492
498 497 489
500 498 477
502 500 471
504 503 42
506 455 439
508 507 118
510 508 13
512 510 30
514 43 7
516 19 5
518 516 39
520 518 494
522 19 4
524 522 39
526 524 486
528 527 521
530 226 41
532 530 518
534 226 40
536 534 524
538 537 533
540 538 528
542 541 514
544 543 513
546 545 3
548 547 505
550 548 467
552 38 3
554 39 2
556 555 553
558 556 6
560 41 4
562 40 5
564 563 561
566 564 18
568 566 558
570 568 90
572 27 5
574 572 7
576 354 82
578 366 43
580 579 577
582 581 574
584 583 571
586 26 4
588 586 7
590 588 576
592 586 6
594 346 34
596 594 82
598 596 592
600 599 591
602 601 30
604 13 2
606 12 3
608 607 605
610 408 96
612 9 5
614 612 444
616 614 96
618 383 23
620 619 616
622 621 611
624 623 608
626 625 603
628 626 584
630 13 3
632 408 300
634 614 300
636 634 22
638 637 633
640 639 630
642 350 58
644 354 66
646 362 134
648 647 645
650 648 643
652 651 588
654 653 641
656 450 42
658 656 340
660 658 26
662 588 42
664 662 360
666 665 661
668 572 6
670 594 134
672 338 58
674 673 671
676 594 58
678 677 597
680 678 674
682 681 668
684 683 666
686 684 654
688 686 628
690 507 42
692 614 42
694 42 4
696 694 7
698 696 406
700 699 693
702 700 691
704 630 76
706 704 703
708 594 66
710 349 34
712 710 310
714 713 709
716 715 668
718 717 707
720 31 3
722 720 510
724 534 484
726 530 492
728 727 725
730 729 42
732 731 723
734 732 718
736 37 23
738 153 31
740 738 15
742 17 10
744 43 28
746 744 742
748 746 740
750 740 32
752 43 29
754 752 742
756 754 750
758 757 749
760 759 736
762 17 11
764 763 31
766 80 23
768 766 43
770 43 31
772 153 23
774 772 770
776 775 769
778 777 762
780 80 43
782 780 22
784 42 23
786 784 80
788 787 783
790 788 779
792 791 765
794 793 761
796 35 7
798 34 6
800 799 797
802 801 336
804 802 22
806 594 426
808 807 805
810 587 573
812 811 168
814 812 809
816 338 134
818 817 709
820 818 673
822 821 592
824 823 815
826 824 794
828 826 734
830 828 688
832 830 550
834 832 381
836 19 6
838 18 7
840 839 837
842 840 556
844 842 564
846 844 136
848 9 4
850 8 5
852 851 849
854 852 30
856 21 6
858 20 7
860 859 857
862 860 13
864 862 854
866 864 3
868 8 4
870 868 860
872 382 30
874 872 870
876 875 867
878 877 240
880 7 2
882 38 4
884 882 19
886 535 487
888 887 884
890 516 38
892 890 494
894 890 530
896 895 893
898 897 42
900 899 889
902 901 880
904 903 879
906 904 847
908 616 23
910 909 436
912 910 449
914 913 630
916 43 3
918 408 13
920 919 473
922 921 916
924 690 382
926 925 923
928 927 54
930 929 915
932 690 76
934 507 316
936 935 933
938 937 382
940 588 30
942 940 354
944 31 6
946 944 586
948 946 338
950 30 6
952 950 572
954 952 594
956 955 949
958 956 943
960 959 46
962 961 939
964 962 930
966 964 906
968 811 6
970 968 338
972 801 346
974 972 811
976 588 362
978 977 975
980 978 971
982 981 94
984 18 6
986 41 5
988 39 3
990 988 102
992 990 986
994 992 984
996 995 983
998 997 30
1000 614 316
1002 1001 457
1004 1002 443
1006 634 23
1008 1007 935
1010 1008 1004
1012 633 611
1014 1013 22
1016 408 118
1018 422 412
1020 454 300
1022 1021 1019
1024 1022 1017
1026 1024 1015
1028 1026 418
1030 1028 1010
1032 1031 630
1034 1033 999
1036 1034 966
1038 840 564
1040 38 2
1042 1040 222
1044 1042 1038
1046 573 23
1048 1047 811
1050 66 6
1052 1050 338
1054 1052 1048
1056 1055 1045
1058 28 22
1060 1058 43
1062 80 31
1064 1062 15
1066 742 37
1068 1066 1064
1070 1068 1060
1072 594 46
1074 1072 968
1076 1075 1071
1078 1076 1056
1080 592 310
1082 1080 594
1084 951 840
1086 1084 992
1088 1087 1083
1090 1000 872
1092 15 10
1094 1092 32
1096 1094 80
1098 43 17
1100 1098 29
1102 1100 736
1104 1102 1096
1106 1105 1091
1108 1106 1088
1110 1108 1078
1112 34 3
1114 1112 572
1116 82 25
1118 1116 1114
1120 1118 950
1122 40 4
1124 1122 984
1126 1124 990
1128 1126 30
1130 1129 1121
1132 614 382
1134 1132 118
1136 630 450
1138 452 116
1140 1138 1136
1142 1141 1135
1144 1142 1130
1146 31 2
1148 1147 556
1150 19 7
1152 1122 102
1154 1152 1150
1156 1154 1148
1158 7 3
1160 1158 42
1162 1160 536
1164 1163 1157
1166 1016 382
1168 39 22
1170 244 19
1172 1170 1168
1174 1158 1122
1176 1174 1172
1178 1177 1167
1180 1178 1164
1182 1180 1144
1184 1182 1110
1186 662 364
1188 564 38
1190 42 2
1192 1190 1150
1194 1192 158
1196 1194 1188
1198 1197 1187
1200 23 6
1202 1200 572
1204 1202 816
1206 670 592
1208 1207 1205
1210 1208 1198
1212 42 3
1214 158 39
1216 1214 1212
1218 1216 1038
1220 23 7
1222 1220 572
1224 1222 644
1226 1225 1219
1228 31 16
1230 42 29
1232 1230 1228
1234 1232 766
1236 1234 33
1238 354 7
1240 811 46
1242 1240 1238
1244 1243 1237
1246 1244 1226
1248 1246 1210
1250 438 12
1252 1190 116
1254 1252 1250
1256 22 7
1258 1256 572
1260 1258 644
1262 1261 1255
1264 572 30
1266 35 25
1268 1266 1158
1270 1268 1264
1272 1270 94
1274 1222 354
1276 1274 134
1278 1277 1273
1280 1278 1262
1282 43 16
1284 1282 29
1286 1284 736
1288 1286 750
1290 572 42
1292 1290 6
1294 1292 672
1296 1295 1289
1298 13 6
1300 1298 5
1302 1300 430
1304 118 3
1306 1304 1302
1308 852 444
1310 382 300
1312 1310 1308
1314 1313 1307
1316 1314 1296
1318 1316 1280
1320 1318 1248
1322 1320 1184
1324 46 25
1326 1324 1114
1328 1326 950
1330 1040 102
1332 1330 1038
1334 1333 1329
1336 774 16
1338 28 15
1340 1338 37
1342 1340 1336
1344 426 338
1346 811 134
1348 1346 1344
1350 1349 1343
1352 1350 1334
1354 35 3
1356 1354 7
1358 1356 811
1360 1358 1116
1362 984 564
1364 255 227
1366 1365 1040
1368 1366 1362
1370 1369 1361
1372 1098 10
1374 1372 766
1376 33 29
1378 1377 1341
1380 1379 1374
1382 158 38
1384 1190 984
1386 1384 1382
1388 1386 564
1390 1389 1381
1392 1390 1370
1394 1392 1352
1396 614 608
1398 1212 918
1400 1399 1397
1402 1401 54
1404 1052 586
1406 452 54
1408 1406 1136
1410 1132 316
1412 1411 1409
1414 1412 1405
1416 1414 1403
1418 1416 1394
1420 872 860
1422 612 240
1424 1422 1420
1426 950 586
1428 1426 1112
1430 1428 1116
1432 1431 1425
1434 1160 532
1436 117 55
1438 1437 468
1440 1439 1435
1442 1440 1432
1444 1126 31
1446 1376 1336
1448 1447 1445
1450 880 43
1452 1450 892
1454 986 880
1456 38 22
1458 1456 1170
1460 1458 1454
1462 1461 1453
1464 1462 1448
1466 1464 1442
1468 988 222
1470 1468 1362
1472 21 7
1474 1472 12
1476 1474 868
1478 1190 54
1480 1479 1253
1482 1481 1476
1484 1483 1471
1486 42 28
1488 1486 23
1490 1488 1068
1492 986 2
1494 244 18
1496 1494 1456
1498 1496 6
1500 1498 1492
1502 1501 1491
1504 1502 1484
1506 1212 54
1508 1506 472
1510 354 134
1512 1510 1258
1514 1513 1509
1516 1450 894
1518 1426 1072
1520 1519 1517
1522 1520 1514
1524 1522 1504
1526 1524 1466
1528 1526 1418
1530 1528 1322
1532 48 30
1534 1532 844
1536 508 382
1538 1537 1535
1540 1134 30
1542 952 596
1544 1543 1541
1546 1544 1538
1548 630 408
1550 1549 1397
1552 1551 116
1554 811 332
1556 1554 594
1558 1556 64
1560 1559 1553
1562 1256 354
1564 1562 812
1566 1122 30
1568 1566 1042
1570 1468 564
1572 1571 1569
1574 1573 1150
1576 1575 1565
1578 1576 1560
1580 1578 1546
1582 1019 633
1584 1583 382
1586 1064 32
1588 1586 37
1590 29 16
1592 1590 784
1594 1284 22
1596 1595 1593
1598 1597 1588
1600 588 352
1602 1601 1599
1604 1602 1585
1606 1160 529
1608 1607 728
1610 916 474
1612 564 556
1614 1612 1150
1616 1614 90
1618 1617 1611
1620 1618 1608
1622 1620 1604
1624 1622 1580
1626 676 592
1628 1080 338
1630 1629 1627
1632 1630 498
1634 615 409
1636 1635 42
1638 382 76
1640 1638 1636
1642 362 66
1644 1643 647
1646 1645 574
1648 1647 1641
1650 1648 1632
1652 42 22
1654 1652 80
1656 108 43
1658 1657 45
1660 144 31
1662 312 23
1664 1663 1661
1666 1664 1658
1668 1666 1655
1670 1326 944
1672 1486 1228
1674 23 15
1676 80 37
1678 1676 1674
1680 1678 1672
1682 1681 1671
1684 1682 1668
1686 948 82
1688 42 17
1690 1688 29
1692 736 10
1694 1692 1690
1696 1694 1586
1698 1697 1687
1700 1698 1684
1702 1118 944
1704 1058 770
1706 16 15
1708 1706 1676
1710 1708 1704
1712 1711 1703
1714 1678 1377
1716 1714 1282
1718 1376 770
1720 772 742
1722 1720 1718
1724 1723 1717
1726 1724 1712
1728 23 16
1730 1728 780
1732 1730 1376
1734 770 23
1736 1735 153
1738 1737 1733
1740 80 10
1742 22 17
1744 1742 1740
1746 1744 1718
1748 1494 1168
1750 986 480
1752 1750 1748
1754 1753 1747
1756 1754 1738
1758 1756 1726
1760 1758 1700
1762 1760 1650
1764 986 3
1766 1764 1172
1768 1122 2
1770 1768 1458
1772 1771 1767
1774 1773 7
1776 1740 31
1778 1688 23
1780 1778 1776
1782 1228 782
1784 1783 1781
1786 1785 1376
1788 1787 1775
1790 1643 1511
1792 1791 588
1794 1429 1359
1796 1795 1324
1798 1797 1793
1800 1798 1788
1802 1477 1251
1804 43 2
1806 1804 1437
1808 1806 1803
1810 1809 600
1812 1122 3
1814 1812 1748
1816 1768 1496
1818 1817 1815
1820 1819 6
1822 22 10
1824 1822 1100
1826 1824 1588
1828 1827 1821
1830 1828 1810
1832 1830 1800
1834 1832 1762
1836 1834 1624
1838 1836 1530
1840 1838 1036
1842 1840 834
1844 974 68
1846 1040 210
1848 1846 1038
1850 968 710
1852 1850 52
1854 338 290
1856 1854 334
1858 355 43
1860 344 260
1862 1860 350
1864 1862 1859
1866 1865 1857
1868 1867 27
1870 1850 260
1872 594 290
1874 1872 968
1876 1854 592
1878 1877 1875
1880 1878 1871
1882 1881 42
1884 572 43
1886 336 260
1888 1886 796
1890 1888 1884
1892 260 26
1894 1893 291
1896 811 7
1898 1896 350
1900 1898 1895
1902 1901 1891
1904 1902 1883
1906 1904 1869
1908 1308 608
1910 1908 216
1912 1910 42
1914 454 13
1916 1914 132
1918 1917 293
1920 1915 1303
1922 1921 1212
1924 1922 1919
1926 1925 1913
1928 382 292
1930 1928 703
1932 1804 613
1934 1933 857
1936 404 8
1938 1937 1935
1940 333 20
1942 1941 605
1944 450 3
1946 1945 607
1948 1946 132
1950 857 852
1952 1951 1805
1954 1953 1948
1956 1954 1942
1958 1956 1939
1960 396 216
1962 1960 344
1964 408 216
1966 1965 1963
1968 1967 608
1970 438 42
1972 1971 699
1974 630 292
1976 1974 1973
1978 1977 1969
1980 1978 1959
1982 1980 1931
1984 1982 1926
1986 138 43
1988 811 182
1990 798 349
1992 1990 1988
1994 1122 194
1996 1994 842
1998 984 242
2000 1998 1612
2002 338 190
2004 594 190
2006 2005 2003
2008 2007 968
2010 801 349
2012 2010 586
2014 2012 146
2016 349 220
2018 346 200
2020 2019 2017
2022 811 34
2024 2022 950
2026 2024 2021
2028 811 30
2030 2028 2016
2032 336 200
2034 2032 811
2036 2018 1264
2038 2037 2035
2040 2038 2031
2042 2041 796
2044 971 943
2046 2045 200
2048 31 24
2050 2049 126
2052 2050 811
2054 2052 2010
2056 2055 2047
2058 2056 2043
2060 2058 2027
2062 852 608
2064 23 4
2066 2065 318
2068 2066 860
2070 2068 2062
2072 1950 607
2074 2065 605
2076 2074 2072
2078 859 314
2080 2078 2076
2082 2081 2071
2084 1122 7
2086 2084 556
2088 294 19
2090 2088 2086
2092 556 18
2094 1122 6
2096 2094 294
2098 2096 2092
2100 2099 2091
2102 984 330
2104 2102 1612
2106 1908 132
2108 568 74
2110 1586 36
2112 2110 1824
2114 766 14
2116 2114 1282
2118 2116 28
2120 32 14
2122 2120 766
2124 2122 1232
2126 2125 2119
2128 2126 2113
2130 28 14
2132 2130 1780
2134 2130 770
2136 2134 1720
2138 2137 2133
2140 36 15
2142 2140 766
2144 2142 1672
2146 2134 1744
2148 2147 2145
2150 2148 2138
2152 2150 2128
2154 2140 742
2156 2154 1062
2158 2156 1060
2160 32 29
2162 2160 2116
2164 2130 1782
2166 2165 2163
2168 2166 2159
2170 2156 1488
2172 32 23
2174 14 10
2176 2174 1062
2178 2176 2172
2180 2178 1690
2182 2181 2171
2184 2182 2168
2186 2184 2152
2188 2130 1374
2190 2142 1282
2192 2190 28
2194 2193 2189
2196 2122 754
2198 2190 2160
2200 2199 2197
2202 36 23
2204 2202 1100
2206 2204 1096
2208 43 32
2210 2208 29
2212 2174 738
2214 2212 17
2216 2214 23
2218 2216 2210
2220 2219 2207
2222 2220 2200
2224 2222 2194
2226 2120 29
2228 2226 1336
2230 2140 28
2232 2231 2227
2234 2233 1782
2236 2235 2229
2238 2236 2224
2240 2238 2186
2242 36 10
2244 2242 1586
2246 2244 23
2248 2246 1690
2250 2114 1672
2252 2110 1592
2254 2253 2251
2256 2254 2249
2258 763 43
2260 36 29
2262 2260 23
2264 2262 2258
2266 2264 750
2268 2202 748
2270 1728 153
2272 2270 2134
2274 2273 2269
2276 2274 2267
2278 2110 1594
2280 2120 1062
2282 2280 1824
2284 2283 2279
2286 2284 2276
2288 1375 1337
2290 2289 2230
2292 2291 2286
2294 2292 2256
2296 2294 2240
2298 811 2
2300 801 24
2302 2300 122
2304 2302 2298
2306 2305 1845
2308 1899 1851
2310 2309 256
2312 2311 2306
2314 2313 30
2316 811 802
2318 2316 68
2320 122 25
2322 1112 968
2324 2323 1899
2326 2325 2320
2328 2327 2319
2330 2328 2315
2332 42 18
2334 2333 6
2336 331 243
2338 2337 839
2340 2338 2335
2342 2340 1612
2344 39 18
2346 2344 72
2348 2346 1812
2350 38 18
2352 2350 72
2354 2352 1768
2356 2355 2349
2358 2357 6
2360 72 19
2362 2360 2086
2364 2363 2359
2366 744 384
2368 80 8
2370 2368 12
2372 2370 31
2374 2372 15
2376 2374 7
2378 17 2
2380 2242 21
2382 2380 2378
2384 2382 2376
2386 2384 2366
2388 23 5
2390 2388 1690
2392 31 12
2394 80 9
2396 2394 2392
2398 2396 15
2400 2398 6
2402 32 2
2404 2402 36
2406 2404 20
2408 2406 2400
2410 2408 10
2412 2410 2390
2414 384 43
2416 29 17
2418 2416 2414
2420 2404 21
2422 2420 2376
2424 2422 10
2426 2424 2418
2428 2427 2413
2430 2428 2387
2432 2398 7
2434 2388 1486
2436 744 420
2438 2437 2435
2440 2439 2432
2442 2440 2382
2444 2432 2420
2446 2444 10
2448 1100 420
2450 2448 2446
2452 2451 2443
2454 694 23
2456 2454 2416
2458 2374 6
2460 2458 2406
2462 2460 10
2464 2463 2425
2466 2465 2456
2468 2467 2452
2470 36 2
2472 2470 28
2474 2472 1282
2476 153 8
2478 2476 2392
2480 2478 15
2482 2064 1472
2484 2482 2480
2486 153 9
2488 2486 2392
2490 2488 15
2492 2388 21
2494 2492 7
2496 2494 2490
2498 2497 2485
2500 2499 2474
2502 1092 7
2504 2502 2488
2506 2402 2260
2508 2492 1098
2510 2508 2506
2512 2510 2504
2514 2506 1282
2516 2514 2496
2518 2517 2513
2520 2518 2501
2522 2480 6
2524 20 4
2526 2524 23
2528 2526 2522
2530 2528 2514
2532 20 5
2534 2532 1674
2536 2394 12
2538 2536 6
2540 36 16
2542 2540 1804
2544 2542 2538
2546 2544 2534
2548 2546 28
2550 2549 2531
2552 2550 2520
2554 2514 2484
2556 2508 2472
2558 2536 2502
2560 2558 2556
2562 2561 2555
2564 2558 2510
2566 2490 6
2568 2388 20
2570 2568 1282
2572 2570 2472
2574 2572 2566
2576 2575 2565
2578 2576 2562
2580 2528 2474
2582 2536 7
2584 2492 15
2586 2584 2542
2588 2586 2582
2590 2588 1377
2592 2591 2581
2594 2592 2578
2596 2594 2552
2598 2378 20
2600 2598 2242
2602 2600 2400
2604 2602 2434
2606 2600 2458
2608 2606 2366
2610 2609 2605
2612 2538 1092
2614 2568 1098
2616 2614 2506
2618 2616 2612
2620 2522 10
2622 2526 1098
2624 2622 2472
2626 2624 2620
2628 2627 2619
2630 2614 2472
2632 2630 10
2634 2632 2566
2636 2635 2628
2638 2636 2610
2640 2638 2596
2642 2640 2468
2644 2642 2430
2646 16 2
2648 2646 36
2650 2648 21
2652 2650 2376
2654 2652 2454
2656 420 43
2658 2648 20
2660 2658 2400
2662 2660 2656
2664 2455 2415
2666 2665 2458
2668 2666 2658
2670 2669 2663
2672 2670 2655
2674 2673 28
2676 2448 2410
2678 2462 2418
2680 2679 2677
2682 2446 2390
2684 2064 1486
2686 2607 2385
2688 2687 2684
2690 2689 2683
2692 2656 1590
2694 2692 2444
2696 2064 21
2698 2696 1098
2700 2698 2506
2702 2502 2370
2704 2702 2700
2706 2622 2506
2708 2370 6
2710 2708 1092
2712 2710 2706
2714 2713 2705
2716 2652 2366
2718 2717 2714
2720 2718 2695
2722 2720 2690
2724 2722 2680
2726 2414 1590
2728 2726 2422
2730 2660 2434
2732 2731 2729
2734 2726 2460
2736 784 5
2738 2737 2657
2740 2739 1590
2742 2740 2408
2744 2743 2735
2746 2744 2732
2748 2454 1590
2750 2748 2422
2752 2736 1590
2754 2752 2444
2756 2755 2751
2758 2748 2460
2760 2706 2620
2762 2630 2612
2764 2710 2624
2766 2765 2763
2768 2766 2761
2770 2768 2759
2772 2770 2756
2774 2772 2746
2776 2370 7
2778 2696 15
2780 2778 2776
2782 2526 15
2784 2782 2708
2786 2785 2781
2788 2787 2542
2790 2788 2160
2792 2568 2566
2794 2404 10
2796 2794 2792
2798 2796 1100
2800 2799 2791
2802 2602 2436
2804 2546 2160
2806 2792 2514
2808 2807 2805
2810 2808 2803
2812 2810 2800
2814 2788 28
2816 28 2
2818 2816 2698
2820 2502 2478
2822 2821 2703
2824 2823 36
2826 2824 2818
2828 2827 2815
2830 2820 2700
2832 2556 2504
2834 2833 2831
2836 2650 2440
2838 2837 2834
2840 2838 2828
2842 2840 2812
2844 2842 2774
2846 2844 2724
2848 2846 2675
2850 2848 2644
2852 2344 106
2854 2852 1812
2856 2350 106
2858 2856 1768
2860 2859 2855
2862 2861 6
2864 106 19
2866 2864 2086
2868 2867 2863
2870 2748 2280
2872 1780 14
2874 2873 2117
2876 2875 1377
2878 2540 740
2880 2879 2215
2882 2881 23
2884 2882 744
2886 2885 2224
2888 2886 2877
2890 2142 746
2892 1282 23
2894 2120 738
2896 2894 2892
2898 2896 29
2900 2899 2145
2902 2900 2171
2904 2902 2276
2906 2904 2891
2908 2906 2888
2910 2908 2256
2912 2911 4
2914 2913 2871
2916 406 198
2918 2917 7
2920 452 198
2922 2921 6
2924 608 4
2926 2924 2923
2928 2926 2919
2930 1803 2
2932 2930 88
2934 454 12
2936 614 12
2938 2937 2935
2940 2938 1802
2942 2941 2
2944 2942 328
2946 2945 2933
2948 2947 30
2950 849 88
2952 859 607
2954 2952 851
2956 1147 605
2958 1159 21
2960 2959 2956
2962 2960 2954
2964 2962 2950
2966 1920 473
2968 2966 919
2970 328 3
2972 2970 2969
2974 2973 2965
2976 2974 2949
2978 1040 142
2980 2978 1038
2982 1040 230
2984 2982 1038
2986 264 39
2988 18 3
2990 2988 2986
2992 2990 564
2994 18 2
2996 2994 264
2998 2996 1188
3000 2999 2993
3002 3001 6
3004 174 19
3006 3004 2086
3008 174 18
3010 3008 1122
3012 3010 1040
3014 3013 2356
3016 3015 6
3018 3017 3007
3020 3019 22
3022 174 6
3024 114 22
3026 3025 3023
3028 2065 561
3030 3028 553
3032 563 555
3034 3032 840
3036 882 115
3038 3037 3034
3040 3038 3030
3042 3040 3027
3044 986 7
3046 3044 556
3048 3046 3004
3050 3044 2360
3052 3050 556
3054 3053 3049
3056 3054 3043
3058 2346 1764
3060 2352 1492
3062 3061 3059
3064 3063 6
3066 1122 556
3068 3066 1256
3070 3068 2360
3072 3071 3065
3074 3072 3056
3076 3074 3021
3078 248 43
3080 215 129
3082 3081 564
3084 3082 840
3086 3084 1148
3088 2012 196
3090 130 19
3092 3090 3066
3094 3092 7
3096 2092 130
3098 3096 2094
3100 3099 3095
3102 2942 282
3104 276 40
3106 3104 884
3108 276 41
3110 3108 890
3112 3111 3107
3114 3113 880
3116 844 78
3118 3117 3115
3120 3118 3003
3122 2994 882
3124 3122 6
3126 3125 485
3128 3127 3104
3130 38 5
3132 3130 2994
3134 3132 3108
3136 986 39
3138 2988 276
3140 3138 3136
3142 3141 3135
3144 3143 6
3146 3145 3129
3148 3146 3120
3150 3149 42
3152 1189 2
3154 3136 43
3156 1122 39
3158 3157 3
3160 3158 3155
3162 1150 264
3164 3162 3161
3166 3164 3153
3168 3113 1450
3170 3104 524
3172 3108 518
3174 3173 3171
3176 3175 1158
3178 1212 1150
3180 3178 986
3182 3180 2986
3184 3183 3177
3186 3184 3169
3188 3186 3167
3190 3188 3151
3192 974 200
3194 56 43
3196 594 180
3198 3196 968
3200 354 180
3202 3200 1896
3204 3203 3199
3206 32 6
3208 80 41
3210 30 14
3212 3210 3208
3214 3212 3206
3216 3214 10
3218 2388 1100
3220 36 3
3222 3220 39
3224 3222 18
3226 3224 3218
3228 3226 3216
3230 43 18
3232 1040 36
3234 3232 2388
3236 3234 3230
3238 3214 16
3240 3238 3236
3242 80 40
3244 3242 31
3246 3244 14
3248 3246 3206
3250 18 16
3252 3250 43
3254 3222 2064
3256 3254 3252
3258 3256 3248
3260 3259 3241
3262 3230 17
3264 3262 3234
3266 3264 3216
3268 2064 1040
3270 3268 36
3272 3242 6
3274 3272 10
3276 3210 17
3278 3276 3274
3280 3230 32
3282 3280 3278
3284 3282 3270
3286 3285 3267
3288 3286 3260
3290 43 19
3292 3290 16
3294 32 7
3296 3242 3210
3298 3296 3294
3300 3298 3292
3302 3301 3283
3304 3303 3254
3306 3230 2388
3308 3306 3222
3310 3308 3238
3312 2202 1040
3314 1282 522
3316 3314 3312
3318 3316 3298
3320 3319 29
3322 3320 3311
3324 3322 3305
3326 556 36
3328 3326 2388
3330 3294 3292
3332 3330 3328
3334 3332 3212
3336 3294 3246
3338 3336 988
3340 2064 36
3342 3340 3292
3344 3342 3338
3346 3345 3335
3348 3346 3324
3350 3348 3288
3352 3296 6
3354 3268 3230
3356 3354 2540
3358 3357 3257
3360 3359 3352
3362 3340 556
3364 742 7
3366 3364 3296
3368 3366 3290
3370 3368 3362
3372 3290 3234
3374 3208 7
3376 742 14
3378 3376 30
3380 3378 3374
3382 3380 3372
3384 2388 988
3386 3384 36
3388 3386 3290
3390 3388 3380
3392 3391 3383
3394 3392 3371
3396 3394 3361
3398 3397 32
3400 3399 3350
3402 14 6
3404 3402 1740
3406 3404 40
3408 3406 32
3410 2064 988
3412 3410 3408
3414 3412 31
3416 2332 17
3418 3416 3414
3420 42 16
3422 3420 19
3424 3422 2064
3426 3424 3338
3428 3250 2414
3430 3248 988
3432 3430 3428
3434 3433 3427
3436 3434 3419
3438 3208 31
3440 3438 14
3442 3440 3294
3444 3442 3384
3446 3444 3422
3448 3404 41
3450 3448 32
3452 3450 31
3454 988 420
3456 3454 3452
3458 3456 3262
3460 3459 3447
3462 19 17
3464 2174 7
3466 3464 3208
3468 32 31
3470 3468 3466
3472 420 39
3474 3472 916
3476 3474 3470
3478 3476 3462
3480 738 41
3482 3402 10
3484 3482 3480
3486 3484 32
3488 3486 3384
3490 3488 3262
3492 3464 3242
3494 3492 32
3496 988 384
3498 3496 770
3500 3498 3494
3502 3500 3462
3504 3503 3491
3506 3504 3479
3508 3506 3460
3510 3508 3436
3512 18 17
3514 3450 3384
3516 3514 31
3518 3516 3512
3520 738 40
3522 3520 3482
3524 3522 32
3526 3524 3410
3528 3526 3262
3530 3250 42
3532 3530 2064
3534 3532 3430
3536 3535 3529
3538 3494 31
3540 3538 3410
3542 3540 3462
3544 3543 3536
3546 3544 3519
3548 3444 3292
3550 3412 3262
3552 3550 31
3554 3553 3549
3556 3440 3206
3558 3556 3384
3560 3558 3252
3562 3470 3384
3564 3462 43
3566 3564 3562
3568 3567 3561
3570 3568 3554
3572 3562 42
3574 3572 3462
3576 3408 31
3578 3576 3496
3580 3578 3262
3582 3252 3206
3584 3520 14
3586 3584 3582
3588 3586 3410
3590 3454 3440
3592 3590 3330
3594 3593 3589
3596 3594 3581
3598 3596 3575
3600 3598 3570
3602 3600 3546
3604 1282 4
3606 3604 3294
3608 3606 3584
3610 988 23
3612 3610 3608
3614 3520 3464
3616 3614 32
3618 3616 3410
3620 3480 14
3622 3620 3294
3624 3384 10
3626 3624 3622
3628 3627 3619
3630 3629 1098
3632 3631 3613
3634 3633 19
3636 2414 16
3638 3636 3338
3640 3638 19
3642 3230 420
3644 3642 988
3646 3556 16
3648 3646 3644
3650 3558 3530
3652 3583 3331
3654 3620 3384
3656 3654 3653
3658 3657 3651
3660 3658 3649
3662 3660 3641
3664 3662 3635
3666 3664 3602
3668 3666 3510
3670 3669 36
3672 3671 3400
3674 3290 3254
3676 16 7
3678 3676 3584
3680 3676 3296
3682 3681 3679
3684 3683 3674
3686 31 17
3688 3686 3448
3690 3688 3222
3692 2388 18
3694 3693 3643
3696 3695 3690
3698 3697 3685
3700 2332 2064
3702 3402 16
3704 3702 3244
3706 3704 3222
3708 3706 3700
3710 16 6
3712 3710 3440
3714 3712 3222
3716 3714 3695
3718 3717 3709
3720 3718 3698
3722 3710 3296
3724 43 4
3726 3724 18
3728 3726 3312
3730 3728 3722
3732 3484 17
3734 3732 3308
3736 3735 3731
3738 3676 3212
3740 3738 3388
3742 3738 3372
3744 3743 3741
3746 3744 3736
3748 3230 36
3750 3748 3410
3752 3750 3278
3754 3728 3278
3756 3755 28
3758 3756 3753
3760 3758 3392
3762 3760 3746
3764 3762 3720
3766 3726 3706
3768 3676 3440
3770 43 5
3772 3770 19
3774 3772 3222
3776 3774 3768
3778 3777 3767
3780 3779 22
3782 16 14
3784 3782 3272
3786 3784 3750
3788 2414 19
3790 3676 3246
3792 3790 3222
3794 3792 3788
3796 522 23
3798 3796 3792
3800 3799 3795
3802 3800 3787
3804 3802 3781
3806 3804 3764
3808 3710 3212
3810 3808 3308
3812 3208 6
3814 3812 3378
3816 3815 3811
3818 3817 3328
3820 3808 3234
3822 3821 3819
3824 3823 3230
3826 42 19
3828 3364 3246
3830 3828 3254
3832 3440 3364
3834 3832 3386
3836 3835 3831
3838 3837 3826
3840 3686 3406
3842 3522 17
3844 3843 3841
3846 3845 3750
3848 3826 2388
3850 3848 3222
3852 3850 3768
3854 3368 3254
3856 3855 3853
3858 3290 420
3860 3858 3222
3862 3860 3832
3864 3290 3270
3866 3681 3367
3868 3867 3864
3870 3869 3863
3872 3870 3856
3874 3872 3847
3876 3874 3839
3878 3876 3825
3880 2414 18
3882 3881 3701
3884 3883 3840
3886 3828 3788
3888 3702 3480
3890 3888 3306
3892 3702 3520
3894 3230 2064
3896 3894 3892
3898 3897 3891
3900 3898 3887
3902 3900 3885
3904 3903 3222
3906 14 7
3908 3906 763
3910 3908 3480
3912 3911 3769
3914 3913 3386
3916 3584 3364
3918 3916 3254
3920 3919 3836
3922 3920 3915
3924 3923 3290
3926 3925 3905
3928 3926 3878
3930 3928 3806
3932 3931 3673
3934 3933 3229
3936 2092 218
3938 3936 2094
3940 218 19
3942 3940 2086
3944 3943 3939
3946 1908 208
3948 1563 808
3950 3949 326
3952 1256 350
3954 1990 1047
3956 3955 3953
3958 3957 146
3960 1345 807
3962 3960 1563
3964 3963 246
3966 3965 3959
3968 3966 3951
3970 3969 811
3972 247 147
3974 3973 1222
3976 3974 350
3978 1202 710
3980 1256 811
3982 3980 362
3984 3983 3979
3986 3985 246
3988 3987 3977
3990 3988 3971
3992 2864 39
3994 3992 1174
3996 274 19
3998 3996 2086
4000 1124 274
4002 4000 1040
4004 4003 3999
4006 4004 3995
4008 4006 2863
4010 4009 22
4012 2856 1492
4014 2852 1764
4016 4015 4013
4018 4017 6
4020 3028 563
4022 4020 842
4024 882 87
4026 86 22
4028 274 6
4030 4029 4027
4032 4031 4025
4034 4032 4022
4036 3997 2865
4038 4037 3046
4040 1456 7
4042 4040 1768
4044 4042 2864
4046 4045 4039
4048 4046 4035
4050 4048 4019
4052 4050 4011
4054 2219 2113
4056 4054 2159
4058 4056 2286
4060 2142 1377
4062 4060 2258
4064 2894 23
4066 4064 1284
4068 4067 2189
4070 4068 4063
4072 2216 744
4074 4073 2166
4076 4074 4070
4078 4076 4058
4080 4079 6
4082 1282 426
4084 4082 2280
4086 2172 1098
4088 4086 3404
4090 4089 4085
4092 4090 29
4094 43 6
4096 2540 1064
4098 4096 22
4100 2176 1742
4102 4101 4099
4104 4103 4094
4106 1200 43
4108 4106 2878
4110 3402 1282
4112 4110 766
4114 4113 28
4116 4114 4109
4118 4116 4105
4120 4119 4093
4122 4121 4081
4124 565 7
4126 1040 839
4128 4126 4125
4130 567 6
4132 4131 236
4134 4132 4128
4136 1040 110
4138 4136 1038
4140 206 31
4142 811 112
4144 4142 3949
4146 1047 302
4148 4146 1898
4150 4149 4145
4152 303 173
4154 811 806
4156 586 426
4158 4157 669
4160 4159 338
4162 1202 594
4164 4163 4161
4166 4164 4155
4168 4167 4153
4170 1898 1047
4172 4170 172
4174 4173 4169
4176 4174 4150
4178 2962 849
4180 4178 98
4182 30 2
4184 2941 166
4186 2941 252
4188 1474 98
4190 4188 852
4192 4191 4187
4194 4192 4185
4196 4195 4182
4198 864 166
4200 2969 252
4202 4201 4199
4204 4203 3
4206 4205 4197
4208 4206 4181
4210 34 23
4212 80 25
4214 4212 31
4216 4214 3402
4218 33 3
4220 4218 4216
4222 4220 4210
4224 1064 25
4226 36 6
4228 4226 4218
4230 4228 4224
4232 4230 4210
4234 80 24
4236 4234 31
4238 4236 3906
4240 35 23
4242 33 2
4244 4242 4240
4246 4244 4238
4248 4236 15
4250 36 7
4252 4250 4248
4254 4252 4242
4256 4254 4240
4258 4257 4247
4260 4258 4233
4262 4250 4218
4264 4262 4224
4266 4214 3906
4268 4266 4218
4270 4269 4265
4272 4271 4240
4274 4273 4260
4276 4274 4223
4278 1688 10
4280 4278 4277
4282 4234 3402
4284 4282 31
4286 4242 4210
4288 4286 4284
4290 2470 6
4292 4290 33
4294 4292 4248
4296 4294 4210
4298 4297 4223
4300 4298 4289
4302 4300 4260
4304 4303 3420
4306 34 22
4308 4306 1282
4310 4308 4230
4312 35 22
4314 4312 4264
4316 4306 4294
4318 4317 4315
4320 4319 1372
4322 4321 4311
4324 4312 1098
4326 4324 10
4328 4326 4268
4330 4329 4322
4332 4306 10
4334 4332 4220
4336 4236 3464
4338 4336 4312
4340 4236 3482
4342 4340 4306
4344 4343 4339
4346 4345 4242
4348 4347 4335
4350 4349 1098
4352 4296 10
4354 3404 24
4356 4354 4286
4358 4356 31
4360 4359 4353
4362 4361 1688
4364 4363 4351
4366 4364 4330
4368 4366 4305
4370 4368 4281
4372 4371 586
4374 1098 586
4376 738 25
4378 4376 3464
4380 4240 4218
4382 4380 4378
4384 798 23
4386 4218 2140
4388 4386 4376
4390 4388 4384
4392 4390 10
4394 4210 480
4396 4394 33
4398 4396 2212
4400 4398 25
4402 4401 4393
4404 4402 4383
4406 738 24
4408 4406 3402
4410 4408 4286
4412 4242 2140
4414 4412 4406
4416 796 23
4418 4416 4414
4420 4419 4411
4422 4421 10
4424 4423 4404
4426 4414 4384
4428 4426 10
4430 10 7
4432 4430 4234
4434 4432 4244
4436 4434 2140
4438 4434 14
4440 4430 4212
4442 33 14
4444 4442 23
4446 4444 1354
4448 4446 4440
4450 4386 4240
4452 4450 4440
4454 4453 4449
4456 4454 4439
4458 4456 4437
4460 4458 4429
4462 4332 4230
4464 4312 4242
4466 4464 4252
4468 4466 10
4470 4469 4463
4472 33 10
4474 4210 15
4476 4290 4234
4478 4476 4474
4480 4478 4472
4482 4212 6
4484 4482 10
4486 4444 1112
4488 4486 4484
4490 4218 2242
4492 4490 4482
4494 4492 4474
4496 4495 4357
4498 4496 4489
4500 4498 4481
4502 4500 4470
4504 4502 4460
4506 4504 4424
4508 4507 4374
4510 1282 586
4512 4376 3906
4514 4512 4380
4516 4515 4391
4518 4442 4376
4520 4518 4394
4522 4416 4388
4524 4523 4521
4526 4524 4516
4528 4526 4427
4530 4528 4420
4532 4531 4510
4534 4406 3906
4536 4534 4244
4538 4537 4523
4540 4539 10
4542 4541 17
4544 586 43
4546 4537 16
4548 4547 4544
4550 4548 4543
4552 3420 586
4554 4552 4272
4556 4555 4551
4558 4544 33
4560 4478 16
4562 4212 3906
4564 16 3
4566 4564 4240
4568 4566 4562
4570 4212 3402
4572 4564 4210
4574 4572 4570
4576 4575 4569
4578 4576 4561
4580 4210 2646
4582 4580 4282
4584 796 16
4586 4584 4234
4588 2470 15
4590 4588 23
4592 4590 4586
4594 4593 4583
4596 4234 7
4598 2646 14
4600 4598 23
4602 4600 4596
4604 4602 35
4606 2540 3
4608 4606 1674
4610 4608 4212
4612 4610 801
4614 4613 4605
4616 4614 4594
4618 4616 4578
4620 4619 4558
4622 4621 4556
4624 4622 4533
4626 4624 4509
4628 4626 4373
4630 4629 28
4632 4510 28
4634 4306 4284
4636 4634 4242
4638 4637 4467
4640 4312 4268
4642 4641 4638
4644 4306 4220
4646 4464 4238
4648 4647 4645
4650 4648 4318
4652 4650 4642
4654 4653 4632
4656 4655 4631
4658 1908 160
4660 192 31
4662 984 104
4664 4662 1612
4666 921 3
4668 4667 2931
4670 4669 286
4672 1908 286
4674 630 278
4676 4674 454
4678 4677 4673
4680 4679 42
4682 2524 3
4684 4683 278
4686 4684 1942
4688 4686 2072
4690 4689 4681
4692 4690 4671
4694 2942 98
4696 4131 214
4698 4696 4128
4700 851 444
4702 4700 382
4704 4702 2950
4706 4705 2933
4708 2012 246
4710 1854 668
4712 4711 1878
4714 2012 212
4716 60 22
4718 294 6
4720 4719 4717
4722 4721 4022
4724 3092 1256
4726 4725 4723
4728 3097 6
4730 2088 556
4732 4731 7
4734 4733 4020
4736 4734 4729
4738 3090 3046
4740 4739 4737
4742 4740 4726
4744 204 23
4746 354 232
4748 4746 1896
4750 594 232
4752 4750 968
4754 4753 4749
4756 586 30
4758 4756 972
4760 4759 2317
4762 4761 232
4764 2323 1359
4766 258 25
4768 4766 4765
4770 354 258
4772 4770 940
4774 4750 952
4776 4775 4773
4778 4771 4747
4780 4779 1264
4782 4780 7
4784 594 258
4786 4784 968
4788 4786 30
4790 4789 4783
4792 4790 4776
4794 4792 4769
4796 4794 4763
4798 344 42
4800 354 50
4802 4801 321
4804 4803 350
4806 362 262
4808 362 50
4810 4809 4807
4812 4810 4805
4814 4813 4798
4816 3770 7
4818 4816 4800
4820 338 320
4822 4820 334
4824 354 262
4826 4824 344
4828 4827 4823
4830 4828 4819
4832 4830 4815
4834 4833 27
4836 4820 656
4838 4804 696
4840 4839 4837
4842 4841 26
4844 1850 50
4846 1850 262
4848 4847 4845
4850 4849 42
4852 4824 588
4854 4544 7
4856 4854 4800
4858 1885 587
4860 4859 7
4862 4860 4811
4864 320 34
4866 4864 346
4868 4866 1554
4870 4869 4863
4872 4870 4857
4874 4872 4853
4876 4874 4851
4878 4876 4843
4880 4878 4835
4882 2942 252
4884 318 8
4886 4884 21
4888 4887 880
4890 1158 13
4892 4890 4886
4894 1159 608
4896 4894 857
4898 4885 6
4900 4899 4896
4902 4901 4893
4904 4903 4
4906 4904 4889
4908 2897 745
4910 4099 28
4912 4910 2883
4914 4913 4909
4916 28 23
4918 4916 2156
4920 28 16
4922 4920 31
4924 2143 2115
4926 4925 4922
4928 2280 1594
4930 4929 2165
4932 4930 4927
4934 4932 4919
4936 4934 4058
4938 4936 4915
4940 4939 2
4942 2378 29
4944 4942 2246
4946 80 2
4948 4946 1653
4950 4948 4921
4952 2173 29
4954 2541 15
4956 4955 764
4958 4956 4953
4960 4958 4950
4962 4961 4945
4964 4962 4941
4966 2242 988
4968 3244 15
4970 4968 3294
4972 4970 4966
4974 4972 2454
4976 2202 478
4978 3242 7
4980 4978 1094
4982 4980 4976
4984 4982 916
4986 3724 3312
4988 4986 4980
4990 3410 43
4992 4990 3494
4994 4993 4989
4996 4994 4985
4998 4996 4975
5000 3538 1040
5002 5000 2454
5004 3540 42
5006 5005 5003
5008 5006 4998
5010 5009 17
5012 3636 3326
5014 5012 4970
5016 3520 15
5018 3606 3312
5020 5018 5016
5022 5021 3613
5024 5022 5015
5026 3336 1040
5028 5026 3636
5030 1040 23
5032 5030 3608
5034 3782 1040
5036 2208 2064
5038 5036 4978
5040 5038 5034
5042 80 7
5044 3782 3
5046 5044 5042
5048 3156 23
5050 5048 2208
5052 5050 5046
5054 5053 5041
5056 5054 5033
5058 5056 5029
5060 5058 3639
5062 5060 5024
5064 5000 2414
5066 5064 17
5068 3616 3268
5070 3520 1092
5072 5070 3294
5074 5072 3254
5076 5075 5069
5078 5076 3619
5080 5079 1098
5082 5081 5067
5084 5082 5062
5086 5084 5011
5088 5087 19
5090 3576 1040
5092 5090 384
5094 5092 3262
5096 3581 3503
5098 5096 5095
5100 3248 1040
5102 5100 3532
5104 3408 3268
5106 5104 3262
5108 5107 5103
5110 3268 43
5112 5110 3494
5114 5112 3462
5116 5026 3424
5118 5117 5115
5120 5118 5108
5122 5120 3436
5124 5122 5098
5126 5090 2454
5128 5126 3512
5130 3272 1706
5132 5130 3280
5134 5132 3270
5136 5132 3254
5138 5137 5135
5140 3784 3268
5142 5140 3280
5144 4970 3424
5146 5144 3326
5148 5147 5143
5150 5148 5138
5152 5150 5129
5154 2242 1040
5156 5154 4970
5158 5156 2454
5160 5158 3462
5162 5161 3536
5164 5162 5152
5166 4968 3206
5168 5166 3326
5170 3533 3429
5172 5171 5168
5174 5070 3206
5176 3272 1094
5178 5177 5175
5180 3362 3262
5182 5180 5179
5184 5016 3206
5186 5184 3359
5188 5187 5183
5190 5188 5173
5192 5100 3428
5194 3524 3268
5196 5194 3262
5198 5197 5193
5200 3586 3268
5202 5201 3551
5204 3402 80
5206 5204 4564
5208 5048 3280
5210 5208 5206
5212 5211 3589
5214 5212 5202
5216 5214 5198
5218 5216 5190
5220 5218 5164
5222 5166 4966
5224 5222 384
5226 5166 5154
5228 5226 384
5230 5229 5225
5232 5231 3262
5234 4972 2414
5236 5156 2414
5238 5237 5235
5240 5239 3462
5242 5241 5233
5244 4978 1706
5246 3312 2208
5248 5246 522
5250 3290 32
5252 5250 3254
5254 5253 5249
5256 5255 5244
5258 5226 2454
5260 5258 3512
5262 5261 5257
5264 5222 2454
5266 5264 3512
5268 5072 3270
5270 5269 17
5272 5016 3294
5274 5272 3674
5276 5275 3565
5278 5277 5271
5280 5279 5267
5282 5280 5262
5284 5282 5242
5286 5284 5220
5288 5286 5124
5290 5288 5089
5292 5291 28
5294 592 324
5296 5294 710
5298 588 324
5300 5298 350
5302 5301 5297
5304 422 13
5306 5305 395
5308 5307 298
5310 344 234
5312 5311 5309
5314 5313 396
5316 5 2
5318 5316 298
5320 5319 281
5322 426 280
5324 5323 20
5326 1257 21
5328 5327 852
5330 5328 5325
5332 5330 5321
5334 446 234
5336 5335 299
5338 870 22
5340 5338 5337
5342 234 8
5344 5342 21
5346 5344 386
5348 299 235
5350 5349 614
5352 5351 5347
5354 5352 5341
5356 5354 5333
5358 5356 5315
5360 5359 608
5362 338 180
5364 5362 968
5366 224 30
5368 5366 811
5370 5368 1990
5372 5371 5365
5374 3200 940
5376 594 178
5378 5376 952
5380 5379 3197
5382 950 811
5384 5382 5381
5386 5385 5375
5388 5386 5372
5390 4761 178
5392 181 179
5394 5393 1264
5396 5395 5369
5398 5397 1238
5400 5367 181
5402 5401 25
5404 5402 1358
5406 5405 5399
5408 5406 5391
5410 5408 5388
5412 176 23
5414 92 23
5416 296 31
5418 2939 42
5420 5419 1802
5422 160 2
5424 5422 5421
5426 1914 228
5428 289 161
5430 5428 5427
5432 1921 42
5434 5432 5431
5436 288 13
5438 5436 1973
5440 921 160
5442 5441 5439
5444 5442 5435
5446 5445 3
5448 852 605
5450 4095 228
5452 5450 860
5454 5452 1946
5456 5454 5448
5458 382 288
5460 5458 703
5462 5461 5457
5464 5462 5447
5466 5464 5425
5468 1040 238
5470 5468 1038
5472 324 34
5474 5473 151
5476 5475 2010
5478 796 324
5480 5478 349
5482 5481 5477
5484 5483 1048
5486 2388 1040
5488 5486 3486
5490 5488 3262
5492 3470 1040
5494 3462 2736
5496 5494 5492
5498 5497 5491
5500 3556 1040
5502 3250 2736
5504 5502 5500
5506 5505 5193
5508 5506 5498
5510 3620 3582
5512 3466 2208
5514 5512 3462
5516 5515 5511
5518 5517 5486
5520 5519 5129
5522 5520 5508
5524 5201 5197
5526 5524 5095
5528 5526 5120
5530 5528 5522
5532 5028 19
5534 3452 1040
5536 5534 420
5538 5536 3262
5540 5539 5533
5542 5534 2736
5544 5542 3512
5546 3252 420
5548 5546 5500
5550 3442 1040
5552 3292 420
5554 5552 5550
5556 5486 3450
5558 5556 3262
5560 5559 5555
5562 5560 5549
5564 5562 5545
5566 5564 5540
5568 5566 5530
5570 5492 2656
5572 5571 5003
5574 5573 17
5576 5486 3622
5578 5576 10
5580 5579 5069
5582 5581 1098
5584 5576 1282
5586 3420 2388
5588 5586 5550
5590 5589 5033
5592 5590 5585
5594 5592 5067
5596 5594 5583
5598 5596 5575
5600 5599 19
5602 5601 5568
5604 5603 2260
5606 3884 3232
5608 3466 3372
5610 3448 3236
5612 5611 5609
5614 5613 17
5616 5615 5607
5618 3768 3232
5620 3832 3232
5622 5621 5619
5624 5623 3858
5626 3828 3232
5628 3790 3232
5630 5629 5627
5632 5631 3788
5634 5633 5625
5636 5634 5616
5638 3702 3208
5640 5638 3236
5642 3865 40
5644 5042 3782
5646 3373 41
5648 5647 5644
5650 5648 5643
5652 5651 5641
5654 3688 3232
5656 5654 3642
5658 5618 3848
5660 3270 3262
5662 5660 3406
5664 5663 5659
5666 5664 5657
5668 3917 3679
5670 5669 3864
5672 3492 3462
5674 5672 4986
5676 5140 3748
5678 5677 5675
5680 5678 5671
5682 3826 2064
5684 5682 5628
5686 3712 3232
5688 5686 3642
5690 5689 5685
5692 5690 5680
5694 5692 5666
5696 5694 5652
5698 5696 5636
5700 5699 28
5702 5677 5652
5704 5703 2160
5706 4916 18
5708 3704 3232
5710 5708 694
5712 42 5
5714 5687 5655
5716 5715 5712
5718 5717 5711
5720 5719 5706
5722 38 23
5724 5722 2472
5726 3893 3843
5728 5727 3726
5730 3230 5
5732 3889 3733
5734 5733 5730
5736 5735 5729
5738 5737 5724
5740 2366 18
5742 5740 5708
5744 1488 522
5746 5744 5626
5748 5747 5743
5750 5724 3772
5752 5750 3910
5754 1488 516
5756 5754 5620
5758 5757 5753
5760 5758 5748
5762 5760 5739
5764 5762 5721
5766 5764 5705
5768 5766 5701
5770 5768 5605
5772 1973 304
5774 1308 42
5776 439 409
5778 5776 5775
5780 5779 154
5782 5781 5773
5784 5783 13
5786 305 209
5788 5787 42
5790 5788 1921
5792 5791 5785
5794 5793 3
5796 1308 154
5798 5796 12
5800 5798 42
5802 5418 208
5804 1803 154
5806 5805 5803
5808 304 12
5810 5808 703
5812 5811 5806
5814 5812 5801
5816 5815 2
5818 1472 208
5820 5818 2062
5822 5821 5817
5824 5822 5795
5826 3518 42
5828 1064 41
5830 5828 3294
5832 1282 420
5834 5832 3222
5836 5834 5830
5838 5837 5589
5840 5839 19
5842 5830 5154
5844 5830 4966
5846 5845 5843
5848 5847 2736
5850 5848 3462
5852 5851 5841
5854 5852 5827
5856 3309 3237
5858 3480 15
5860 5858 3206
5862 5860 16
5864 5862 5857
5866 5552 3232
5868 5866 5830
5870 5858 3332
5872 5871 5869
5874 5872 5865
5876 3626 3564
5878 5877 3433
5880 5168 3428
5882 5014 19
5884 5883 5881
5886 5884 5878
5888 5886 5874
5890 5098 3460
5892 5890 5888
5894 5892 5854
5896 5844 2656
5898 5897 5065
5900 5512 3384
5902 5901 19
5904 3374 1094
5906 5904 43
5908 5906 3234
5910 5909 3477
5912 5910 5902
5914 5842 2656
5916 5915 5571
5918 5916 5912
5920 5918 5898
5922 5828 3206
5924 5922 4966
5926 5924 2736
5928 5927 18
5930 5929 17
5932 5930 5921
5934 3480 1092
5936 5934 3294
5938 5936 3328
5940 5939 5579
5942 5941 17
5944 5576 16
5946 5945 5943
5948 5947 3290
5950 5949 5933
5952 5950 5894
5954 5564 3662
5956 5922 5154
5958 5956 420
5960 5924 420
5962 3812 1094
5964 5962 3328
5966 5965 3515
5968 5966 5961
5970 5968 5959
5972 5971 3262
5974 5973 5242
5976 5974 5954
5978 5519 3575
5980 5956 2736
5982 5980 3512
5984 3136 23
5986 5984 5206
5988 3812 1706
5990 5988 3328
5992 5991 5987
5994 5993 3280
5996 5995 5983
5998 5996 5978
6000 5546 3326
6002 6000 5922
6004 3812 3280
6006 6004 3130
6008 6006 4600
6010 6009 6003
6012 5250 5046
6014 6012 5984
6016 5904 3564
6018 6016 3386
6020 6019 6015
6022 6020 6010
6024 2388 2208
6026 3208 1150
6028 6026 5034
6030 6028 6024
6032 6031 3593
6034 6032 3491
6036 6034 6022
6038 6036 5508
6040 6038 5998
6042 3328 10
6044 6042 5860
6046 6044 3262
6048 5922 3530
6050 5830 3422
6052 6051 6049
6054 6053 3328
6056 3374 1706
6058 5246 516
6060 3388 32
6062 6061 6059
6064 6063 6056
6066 6065 6055
6068 6066 6047
6070 6068 5540
6072 6070 6040
6074 6072 5976
6076 6074 5952
6078 6077 28
6080 5376 968
6082 354 178
6084 6082 1896
6086 6085 6081
6088 100 30
6090 6089 231
6092 6091 19
6094 6093 211
6096 1148 1038
6098 6096 6095
6100 6091 1147
6102 6100 568
6104 6103 6099
6106 4770 1896
6108 6107 4787
6110 1612 120
6112 6110 984
6114 6113 4665
6116 6115 42
6118 104 43
6120 6118 988
6122 6120 564
6124 104 38
6126 6124 1122
6128 6126 1804
6130 6129 6123
6132 6130 6111
6134 6133 1150
6136 564 39
6138 6136 3178
6140 6138 104
6142 6141 6135
6144 6142 6117
6146 6126 3826
6148 986 19
6150 6148 6124
6152 6151 6147
6154 6153 880
6156 1190 38
6158 6156 1038
6160 2988 332
6162 6160 6136
6164 6163 6139
6166 6164 6159
6168 6167 266
6170 6169 6155
6172 6170 6144
6174 140 30
6176 239 143
6178 6176 6175
6180 6179 1038
6182 6180 1148
6184 1282 572
6186 32 3
6188 6186 37
6190 6188 4216
6192 6190 4210
6194 4282 30
6196 2402 37
6198 6196 4210
6200 6198 6194
6202 6201 6193
6204 6203 6184
6206 6188 4266
6208 6206 4240
6210 6209 6201
6212 6211 4510
6214 1098 572
6216 6190 4332
6218 6200 10
6220 6219 6217
6222 6221 6214
6224 6223 6213
6226 4214 3464
6228 6226 6188
6230 6228 4312
6232 3210 2
6234 6232 736
6236 35 32
6238 6236 4432
6240 6238 6234
6242 6241 6231
6244 6243 1098
6246 6190 4308
6248 6228 4240
6250 6248 1688
6252 6251 6247
6254 6252 6245
6256 6255 586
6258 2208 811
6260 6258 801
6262 4376 14
6264 736 3
6266 6264 763
6268 6266 6262
6270 6268 6260
6272 6271 29
6274 6192 3420
6276 6274 811
6278 6277 6272
6280 1688 572
6282 6192 10
6284 6282 6280
6286 6285 6278
6288 6286 6257
6290 6288 6224
6292 6290 6205
6294 4564 37
6296 6294 4266
6298 6296 4240
6300 17 3
6302 6300 37
6304 6302 4210
6306 4484 3210
6308 6306 6304
6310 6234 4586
6312 6311 6309
6314 6302 4240
6316 6314 10
6318 6316 4512
6320 6319 6312
6322 4440 3210
6324 6322 6314
6326 6302 4332
6328 6326 4216
6330 6294 4384
6332 6330 6262
6334 6333 6329
6336 6334 6325
6338 34 16
6340 4585 799
6342 6341 6268
6344 6342 6339
6346 2646 37
6348 6346 4210
6350 6348 6194
6352 2378 37
6354 6352 4240
6356 4596 2174
6358 6356 6354
6360 6358 30
6362 6361 6351
6364 6362 6345
6366 6364 6336
6368 6366 6320
6370 6369 43
6372 6371 6299
6374 6373 586
6376 6296 4312
6378 37 30
6380 6378 4568
6382 6294 4210
6384 6382 4216
6386 6385 6381
6388 6386 6377
6390 4210 37
6392 6390 2378
6394 6392 4354
6396 6394 30
6398 6397 6343
6400 6398 6388
6402 6400 6320
6404 6403 1884
6406 4214 3482
6408 6406 6304
6410 6409 6299
6412 6411 1290
6414 586 42
6416 6314 6226
6418 6416 6414
6420 6419 28
6422 6420 6413
6424 6422 6405
6426 6424 6375
6428 6427 6293
6430 6396 4544
6432 4212 3210
6434 6432 6330
6436 6434 1884
6438 6437 6431
6440 6439 28
6442 4312 1282
6444 6442 6206
6446 6310 2208
6448 6447 6445
6450 586 29
6452 6450 6449
6454 572 29
6456 6447 6247
6458 6457 6454
6460 6459 6453
6462 4544 28
6464 6294 4306
6466 6464 4216
6468 6467 6377
6470 6469 6462
6472 6454 17
6474 6472 6248
6476 1486 572
6478 6477 6463
6480 6479 6416
6482 1100 572
6484 6482 6240
6486 6485 6481
6488 4212 7
6490 811 29
6492 6236 1282
6494 6492 6264
6496 6494 6490
6498 6496 6488
6500 6498 3210
6502 6501 6486
6504 6502 6475
6506 6504 6471
6508 6506 6460
6510 6508 6441
6512 811 43
6514 6186 4240
6516 6514 37
6518 6516 6322
6520 6519 6283
6522 6521 6512
6524 6522 17
6526 6249 6219
6528 6527 4374
6530 6192 4510
6532 6185 4553
6534 6533 6208
6536 6436 32
6538 6537 6535
6540 6538 6531
6542 6540 6529
6544 6542 6525
6546 6545 29
6548 6390 6186
6550 6548 6306
6552 6551 6217
6554 6553 4374
6556 6414 17
6558 6556 6282
6560 4544 32
6562 6560 6434
6564 6563 6559
6566 6564 6555
6568 6444 572
6570 3420 572
6572 6570 6208
6574 6573 6569
6576 6551 6231
6578 6577 6214
6580 6579 29
6582 6580 6574
6584 6582 6566
6586 6302 6226
6588 6586 35
6590 6588 22
6592 4568 30
6594 6592 37
6596 6595 6435
6598 6596 6591
6600 6599 4544
6602 1291 587
6604 6603 6384
6606 6467 6329
6608 6607 1884
6610 6408 586
6612 6611 6609
6614 6612 6605
6616 6614 6601
6618 6616 28
6620 6619 6585
6622 6589 6325
6624 6622 6362
6626 6624 6410
6628 744 572
6630 6628 6627
6632 6631 6621
6634 6632 6547
6636 6634 6510
6638 6636 6429
6640 406 70
6642 6640 4890
6644 452 70
6646 6645 6
6648 6647 4894
6650 6649 6643
6652 6641 880
6654 6653 4
6656 6654 6651
6658 1040 128
6660 6658 1038
6662 988 110
6664 6662 564
6666 564 30
6668 6666 4136
6670 6669 6665
6672 6671 840
6674 1566 988
6676 6674 164
6678 1040 164
6680 6678 6666
6682 6681 6677
6684 6683 984
6686 3131 164
6688 6687 237
6690 236 39
6692 6691 31
6694 6693 839
6696 237 4
6698 6696 18
6700 6699 837
6702 6700 6694
6704 6702 1612
6706 6704 6689
6708 6678 3044
6710 6708 30
6712 6710 19
6714 6713 6707
6716 6714 6685
6718 6716 6673
6720 2942 284
6722 5195 3515
6724 3579 3527
6726 6724 6722
6728 5557 5489
6730 5176 3362
6732 5105 3413
6734 6732 6731
6736 6734 6728
6738 6736 6726
6740 5174 3362
6742 5965 3489
6744 6742 6741
6746 6744 5537
6748 6746 6738
6750 6045 5961
6752 6750 5959
6754 5093 3457
6756 6754 5230
6758 6756 6752
6760 6758 6748
6762 6761 3252
6764 5927 5259
6766 6764 5981
6768 5265 5127
6770 6768 5543
6772 6770 6766
6774 6773 3250
6776 3517 3415
6778 6777 3530
6780 6779 29
6782 6780 6775
6784 6782 6763
6786 3244 1092
6788 6786 3710
6790 6788 3232
6792 6788 3222
6794 6793 6791
6796 6795 3700
6798 2388 556
6800 3484 3252
6802 6800 6798
6804 3522 16
6806 6804 3354
6808 6807 6803
6810 5070 3710
6812 6810 3728
6814 3448 2092
6816 6814 1728
6818 6816 3770
6820 6819 6813
6822 6820 6808
6824 6822 6797
6826 6810 3894
6828 3710 3306
6830 6828 5934
6832 3438 1092
6834 6832 3710
6836 6834 3642
6838 6837 6831
6840 6838 6827
6842 6841 3222
6844 3751 3729
6846 3274 1706
6848 6846 6845
6850 6830 3232
6852 3482 3438
6854 6852 16
6856 6854 3644
6858 6857 6851
6860 6858 6849
6862 3704 10
6864 3700 556
6866 6864 6862
6868 6867 28
6870 5988 5857
6872 6870 10
6874 6873 6868
6876 6874 6860
6878 6876 6843
6880 6834 36
6882 6881 6855
6884 6883 1040
6886 6884 3642
6888 6862 1040
6890 6889 6793
6892 6891 3880
6894 40 23
6896 6894 3702
6898 3726 1740
6900 6898 556
6902 6900 6896
6904 6804 3726
6906 6904 3610
6908 6907 6903
6910 6908 6893
6912 6910 6887
6914 2388 2332
6916 6914 6884
6918 6914 988
6920 6918 6883
6922 6862 988
6924 6923 6791
6926 6925 3880
6928 6927 6921
6930 6928 6917
6932 6930 6912
6934 6932 6878
6936 6934 6824
6938 6937 6785
6940 4000 556
6942 6941 3999
6944 2012 302
6946 124 43
6948 406 314
6950 6948 4890
6952 452 314
6954 6953 6
6956 6955 4894
6958 6957 6951
6960 6949 880
6962 6961 4
6964 6962 6959
6966 2300 126
6968 6966 2298
6970 1884 37
6972 6970 4582
6974 6972 2160
6976 6970 4604
6978 811 42
6980 6978 6354
6982 6980 4336
6984 6983 6977
6986 6348 4284
6988 6392 4340
6990 6989 6987
6992 6991 1290
6994 4544 37
6996 6994 4604
6998 6997 6993
7000 6998 6984
7002 7000 28
7004 6352 4338
7006 6346 4634
7008 7007 6395
7010 7008 7005
7012 7011 6512
7014 6346 4238
7016 7014 4240
7018 7017 6990
7020 7019 6414
7022 6352 4342
7024 7014 4312
7026 7025 6359
7028 7026 7023
7030 7029 4544
7032 7031 7021
7034 7032 7013
7036 7034 7002
7038 6196 4284
7040 7038 4308
7042 6196 4336
7044 7042 4324
7046 6196 4340
7048 4306 1098
7050 7048 7046
7052 7051 7045
7054 7052 7041
7056 7055 586
7058 7057 29
7060 7042 4240
7062 7060 1688
7064 6196 4238
7066 7064 6442
7068 7067 7052
7070 7068 7063
7072 7071 572
7074 6994 4582
7076 7075 6997
7078 7077 32
7080 6198 4284
7082 7080 4552
7084 4240 3420
7086 7084 811
7088 7086 7064
7090 6394 6258
7092 7091 7089
7094 7046 4210
7096 7094 6556
7098 7097 7092
7100 7098 7083
7102 7100 7079
7104 7102 7073
7106 7104 7058
7108 7107 7037
7110 6976 32
7112 6358 6258
7114 7113 7111
7116 7040 572
7118 4406 3464
7120 6352 2172
7122 7120 6512
7124 7122 35
7126 7124 7118
7128 7127 7117
7130 7128 29
7132 7130 7114
7134 7060 6556
7136 1282 811
7138 6390 4408
7140 7138 586
7142 4534 4240
7144 7142 37
7146 7145 7141
7148 7147 2402
7150 7148 7136
7152 7151 7135
7154 7080 6570
7156 7066 586
7158 7157 7155
7160 4406 3482
7162 7160 7122
7164 7162 34
7166 7165 7158
7168 7094 6280
7170 7138 2402
7172 7170 6184
7174 7173 7169
7176 7174 7166
7178 7176 7152
7180 7178 7132
7182 7118 6354
7184 7183 7028
7186 7185 1884
7188 7016 1290
7190 7075 28
7192 7190 7189
7194 7192 6973
7196 7182 586
7198 7160 6392
7200 6348 4408
7202 7201 7199
7204 736 35
7206 7204 4534
7208 7206 2646
7210 7209 7202
7212 7210 7197
7214 7213 6512
7216 7215 7194
7218 7216 7187
7220 7219 7181
7222 7221 7109
7224 7222 6975
7226 4234 11
7228 7226 3402
7230 7228 4580
7232 11 6
7234 7232 4248
7236 7234 2648
7238 7236 4306
7240 7239 7231
7242 4564 4306
7244 7232 4224
7246 7244 36
7248 7246 7242
7250 7249 7240
7252 7251 4544
7254 4408 11
7256 7254 4580
7258 4606 4210
7260 15 11
7262 7260 4376
7264 7262 6
7266 7264 7258
7268 7267 7257
7270 4284 11
7272 4306 2646
7274 7272 7270
7276 7232 6262
7278 7276 4572
7280 4216 11
7282 7280 7242
7284 7283 7279
7286 7284 7275
7288 7286 7268
7290 7289 6512
7292 7258 7244
7294 7292 1290
7296 7280 4572
7298 7296 6414
7300 2022 784
7302 7300 7236
7304 7303 7299
7306 7304 7295
7308 7226 6
7310 7308 4588
7312 6338 23
7314 7312 7310
7316 7314 4544
7318 4574 11
7320 7318 1884
7322 7321 28
7324 7322 7317
7326 7292 6414
7328 4212 11
7330 2140 480
7332 7330 7328
7334 7260 4406
7336 7334 4290
7338 7337 7333
7340 7136 4210
7342 7340 7339
7344 7343 7327
7346 7344 7324
7348 7346 7306
7350 7348 7291
7352 7350 7253
7354 4210 32
7356 7264 3220
7358 7357 7337
7360 7359 7354
7362 6186 4210
7364 7362 7276
7366 4210 2402
7368 7366 7254
7370 7369 7365
7372 7371 4
7374 7373 7361
7376 7375 811
7378 7354 7310
7380 7378 586
7382 6186 4306
7384 7382 7246
7386 7362 11
7388 7386 4570
7390 7389 7385
7392 7390 7370
7394 7393 572
7396 7395 7381
7398 7396 7377
7400 7399 1282
7402 7366 7270
7404 7234 2404
7406 7404 4210
7408 7407 7403
7410 7409 4552
7412 7362 7246
7414 7386 4216
7416 7415 7413
7418 7417 4552
7420 7312 6258
7422 7420 7332
7424 7423 29
7426 7366 7228
7428 7426 6184
7430 7382 7136
7432 7430 7280
7434 7433 7429
7436 7434 7424
7438 7402 6570
7440 4308 2402
7442 7440 7270
7444 7442 572
7446 7445 7439
7448 7446 7436
7450 7448 7419
7452 7450 7411
7454 7452 7401
7456 7455 7353
7458 1590 1290
7460 7416 7407
7462 7461 7458
7464 6476 31
7466 7464 7230
7468 7467 7463
7470 7315 7250
7472 7471 6628
7474 4544 1590
7476 7427 7389
7478 7476 7385
7480 7479 7474
7482 7296 6476
7484 586 31
7486 7484 1486
7488 7486 7230
7490 7489 7483
7492 6490 4308
7494 7492 7404
7496 7442 6450
7498 7318 6462
7500 1284 572
7502 7500 7378
7504 7503 7499
7506 7504 7497
7508 7506 7495
7510 7508 7490
7512 7510 7481
7514 7512 7473
7516 7514 7468
7518 7516 7457
7520 1850 170
7522 7521 1853
7524 7523 42
7526 187 171
7528 354 170
7530 7529 363
7532 7531 7527
7534 7529 43
7536 7535 588
7538 7536 7532
7540 1556 186
7542 7541 7539
7544 7542 7525
7546 362 52
7548 354 186
7550 7549 7547
7552 7550 7533
7554 7553 4798
7556 7528 4816
7558 338 186
7560 7558 334
7562 354 52
7564 7562 344
7566 7565 7561
7568 7566 7557
7570 7568 7555
7572 7571 27
7574 7558 656
7576 7548 696
7578 7577 7575
7580 7579 26
7582 7562 588
7584 7583 7547
7586 7585 4860
7588 7587 7581
7590 170 25
7592 7590 1356
7594 7592 6512
7596 7595 7588
7598 7596 7573
7600 7598 7544
7602 84 41
7604 7602 3132
7606 7604 6
7608 84 40
7610 7608 484
7612 7602 492
7614 7613 7611
7616 7614 7607
7618 7608 884
7620 7602 890
7622 7621 7619
7624 7623 880
7626 7625 2109
7628 7626 7616
7630 7629 42
7632 6160 564
7634 3178 1122
7636 7635 7633
7638 7637 39
7640 7639 6159
7642 7641 62
7644 1188 74
7646 7644 1804
7648 988 74
7650 7648 5713
7652 7650 564
7654 7653 7647
7656 7655 1150
7658 7608 524
7660 7602 518
7662 7661 7659
7664 7663 1158
7666 7608 3122
7668 7666 332
7670 75 63
7672 7671 3136
7674 7672 3178
7676 7675 7669
7678 7676 7665
7680 7644 1192
7682 7623 1450
7684 7683 7681
7686 7684 7678
7688 7686 7657
7690 7688 7643
7692 7690 7631
7694 2012 150
7696 608 298
7698 7696 870
7700 3010 558
7702 7701 3007
7704 7666 6
7706 7705 7616
7708 2568 2402
7710 7708 2488
7712 7710 3482
7714 7713 2797
7716 7715 1098
7718 3220 32
7720 31 13
7722 7720 2476
7724 7722 15
7726 7724 6
7728 7726 7718
7730 2622 10
7732 7730 7728
7734 7733 29
7736 6186 2526
7738 7722 14
7740 7738 7736
7742 2526 2402
7744 2478 14
7746 7744 7742
7748 7747 7741
7750 7749 4094
7752 7750 742
7754 7753 7734
7756 7754 7717
7758 3220 2568
7760 7720 2486
7762 7760 15
7764 7762 6
7766 7764 7758
7768 4682 2202
7770 7768 7726
7772 7771 7767
7774 7773 1372
7776 7775 28
7778 7760 2174
7780 6300 2568
7782 7780 7778
7784 2526 2378
7786 2478 2174
7788 7786 7784
7790 7789 7783
7792 7722 2174
7794 6300 2526
7796 7794 7792
7798 2488 2174
7800 2598 2388
7802 7800 7798
7804 7803 7797
7806 7804 7790
7808 7807 4094
7810 7809 7776
7812 7811 7757
7814 2372 2174
7816 2378 444
7818 7816 7814
7820 2368 13
7822 7820 3482
7824 7822 31
7826 6300 20
7828 7826 7824
7830 7829 7819
7832 7831 2366
7834 7720 2394
7836 7834 3482
7838 7836 7826
7840 2396 2174
7842 7840 7816
7844 7843 7839
7846 7845 2436
7848 7847 7833
7850 2462 2456
7852 7820 31
7854 7852 15
7856 7854 6
7858 7826 2242
7860 7858 7856
7862 7860 2366
7864 7834 15
7866 7864 6
7868 7866 7858
7870 7868 2436
7872 7871 7863
7874 7872 7851
7876 7874 7848
7878 7718 20
7880 7878 7866
7882 7880 10
7884 7882 2390
7886 7885 2413
7888 7831 2684
7890 7845 2434
7892 7891 7889
7894 7892 7886
7896 7894 7876
7898 7896 7813
7900 2396 14
7902 2402 444
7904 7902 7900
7906 7904 10
7908 7906 2390
7910 2372 14
7912 7910 7902
7914 7912 10
7916 6186 20
7918 7916 7824
7920 7919 7915
7922 7921 2418
7924 7923 7909
7926 7924 2680
7928 7878 7856
7930 7928 10
7932 7930 2456
7934 7860 2064
7936 7934 1486
7938 7937 7933
7940 7882 2448
7942 7930 2418
7944 7943 7941
7946 7944 7938
7948 7946 7926
7950 3220 2160
7952 7820 6
7954 7952 1092
7956 7954 2622
7958 7956 7950
7960 7918 2456
7962 3482 2370
7964 7742 1100
7966 7964 7962
7968 7736 1100
7970 7968 7822
7972 7971 7967
7974 7972 7961
7976 7974 7959
7978 3482 2536
7980 7708 1100
7982 7980 7978
7984 2394 13
7986 7984 10
7988 4227 3403
7990 7989 7986
7992 6186 2568
7994 7992 1100
7996 7994 7990
7998 7997 7983
8000 2449 2391
8002 7916 7836
8004 8002 8001
8006 8005 7998
8008 2388 744
8010 8008 2598
8012 8010 7978
8014 8013 2713
8016 3220 28
8018 8016 2622
8020 8018 7954
8022 2816 2622
8024 8022 7962
8026 8025 8021
8028 8026 8014
8030 8028 8006
8032 8030 7976
8034 8032 2638
8036 7914 2456
8038 2684 2606
8040 8039 8037
8042 7990 7780
8044 7822 7794
8046 8045 8043
8048 8047 744
8050 7868 2434
8052 8051 8049
8054 8052 8040
8056 7906 2448
8058 2160 1372
8060 8058 7766
8062 6186 444
8064 8062 3218
8066 8064 7778
8068 8067 8061
8070 8068 8057
8072 2803 2768
8074 8072 8070
8076 8074 8054
8078 8076 8034
8080 8078 7948
8082 8080 7898
8084 406 250
8086 8084 4890
8088 452 250
8090 8089 6
8092 8091 4894
8094 8093 8087
8096 8085 880
8098 8097 4
8100 8098 8095
8102 2969 3
8104 860 12
8106 8104 854
8108 8106 2
8110 8109 8103
8112 8111 162
8114 8111 148
8116 8109 867
8118 8117 184
8120 8119 8115
8122 8120 8113
8124 2942 148
8126 2468 2430
8128 7718 21
8130 7852 2502
8132 8130 8128
8134 8132 2456
8136 8135 7938
8138 2378 1472
8140 8138 7814
8142 8140 2454
8144 7852 3464
8146 6300 21
8148 8146 8144
8150 8148 2414
8152 7834 14
8154 8146 4430
8156 8154 2739
8158 8156 8152
8160 3464 43
8162 8160 2536
8164 2492 2378
8166 8164 8162
8168 8167 8159
8170 8168 8151
8172 8138 7840
8174 8172 2656
8176 43 36
8178 7984 2502
8180 8146 2388
8182 8180 8178
8184 7820 2502
8186 8146 2064
8188 8186 8184
8190 8189 8183
8192 8191 8176
8194 8193 8175
8196 8194 8170
8198 8196 8143
8200 8199 28
8202 8201 8136
8204 8202 8126
8206 7834 2502
8208 8146 36
8210 8208 8206
8212 8210 2388
8214 8208 8130
8216 8214 2064
8218 8217 8213
8220 8219 1486
8222 8206 8128
8224 8222 2390
8226 6186 21
8228 8226 3218
8230 4250 1092
8232 8230 7760
8234 8232 8228
8236 8235 8225
8238 8236 7885
8240 8238 2690
8242 8240 8221
8244 2492 2402
8246 8244 2416
8248 7798 514
8250 8248 8246
8252 7985 7761
8254 8253 3464
8256 8254 8228
8258 8257 8251
8260 8258 7909
8262 7950 2698
8264 8262 8184
8266 6186 2696
8268 8266 514
8270 8268 2416
8272 8270 7792
8274 8273 8265
8276 7722 2502
8278 2064 1098
8280 8278 8128
8282 8280 8276
8284 8282 29
8286 2696 2378
8288 8286 514
8290 8288 7786
8292 8290 2160
8294 8293 8285
8296 8294 8274
8298 8296 8260
8300 2561 2513
8302 8146 8008
8304 8302 8254
8306 8305 2565
8308 8306 8300
8310 8308 2827
8312 2834 2605
8314 8312 8310
8316 8314 8298
8318 8210 2436
8320 8140 2366
8322 8321 8319
8324 2402 1472
8326 8324 7900
8328 8326 10
8330 8328 8001
8332 8172 2434
8334 8333 8331
8336 8334 8322
8338 8051 8037
8340 8016 2698
8342 8340 8276
8344 8302 8232
8346 8345 8343
8348 8214 2366
8350 8349 8346
8352 8350 8338
8354 8352 8336
8356 8354 8316
8358 8222 2448
8360 8132 2418
8362 8361 8359
8364 8248 8164
8366 8186 514
8368 8366 7792
8370 8369 8291
8372 8370 8365
8374 8373 28
8376 8375 8362
8378 8376 7892
8380 7820 3464
8382 8380 8266
8384 2696 2402
8386 3464 2370
8388 8386 8384
8390 8389 8383
8392 8391 1100
8394 8148 2684
8396 8395 8393
8398 8002 2390
8400 8380 8186
8402 8386 8286
8404 8403 8401
8406 8405 744
8408 8407 8399
8410 8408 8396
8412 6186 1472
8414 8412 8152
8416 8001 10
8418 8416 8414
8420 8419 2705
8422 8246 8162
8424 7950 2508
8426 8424 8178
8428 8427 8423
8430 8226 8144
8432 8430 2456
8434 8433 8428
8436 8434 8420
8438 8436 8410
8440 8324 7910
8442 8440 10
8444 8443 8431
8446 8445 2418
8448 8442 2456
8450 8449 7961
8452 8450 8447
8454 8452 8438
8456 8454 8378
8458 8456 8356
8460 8458 8242
8462 8460 8204
8464 1397 469
8466 8465 278
8468 8467 4677
8470 7260 6488
8472 7718 4240
8474 8472 8470
8476 4240 2404
8478 7260 4596
8480 8478 8476
8482 4238 11
8484 8482 2402
8486 7260 7
8488 8486 4236
8490 8488 2404
8492 4266 11
8494 8492 6186
8496 8495 8491
8498 8496 8485
8500 8499 4312
8502 8501 8481
8504 8502 8475
8506 8505 6184
8508 7718 4214
8510 8508 8486
8512 8510 7084
8514 8484 7084
8516 8515 8513
8518 8517 572
8520 8494 7086
8522 8521 7439
8524 8522 7411
8526 8524 8519
8528 8510 4312
8530 4512 11
8532 8530 6514
8534 7262 7
8536 8534 8472
8538 8537 8533
8540 8486 4406
8542 8540 8476
8544 4240 2402
8546 4534 11
8548 8546 8544
8550 8549 8543
8552 8550 8538
8554 8552 8529
8556 8555 7136
8558 8480 31
8560 8559 7416
8562 8561 4552
8564 8563 8557
8566 8564 8526
8568 8566 8507
8570 8569 29
8572 7295 6415
8574 8492 4566
8576 8488 2648
8578 8576 4240
8580 8579 8575
8582 7297 7293
8584 8582 8580
8586 8585 8573
8588 4606 4240
8590 8588 8470
8592 4240 2648
8594 8592 8478
8596 8595 8591
8598 8597 4544
8600 4562 11
8602 8600 4566
8604 8603 8599
8606 8605 6512
8608 8590 31
8610 8609 8579
8612 8610 8575
8614 8613 1290
8616 8615 8607
8618 8616 8587
8620 4564 4312
8622 7260 4250
8624 8622 4214
8626 8624 8620
8628 8627 8591
8630 8629 1884
8632 8588 8534
8634 8530 4566
8636 8635 8633
8638 4240 2646
8640 8638 8546
8642 8592 8540
8644 8643 8641
8646 8644 8636
8648 8646 8631
8650 8649 6512
8652 8482 2646
8654 8653 8577
8656 6512 4312
8658 8656 8655
8660 8608 6414
8662 7226 3906
8664 8662 8638
8666 1290 31
8668 8667 4545
8670 8669 8664
8672 8594 1884
8674 8673 8671
8676 8674 7303
8678 8676 8661
8680 8678 8659
8682 8680 8651
8684 8682 8618
8686 8685 28
8688 8662 8544
8690 8689 8502
8692 8691 7474
8694 8620 8492
8696 8695 8627
8698 8697 6462
8700 8514 6450
8702 8701 7490
8704 8702 8699
8706 8694 6628
8708 8707 8665
8710 7487 6629
8712 8711 8709
8714 8600 6514
8716 8715 8689
8718 8717 7500
8720 8558 7458
8722 8721 8719
8724 8715 8475
8726 8725 7474
8728 8512 6450
8730 8729 8727
8732 8730 8722
8734 8732 8713
8736 8734 8704
8738 8736 7468
8740 8738 8693
8742 8740 8687
8744 8742 8571
8746 5796 608
8748 4022 194
8750 3940 553
8752 8750 3153
8754 8753 7
8756 3937 6
8758 8757 4020
8760 8758 8755
8762 8761 8749
8764 156 31
8766 450 22
8768 8766 6644
8770 2065 852
8772 8770 860
8774 2524 189
8776 8775 70
8778 2532 631
8780 188 22
8782 8780 8779
8784 8783 8777
8786 8785 8772
8788 8787 8769
8790 8789 608
8792 859 250
8794 8792 2076
8796 8780 1132
8798 8797 8795
8800 8798 8791
8802 5339 441
8804 860 851
8806 8804 428
8808 8807 8802
8810 8809 308
8812 198 6
8814 8813 271
8816 8815 8772
8818 2916 386
8820 606 22
8822 438 198
8824 8822 8821
8826 8825 8819
8828 8826 8817
8830 8828 8811
8832 8831 608
8834 1563 1345
8836 8835 212
8838 3949 268
8840 8839 8837
8842 2010 196
8844 346 212
8846 8844 798
8848 8847 8843
8850 8849 1047
8852 8851 8840
8854 8853 811
8856 588 22
8858 8856 1354
8860 4395 1357
8862 8861 572
8864 8863 8859
8866 8865 25
8868 8867 1275
8870 8869 212
8872 8871 8855
8874 1908 228
8876 2942 162
8878 5344 4890
8880 5342 859
8882 8881 1159
8884 8883 4896
8886 8885 8879
8888 8887 4
8890 710 272
8892 8891 2003
8894 8893 26
8896 2004 4
8898 2002 5
8900 8899 8897
8902 8900 8895
8904 8903 1554
8906 1266 190
8908 8906 4859
8910 8909 3
8912 190 24
8914 8912 35
8916 8914 588
8918 8917 1159
8920 8919 8911
8922 350 272
8924 8922 662
8926 332 34
8928 8927 797
8930 1988 349
8932 8930 8929
8934 8933 8925
8936 8934 8921
8938 362 190
8940 8939 8923
8942 8941 4798
8944 334 272
8946 8944 338
8948 8914 344
8950 8948 2
8952 273 191
8954 8953 594
8956 8954 1554
8958 8957 8951
8960 8958 8947
8962 8960 8943
8964 8963 27
8966 8965 8936
8968 8966 8905
8970 202 23
8972 7880 2692
8974 7928 2726
8976 8975 8973
8978 7880 2752
8980 7864 7
8982 8980 8128
8984 8982 2692
8986 8985 8979
8988 8986 8976
8990 8001 2446
8992 8991 7941
8994 8992 8988
8996 2619 2565
8998 3702 752
9000 8998 7760
9002 9000 7992
9004 4606 2210
9006 7984 7
9008 9006 2584
9010 9008 9004
9012 9011 9003
9014 9012 8996
9016 2394 1298
9018 9004 2534
9020 2568 2208
9022 5044 29
9024 9022 9020
9026 9025 9019
9028 9027 9016
9030 9029 2518
9032 9030 9014
9034 9032 2744
9036 2588 2160
9038 9037 8428
9040 9038 8006
9042 8440 2726
9044 1590 514
9046 2488 14
9048 9046 8244
9050 6186 14
9052 9050 2492
9054 9052 7760
9056 9055 9049
9058 9057 9044
9060 9059 9043
9062 7852 14
9064 9062 8412
9066 9064 2726
9068 9067 8419
9070 9068 9060
9072 9070 9040
9074 9072 9034
9076 8328 2448
9078 8328 2390
9080 9079 9077
9082 9080 8070
9084 8982 2752
9086 9085 2808
9088 2740 2444
9090 9089 8359
9092 9090 9086
9094 9092 9082
9096 9094 9074
9098 9096 8994
9100 2492 1282
9102 3220 7
9104 9102 7762
9106 9104 9100
9108 9106 32
9110 7718 2570
9112 9110 7764
9114 9113 9109
9116 4598 21
9118 9116 2582
9120 5044 1472
9122 9120 7984
9124 9123 9119
9126 9125 6024
9128 4598 2538
9130 9128 9020
9132 7710 4110
9134 9133 9131
9136 9134 9127
9138 9136 9114
9140 8152 8062
9142 9141 8327
9144 9143 5832
9146 8415 7905
9148 9147 5586
9150 9149 9145
9152 9150 9138
9154 9152 7717
9156 9155 29
9158 8361 7943
9160 7854 7
9162 9160 8128
9164 9162 2726
9166 9165 2729
9168 9166 8447
9170 9168 7924
9172 9170 9158
9174 9147 2692
9176 9062 8062
9178 9177 7913
9180 9179 2726
9182 9181 9175
9184 9143 2752
9186 9185 8258
9188 9186 9182
9190 9188 2680
9192 8238 2428
9194 9192 9190
9196 9194 9172
9198 9196 9157
9200 9198 9098
9202 4178 282
9204 1548 284
9206 9205 9203
9208 2967 284
9210 864 306
9212 9211 9209
9214 9212 3
9216 2941 284
9218 1803 282
9220 9219 9217
9222 9221 30
9224 8106 306
9226 9225 2
9228 9226 9223
9230 9229 9215
9232 9231 9206
9234 9065 8441
9236 9234 7913
9238 9237 2748
9240 8450 7933
9242 9240 9239
9244 8268 7738
9246 9245 7751
9248 9247 1590
9250 9249 7923
9252 9163 7929
9254 9253 2748
9256 2526 1282
9258 9256 7728
9260 5036 20
9262 9260 7952
9264 2482 2208
9266 9264 7820
9268 9267 9263
9270 9269 5044
9272 9271 9259
9274 9273 29
9276 9275 9255
9278 9276 9250
9280 9176 2748
9282 2540 916
9284 9282 2696
9286 7724 7
9288 9286 9284
9290 9288 2160
9292 9291 7959
9294 9292 9281
9296 9067 8433
9298 8393 7972
9300 9298 9296
9302 9300 9294
9304 2679 2427
9306 9304 9302
9308 9306 9278
9310 9308 9242
9312 9168 2467
9314 9312 9158
9316 2759 2751
9318 2791 2735
9320 9318 9316
9322 2831 2761
9324 9043 2531
9326 9324 9322
9328 7952 2782
9330 9328 9004
9332 4598 29
9334 9332 2708
9336 9334 9260
9338 9337 9331
9340 2696 2210
9342 9340 4598
9344 9342 2776
9346 7820 7
9348 9004 2778
9350 9348 9346
9352 9351 9345
9354 9352 9338
9356 4094 10
9358 9356 2416
9360 9358 7746
9362 9361 2555
9364 9044 7744
9366 9364 8384
9368 9358 7740
9370 9369 9367
9372 9370 9362
9374 9372 9354
9376 9374 9326
9378 9376 9320
9380 7732 29
9382 9381 8135
9384 8274 8037
9386 9384 9382
9388 8975 2714
9390 9181 8294
9392 9390 9388
9394 9392 9386
9396 9394 9378
9398 9396 9314
9400 9398 9310
9402 608 270
9404 9402 870
9406 4463 4454
9408 9406 4347
9410 9408 4541
9412 9410 4500
9414 9412 4424
9416 9415 1098
9418 4650 4528
9420 9419 1282
9422 4275 3420
9424 9423 9421
9426 4636 1282
9428 4436 1098
9430 9429 9427
9432 6488 4608
9434 9433 4603
9436 43 35
9438 9436 33
9440 9438 9435
9442 4329 4311
9444 9442 9441
9446 9444 9430
9448 4299 3420
9450 4269 4255
9452 9451 6442
9454 9453 4321
9456 9454 9449
9458 9456 9446
9460 9458 9424
9462 9460 4281
9464 9462 9417
9466 9465 572
9468 4351 4330
9470 9469 586
9472 1884 33
9474 4610 798
9476 9475 4594
9478 9476 4578
9480 9479 9472
9482 6570 4288
9484 6184 4421
9486 9485 9483
9488 9486 9481
9490 4471 4374
9492 4429 17
9494 4547 1884
9496 9494 9493
9498 9497 9491
9500 4439 4335
9502 9500 4469
9504 9503 6214
9506 6280 4361
9508 9507 9505
9510 9508 9498
9512 9510 9488
9514 9512 9471
9516 9514 9467
9518 9517 28
9520 9519 4655
9522 2012 172
9524 4606 21
9526 9524 8980
9528 4606 20
9530 9528 7866
9532 9531 9527
9534 9533 2388
9536 7773 763
9538 30 15
9540 9538 2582
9542 2388 2382
9544 9542 9540
9546 9545 7935
9548 9546 9537
9550 9548 9535
9552 9551 744
9554 8222 3218
9556 4916 5
9558 9556 7868
9560 9559 9555
9562 7718 2614
9564 950 15
9566 9564 7986
9568 9566 9562
9570 9538 1282
9572 9570 2526
9574 9572 2708
9576 9574 2404
9578 9577 9569
9580 9579 29
9582 9581 8346
9584 9582 9560
9586 9540 9100
9588 2482 2370
9590 9588 9570
9592 9591 9587
9594 9593 2506
9596 9595 9165
9598 8214 2684
9600 9599 8349
9602 9600 9596
9604 9602 9584
9606 9524 9160
9608 9606 2366
9610 8264 30
9612 9611 9609
9614 2388 1284
9616 9614 8982
9618 9593 2472
9620 9619 9617
9622 9620 9612
9624 9622 7944
9626 9624 9604
9628 9255 7872
9630 9628 8988
9632 9564 2536
9634 9632 2242
9636 9634 7980
9638 8016 2614
9640 9638 9566
9642 9641 9637
9644 9574 2472
9646 9564 7820
9648 9646 9256
9650 9648 8016
9652 9651 9645
9654 9652 9642
9656 9538 2242
9658 9656 2776
9660 9658 2818
9662 9661 8061
9664 9662 9654
9666 9085 8225
9668 9666 9664
9670 9538 9346
9672 9670 10
9674 9672 8340
9676 36 30
9678 9676 7968
9680 9678 7954
9682 9681 9675
9684 9570 2492
9686 9684 9006
9688 9687 9649
9690 9689 7950
9692 2510 10
9694 9692 9540
9696 9695 9691
9698 9696 9682
9700 9698 7885
9702 9700 9668
9704 9702 9630
9706 9704 9626
9708 9706 9553
9710 9670 9284
9712 9570 2568
9714 9016 3220
9716 9714 9712
9718 9717 9711
9720 9718 9289
9722 9721 32
9724 7880 2388
9726 9724 1372
9728 2538 2404
9730 9728 9712
9732 8286 2208
9734 9732 9658
9736 9735 8283
9738 9736 9731
9740 9259 7733
9742 9740 9738
9744 9742 9727
9746 9744 9723
9748 9162 2064
9750 9749 9725
9752 9751 1282
9754 8278 8132
9756 6186 2508
9758 9676 8178
9760 9759 8233
9762 9761 9756
9764 9763 9755
9766 2258 2064
9768 9766 7928
9770 9769 9114
9772 9770 9764
9774 9772 9753
9776 9774 9746
9778 9777 29
9780 9606 2064
9782 9528 7856
9784 9783 9781
9786 2415 2065
9788 9787 9785
9790 9534 42
9792 9676 3
9794 9792 7956
9796 2546 30
9798 9797 9795
9800 9798 9718
9802 8210 2736
9804 9289 9107
9806 2614 2
9808 9806 9634
9810 9686 3220
9812 9811 9809
9814 9812 9804
9816 9814 9803
9818 9816 9800
9820 9818 9791
9822 9820 9789
9824 9823 28
9826 9530 420
9828 9827 8218
9830 9829 744
9832 9527 8211
9834 9833 2436
9836 8023 7965
9838 9837 2710
9840 8182 744
9842 9841 9839
9844 9843 9676
9846 9845 9835
9848 9846 8362
9850 9848 8136
9852 9850 9831
9854 9852 9825
9856 9854 9779
9858 9856 9708
9860 6786 3676
9862 9860 3222
9864 3676 2174
9866 3244 556
9868 9866 9864
9870 9869 9863
9872 9871 5744
9874 1060 516
9876 3466 1228
9878 9876 1040
9880 9878 9874
9882 9876 988
9884 9882 5754
9886 9875 5755
9888 6832 3676
9890 9888 3232
9892 9890 9887
9894 9893 9885
9896 9894 9881
9898 9896 9873
9900 1590 19
9902 4985 3573
9904 9903 9900
9906 28 3
9908 9906 3290
9910 5244 10
9912 9910 4976
9914 2202 490
9916 5934 3676
9918 9916 9914
9920 9919 9913
9922 9921 9908
9924 9923 9905
9926 9924 9898
9928 6916 28
9930 9860 3232
9932 9930 5744
9934 3782 1740
9936 9934 556
9938 4916 3290
9940 9938 2084
9942 9940 9936
9944 3614 3314
9946 4916 988
9948 9946 9944
9950 9949 9943
9952 6056 10
9954 9952 5750
9956 3864 28
9958 9956 9910
9960 9959 9955
9962 9960 9950
9964 3372 1590
9966 9964 5936
9968 9878 5754
9970 9969 9967
9972 9970 9962
9974 9972 9933
9976 9974 9929
9978 9976 9926
9980 9978 6779
9982 5936 3386
9984 5269 3627
9986 9984 9983
9988 9986 5078
9990 9989 3292
9992 9991 29
9994 9864 3480
9996 3384 3290
9998 9996 9994
10000 9999 28
10002 10001 19
10004 9944 5030
10006 5070 3676
10008 10006 3864
10010 10009 10005
10012 10010 10003
10014 10013 9993
10016 6774 29
10018 10017 10015
10020 10018 9980
10022 5578 43
10024 5849 5005
10026 10024 10023
10028 5113 4989
10030 5512 5486
10032 10031 5901
10034 10032 10028
10036 5492 2739
10038 10037 5915
10040 10038 10034
10042 5906 3328
10044 10043 4993
10046 3501 3477
10048 10046 10044
10050 10048 5003
10052 10050 10040
10054 5235 4975
10056 5237 5159
10058 10056 10054
10060 10058 5898
10062 10060 10052
10064 10062 10026
10066 10065 9900
10068 3290 41
10070 9936 394
10072 10070 10068
10074 9952 3388
10076 9994 3290
10078 10076 5486
10080 10079 10075
10082 3859 3849
10084 10083 3222
10086 10084 9888
10088 9916 3372
10090 10089 10087
10092 9882 3858
10094 10006 3674
10096 10095 10093
10098 10096 10090
10100 10098 10080
10102 10100 10073
10104 6921 6868
10106 10104 6797
10108 9931 9870
10110 10109 3788
10112 10111 10106
10114 10112 10102
10116 10115 28
10118 10117 10067
10120 10118 10020
8 5 5
10 1 1
12 0 0
14 1 1
16 0 0
18 7 7
20 0 0
10122 207 144
10124 207 10123
10126 248 10125
10128 249 144
10130 10127 10129
10132 109 10131
10134 109 10133
10136 313 10134
10138 313 10137
10140 152 10139
22 10140 10140
36 0 0
38 0 0
40 0 0
42 108 108
34 0 0
32 0 0
10142 108 144
10144 109 10131
10146 10143 10145
30 10147 10147
28 1 1
26 0 0
24 3 3
i0 r_2
i1 r_1
i2 r_0
l0 __bad __qdead
l1 __q23k0
l2 __q31k0
l3 __q17k2
l4 __q7k3
l5 __q10k0
l6 __q3k3
l7 __q17k0
l8 __q28k3
l9 __q25k3
l10 __q26k0
l11 __q20k0
l12 __q11k1
l13 __q5k3
l14 __q19k2
l15 __q16k3
l16 __q24k0
l17 __q25k2
l18 __q14k4
l19 __q11k0
l20 __q12k3
l21 __q28k1
l22 __q21k4
l23 __q19k0
l24 __q4k4
l25 __q32k0
l26 __q18k0
l27 __q9k3
l28 __q31k1
l29 __q22k0
l30 __q16k1
l31 __q8k1
l32 __q3k0
l33 __q13k3
l34 __q29k2
l35 __q28k2
l36 __q15k0
l37 __q21k0
l38 __q12k1
l39 __q23k1
l40 __q3k2
l41 __q23k2
l42 __q13k4
l43 __q19k3
l44 __q15k1
l45 __q6k0
l46 __q8k0
l47 __q3k4
l48 __q31k2
l49 __q22k2
l50 __q2k0
l51 __q6k1
l52 __q9k2
l53 __q20k4
l54 !__q0k4
l55 __q15k2
l56 __q2k3
l57 __q25k0
l58 __q10k3
l59 __q21k2
l60 __q31k3
l61 __q30k3
l62 __q29k0
l63 __q17k3
l64 __q20k2
l65 __q8k2
l66 __q4k2
l67 __q23k3
l68 __q11k3
l69 __q7k1
l70 __q30k2
l71 __q26k3
l72 __q27k3
l73 __q17k1
l74 __q2k4
l75 __q19k4
l76 __q20k3
l77 __q5k1
l78 __q11k2
l79 __q4k1
l80 __q4k3
l81 __q2k1
l82 __q10k2
l83 __q22k1
l84 __q6k3
l85 __q22k4
l86 __q10k1
l87 __q8k4
l88 __q32k2
l89 __q13k0
l90 __q32k3
l91 __q12k0
l92 __q15k3
l93 __q13k1
l94 __q11k4
l95 __q18k2
l96 __q22k3
l97 __q13k2
l98 __q30k0
l99 __q16k4
l100 __q28k0
l101 __q20k1
l102 __q3k1
l103 __q18k3
l104 __q21k3
l105 __q16k0
l106 __q32k1
l107 __q23k4
l108 __q17k4
l109 __q7k2
l110 __q12k2
l111 __q25k1
l112 __q29k3
l113 __q18k1
l114 __q26k1
l115 __q19k1
l116 __q16k2
l117 __q15k4
l118 __q27k2
l119 __q9k1
l120 __q21k1
l121 __q10k4
l122 __q24k3
l123 __q7k4
l124 __q24k1
l125 __q8k3
l126 __q2k2
l127 __q5k2
l128 __q5k0
l129 __q6k2
l130 __q24k2
l131 __q30k1
l132 __q27k1
l133 __q7k0
l134 __q4k0
l135 __q5k4
l136 __q9k0
l137 __q18k4
l138 __q26k2
l139 __q27k0
l140 __q6k4
l141 __q29k1
l142 __q9k4
l143 __q12k4
o0 __d2_r_1
o1 __vp1_1
o2 __d2_r_2
o3 __vp3_0
o4 __vp1_0
o5 __d3_r_0
o6 __d2_r_0
o7 g_1
o8 __vp3_1
o9 __d3_r_2
o10 __d3_r_1
o11 g_0
o12 __d1_r_0
o13 __vp2_1
o14 g_2
o15 __vp2_0
o16 __d1_r_1
o17 __d1_r_2
c
Generated by Yosys 0.7+217 (git sha1 5442554, clang 3.8.0-2ubuntu4 -fPIC -Os)

