15:59:44  Namespace(bound=32, dot=None, incr=True, log=None, maxK=0, moore=True, size=0, spec='./experiments-for-synt/postponed_arbiter_4_k1.tlsf', spot=True, tmp=False, unreal=False, verbose=0)
15:59:44  created z3 process: 26243
15:59:45  automaton size is: 19
15:59:45  using CoBuchiEncoder
15:59:45  search
15:59:45  searching a model of size 1..
15:59:45  solving the query..
15:59:45  searching a model of size 2..
15:59:45  solving the query..
15:59:45  searching a model of size 3..
15:59:45  solving the query..
15:59:45  searching a model of size 4..
15:59:46  solving the query..
15:59:47  searching a model of size 5..
15:59:47  solving the query..
16:00:53  parse_model
16:00:53  searching a model took (sec): 68
16:00:53  FOUND model for sys of size 5
16:00:53  digraph module {
 rankdir=LR;

"0" [label="-g_2 -g_3 __vp3_0 -g_1 __d1_r_2 -__d1_r_1 __d1_r_3 -g_0 __vp2_0 __d1_r_0 __vp4_0 __vp1_0\n0", fillcolor="green", style=filled]
"1" [label="-g_2 -g_3 __vp3_0 g_1 __d1_r_2 __d1_r_1 -__d1_r_3 -g_0 __vp2_0 __d1_r_0 __vp4_0 __vp1_0\n1"]
"2" [label="-g_2 g_3 __vp3_0 -g_1 -__d1_r_2 __d1_r_1 -__d1_r_3 -g_0 __vp2_0 -__d1_r_0 __vp4_0 __vp1_0\n2"]
"3" [label="-g_2 -g_3 __vp3_0 -g_1 -__d1_r_2 -__d1_r_1 __d1_r_3 g_0 __vp2_0 -__d1_r_0 __vp4_0 __vp1_0\n3"]
"4" [label="g_2 -g_3 __vp3_0 -g_1 -__d1_r_2 __d1_r_1 __d1_r_3 -g_0 __vp2_0 -__d1_r_0 __vp4_0 __vp1_0\n4"]
"1" -> "2" [label="1"]
"0" -> "1" [label="1"]
"4" -> "3" [label="1"]
"3" -> "0" [label="-r_2 r_1 r_0"]
"3" -> "0" [label="-r_2 r_1 -r_3"]
"3" -> "0" [label="r_3 -r_1 -r_2"]
"3" -> "1" [label="r_2"]
"3" -> "1" [label="-r_3 -r_1"]
"3" -> "1" [label="r_3 r_1 -r_0"]
"2" -> "4" [label="1"]
}
