15:59:44  Namespace(bound=32, dot=None, incr=True, log=None, maxK=0, moore=True, size=0, spec='./experiments-for-synt/postponed_arbiter_3_kmax.tlsf', spot=True, tmp=False, unreal=False, verbose=0)
15:59:45  created z3 process: 26299
16:00:11  automaton size is: 114
16:00:13  using CoBuchiEncoder
16:00:13  search
16:00:13  searching a model of size 1..
16:00:26  solving the query..
16:00:36  searching a model of size 2..
16:00:49  solving the query..
16:01:14  searching a model of size 3..
16:01:27  solving the query..
16:02:49  searching a model of size 4..
16:03:02  solving the query..
16:29:09  parse_model
16:29:09  searching a model took (sec): 1735
16:29:09  FOUND model for sys of size 4
16:29:09  digraph module {
 rankdir=LR;

"0" [label="-__vp3_1 -__d7_r_2 __vp3_3 -__d3_r_0 -__d4_r_0 -__d10_r_2 -__d7_r_0 -__vp1_1 -g_2 __vp1_0 -__d10_r_0 __d8_r_0 -__d9_r_0 __vp1_2 __d5_r_2 -__d6_r_1 -__d2_r_2 -__d9_r_1 -__d5_r_1 -__d1_r_0 -__d3_r_1 -__d8_r_1 __d5_r_0 __d11_r_0 __d2_r_0 -__d12_r_0 -__d12_r_2 __d11_r_2 -__d6_r_0 __d1_r_2 -__d11_r_1 -__d8_r_2 -__d12_r_1 -__vp3_2 -__d3_r_2 __d6_r_2 -__vp2_3 -__d2_r_1 -__d1_r_1 -__vp2_0 __vp2_2 __d9_r_2 -__d10_r_1 -__d7_r_1 -__d4_r_2 -__d4_r_1 -__vp1_3 __vp3_0 -__vp2_1 -g_0 -g_1\n0", fillcolor="green", style=filled]
"1" [label="-__vp3_1 -__d7_r_2 __vp3_3 -__d3_r_0 -__d4_r_0 -__d10_r_2 -__d7_r_0 __vp1_1 -g_2 -__vp1_0 -__d10_r_0 __d8_r_0 -__d9_r_0 -__vp1_2 -__d5_r_2 -__d6_r_1 -__d2_r_2 -__d9_r_1 -__d5_r_1 -__d1_r_0 -__d3_r_1 -__d8_r_1 __d5_r_0 __d11_r_0 __d2_r_0 -__d12_r_0 -__d12_r_2 __d11_r_2 -__d6_r_0 -__d1_r_2 __d11_r_1 -__d8_r_2 -__d12_r_1 -__vp3_2 -__d3_r_2 -__d6_r_2 __vp2_3 -__d2_r_1 -__d1_r_1 __vp2_0 -__vp2_2 -__d9_r_2 -__d10_r_1 -__d7_r_1 -__d4_r_2 -__d4_r_1 -__vp1_3 __vp3_0 -__vp2_1 -g_0 g_1\n1"]
"2" [label="-__vp3_1 -__d7_r_2 -__vp3_3 -__d3_r_0 -__d4_r_0 -__d10_r_2 -__d7_r_0 -__vp1_1 -g_2 -__vp1_0 -__d10_r_0 -__d8_r_0 -__d9_r_0 -__vp1_2 __d5_r_2 -__d6_r_1 __d2_r_2 __d9_r_1 -__d5_r_1 -__d1_r_0 -__d3_r_1 -__d8_r_1 -__d5_r_0 -__d11_r_0 -__d2_r_0 -__d12_r_0 -__d12_r_2 __d11_r_2 -__d6_r_0 __d1_r_2 -__d11_r_1 -__d8_r_2 -__d12_r_1 -__vp3_2 -__d3_r_2 __d6_r_2 __vp2_3 __d2_r_1 __d1_r_1 __vp2_0 -__vp2_2 __d9_r_2 -__d10_r_1 -__d7_r_1 __d4_r_2 __d4_r_1 __vp1_3 __vp3_0 -__vp2_1 g_0 -g_1\n2"]
"3" [label="-__vp3_1 -__d7_r_2 -__vp3_3 __d3_r_0 -__d4_r_0 -__d10_r_2 -__d7_r_0 __vp1_1 g_2 -__vp1_0 -__d10_r_0 -__d8_r_0 -__d9_r_0 -__vp1_2 __d5_r_2 -__d6_r_1 __d2_r_2 __d9_r_1 -__d5_r_1 -__d1_r_0 __d3_r_1 -__d8_r_1 __d5_r_0 -__d11_r_0 __d2_r_0 -__d12_r_0 -__d12_r_2 -__d11_r_2 -__d6_r_0 -__d1_r_2 -__d11_r_1 -__d8_r_2 -__d12_r_1 -__vp3_2 __d3_r_2 -__d6_r_2 -__vp2_3 __d2_r_1 __d1_r_1 __vp2_0 -__vp2_2 -__d9_r_2 -__d10_r_1 -__d7_r_1 -__d4_r_2 __d4_r_1 -__vp1_3 __vp3_0 -__vp2_1 -g_0 -g_1\n3"]
"0" -> "1" [label="1"]
"2" -> "0" [label="r_2 -r_0"]
"2" -> "0" [label="-r_1 -r_0"]
"3" -> "2" [label="1"]
"1" -> "3" [label="1"]
"2" -> "1" [label="r_0"]
"2" -> "1" [label="r_1 -r_2"]
}
