15:59:44  Namespace(bound=32, dot=None, incr=True, log=None, maxK=0, moore=True, size=0, spec='./experiments-for-synt/postponed_arbiter_4_k2.tlsf', spot=True, tmp=False, unreal=False, verbose=0)
15:59:44  created z3 process: 26266
15:59:46  automaton size is: 31
15:59:46  using CoBuchiEncoder
15:59:46  search
15:59:46  searching a model of size 1..
15:59:47  solving the query..
15:59:48  searching a model of size 2..
15:59:49  solving the query..
15:59:50  searching a model of size 3..
15:59:51  solving the query..
15:59:56  searching a model of size 4..
15:59:57  solving the query..
16:00:05  searching a model of size 5..
16:00:05  solving the query..
16:10:31  parse_model
16:10:31  searching a model took (sec): 645
16:10:31  FOUND model for sys of size 5
16:10:31  digraph module {
 rankdir=LR;

"0" [label="-__d2_r_1 __vp3_0 -__d2_r_3 __d1_r_3 __vp2_0 __vp1_0 -g_3 -g_0 -__vp2_1 -__d1_r_1 -__vp1_1 -__d1_r_2 -__vp4_1 -g_2 -g_1 __vp4_0 -__vp3_1 -__d2_r_0 -__d2_r_2 __d1_r_0\n0", fillcolor="green", style=filled]
"1" [label="-__d2_r_1 __vp3_0 -__d2_r_3 -__d1_r_3 __vp2_0 __vp1_0 -g_3 g_0 -__vp2_1 __d1_r_1 -__vp1_1 -__d1_r_2 -__vp4_1 -g_2 -g_1 __vp4_0 -__vp3_1 -__d2_r_0 -__d2_r_2 -__d1_r_0\n1"]
"2" [label="-__d2_r_1 __vp3_0 -__d2_r_3 -__d1_r_3 __vp2_0 __vp1_0 g_3 -g_0 -__vp2_1 __d1_r_1 -__vp1_1 __d1_r_2 -__vp4_1 -g_2 -g_1 __vp4_0 -__vp3_1 -__d2_r_0 -__d2_r_2 -__d1_r_0\n2"]
"3" [label="-__d2_r_1 __vp3_0 -__d2_r_3 __d1_r_3 __vp2_0 __vp1_0 -g_3 -g_0 -__vp2_1 -__d1_r_1 -__vp1_1 -__d1_r_2 -__vp4_1 g_2 -g_1 __vp4_0 -__vp3_1 -__d2_r_0 -__d2_r_2 __d1_r_0\n3"]
"4" [label="-__d2_r_1 __vp3_0 -__d2_r_3 -__d1_r_3 __vp2_0 __vp1_0 -g_3 -g_0 -__vp2_1 -__d1_r_1 -__vp1_1 __d1_r_2 -__vp4_1 -g_2 g_1 __vp4_0 -__vp3_1 -__d2_r_0 -__d2_r_2 -__d1_r_0\n4"]
"1" -> "3" [label="1"]
"0" -> "4" [label="1"]
"3" -> "0" [label="r_0"]
"3" -> "0" [label="r_3"]
"3" -> "0" [label="r_2 r_1"]
"4" -> "2" [label="1"]
"3" -> "4" [label="-r_0 -r_3 -r_1"]
"3" -> "4" [label="-r_2 -r_0 -r_3"]
"2" -> "1" [label="1"]
}
