09:49:43  Namespace(bound=128, direct=True, dot=None, incr=True, log=None, size=0, spec='./experiments-for-synt/postponed_arbiter_4.py', tmp=False, verbose=0)
09:49:43  check_real
09:49:43  created z3 process: 14384
09:49:43  search
09:49:43  searching a model of size 1..
09:49:43  solving the query..
09:49:43  searching a model of size 2..
09:49:43  solving the query..
09:49:44  searching a model of size 3..
09:49:44  solving the query..
09:49:44  searching a model of size 4..
09:49:44  solving the query..
09:49:44  searching a model of size 5..
09:49:44  solving the query..
10:38:03  FOUND model for sys
10:38:03  digraph module {
 rankdir=LR;

"0" [label="-g_2 -g_3 -g_1 -g_0\n0", fillcolor="green", style=filled]
"1" [label="-g_2 -g_3 g_1 -g_0\n1"]
"2" [label="g_2 -g_3 -g_1 -g_0\n2"]
"3" [label="-g_2 g_3 -g_1 -g_0\n3"]
"4" [label="-g_2 -g_3 -g_1 g_0\n4"]
"3" -> "2" [label="1"]
"1" -> "4" [label="1"]
"4" -> "3" [label="r_1"]
"4" -> "3" [label="-r_2 r_3 r_0"]
"4" -> "3" [label="r_2 -r_3 -r_0"]
"0" -> "3" [label="1"]
"2" -> "1" [label="1"]
"4" -> "0" [label="r_2 -r_1 r_3"]
"4" -> "0" [label="-r_1 -r_3 r_0"]
"4" -> "0" [label="-r_1 r_3 -r_0"]
"4" -> "0" [label="-r_2 -r_1 -r_0"]
"4" -> "0" [label="-r_2 -r_1 -r_3"]
}
