09:49:43  Namespace(bound=128, direct=True, dot=None, incr=True, log=None, size=0, spec='./experiments-for-synt/postponed_arbiter_3.py', tmp=False, verbose=0)
09:49:43  check_real
09:49:43  created z3 process: 14381
09:49:43  search
09:49:43  searching a model of size 1..
09:49:43  solving the query..
09:49:43  searching a model of size 2..
09:49:43  solving the query..
09:49:43  searching a model of size 3..
09:49:43  solving the query..
09:49:44  searching a model of size 4..
09:49:44  solving the query..
09:49:46  FOUND model for sys
09:49:46  digraph module {
 rankdir=LR;

"0" [label="-g_1 -g_0 -g_2\n0", fillcolor="green", style=filled]
"1" [label="-g_1 -g_0 g_2\n1"]
"2" [label="-g_1 g_0 -g_2\n2"]
"3" [label="g_1 -g_0 -g_2\n3"]
"1" -> "2" [label="1"]
"0" -> "1" [label="1"]
"3" -> "1" [label="r_1 -r_2 r_0"]
"3" -> "1" [label="r_1 r_2 -r_0"]
"3" -> "1" [label="-r_1 -r_2 -r_0"]
"2" -> "3" [label="1"]
"3" -> "0" [label="r_2 r_0"]
"3" -> "0" [label="-r_1 r_0"]
"3" -> "0" [label="-r_1 r_2"]
"3" -> "0" [label="r_1 -r_2 -r_0"]
}
