09:27:17  Namespace(maxK=8, minK=2, moore=False, output=None, spec='./experiments-for-synt/prioritized_arbiter_2_kmax.tlsf', unreal=False, verbose=0)
09:27:17  UCW automaton has 16 states
09:27:17  setting k to 2...
09:27:17  k_reduce
09:27:17  k-LA automaton has 34 states
09:27:17  atm_to_verilog
09:27:18  verilog_to_aiger
09:27:24  synthesize
09:27:24  executing sdf...
09:27:24  sdf completed
09:27:24  setting k to 4...
09:27:24  k_reduce
09:27:24  k-LA automaton has 58 states
09:27:24  atm_to_verilog
09:27:24  verilog_to_aiger
09:27:35  synthesize
09:27:35  executing sdf...
09:27:35  sdf completed
REALIZABLE
aag 907 3 58 11 846
2
4
6
30 313
32 318
34 321
36 533
38 536
40 547
42 548
44 558
46 562
48 566
50 568
52 570
54 599
56 604
58 610
60 614
62 616
64 791
66 612
68 807
70 1
72 971
74 974
76 976
78 991
80 992
82 608
84 1149
86 602
88 1169
90 1245
92 1250
94 316
96 1254
98 555
100 1258
102 1260
104 1252
106 1263
108 1266
110 1387
112 1389
114 1412
116 1421
118 1422
120 1425
122 1509
124 1516
126 1559
128 1560
130 1569
132 1256
134 1248
136 1757
138 1760
140 1762
142 1777
144 1778
8
22
24
26
28
20
18
16
14
12
10
146 29 25
148 146 21
150 14 10
152 16 4
154 152 150
156 154 148
158 21 14
160 11 5
162 160 158
164 163 157
166 72 2
168 166 165
170 168 7
172 23 5
174 9 7
176 174 12
178 122 2
180 178 176
182 180 172
184 22 4
186 184 180
188 187 183
190 188 171
192 8 6
194 193 175
196 195 13
198 197 3
200 192 12
202 201 2
204 185 173
206 205 122
208 206 203
210 208 199
212 72 3
214 15 11
216 21 7
218 216 214
220 20 6
222 220 214
224 223 219
226 225 5
228 21 6
230 20 7
232 231 229
234 15 10
236 234 4
238 236 232
240 239 227
242 241 212
244 243 211
246 20 14
248 246 160
250 6 2
252 250 72
254 252 248
256 140 25
258 56 29
260 259 257
262 119 31
264 100 17
266 265 262
268 266 260
270 27 18
272 103 70
274 26 19
276 275 273
278 276 271
280 279 268
282 280 255
284 192 13
286 29 24
288 286 172
290 184 28
292 291 289
294 122 3
296 294 293
298 296 284
300 166 4
302 300 232
304 302 150
306 305 299
308 306 282
310 308 244
312 310 190
314 97 95
316 315 17
318 316 3
320 129 35
322 250 64
324 322 248
326 220 150
328 64 2
330 328 4
332 330 326
334 333 325
336 335 28
338 328 7
340 338 162
342 216 150
344 342 330
346 345 341
348 346 337
350 349 147
352 146 16
354 250 40
356 354 248
358 357 325
360 359 352
362 16 5
364 362 214
366 364 148
368 366 7
370 40 3
372 370 368
374 373 361
376 146 20
378 376 154
380 248 28
382 381 379
384 383 354
386 64 3
388 386 368
390 389 385
392 390 374
394 378 322
396 376 364
398 386 6
400 398 396
402 401 395
404 386 5
406 404 222
408 406 28
410 40 2
412 410 7
414 412 156
416 415 409
418 416 402
420 370 6
422 420 396
424 338 156
426 425 423
428 353 287
430 412 162
432 430 429
434 370 7
436 234 152
438 436 148
440 438 434
442 441 433
444 442 426
446 444 418
448 446 392
450 448 351
452 410 4
454 452 342
456 370 5
458 456 218
460 459 455
462 404 218
464 463 407
466 464 460
468 236 216
470 468 386
472 236 20
474 472 398
476 475 334
478 476 471
480 478 466
482 481 286
484 472 420
486 485 357
488 487 29
490 461 28
492 456 222
494 452 326
496 495 493
498 468 370
500 499 496
502 500 491
504 502 489
506 505 147
508 353 29
510 485 475
512 511 509
514 471 341
516 515 352
518 463 431
520 518 471
522 521 28
524 523 517
526 524 513
528 526 507
530 528 483
532 530 450
534 45 39
536 535 25
538 431 341
540 538 345
542 540 486
544 542 500
546 544 480
548 321 3
550 275 271
552 551 71
554 553 99
556 25 6
558 556 555
560 81 47
562 561 29
564 59 49
566 565 25
568 555 2
570 566 3
572 28 24
574 147 16
576 575 573
578 577 555
580 67 33
582 314 101
584 105 51
586 133 61
588 586 584
590 588 582
592 590 580
594 147 17
596 594 593
598 597 579
600 87 63
602 601 29
604 602 3
606 83 77
608 607 25
610 608 3
612 581 17
614 612 3
616 562 3
618 136 2
620 618 7
622 620 162
624 136 3
626 624 468
628 627 623
630 250 136
632 630 248
634 633 628
636 635 352
638 618 4
640 638 342
642 641 623
644 643 147
646 68 3
648 646 468
650 648 24
652 651 645
654 646 5
656 654 218
658 68 2
660 658 4
662 660 342
664 663 657
666 665 572
668 624 6
670 668 472
672 670 509
674 673 667
676 674 652
678 676 637
680 638 326
682 681 633
684 654 222
686 660 326
688 687 685
690 688 682
692 624 5
694 692 218
696 695 627
698 696 690
700 699 147
702 658 7
704 702 162
706 705 664
708 706 649
710 709 28
712 711 701
714 712 678
716 671 664
718 250 68
720 718 248
722 646 6
724 722 472
726 725 721
728 692 222
730 729 726
732 730 716
734 733 286
736 728 28
738 352 248
740 738 718
742 741 737
744 668 396
746 646 7
748 746 438
750 749 745
752 750 742
754 718 383
756 624 368
758 757 755
760 758 752
762 509 472
764 763 397
766 765 722
768 746 366
770 630 378
772 771 769
774 704 429
776 703 621
778 777 156
780 779 775
782 780 772
784 782 767
786 784 760
788 786 735
790 788 714
792 624 226
794 705 641
796 794 649
798 796 793
800 726 716
802 690 628
804 802 800
806 804 798
808 36 3
810 808 5
812 810 222
814 36 2
816 814 4
818 816 326
820 819 813
822 78 3
824 822 468
826 825 820
828 808 6
830 828 472
832 822 5
834 832 218
836 78 2
838 836 4
840 838 326
842 841 835
844 836 7
846 844 162
848 250 36
850 848 248
852 851 847
854 852 842
856 854 831
858 856 826
860 859 29
862 250 78
864 862 248
866 808 468
868 867 865
870 868 861
872 871 24
874 822 368
876 832 222
878 876 24
880 838 342
882 880 286
884 883 879
886 884 875
888 848 383
890 739 379
892 891 862
894 893 889
896 894 886
898 822 6
900 899 829
902 901 765
904 814 7
906 905 845
908 907 156
910 904 162
912 910 429
914 214 5
916 915 237
918 808 216
920 918 352
922 920 917
924 923 913
926 924 909
928 926 903
930 852 825
932 931 352
934 898 472
936 816 342
938 810 218
940 939 937
942 940 935
944 943 286
946 945 933
948 946 928
950 948 896
952 911 826
954 877 847
956 954 842
958 940 881
960 958 868
962 960 956
964 962 952
966 965 28
968 967 950
970 968 873
972 93 75
974 973 29
976 536 3
978 865 851
980 978 881
982 867 831
984 982 980
986 956 942
988 986 984
990 988 952
992 974 3
994 184 16
996 88 2
998 996 200
1000 998 994
1002 1001 146
1004 126 3
1006 1004 284
1008 126 2
1010 1008 200
1012 1011 1007
1014 1013 184
1016 174 13
1018 1016 1004
1020 1018 184
1022 1021 286
1024 1022 1015
1026 88 3
1028 1026 1016
1030 1028 172
1032 998 172
1034 1033 1031
1036 1006 172
1038 996 176
1040 1038 172
1042 1041 1037
1044 1042 1034
1046 1044 1024
1048 1026 284
1050 1049 1029
1052 1050 999
1054 1053 184
1056 1055 28
1058 1057 1047
1060 1058 1003
1062 1048 172
1064 1008 176
1066 1065 1019
1068 1039 1007
1070 1068 1066
1072 1071 184
1074 1073 1031
1076 1074 1063
1078 1077 509
1080 352 172
1082 1039 1012
1084 1083 1080
1086 994 146
1088 1050 1011
1090 1089 1086
1092 1091 1085
1094 286 184
1096 1094 1053
1098 1097 1092
1100 172 28
1102 1101 1095
1104 1102 1081
1106 1105 1064
1108 1018 172
1110 1108 509
1112 1111 1107
1114 1036 28
1116 1062 24
1118 1117 1115
1120 1118 1112
1122 509 172
1124 1100 1010
1126 1125 999
1128 1127 1122
1130 1067 288
1132 1103 1038
1134 1010 293
1136 1135 1133
1138 1136 1131
1140 1138 1129
1142 1140 1120
1144 1142 1098
1146 1144 1079
1148 1146 1061
1150 1034 1012
1152 1150 1065
1154 1153 205
1156 1063 1021
1158 1038 184
1160 1159 1041
1162 1160 1109
1164 1162 1156
1166 1164 1055
1168 1166 1155
1170 90 2
1172 1170 176
1174 1172 184
1176 90 3
1178 1176 172
1180 1178 196
1182 1181 1175
1184 124 3
1186 1184 1016
1188 1186 172
1190 124 2
1192 1190 176
1194 1192 172
1196 1195 1189
1198 1196 1182
1200 1170 200
1202 1200 172
1204 1190 200
1206 1204 205
1208 1207 1203
1210 1208 1198
1212 1172 172
1214 1176 184
1216 1214 284
1218 1217 1213
1220 1200 184
1222 1214 1016
1224 1223 1221
1226 1224 1218
1228 1184 284
1230 1228 172
1232 1192 184
1234 1233 1231
1236 1184 184
1238 1236 196
1240 1239 1234
1242 1240 1226
1244 1242 1210
1246 135 109
1248 1247 29
1250 1248 3
1252 585 17
1254 1252 3
1256 587 17
1258 1256 3
1260 551 273
1262 107 43
1264 29 4
1266 1264 555
1268 116 2
1270 1268 176
1272 1270 184
1274 116 3
1276 1274 184
1278 1276 196
1280 1279 1273
1282 84 3
1284 1282 1016
1286 84 2
1288 1286 176
1290 1289 1285
1292 1291 172
1294 1293 1280
1296 1295 352
1298 1268 200
1300 1101 292
1302 1301 1298
1304 12 3
1306 13 2
1308 1307 1305
1310 174 116
1312 1310 1308
1314 1104 289
1316 1315 1312
1318 1317 1303
1320 1292 147
1322 1286 200
1324 1282 284
1326 1325 1323
1328 1327 172
1330 146 17
1332 1331 1328
1334 1333 1321
1336 1334 1318
1338 1336 1297
1340 1274 284
1342 1340 172
1344 1343 1280
1346 1323 1285
1348 1347 184
1350 1325 1289
1352 1351 184
1354 1353 1349
1356 1354 1344
1358 1357 28
1360 1346 1299
1362 1361 184
1364 1340 205
1366 1365 1353
1368 1366 1363
1370 1369 286
1372 1341 1299
1374 1373 172
1376 1375 1353
1378 1376 1363
1380 1379 352
1382 1381 1371
1384 1382 1359
1386 1384 1338
1388 145 113
1390 11 4
1392 14 3
1394 1393 229
1396 1394 1391
1398 274 273
1400 19 11
1402 1401 5
1404 15 2
1406 1405 231
1408 1406 1403
1410 1408 1398
1412 1410 1396
1414 1312 172
1416 1415 1329
1418 1416 1294
1420 1418 1378
1422 1389 3
1424 121 55
1426 110 3
1428 1426 1016
1430 110 2
1432 1430 200
1434 1433 1429
1436 1426 284
1438 1430 176
1440 1439 1437
1442 1440 1434
1444 130 2
1446 1444 176
1448 130 3
1450 1448 284
1452 1450 172
1454 1453 1447
1456 1454 1442
1458 1457 205
1460 1450 184
1462 1448 1016
1464 1462 184
1466 1465 1461
1468 1444 200
1470 1468 172
1472 1471 28
1474 1472 1466
1476 1468 184
1478 1477 29
1480 1478 1461
1482 1470 25
1484 1483 1480
1486 1485 1475
1488 1487 1459
1490 1489 1331
1492 1469 1463
1494 1493 288
1496 1468 290
1498 1497 1495
1500 1462 1122
1502 1464 429
1504 1503 1501
1506 1504 1498
1508 1506 1491
1510 1308 205
1512 273 270
1514 1512 195
1516 1514 1510
1518 1220 25
1520 1203 29
1522 1520 1519
1524 1226 28
1526 1525 1523
1528 1219 286
1530 1204 184
1532 1531 1529
1534 1532 1198
1536 1534 1527
1538 1537 1331
1540 1204 172
1542 1541 1240
1544 1543 1331
1546 1219 352
1548 1200 1103
1550 1222 429
1552 1551 1549
1554 1552 1547
1556 1554 1545
1558 1556 1539
1560 1425 3
1562 1493 172
1564 1477 1466
1566 1564 1563
1568 1566 1459
1570 142 3
1572 1570 6
1574 1572 472
1576 250 142
1578 1576 248
1580 1579 1575
1582 114 3
1584 1582 468
1586 1582 5
1588 1586 218
1590 114 2
1592 1590 4
1594 1592 342
1596 1595 1589
1598 1596 1585
1600 142 2
1602 1600 4
1604 1602 342
1606 1605 28
1608 1606 1598
1610 1608 1580
1612 1575 146
1614 1613 1331
1616 1582 6
1618 1616 472
1620 250 114
1622 1620 248
1624 1623 1619
1626 1585 286
1628 1570 468
1630 1570 5
1632 1630 225
1634 1633 1629
1636 1634 1626
1638 1636 1624
1640 1639 1614
1642 1640 1611
1644 1618 509
1646 1570 368
1648 1647 1645
1650 1592 326
1652 1586 222
1654 1653 1651
1656 1655 147
1658 1628 509
1660 1659 1657
1662 1660 1648
1664 1590 7
1666 1664 156
1668 1600 7
1670 1668 162
1672 1670 1331
1674 1673 1667
1676 1572 396
1678 1616 396
1680 1679 1677
1682 1680 1674
1684 1668 156
1686 1664 162
1688 1686 429
1690 1689 1685
1692 1576 378
1694 16 7
1696 1694 1582
1698 1696 148
1700 1698 917
1702 1701 1693
1704 1702 1690
1706 1704 1682
1708 1706 1662
1710 1602 326
1712 1711 1605
1714 1712 29
1716 1630 222
1718 1711 28
1720 1718 1717
1722 1721 147
1724 1722 1715
1726 1595 1579
1728 1726 1589
1730 1728 1575
1732 1731 286
1734 1623 1579
1736 1735 352
1738 1620 383
1740 1630 218
1742 1741 1687
1744 1743 28
1746 1745 1739
1748 1746 1737
1750 1748 1733
1752 1750 1725
1754 1752 1708
1756 1754 1643
1758 139 53
1760 1759 25
1762 1760 3
1764 1654 1634
1766 1687 1671
1768 1766 1712
1770 1768 1624
1772 1598 1580
1774 1772 1770
1776 1774 1764
1778 1263 3
8 7 7
22 0 0
1780 87 62
1782 87 1781
1784 52 1783
1786 138 1783
1788 139 1784
1790 1787 1789
1792 141 1791
1794 141 1793
1796 56 140
1798 57 1795
1800 1797 1799
24 1801 1801
26 0 0
28 56 56
20 0 0
18 1 1
1802 57 1795
1804 57 1803
1806 71 1804
1808 71 1807
1810 98 1805
1812 99 1808
1814 1811 1813
16 1814 1814
14 0 0
12 0 0
10 5 5
i0 rm
i1 r_0
i2 r_1
l0 __bad __qdead
l1 __q9k2
l2 __q10k2
l3 __q4k1
l4 __q14k3
l5 __q11k1
l6 __q2k2
l7 __q8k4
l8 __q13k1
l9 __q14k1
l10 __q9k4
l11 __q8k1
l12 __q2k4
l13 __q7k0
l14 __q8k2
l15 __q9k1
l16 __q7k1
l17 __q4k2
l18 __q15k1
l19 __q11k2
l20 !__q0k4
l21 __q4k0
l22 __q13k2
l23 __q8k3
l24 __q11k0
l25 __q7k2
l26 __q14k2
l27 __q5k2
l28 __q13k0
l29 __q12k2
l30 __q12k3
l31 __q7k3
l32 __q15k2
l33 __q9k3
l34 __q3k4
l35 __q9k0
l36 __q6k4
l37 __q15k3
l38 __q10k1
l39 __q7k4
l40 __q5k1
l41 __q10k0
l42 __q4k4
l43 __q12k1
l44 __q2k0
l45 __q10k3
l46 __q5k0
l47 __q5k4
l48 __q5k3
l49 __q2k3
l50 __q12k0
l51 __q15k0
l52 __q13k3
l53 __q4k3
l54 __q14k0
l55 __q8k0
l56 __q11k3
l57 __q2k1
o0 __d1_r_1
o1 __d1_r_0
o2 g_1
o3 __vp1_1
o4 g_0
o5 __d2_r_1
o6 __vp1_0
o7 gm
o8 __d2_rm
o9 __d1_rm
o10 __d2_r_0
c
Generated by Yosys 0.7+217 (git sha1 5442554, clang 3.8.0-2ubuntu4 -fPIC -Os)

