09:27:47  Namespace(maxK=8, minK=2, moore=False, output=None, spec='./experiments-for-synt/prioritized_arbiter_2_k2.tlsf', unreal=False, verbose=0)
09:27:47  UCW automaton has 16 states
09:27:47  setting k to 2...
09:27:47  k_reduce
09:27:47  k-LA automaton has 34 states
09:27:47  atm_to_verilog
09:27:47  verilog_to_aiger
09:27:54  synthesize
09:27:54  executing sdf...
09:27:54  sdf completed
09:27:54  setting k to 4...
09:27:54  k_reduce
09:27:54  k-LA automaton has 58 states
09:27:54  atm_to_verilog
09:27:54  verilog_to_aiger
09:28:06  synthesize
09:28:06  executing sdf...
09:28:06  sdf completed
REALIZABLE
aag 703 3 58 11 642
2
4
6
30 307
32 481
34 483
36 485
38 487
40 492
42 496
44 490
46 498
48 643
50 749
52 756
54 759
56 613
58 762
60 1
62 766
64 860
66 953
68 765
70 954
72 958
74 937
76 964
78 797
80 968
82 962
84 974
86 978
88 981
90 972
92 982
94 984
96 986
98 1015
100 1083
102 1084
104 1089
106 1090
108 1121
110 1126
112 1128
114 1130
116 1229
118 753
120 1124
122 1219
124 1232
126 1234
128 1240
130 1258
132 1230
134 1355
136 1364
138 1238
140 1366
142 1368
144 1370
8
22
24
26
28
20
18
16
14
12
10
146 18 6
148 146 4
150 15 3
152 150 26
154 152 148
156 7 4
158 156 19
160 158 152
162 161 155
164 14 2
166 164 27
168 7 5
170 168 19
172 146 5
174 173 171
176 175 166
178 177 162
180 26 2
182 180 14
184 182 148
186 182 158
188 27 3
190 188 15
192 190 170
194 193 187
196 194 185
198 29 25
200 199 160
202 201 196
204 202 178
206 205 64
208 190 172
210 208 64
212 20 5
214 23 6
216 22 7
218 217 215
220 218 2
222 220 212
224 134 11
226 224 222
228 227 211
230 10 4
232 230 134
234 232 20
236 234 220
238 218 21
240 232 3
242 240 238
244 243 237
246 244 228
248 224 3
250 23 7
252 21 5
254 252 250
256 22 6
258 256 252
260 259 255
262 261 248
264 250 21
266 25 12
268 266 29
270 268 264
272 270 240
274 16 9
276 17 8
278 277 275
280 127 60
282 281 278
284 94 13
286 70 29
288 287 285
290 63 31
292 84 25
294 293 290
296 294 288
298 296 283
300 298 273
302 300 263
304 302 246
306 304 207
308 179 130
310 195 34
312 311 309
314 313 199
316 29 24
318 184 34
320 170 34
322 320 166
324 163 34
326 325 323
328 326 319
330 193 185
332 331 130
334 172 34
336 334 166
338 186 130
340 339 337
342 340 333
344 342 328
346 345 316
348 25 19
350 4 3
352 350 26
354 352 7
356 354 348
358 34 12
360 358 15
362 360 29
364 362 356
366 316 208
368 131 35
370 369 366
372 371 365
374 372 347
376 374 315
378 18 4
380 25 6
382 380 378
384 382 180
386 358 14
388 386 384
390 380 5
392 188 18
394 392 390
396 395 357
398 130 12
400 398 15
402 400 397
404 180 156
406 404 348
408 27 2
410 408 18
412 410 390
414 413 407
416 408 25
418 416 170
420 419 414
422 14 12
424 422 369
426 424 421
428 427 403
430 428 389
432 330 155
434 398 25
436 434 433
438 352 146
440 438 25
442 441 395
444 188 168
446 444 348
448 447 442
450 449 360
452 451 437
454 452 430
456 455 29
458 165 151
460 172 27
462 460 459
464 462 34
466 208 130
468 467 339
470 468 333
472 470 465
474 472 328
476 475 28
478 477 457
480 478 376
482 474 312
484 143 37
486 93 39
488 145 45
490 489 25
492 490 7
494 97 43
496 495 29
498 496 7
500 25 13
502 501 2
504 20 4
506 504 250
508 56 10
510 508 506
512 250 24
514 513 257
516 212 11
518 516 56
520 518 515
522 521 511
524 523 502
526 21 3
528 250 230
530 266 116
532 530 528
534 116 22
536 535 57
538 10 5
540 11 4
542 541 539
544 542 218
546 544 501
548 546 537
550 549 533
552 551 526
554 116 11
556 554 252
558 21 4
560 116 10
562 560 558
564 562 24
566 565 557
568 501 3
570 568 250
572 570 567
574 573 553
576 574 525
578 577 29
580 504 218
582 580 2
584 350 238
586 585 583
588 587 560
590 5 3
592 590 238
594 593 223
596 595 554
598 518 220
600 526 56
602 600 544
604 603 599
606 582 508
608 607 604
610 608 597
612 610 589
614 613 28
616 554 212
618 250 25
620 618 518
622 508 22
624 623 561
626 625 504
628 627 621
630 628 617
632 29 2
634 632 501
636 634 218
638 636 631
640 639 615
642 640 579
644 160 100
646 209 196
648 646 178
650 649 54
652 651 645
654 653 199
656 442 357
658 656 447
660 100 12
662 660 15
664 662 659
666 194 155
668 100 24
670 668 667
672 54 12
674 672 15
676 674 397
678 677 671
680 678 665
682 681 29
684 433 29
686 408 29
688 686 168
690 404 29
692 691 689
694 693 19
696 686 172
698 697 695
700 699 14
702 701 685
704 672 25
706 704 703
708 170 166
710 709 155
712 710 463
714 712 196
716 715 100
718 716 28
720 660 14
722 413 385
724 723 29
726 693 348
728 727 725
730 729 720
732 668 29
734 209 185
736 734 177
738 737 732
740 739 731
742 740 719
744 742 707
746 744 683
748 746 655
750 279 61
752 751 119
754 13 4
756 754 753
758 717 652
760 59 47
762 761 29
764 141 69
766 765 7
768 709 162
770 768 463
772 771 50
774 463 162
776 775 78
778 197 50
780 170 78
782 780 166
784 186 78
786 785 783
788 331 78
790 789 786
792 790 779
794 792 777
796 794 773
798 797 24
800 50 12
802 800 433
804 19 7
806 804 800
808 806 166
810 800 15
812 188 146
814 812 810
816 815 809
818 817 5
820 819 803
822 821 25
824 78 12
826 824 15
828 826 659
830 824 14
832 722 407
834 833 830
836 800 14
838 836 415
840 830 418
842 841 29
844 810 356
846 845 842
848 846 839
850 848 835
852 850 829
854 852 823
856 854 799
858 796 28
860 859 857
862 137 75
864 863 526
866 864 546
868 516 136
870 504 256
872 74 10
874 872 870
876 875 869
878 877 218
880 632 266
882 136 10
884 882 870
886 884 880
888 516 74
890 888 515
892 863 10
894 892 506
896 895 891
898 896 887
900 898 879
902 901 502
904 903 867
906 905 29
908 863 11
910 254 3
912 911 223
914 913 908
916 892 582
918 882 584
920 872 350
922 920 238
924 256 21
926 908 590
928 926 924
930 929 923
932 930 919
934 932 917
936 934 915
938 937 28
940 632 24
942 940 884
944 880 250
946 944 888
948 947 943
950 948 939
952 950 907
954 762 7
956 115 73
958 957 29
960 111 83
962 961 13
964 962 7
966 129 81
968 967 13
970 91 41
972 971 25
974 972 7
976 103 87
978 977 29
980 99 89
982 981 7
984 968 7
986 978 7
988 125 107
990 988 85
992 990 25
994 133 113
996 994 488
998 996 992
1000 998 970
1002 29 13
1004 752 24
1006 1005 1003
1008 1006 1001
1010 28 12
1012 1010 753
1014 1013 1009
1016 385 14
1018 1016 420
1020 32 12
1022 656 15
1024 1023 1020
1026 1024 1019
1028 187 177
1030 1028 432
1032 104 12
1034 1032 25
1036 1034 1031
1038 1032 15
1040 1038 397
1042 104 24
1044 1042 192
1046 1020 446
1048 1046 15
1050 1049 1045
1052 1050 1041
1054 1052 1037
1056 1054 1027
1058 1057 29
1060 649 32
1062 185 162
1064 1062 1028
1066 1065 104
1068 1067 1061
1070 1069 199
1072 190 175
1074 367 29
1076 1075 104
1078 1076 1072
1080 1079 1071
1082 1080 1059
1084 958 7
1086 649 104
1088 1087 1061
1090 989 25
1092 20 2
1094 109 6
1096 1095 526
1098 1097 1093
1100 109 49
1102 1101 213
1104 1102 1099
1106 1104 544
1108 1101 11
1110 1108 222
1112 48 3
1114 1112 924
1116 1114 542
1118 1117 1111
1120 1118 1107
1122 121 53
1124 1123 13
1126 1124 7
1128 753 6
1130 753 632
1132 122 11
1134 1133 67
1136 1135 544
1138 230 122
1140 256 25
1142 1141 251
1144 1143 1138
1146 1145 1137
1148 1147 526
1150 66 10
1152 1150 582
1154 122 10
1156 1154 2
1158 1156 870
1160 1156 506
1162 1161 1159
1164 1162 1153
1166 1164 1149
1168 1167 501
1170 1132 212
1172 1170 502
1174 1154 558
1176 24 3
1178 1176 1174
1180 1179 1173
1182 1181 256
1184 1170 512
1186 66 11
1188 1186 212
1190 1188 501
1192 1191 1185
1194 515 2
1196 1194 1193
1198 1197 1183
1200 1198 1169
1202 1201 29
1204 1187 1133
1206 1205 595
1208 1150 587
1210 218 3
1212 1210 1174
1214 1213 1162
1216 1214 1209
1218 1216 1207
1220 1219 28
1222 1189 1171
1224 1223 944
1226 1225 1221
1228 1226 1203
1230 995 25
1232 1230 7
1234 281 279
1236 139 77
1238 1237 13
1240 1238 7
1242 649 126
1244 174 27
1246 459 61
1248 1246 1245
1250 1249 1243
1252 159 149
1254 1252 26
1256 1255 276
1258 1256 1251
1260 1120 28
1262 48 10
1264 1262 558
1266 1264 250
1268 48 11
1270 1268 252
1272 1270 256
1274 1273 1267
1276 108 10
1278 1276 558
1280 1278 250
1282 1264 256
1284 1283 1281
1286 1284 1274
1288 1287 501
1290 108 11
1292 1290 252
1294 1292 256
1296 1294 266
1298 1297 3
1300 256 24
1302 1300 1292
1304 501 250
1306 1304 1270
1308 1307 1303
1310 1308 1298
1312 1310 1289
1314 1276 250
1316 1315 1263
1318 1317 580
1320 1108 212
1322 1320 515
1324 1323 1319
1326 1325 501
1328 1327 2
1330 1329 1313
1332 1292 250
1334 1278 256
1336 1335 1333
1338 1337 568
1340 1276 870
1342 1340 502
1344 1343 29
1346 1344 1339
1348 1346 1331
1350 1349 1261
1352 1320 944
1354 1353 1351
1356 281 274
1358 1356 218
1360 1093 527
1362 1361 542
1364 1362 1358
1366 485 7
1368 487 7
1370 1090 7
8 1 1
22 0 0
1372 47 58
1374 47 1373
1376 80 1375
1378 128 1375
1380 129 1376
1382 1379 1381
1384 95 1383
1386 95 1385
1388 71 1387
1390 71 1389
1392 61 1390
1394 61 1393
1396 118 1391
1398 119 1394
1400 1397 1399
24 1400 1400
26 0 0
28 70 70
20 0 0
18 0 0
16 0 0
14 3 3
1402 70 94
1404 71 1387
1406 1403 1405
12 1407 1407
10 5 5
i0 r_1
i1 r_0
i2 rm
l0 __bad __qdead
l1 __q3k3
l2 __q11k3
l3 __q10k1
l4 __q10k2
l5 __q9k1
l6 __q13k1
l7 __q15k1
l8 __q7k1
l9 __q5k1
l10 __q3k1
l11 __q8k4
l12 __q11k1
l13 __q12k1
l14 __q13k0
l15 !__q0k4
l16 __q2k0
l17 __q3k0
l18 __q5k3
l19 __q10k0
l20 __q7k0
l21 __q13k3
l22 __q12k3
l23 __q8k2
l24 __q11k0
l25 __q14k0
l26 __q14k2
l27 __q9k0
l28 __q13k2
l29 __q10k3
l30 __q15k0
l31 __q2k3
l32 __q8k0
l33 __q7k2
l34 __q2k4
l35 __q3k2
l36 __q7k3
l37 __q11k2
l38 __q15k2
l39 __q12k0
l40 __q8k3
l41 __q9k4
l42 __q7k4
l43 __q5k2
l44 __q4k4
l45 __q14k3
l46 __q12k2
l47 __q9k3
l48 __q6k4
l49 __q8k1
l50 __q3k4
l51 __q15k3
l52 __q5k0
l53 __q5k4
l54 __q14k1
l55 __q2k1
l56 __q2k2
l57 __q9k2
o0 __vp1_1
o1 __d1_rm
o2 gm
o3 __d2_r_0
o4 g_1
o5 __d1_r_1
o6 __d2_rm
o7 __vp1_0
o8 __d2_r_1
o9 g_0
o10 __d1_r_0
c
Generated by Yosys 0.7+217 (git sha1 5442554, clang 3.8.0-2ubuntu4 -fPIC -Os)

