15:59:44  Namespace(bound=32, dot=None, incr=True, log=None, maxK=0, moore=True, size=0, spec='./experiments-for-synt/prioritized_arbiter_3_k1.tlsf', spot=True, tmp=False, unreal=False, verbose=0)
15:59:44  created z3 process: 26200
15:59:44  automaton size is: 16
15:59:44  using CoBuchiEncoder
15:59:44  search
15:59:44  searching a model of size 1..
15:59:44  solving the query..
15:59:44  searching a model of size 2..
15:59:44  solving the query..
15:59:45  searching a model of size 3..
15:59:45  solving the query..
15:59:45  searching a model of size 4..
15:59:45  solving the query..
15:59:46  searching a model of size 5..
15:59:46  solving the query..
15:59:56  searching a model of size 6..
15:59:56  solving the query..
17:07:17  searching a model of size 7..
17:07:17  solving the query..
17:11:43  parse_model
17:11:43  searching a model took (sec): 4318
17:11:43  FOUND model for sys of size 7
17:11:44  digraph module {
 rankdir=LR;

"0" [label="-__d1_r_1 -__d1_r_2 __vp1_0 -g_1 -gm -__d1_rm g_2 __d1_r_0 -g_0\n0", fillcolor="green", style=filled]
"1" [label="-__d1_r_1 -__d1_r_2 __vp1_0 -g_1 gm -__d1_rm -g_2 -__d1_r_0 -g_0\n1"]
"2" [label="__d1_r_1 __d1_r_2 __vp1_0 -g_1 -gm __d1_rm -g_2 __d1_r_0 -g_0\n2"]
"3" [label="-__d1_r_1 -__d1_r_2 __vp1_0 -g_1 -gm -__d1_rm -g_2 -__d1_r_0 g_0\n3"]
"4" [label="-__d1_r_1 -__d1_r_2 __vp1_0 g_1 -gm -__d1_rm -g_2 -__d1_r_0 -g_0\n4"]
"5" [label="-__d1_r_1 -__d1_r_2 __vp1_0 -g_1 gm -__d1_rm -g_2 -__d1_r_0 -g_0\n5"]
"6" [label="-__d1_r_1 -__d1_r_2 __vp1_0 -g_1 gm -__d1_rm -g_2 -__d1_r_0 -g_0\n6"]
"5" -> "4" [label="-rm"]
"1" -> "3" [label="-rm"]
"4" -> "3" [label="-r_1 -rm"]
"4" -> "3" [label="-r_0 r_2 -rm"]
"6" -> "6" [label="rm"]
"3" -> "0" [label="-r_0 -r_1 -r_2 -rm"]
"0" -> "4" [label="r_1 r_2 -rm"]
"6" -> "0" [label="-rm"]
"1" -> "1" [label="rm"]
"0" -> "5" [label="-r_2 r_1"]
"0" -> "5" [label="r_2 -r_1"]
"0" -> "5" [label="-r_0 rm"]
"0" -> "5" [label="rm -r_1"]
"0" -> "5" [label="-r_0 -r_1"]
"3" -> "6" [label="r_0"]
"3" -> "6" [label="r_1"]
"3" -> "6" [label="r_2"]
"3" -> "6" [label="rm"]
"2" -> "2" [label="r_0 r_1 r_2 rm"]
"2" -> "5" [label="-r_0"]
"2" -> "5" [label="-r_1"]
"2" -> "5" [label="-r_2"]
"2" -> "5" [label="-rm"]
"4" -> "1" [label="rm"]
"4" -> "1" [label="r_0 r_1"]
"4" -> "1" [label="-r_2 r_1"]
"0" -> "2" [label="r_0 r_1 r_2 rm"]
"0" -> "2" [label="r_0 -r_1 -r_2 -rm"]
"5" -> "5" [label="rm"]
}
