09:27:17  Namespace(maxK=8, minK=2, moore=False, output=None, spec='./experiments-for-synt/prioritized_arbiter_3_k2.tlsf', unreal=False, verbose=0)
09:27:18  UCW automaton has 18 states
09:27:18  setting k to 2...
09:27:18  k_reduce
09:27:18  k-LA automaton has 39 states
09:27:18  atm_to_verilog
09:27:18  verilog_to_aiger
09:27:38  synthesize
09:27:38  executing sdf...
09:27:38  sdf completed
09:27:38  setting k to 4...
09:27:38  k_reduce
09:27:38  k-LA automaton has 67 states
09:27:38  atm_to_verilog
09:27:38  verilog_to_aiger
09:28:06  synthesize
09:28:06  executing sdf...
09:28:08  sdf completed
REALIZABLE
aag 2667 4 67 14 2596
2
4
6
8
38 823
40 828
42 834
44 1012
46 1016
48 1071
50 1073
52 1198
54 1202
56 1204
58 1741
60 1742
62 1748
64 1758
66 1764
68 1770
70 2335
72 1768
74 2340
76 2342
78 2705
80 1757
82 2733
84 2835
86 2338
88 2840
90 2844
92 2850
94 2943
96 826
98 3072
100 3074
102 3077
104 3525
106 3883
108 3886
110 3890
112 3911
114 3914
116 3916
118 1746
120 3918
122 1762
124 3920
126 4295
128 4317
130 4318
132 4324
134 4326
136 4456
138 3913
140 2848
142 4460
144 4462
146 4883
148 4884
150 3889
152 4322
154 4886
156 2838
158 4892
160 832
162 4890
164 4971
166 5249
168 1200
170 1
10
12
14
16
30
32
34
36
28
26
24
22
20
18
172 7 4
174 23 16
176 58 9
178 176 174
180 178 25
182 29 2
184 26 21
186 184 182
188 186 180
190 23 17
192 190 176
194 192 25
196 29 3
198 196 26
200 28 3
202 201 199
204 203 21
206 204 194
208 207 189
210 27 21
212 210 14
214 212 182
216 22 16
218 58 8
220 218 216
222 220 214
224 222 25
226 196 14
228 210 25
230 228 226
232 230 192
234 22 8
236 234 17
238 236 58
240 238 230
242 28 2
244 242 21
246 244 180
248 247 241
250 248 233
252 250 225
254 252 208
256 255 172
258 6 4
260 258 24
262 196 184
264 262 238
266 265 223
268 267 260
270 25 7
272 4 3
274 272 270
276 274 192
278 277 36
280 24 21
282 29 16
284 282 26
286 284 280
288 6 2
290 288 23
292 58 4
294 292 9
296 294 290
298 296 286
300 24 6
302 4 2
304 302 300
306 304 220
308 307 299
310 308 278
312 17 6
314 280 23
316 314 312
318 316 294
320 318 203
322 280 27
324 322 226
326 324 192
328 326 258
330 182 26
332 331 243
334 270 16
336 21 8
338 292 22
340 338 336
342 340 334
344 342 333
346 345 329
348 346 321
350 348 310
352 350 269
354 352 257
356 7 5
358 214 180
360 359 248
362 360 225
364 362 208
366 365 356
368 300 3
370 368 238
372 24 20
374 372 288
376 374 178
378 374 220
380 379 377
382 380 371
384 383 5
386 270 5
388 386 238
390 388 262
392 288 5
394 392 24
396 394 220
398 397 37
400 398 391
402 212 196
404 402 386
406 404 192
408 6 5
410 408 326
412 411 407
414 412 400
416 414 385
418 416 367
420 419 355
422 18 5
424 78 8
426 424 31
428 426 422
430 288 32
432 430 34
434 432 428
436 18 4
438 424 30
440 438 436
442 440 432
444 443 435
446 28 21
448 33 7
450 448 2
452 450 34
454 452 440
456 19 5
458 456 426
460 32 6
462 460 3
464 462 34
466 464 458
468 467 455
470 469 446
472 29 21
474 448 3
476 474 34
478 476 458
480 37 3
482 480 388
484 483 479
486 485 473
488 487 471
490 488 444
492 78 9
494 492 31
496 494 456
498 446 3
500 448 35
502 500 498
504 502 496
506 184 29
508 506 450
510 492 30
512 436 35
514 512 510
516 514 508
518 37 5
520 36 4
522 521 519
524 300 2
526 524 178
528 526 523
530 529 517
532 530 505
534 37 2
536 534 356
538 536 180
540 368 192
542 540 520
544 543 539
546 19 4
548 546 510
550 474 35
552 550 548
554 553 483
556 554 544
558 556 532
560 302 7
562 560 36
564 562 180
566 480 356
568 566 194
570 569 565
572 546 438
574 572 464
576 494 422
578 500 2
580 578 576
582 581 575
584 582 570
586 430 35
588 586 576
590 589 455
592 520 370
594 593 590
596 594 584
598 596 558
600 598 490
602 270 2
604 602 220
606 605 541
608 607 518
610 512 450
612 610 510
614 452 428
616 615 613
618 572 476
620 238 36
622 620 274
624 623 619
626 624 616
628 626 609
630 629 446
632 575 455
634 479 467
636 634 632
638 636 435
640 639 506
642 641 631
644 642 600
646 460 35
648 496 3
650 648 20
652 576 186
654 496 262
656 655 653
658 656 651
660 659 646
662 661 628
664 29 14
666 664 210
668 666 445
670 548 262
672 666 648
674 673 671
676 461 449
678 677 35
680 678 675
682 681 669
684 682 662
686 462 35
688 686 446
690 688 496
692 677 3
694 692 35
696 694 496
698 697 691
700 666 612
702 692 34
704 702 458
706 705 701
708 706 698
710 686 548
712 514 430
714 713 711
716 170 77
718 13 10
720 12 11
722 721 719
724 722 717
726 66 29
728 727 39
730 728 149
732 134 21
734 124 15
736 130 27
738 737 735
740 738 733
742 740 730
744 742 725
746 744 714
748 552 446
750 605 379
752 751 520
754 753 749
756 754 746
758 756 708
760 448 34
762 572 402
764 762 760
766 428 34
768 27 15
770 769 472
772 770 450
774 772 766
776 775 765
778 460 34
780 778 762
782 677 196
784 456 212
786 784 782
788 426 34
790 788 786
792 791 781
794 792 776
796 654 500
798 440 34
800 666 450
802 800 798
804 803 797
806 580 446
808 666 552
810 809 807
812 810 804
814 812 794
816 814 758
818 816 684
820 818 644
822 820 421
824 97 89
826 825 21
828 826 7
830 161 75
832 831 29
834 832 7
836 44 8
838 836 30
840 838 546
842 840 692
844 106 8
846 844 30
848 846 436
850 848 430
852 838 436
854 852 450
856 855 851
858 856 843
860 836 31
862 462 456
864 862 860
866 860 422
868 866 430
870 869 865
872 866 450
874 450 422
876 844 31
878 876 874
880 879 873
882 880 870
884 882 858
886 876 456
888 886 692
890 846 546
892 890 692
894 430 422
896 894 876
898 897 893
900 898 889
902 848 450
904 903 34
906 852 430
908 474 456
910 908 860
912 911 907
914 912 904
916 914 900
918 916 884
920 106 9
922 920 30
924 922 546
926 924 474
928 924 462
930 929 927
932 920 31
934 932 456
936 934 462
938 932 422
940 938 450
942 922 436
944 942 430
946 945 941
948 946 937
950 948 930
952 44 9
954 952 30
956 954 546
958 956 474
960 952 31
962 960 456
964 962 462
966 965 959
968 960 422
970 968 430
972 962 474
974 973 971
976 974 966
978 976 950
980 968 448
982 954 436
984 982 460
986 985 981
988 987 2
990 956 462
992 991 989
994 983 943
996 995 450
998 938 430
1000 934 474
1002 1001 999
1004 1002 35
1006 1004 997
1008 1006 992
1010 1008 978
1012 1011 919
1014 93 47
1016 1015 15
1018 472 15
1020 152 27
1022 472 27
1024 28 20
1026 1025 768
1028 1027 80
1030 1028 1023
1032 1031 1021
1034 1033 1019
1036 169 133
1038 155 131
1040 1038 1036
1042 121 101
1044 57 55
1046 1044 1042
1048 1046 1040
1050 473 27
1052 1051 667
1054 1053 1049
1056 723 171
1058 769 473
1060 664 184
1062 1061 1025
1064 1062 1059
1066 1065 1056
1068 1067 1055
1070 1068 1035
1072 111 51
1074 258 3
1076 52 9
1078 1076 190
1080 104 9
1082 1080 190
1084 1083 1079
1086 1085 24
1088 236 104
1090 1088 24
1092 236 52
1094 1092 24
1096 1095 1091
1098 1096 1087
1100 1099 1074
1102 1080 174
1104 1076 174
1106 1105 1103
1108 52 8
1110 1108 216
1112 104 8
1114 1112 216
1116 1115 1111
1118 1116 1106
1120 1119 304
1122 1121 36
1124 1122 1101
1126 1107 25
1128 1110 25
1130 1114 25
1132 1131 1129
1134 1132 1127
1136 1135 560
1138 172 3
1140 1089 1083
1142 1093 1079
1144 1142 1140
1146 1145 25
1148 1146 1138
1150 1149 1137
1152 1150 1124
1154 386 3
1156 1154 1141
1158 1154 1143
1160 1159 37
1162 1160 1157
1164 356 2
1166 1164 1126
1168 1111 1106
1170 1169 394
1172 1171 1167
1174 1172 1162
1176 1110 386
1178 1112 5
1180 301 271
1182 1181 216
1184 1182 1178
1186 1185 1177
1188 1187 2
1190 408 3
1192 1190 1099
1194 1193 1189
1196 1194 1174
1198 1197 1153
1200 1037 27
1202 1200 7
1204 1045 27
1206 300 5
1208 1206 402
1210 25 20
1212 1210 3
1214 1212 356
1216 1215 1209
1218 1217 1082
1220 372 3
1222 1220 1088
1224 1114 24
1226 1224 214
1228 1227 1223
1230 1229 408
1232 300 21
1234 1232 216
1236 1234 1178
1238 1236 330
1240 1092 404
1242 1241 1239
1244 22 17
1246 1244 25
1248 356 183
1250 1248 1112
1252 1250 1246
1254 1252 666
1256 356 186
1258 356 244
1260 1259 1257
1262 1261 1130
1264 1263 1255
1266 1264 1242
1268 1266 1231
1270 1268 1219
1272 1244 21
1274 1272 270
1276 1274 203
1278 1244 1232
1280 1278 200
1282 1281 1277
1284 1283 1178
1286 1190 666
1288 1078 24
1290 1289 1096
1292 1291 1286
1294 1293 1285
1296 25 21
1298 1296 356
1300 1298 1104
1302 1301 1237
1304 1303 242
1306 1130 356
1308 1307 1177
1310 1309 214
1312 1311 1305
1314 1312 1294
1316 1210 1164
1318 1115 1106
1320 1319 1316
1322 408 280
1324 1102 333
1326 1324 1322
1328 1327 1321
1330 1108 5
1332 1330 1276
1334 1278 198
1336 1331 1179
1338 1337 1334
1340 1339 1333
1342 1340 1328
1344 664 392
1346 1102 322
1348 1346 1344
1350 1190 20
1352 1082 24
1354 1352 1350
1356 1102 25
1358 1356 1256
1360 1359 1355
1362 1360 1349
1364 1085 404
1366 1093 1089
1368 1367 1214
1370 1369 37
1372 1370 1365
1374 1372 1362
1376 1374 1342
1378 1376 1314
1380 1110 24
1382 1380 214
1384 1220 1092
1386 1385 1383
1388 372 2
1390 1388 1119
1392 1391 1386
1394 1393 408
1396 1082 203
1398 1102 242
1400 1399 1397
1402 1401 1296
1404 182 14
1406 1404 228
1408 1406 1104
1410 1406 1102
1412 1411 1409
1414 1412 1403
1416 1415 356
1418 1417 1395
1420 1418 1378
1422 1420 1270
1424 1386 1228
1426 1425 258
1428 1080 4
1430 1428 316
1432 300 17
1434 22 21
1436 1434 4
1438 1436 1108
1440 1438 1432
1442 1441 1431
1444 1443 198
1446 1436 1112
1448 1446 1432
1450 1296 172
1452 1450 1078
1454 1453 1449
1456 1455 203
1458 1457 1445
1460 1446 334
1462 16 6
1464 1462 314
1466 1464 1428
1468 1467 1461
1470 1469 242
1472 258 2
1474 1472 446
1476 258 186
1478 1477 1475
1480 1479 1224
1482 1481 1471
1484 1482 1458
1486 1092 274
1488 1486 446
1490 1076 4
1492 1490 316
1494 1492 200
1496 1495 1489
1498 1492 198
1500 1450 1396
1502 1501 1499
1504 1502 1496
1506 304 20
1508 1506 1117
1510 1506 1102
1512 1474 1380
1514 1513 1511
1516 1514 1509
1518 1220 258
1520 1518 1085
1522 1521 36
1524 1472 664
1526 1524 1346
1528 1210 560
1530 1528 1117
1532 1531 1527
1534 1532 1522
1536 1534 1516
1538 1536 1504
1540 1538 1484
1542 1540 1427
1544 1146 402
1546 1133 214
1548 1212 1141
1550 1210 2
1552 1550 1102
1554 1553 1411
1556 1554 1549
1558 1556 1547
1560 1558 1545
1562 1561 172
1564 1438 334
1566 1490 1464
1568 1567 1565
1570 1568 1468
1572 1571 330
1574 1450 1104
1576 1574 242
1578 1074 666
1580 1578 1090
1582 1578 1086
1584 1583 1581
1586 1584 1577
1588 1476 1380
1590 447 185
1592 1591 274
1594 1592 1088
1596 1595 1589
1598 1430 200
1600 172 21
1602 1600 333
1604 1602 1356
1606 1605 1599
1608 1606 1596
1610 1608 1586
1612 1610 1573
1614 1612 1563
1616 1614 1542
1618 1617 1423
1620 1298 203
1622 1621 1215
1624 1623 1078
1626 1104 394
1628 1626 506
1630 1104 322
1632 1630 1344
1634 1633 37
1636 1634 1629
1638 1636 1625
1640 1440 200
1642 1574 330
1644 1486 506
1646 1645 1643
1648 1646 1641
1650 1569 242
1652 1506 1104
1654 1630 1524
1656 1655 36
1658 1656 1653
1660 1408 172
1662 1578 1094
1664 1663 1661
1666 1664 1658
1668 1666 1651
1670 1668 1648
1672 1671 1639
1674 1280 37
1676 1234 37
1678 1676 333
1680 1679 1675
1682 1681 1330
1684 330 37
1686 1684 1300
1688 446 37
1690 1688 1626
1692 6 3
1694 1692 518
1696 1694 1591
1698 1696 1086
1700 1699 1691
1702 1700 1687
1704 520 7
1706 1704 1212
1708 1706 1143
1710 1591 534
1712 1710 1176
1714 1210 536
1716 1714 1110
1718 1717 1713
1720 1718 1709
1722 1210 562
1724 1722 1104
1726 1694 372
1728 1726 1078
1730 1729 1725
1732 1730 1720
1734 1732 1702
1736 1734 1683
1738 1736 1673
1740 1738 1619
1742 1073 7
1744 119 43
1746 1745 29
1748 1746 7
1750 720 171
1752 718 171
1754 1753 1751
1756 1754 81
1758 1757 182
1760 123 63
1762 1761 29
1764 1762 7
1766 143 73
1768 1767 15
1770 1768 7
1772 94 9
1774 1772 174
1776 1774 1550
1778 94 8
1780 1778 216
1782 1780 25
1784 1782 214
1786 1785 1777
1788 236 94
1790 1772 190
1792 1791 1789
1794 1793 230
1796 1795 1786
1798 1797 172
1800 1774 1450
1802 1800 242
1804 1803 36
1806 1529 1507
1808 1807 1780
1810 1809 1804
1812 1788 274
1814 1812 20
1816 1790 24
1818 1816 1578
1820 1819 1815
1822 1820 1810
1824 1780 304
1826 1825 1813
1828 1827 446
1830 1788 1220
1832 1404 322
1834 1832 1780
1836 1835 1831
1838 1837 258
1840 1839 1829
1842 1840 1822
1844 1780 300
1846 21 4
1848 1846 1844
1850 1772 4
1852 1850 1464
1854 1778 1436
1856 1854 334
1858 1857 1853
1860 1858 1849
1862 1861 330
1864 274 20
1866 1865 1519
1868 1867 1790
1870 1850 316
1872 1870 203
1874 1873 1869
1876 1854 1432
1878 1876 198
1880 1790 25
1882 1600 203
1884 1882 1880
1886 1885 1879
1888 1886 1874
1890 1888 1863
1892 1890 1842
1894 1892 1799
1896 1781 1775
1898 392 372
1900 1898 1897
1902 1788 1214
1904 1903 37
1906 1904 1901
1908 1793 404
1910 1774 1406
1912 1910 356
1914 1913 1909
1916 1914 1906
1918 1335 1277
1920 1778 5
1922 1920 1919
1924 1344 322
1926 1298 333
1928 1927 1925
1930 1929 1774
1932 1931 1923
1934 1932 1916
1936 1790 1217
1938 1787 356
1940 1939 1937
1942 186 24
1944 1942 1774
1946 1945 1836
1948 1947 408
1950 356 21
1952 1950 203
1954 1952 1880
1956 1788 24
1958 1956 1286
1960 1782 1164
1962 1960 473
1964 1963 1959
1966 1964 1955
1968 1966 1949
1970 1968 1940
1972 1970 1934
1974 1973 1895
1976 84 8
1978 1976 5
1980 198 37
1982 1279 1275
1984 1983 1980
1986 1985 1675
1988 1987 1978
1990 200 36
1992 1976 1436
1994 1992 1432
1996 1994 1990
1998 84 9
2000 1998 190
2002 2000 1726
2004 2003 1997
2006 1920 1674
2008 1256 37
2010 1976 216
2012 2010 25
2014 2013 1783
2016 2015 2008
2018 2017 2007
2020 2018 2004
2022 356 37
2024 2010 1406
2026 2024 2022
2028 1990 1876
2030 2029 2027
2032 518 368
2034 2032 2000
2036 2034 1591
2038 1816 1190
2040 506 37
2042 2041 1689
2044 2043 2038
2046 2045 2037
2048 2046 2030
2050 2048 2020
2052 2050 1989
2054 1998 174
2056 2054 1406
2058 236 84
2060 2058 1212
2062 2061 2057
2064 2063 2022
2066 520 300
2068 2066 2010
2070 2068 186
2072 562 20
2074 2072 2012
2076 2075 2071
2078 330 36
2080 2078 1800
2082 386 2
2084 2010 1688
2086 2084 2082
2088 2087 2081
2090 2088 2076
2092 2090 2065
2094 1978 1678
2096 242 36
2098 2096 1859
2100 2099 2095
2102 2100 2092
2104 1920 1234
2106 2104 1684
2108 2058 322
2110 408 226
2112 2110 37
2114 2112 2108
2116 2115 2107
2118 1998 4
2120 2118 316
2122 2120 1990
2124 2000 25
2126 2124 666
2128 2126 566
2130 2129 2123
2132 2130 2116
2134 1992 334
2136 2134 2078
2138 2054 1722
2140 2139 2137
2142 2059 2001
2144 2143 1706
2146 1956 36
2148 2146 1578
2150 2149 2145
2152 2150 2140
2154 2152 2132
2156 2154 2102
2158 2156 2052
2160 2158 1975
2162 2058 274
2164 2010 24
2166 2164 1472
2168 2167 2163
2170 2169 446
2172 2118 1464
2174 2173 2135
2176 2175 242
2178 2177 2171
2180 1994 198
2182 2000 1518
2184 2058 258
2186 2184 324
2188 2187 2183
2190 2188 2181
2192 1812 506
2194 1910 172
2196 2195 2193
2198 2196 2190
2200 2198 2178
2202 2172 330
2204 2162 506
2206 2055 1775
2208 2206 2011
2210 2209 1506
2212 2211 2205
2214 2212 2203
2216 2120 198
2218 1524 322
2220 2218 2207
2222 2221 2217
2224 2124 1882
2226 2054 25
2228 2226 1602
2230 2229 2225
2232 2230 2222
2234 2232 2214
2236 2164 214
2238 2000 324
2240 2058 1220
2242 2241 2239
2244 2242 2237
2246 2245 258
2248 2143 230
2250 2249 2057
2252 2250 2025
2254 2253 172
2256 2255 2247
2258 2256 2234
2260 2258 2200
2262 2261 36
2264 1943 1833
2266 2265 2054
2268 2267 2237
2270 2269 408
2272 2054 1298
2274 2273 2105
2276 2275 242
2278 2243 408
2280 2055 2011
2282 2281 1898
2284 2281 1316
2286 1774 24
2288 446 392
2290 2288 2286
2292 2291 2285
2294 2292 2283
2296 2294 2279
2298 2296 2277
2300 2000 1623
2302 2058 404
2304 2226 1256
2306 2054 446
2308 2306 394
2310 2309 2305
2312 2038 20
2314 1978 200
2316 2314 1274
2318 2317 2313
2320 2318 2310
2322 2320 2303
2324 2322 2301
2326 2324 2298
2328 2326 2271
2330 2329 37
2332 2331 2263
2334 2332 2160
2336 87 65
2338 2337 29
2340 2338 7
2342 723 717
2344 82 9
2346 2344 30
2348 2346 546
2350 2348 550
2352 82 8
2354 2352 31
2356 2354 422
2358 2356 452
2360 2359 2351
2362 126 8
2364 2362 31
2366 2364 456
2368 2366 464
2370 2344 31
2372 2370 422
2374 2372 578
2376 2375 2369
2378 2376 2360
2380 126 9
2382 2380 30
2384 2382 546
2386 2384 550
2388 2356 432
2390 2389 2387
2392 2352 30
2394 2392 546
2396 2394 464
2398 2346 610
2400 2399 20
2402 2400 2397
2404 2402 2390
2406 2404 2378
2408 2364 422
2410 2408 452
2412 2411 21
2414 2354 456
2416 2414 464
2418 2392 436
2420 2418 452
2422 2421 2417
2424 2422 2412
2426 2362 30
2428 2426 436
2430 2428 432
2432 2384 462
2434 2432 35
2436 2435 2431
2438 2346 436
2440 2438 586
2442 2426 546
2444 2443 2395
2446 2445 464
2448 2447 2441
2450 2448 2436
2452 2450 2424
2454 2428 452
2456 2382 610
2458 2457 2399
2460 2348 686
2462 2461 2369
2464 2462 2458
2466 2464 2455
2468 2466 2452
2470 2469 2407
2472 2380 31
2474 2472 456
2476 2474 550
2478 2477 2455
2480 2441 20
2482 2394 476
2484 2483 2457
2486 2484 2480
2488 2486 2478
2490 2370 456
2492 2490 694
2494 2461 2411
2496 2494 2493
2498 2474 686
2500 2372 586
2502 2501 2499
2504 2502 2422
2506 2504 2496
2508 2506 2488
2510 2509 2453
2512 2390 2360
2514 2513 21
2516 2414 476
2518 2517 2483
2520 2418 432
2522 2521 2518
2524 2408 432
2526 2443 2367
2528 2527 476
2530 2529 2525
2532 2530 2522
2534 2532 2515
2536 2534 2511
2538 2536 2471
2540 2539 473
2542 769 21
2544 2542 677
2546 2429 2419
2548 2546 2357
2550 2549 2544
2552 2408 212
2554 2552 677
2556 2555 2551
2558 448 184
2560 2558 2408
2562 2561 2556
2564 2563 182
2566 2428 430
2568 2442 462
2570 2569 2567
2572 2571 20
2574 677 402
2576 2365 2355
2578 2577 456
2580 2578 2574
2582 506 430
2584 2582 2408
2586 2585 34
2588 2542 196
2590 2588 677
2592 2590 2445
2594 2593 2586
2596 2594 2581
2598 2596 2573
2600 2598 2565
2602 403 205
2604 2603 2490
2606 2474 498
2608 2372 244
2610 2588 2348
2612 2611 2609
2614 2612 2607
2616 2382 436
2618 2617 2439
2620 2619 186
2622 2475 2385
2624 2623 2588
2626 2625 2621
2628 2626 2614
2630 2628 2605
2632 2631 448
2634 446 430
2636 666 430
2638 2637 801
2640 2638 2635
2642 677 2
2644 2642 666
2646 2472 422
2648 2439 2373
2650 2648 2647
2652 2651 2644
2654 2653 2617
2656 2655 2641
2658 2616 430
2660 2659 2433
2662 2661 20
2664 677 186
2666 2664 2372
2668 2667 35
2670 677 244
2672 2670 2646
2674 2642 422
2676 447 211
2678 2676 2472
2680 2678 2674
2682 2681 2673
2684 2682 2668
2686 2684 2663
2688 2686 2657
2690 2688 2633
2692 2691 2601
2694 2631 646
2696 702 506
2698 2696 2578
2700 2699 2695
2702 2700 2693
2704 2702 2541
2706 2472 874
2708 2707 2659
2710 2709 35
2712 2711 2530
2714 2712 2506
2716 2478 2458
2718 2716 2518
2720 2646 586
2722 2721 2521
2724 2722 2390
2726 2724 2378
2728 2726 2450
2730 2728 2718
2732 2730 2714
2734 720 76
2736 2734 1181
2738 1463 2
2740 2738 175
2742 16 3
2744 23 9
2746 2745 235
2748 2747 2743
2750 2748 2741
2752 2750 2736
2754 2752 291
2756 76 8
2758 2756 720
2760 602 216
2762 2760 2758
2764 270 3
2766 2764 17
2768 2747 1750
2770 2768 2766
2772 2771 2763
2774 2772 2755
2776 2775 518
2778 7 3
2780 2779 2752
2782 2758 1246
2784 25 9
2786 2784 190
2788 2786 720
2790 2788 717
2792 2791 2783
2794 2793 2778
2796 2764 1750
2798 2796 236
2800 2799 2763
2802 2800 2795
2804 2802 2781
2806 2805 520
2808 368 17
2810 1181 2
2812 2810 16
2814 2813 2809
2816 2768 523
2818 2816 2815
2820 24 5
2822 2820 2744
2824 1462 534
2826 2824 2822
2828 2826 2734
2830 2829 2819
2832 2830 2807
2834 2832 2777
2836 157 145
2838 2837 21
2840 2838 7
2842 117 91
2844 2843 21
2846 159 141
2848 2847 15
2850 2848 7
2852 2058 300
2854 2000 1181
2856 2855 2853
2858 2857 3
2860 1897 602
2862 1788 368
2864 2863 2861
2866 2864 2859
2868 2867 4
2870 2286 302
2872 1816 272
2874 2873 2871
2876 2875 6
2878 2054 304
2880 560 25
2882 2880 2281
2884 1880 1138
2886 2885 2883
2888 2886 2879
2890 2168 1826
2892 2890 2888
2894 2892 2877
2896 2894 2869
2898 2897 36
2900 2010 524
2902 2764 2143
2904 2903 2901
2906 2905 518
2908 2226 536
2910 2909 2035
2912 2910 2907
2914 2853 1792
2916 2915 1181
2918 2916 3
2920 2011 1775
2922 2921 270
2924 2923 1845
2926 2925 2
2928 2927 2919
2930 2929 5
2932 2207 394
2934 2933 1961
2936 2934 2931
2938 2937 37
2940 2939 2912
2942 2940 2899
2944 236 146
2946 146 9
2948 2946 190
2950 2949 2945
2952 98 9
2954 2952 190
2956 236 98
2958 2957 3
2960 2958 2955
2962 2960 2950
2964 2952 174
2966 2946 174
2968 2967 2965
2970 146 8
2972 2970 216
2974 2973 2
2976 2974 2968
2978 2957 2955
2980 2979 1154
2982 2981 1207
2984 2983 2977
2986 2984 2963
2988 2969 2082
2990 2989 37
2992 98 8
2994 2992 216
2996 2994 5
2998 2996 2810
3000 2951 1154
3002 2970 5
3004 3002 2760
3006 3005 3001
3008 3006 2999
3010 3008 2990
3012 3010 2987
3014 2969 304
3016 2994 304
3018 3017 36
3020 3018 3015
3022 2954 25
3024 2948 25
3026 3025 3023
3028 3027 1138
3030 2995 2967
3032 2973 2965
3034 3032 3030
3036 3035 2880
3038 3037 3029
3040 3038 3020
3042 2954 24
3044 2948 24
3046 3045 3043
3048 2956 24
3050 2944 24
3052 3051 3049
3054 3052 3046
3056 3055 1074
3058 2956 274
3060 2944 274
3062 2972 304
3064 3063 3061
3066 3064 3059
3068 3066 3057
3070 3068 3040
3072 3071 3013
3074 1204 7
3076 103 61
3078 3022 1952
3080 2996 1232
3082 3080 330
3084 3083 3079
3086 3035 1898
3088 2956 322
3090 3088 2110
3092 3091 3087
3094 3092 3084
3096 2979 230
3098 3096 356
3100 2082 446
3102 3100 2994
3104 3103 3099
3106 2972 394
3108 3106 666
3110 1323 1299
3112 2964 333
3114 3112 3111
3116 3115 3109
3118 3116 3104
3120 3118 3094
3122 1209 405
3124 3123 2951
3126 2954 1217
3128 3127 3125
3130 3128 3120
3132 2944 1212
3134 2966 1406
3136 3135 3133
3138 2994 1406
3140 2956 1212
3142 3141 3139
3144 2964 1406
3146 2972 1406
3148 3147 3145
3150 3148 3142
3152 3150 3136
3154 3153 356
3156 2992 5
3158 3156 1919
3160 2966 1298
3162 3161 3081
3164 3163 242
3166 1925 1317
3168 3167 2964
3170 3169 3165
3172 3170 3159
3174 3002 1276
3176 368 20
3178 3176 2956
3180 3178 5
3182 3181 3175
3184 2994 24
3186 3184 408
3188 3186 214
3190 270 186
3192 3190 2996
3194 3193 3189
3196 3194 3182
3198 3031 1316
3200 3199 37
3202 3042 1350
3204 2944 1220
3206 3204 408
3208 3207 3203
3210 3208 3200
3212 3002 1334
3214 3156 1280
3216 3215 3213
3218 3216 3210
3220 3218 3196
3222 3220 3172
3224 3222 3155
3226 3224 3130
3228 3047 402
3230 3184 214
3232 2972 24
3234 3232 214
3236 3235 3231
3238 3232 186
3240 3239 3205
3242 3240 3236
3244 3242 3229
3246 3245 258
3248 3022 1600
3250 2992 4
3252 3250 1278
3254 3253 3249
3256 2970 4
3258 3256 1278
3260 3024 1600
3262 2946 4
3264 3262 316
3266 2952 4
3268 3266 316
3270 3269 3265
3272 3270 3261
3274 3272 3259
3276 3274 3254
3278 3277 198
3280 3059 3017
3282 3281 20
3284 3184 1479
3286 2219 1529
3288 3287 2964
3290 3289 3285
3292 3290 3283
3294 3292 3279
3296 3294 3247
3298 3067 446
3300 3272 3254
3302 3301 200
3304 3147 3139
3306 2951 230
3308 3307 3097
3310 3308 3304
3312 3311 172
3314 3313 3303
3316 3314 3299
3318 3058 506
3320 3144 172
3322 3048 1578
3324 3323 3321
3326 3324 3319
3328 2954 1518
3330 2948 1074
3332 3330 372
3334 3062 20
3336 3335 3333
3338 3336 3329
3340 2964 1506
3342 3341 36
3344 2954 1864
3346 2995 2973
3348 3347 1528
3350 3349 3345
3352 3350 3342
3354 3352 3338
3356 3354 3326
3358 1434 334
3360 3358 3250
3362 2964 1450
3364 3363 3361
3366 3266 1464
3368 2966 25
3370 3368 1600
3372 3371 3367
3374 3372 3364
3376 3375 242
3378 3358 3256
3380 3267 3263
3382 3381 1464
3384 3383 3379
3386 3384 3364
3388 3387 330
3390 3389 3377
3392 3390 3356
3394 3392 3316
3396 3394 3296
3398 3397 3227
3400 506 36
3402 3400 3060
3404 2972 518
3406 3404 3190
3408 3407 3403
3410 3258 1990
3412 2966 1722
3414 3413 3411
3416 3414 3408
3418 2966 394
3420 3418 1688
3422 2966 322
3424 3422 36
3426 3424 1524
3428 3427 3421
3430 3178 520
3432 3050 36
3434 3432 1578
3436 3435 3431
3438 3436 3428
3440 3438 3416
3442 2948 1212
3444 3443 3136
3446 3445 1704
3448 3002 1681
3450 3449 3447
3452 3450 3440
3454 2972 1210
3456 3454 1164
3458 3442 356
3460 3459 3457
3462 3422 1344
3464 3368 1256
3466 3465 3463
3468 3466 3460
3470 3024 1952
3472 3418 506
3474 3473 3471
3476 3474 3468
3478 3477 37
3480 3044 1190
3482 3480 2040
3484 3042 1696
3486 3262 2096
3488 3486 1464
3490 3489 3485
3492 3490 3483
3494 3378 2096
3496 3370 2078
3498 3497 3495
3500 3498 3492
3502 3044 1694
3504 2966 304
3506 3504 36
3508 3507 3503
3510 3509 20
3512 3481 3005
3514 3513 1688
3516 3515 3511
3518 3516 3500
3520 3518 3479
3522 3520 3452
3524 3522 3399
3526 448 196
3528 164 9
3530 3528 31
3532 3530 456
3534 3532 184
3536 3532 212
3538 3528 30
3540 3538 546
3542 3540 184
3544 3543 3537
3546 3544 3535
3548 3547 3526
3550 3532 498
3552 112 9
3554 3552 31
3556 3554 456
3558 3556 204
3560 3559 3551
3562 3561 448
3564 3538 436
3566 3564 430
3568 3530 422
3570 3568 450
3572 3571 3567
3574 3568 430
3576 3540 462
3578 3577 3575
3580 3578 3572
3582 3581 20
3584 3583 3563
3586 3584 3549
3588 462 29
3590 3588 3547
3592 3554 422
3594 3593 3569
3596 450 446
3598 3597 2583
3600 3599 3568
3602 3601 2635
3604 3603 3595
3606 3605 3591
3608 3526 212
3610 3608 3540
3612 3552 30
3614 3612 546
3616 3614 2590
3618 3617 3611
3620 3595 508
3622 3599 3592
3624 3623 3621
3626 3624 3618
3628 3595 2644
3630 3564 2634
3632 3554 786
3634 3633 3631
3636 3634 3629
3638 3636 3626
3640 3638 3606
3642 3612 436
3644 3643 3565
3646 2638 509
3648 3646 2583
3650 3649 3645
3652 546 402
3654 3652 3538
3656 3655 3551
3658 3656 3559
3660 3659 460
3662 3661 3651
3664 3662 3640
3666 3664 3586
3668 3667 35
3670 164 8
3672 3670 30
3674 3672 546
3676 3674 2590
3678 3672 436
3680 112 8
3682 3680 30
3684 3682 436
3686 3685 3679
3688 3680 31
3690 3688 422
3692 3670 31
3694 3692 422
3696 3695 3691
3698 3696 3686
3700 3699 182
3702 3688 456
3704 3692 456
3706 3705 3703
3708 3707 402
3710 3709 3701
3712 3711 2544
3714 3678 430
3716 3674 462
3718 3717 3715
3720 3719 20
3722 3682 546
3724 3722 2590
3726 3725 3721
3728 3726 3713
3730 3728 3677
3732 3731 34
3734 3694 432
3736 3705 3675
3738 3737 476
3740 3739 3735
3742 3674 464
3744 3694 452
3746 3745 28
3748 3746 3743
3750 3748 3740
3752 3690 432
3754 3642 578
3756 3755 3753
3758 3684 452
3760 3702 464
3762 3761 3759
3764 3762 3756
3766 3540 550
3768 3684 432
3770 3769 3767
3772 3722 476
3774 3702 476
3776 3775 3773
3778 3776 3770
3780 3778 3764
3782 3780 3750
3784 3714 34
3786 3614 686
3788 3538 610
3790 3789 3787
3792 3540 686
3794 3793 3790
3796 3794 3785
3798 3690 452
3800 3614 550
3802 3801 3799
3804 3704 464
3806 3678 452
3808 3807 3805
3810 3808 3802
3812 3722 464
3814 3642 586
3816 3815 3813
3818 3816 3810
3820 3818 3796
3822 3820 3782
3824 3704 26
3826 3824 702
3828 3827 29
3830 3829 21
3832 3830 3823
3834 3532 694
3836 3835 3810
3838 3556 550
3840 3592 586
3842 3841 3745
3844 3842 3839
3846 3844 3740
3848 3846 3836
3850 3816 3790
3852 3850 3764
3854 3592 578
3856 3855 3773
3858 3856 3775
3860 3556 686
3862 3861 20
3864 3862 3770
3866 3864 3858
3868 3866 3852
3870 3868 3848
3872 3871 20
3874 3702 2696
3876 3875 3873
3878 3876 3833
3880 3878 3733
3882 3880 3669
3884 109 41
3886 3885 21
3888 151 115
3890 3889 7
3892 3573 35
3894 3893 3780
3896 3568 586
3898 3897 3743
3900 3861 3855
3902 3900 3898
3904 3902 3816
3906 3904 3796
3908 3906 3894
3910 3908 3848
3912 139 49
3914 3913 7
3916 3886 7
3918 1043 27
3920 1016 7
3922 128 9
3924 3922 31
3926 3924 456
3928 3926 498
3930 3922 30
3932 3930 546
3934 3932 402
3936 3935 3929
3938 3937 6
3940 166 9
3942 3940 30
3944 3942 436
3946 3944 186
3948 3942 546
3950 3948 2588
3952 3951 3947
3954 3952 3939
3956 3940 31
3958 3956 456
3960 3958 204
3962 3956 422
3964 3944 6
3966 3965 3963
3968 3967 214
3970 3969 3961
3972 3970 3954
3974 3973 677
3976 3924 422
3978 2635 2583
3980 3978 509
3982 3981 3976
3984 3933 3927
3986 677 262
3988 3987 3609
3990 3989 3985
3992 3976 212
3994 3930 436
3996 3994 184
3998 3997 3993
4000 430 29
4002 4000 3999
4004 4003 3991
4006 4004 3983
4008 3994 430
4010 4008 446
4012 3924 3588
4014 4012 784
4016 4015 4011
4018 3977 3945
4020 4019 800
4022 3958 2574
4024 4023 4021
4026 4024 4016
4028 3976 244
4030 4029 3929
4032 4031 448
4034 3597 509
4036 4034 3978
4038 4037 3962
4040 4039 4033
4042 4040 4026
4044 3932 462
4046 3994 450
4048 4047 4045
4050 3976 2642
4052 4051 4009
4054 4052 4048
4056 4055 20
4058 3994 3647
4060 4059 4057
4062 4060 4042
4064 4062 4006
4066 4064 3975
4068 4067 35
4070 128 8
4072 4070 31
4074 4072 456
4076 166 8
4078 4076 31
4080 4078 456
4082 4081 4075
4084 4083 2574
4086 4072 422
4088 4086 772
4090 4089 4085
4092 4000 2542
4094 4092 4086
4096 677 182
4098 4078 422
4100 4098 2542
4102 4100 4096
4104 4103 4095
4106 4104 4090
4108 692 546
4110 2642 436
4112 4111 4109
4114 4070 30
4116 4114 20
4118 4116 4113
4120 4076 30
4122 4120 436
4124 4114 436
4126 4125 4123
4128 2583 773
4130 4129 4127
4132 4131 4119
4134 4132 4106
4136 4114 546
4138 4120 3652
4140 4139 4137
4142 4141 2590
4144 4122 2636
4146 4124 2636
4148 4120 546
4150 4148 3986
4152 4151 4147
4154 4152 4145
4156 4154 4143
4158 4156 4134
4160 4159 34
4162 4098 432
4164 4148 476
4166 4165 4163
4168 4074 464
4170 4122 432
4172 4122 452
4174 4173 4171
4176 4174 4169
4178 4176 4166
4180 4148 464
4182 4098 452
4184 4183 4181
4186 3985 550
4188 4187 4184
4190 4188 4178
4192 3958 694
4194 4086 452
4196 587 579
4198 4197 3962
4200 4199 4195
4202 4200 4193
4204 3926 686
4206 3948 686
4208 3942 610
4210 3944 586
4212 4211 4209
4214 4212 4207
4216 4214 4205
4218 4216 4202
4220 4218 4190
4222 4221 20
4224 4080 476
4226 3948 550
4228 4086 432
4230 4229 4227
4232 4230 4225
4234 4233 473
4236 4225 4169
4238 4237 506
4240 4080 464
4242 4240 2676
4244 4074 476
4246 4244 1023
4248 4247 4243
4250 4248 4239
4252 4250 4235
4254 3930 610
4256 4124 452
4258 4257 4169
4260 4258 4255
4262 4260 4166
4264 4195 4184
4266 3932 694
4268 4267 4174
4270 4268 4264
4272 4136 702
4274 4124 432
4276 4275 4241
4278 4276 4273
4280 4278 4214
4282 4280 4270
4284 4282 4262
4286 4285 446
4288 4287 4252
4290 4288 4223
4292 4290 4161
4294 4292 4069
4296 4053 35
4298 4278 4232
4300 4298 4297
4302 3932 686
4304 4303 4245
4306 4304 4174
4308 4306 4188
4310 4308 4202
4312 4262 4216
4314 4312 4310
4316 4314 4300
4318 3918 7
4320 155 153
4322 4321 27
4324 4322 7
4326 2844 7
4328 70 9
4330 4328 174
4332 4330 25
4334 136 9
4336 4334 174
4338 4336 25
4340 4339 4333
4342 136 8
4344 4342 216
4346 4344 25
4348 70 8
4350 4348 216
4352 4350 25
4354 4353 4347
4356 4354 4340
4358 4357 560
4360 236 136
4362 4360 24
4364 4362 1074
4366 4360 274
4368 4367 36
4370 4368 4365
4372 4337 4331
4374 4351 4345
4376 4374 4372
4378 4377 304
4380 4334 190
4382 4328 190
4384 236 70
4386 4385 4383
4388 4386 4381
4390 1181 272
4392 4390 4389
4394 4393 4379
4396 4394 4370
4398 4396 4359
4400 4387 386
4402 4382 24
4404 4380 24
4406 4405 4403
4408 4384 24
4410 4409 4363
4412 4410 4406
4414 4413 408
4416 4415 4401
4418 4417 3
4420 4344 386
4422 4348 5
4424 4422 1182
4426 4425 4421
4428 4427 2
4430 4373 25
4432 4430 1164
4434 4345 4331
4436 4435 394
4438 4437 37
4440 4336 394
4442 4381 4361
4444 4443 1154
4446 4445 4441
4448 4446 4438
4450 4448 4433
4452 4450 4429
4454 4452 4419
4456 4455 4399
4458 15 4
4460 4458 1757
4462 1757 336
4464 4346 214
4466 4352 214
4468 4442 4386
4470 4469 230
4472 4471 4467
4474 4472 4465
4476 4475 172
4478 2219 1507
4480 4479 4330
4482 4348 1436
4484 4482 1432
4486 4334 4
4488 4486 316
4490 4489 4485
4492 4491 200
4494 4493 4481
4496 280 258
4498 4496 4344
4500 4486 1464
4502 4501 4499
4504 4503 330
4506 4482 334
4508 4507 4499
4510 4509 242
4512 4511 4505
4514 4512 4494
4516 4366 446
4518 4328 4
4520 4518 1464
4522 4520 242
4524 4523 4517
4526 4332 1602
4528 2786 136
4530 4528 1882
4532 4531 4527
4534 4532 4524
4536 4387 1864
4538 4336 1450
4540 4538 242
4542 4350 1591
4544 4542 304
4546 4545 4541
4548 4546 4537
4550 4518 203
4552 4550 316
4554 4382 1450
4556 4554 200
4558 4557 36
4560 4558 4553
4562 4560 4548
4564 4562 4534
4566 4564 4514
4568 4566 4477
4570 4384 1220
4572 4350 24
4574 4572 214
4576 4575 4571
4578 4409 4406
4580 4579 402
4582 4344 24
4584 4582 214
4586 4360 1220
4588 4587 4585
4590 4588 4581
4592 4590 4576
4594 4593 258
4596 4342 1436
4598 4596 1432
4600 4599 4555
4602 4600 4485
4604 4603 198
4606 4330 1406
4608 4606 172
4610 4375 1807
4612 4611 4609
4614 4488 198
4616 4384 1592
4618 4617 4615
4620 4618 4612
4622 4620 4605
4624 4596 334
4626 4521 4507
4628 4626 4625
4630 4629 330
4632 4407 1074
4634 4332 2
4636 4634 172
4638 4637 4633
4640 4639 20
4642 4641 4631
4644 4642 4622
4646 4644 4595
4648 4646 4568
4650 4586 408
4652 4351 4337
4654 4653 1316
4656 4655 4651
4658 4402 1350
4660 4352 1256
4662 4661 4659
4664 4662 4656
4666 4330 330
4668 4666 3111
4670 4345 4337
4672 4671 1898
4674 4673 37
4676 4674 4669
4678 4676 4664
4680 4584 408
4682 4382 1620
4684 4683 4681
4686 4684 4678
4688 4385 4381
4690 4689 1208
4692 4420 214
4694 4693 4691
4696 4422 1234
4698 4696 330
4700 4342 5
4702 4701 4423
4704 4703 1276
4706 4705 4699
4708 4706 4694
4710 4700 1334
4712 4382 404
4714 4713 4711
4716 4350 3100
4718 4330 1924
4720 4719 4717
4722 4720 4714
4724 4722 4708
4726 4724 4686
4728 4336 1406
4730 4729 4607
4732 4385 4361
4734 4733 1212
4736 4528 402
4738 4737 4735
4740 4738 4730
4742 4740 4467
4744 4743 356
4746 1335 1281
4748 4747 4422
4750 4336 1298
4752 4751 4697
4754 4753 242
4756 4350 1898
4758 4757 4331
4760 1899 1317
4762 1206 244
4764 4763 4760
4766 4765 4759
4768 4767 4755
4770 4768 4749
4772 4770 4745
4774 4772 4726
4776 4634 1950
4778 4384 386
4780 4778 666
4782 4781 4777
4784 4783 183
4786 4382 1217
4788 4577 408
4790 4789 4787
4792 4360 3123
4794 4793 4790
4796 4794 4785
4798 4796 4774
4800 4799 4649
4802 4380 1623
4804 506 394
4806 4805 1925
4808 4807 4336
4810 4750 330
4812 4404 1350
4814 4344 1316
4816 4815 4813
4818 4816 4811
4820 4818 4809
4822 4820 4803
4824 4823 37
4826 4479 4336
4828 4625 4501
4830 4829 242
4832 4598 200
4834 4833 4831
4836 4538 330
4838 4364 666
4840 4839 4837
4842 4366 506
4844 4728 172
4846 4845 4843
4848 4846 4840
4850 4848 4834
4852 4850 4827
4854 4853 36
4856 4700 1681
4858 4440 1688
4860 4443 1706
4862 4861 4859
4864 4407 1696
4866 4420 1710
4868 4336 1722
4870 4869 4867
4872 4870 4865
4874 4872 4862
4876 4874 4857
4878 4876 4855
4880 4878 4825
4882 4880 4801
4884 3077 7
4886 1757 6
4888 163 69
4890 4889 15
4892 4890 7
4894 1752 8
4896 4894 31
4898 4896 456
4900 2756 718
4902 4900 30
4904 4902 546
4906 4900 31
4908 4906 456
4910 4909 4905
4912 4910 4899
4914 4913 474
4916 4113 30
4918 4916 4894
4920 4902 436
4922 4896 422
4924 4923 4921
4926 4925 430
4928 4927 4919
4930 2675 863
4932 4931 4906
4934 875 863
4936 4935 4896
4938 4920 450
4940 4904 462
4942 4941 4939
4944 4942 4937
4946 4944 4933
4948 4946 4928
4950 4948 4915
4952 4951 34
4954 692 456
4956 4955 2675
4958 4957 31
4960 4959 4917
4962 35 9
4964 4962 717
4966 4964 718
4968 4966 4961
4970 4969 4953
4972 897 851
4974 667 447
4976 4975 4973
4978 4129 848
4980 1023 474
4982 4981 2575
4984 4983 886
4986 4985 4979
4988 4986 4977
4990 506 474
4992 474 20
4994 4993 4991
4996 4994 2575
4998 677 498
5000 3588 184
5002 5001 4999
5004 5002 4996
5006 5005 890
5008 2676 896
5010 1591 462
5012 5010 886
5014 5013 34
5016 5014 5009
5018 878 770
5020 462 20
5022 891 887
5024 5023 5020
5026 5025 5019
5028 5026 5016
5030 5028 5007
5032 5030 4988
5034 934 204
5036 2588 924
5038 5037 5035
5040 5039 677
5042 4034 2638
5044 5043 938
5046 2644 942
5048 2636 968
5050 5049 35
5052 5050 5047
5054 5052 5045
5056 5054 5041
5058 1002 974
5060 5058 950
5062 5061 20
5064 945 930
5066 5065 446
5068 2664 942
5070 2574 934
5072 3979 938
5074 5073 5071
5076 5074 5069
5078 5076 5067
5080 5078 5063
5082 5080 5056
5084 5083 5033
5086 992 966
5088 5087 20
5090 2574 962
5092 5091 35
5094 473 450
5096 5095 2635
5098 5097 982
5100 972 446
5102 5101 5099
5104 5102 5092
5106 4037 968
5108 2588 448
5110 4990 962
5112 5111 957
5114 5113 5108
5116 5115 5107
5118 5116 5104
5120 962 498
5122 3652 954
5124 5123 5121
5126 5125 460
5128 963 957
5130 4998 956
5132 5131 5001
5134 5133 5129
5136 980 214
5138 2542 982
5140 5139 5137
5142 5141 4096
5144 5143 5135
5146 5144 5127
5148 5146 5118
5150 5148 5089
5152 840 474
5154 840 462
5156 5155 907
5158 5156 5153
5160 5159 20
5162 869 843
5164 5163 506
5166 2676 864
5168 860 786
5170 5169 5167
5172 868 20
5174 854 666
5176 5175 5173
5178 5176 5170
5180 5178 5165
5182 5180 5161
5184 5156 855
5186 5184 870
5188 5187 446
5190 2636 866
5192 5191 34
5194 1023 910
5196 872 770
5198 5197 5195
5200 5198 5192
5202 474 446
5204 5203 2575
5206 5205 840
5208 2637 509
5210 5209 852
5212 5211 5207
5214 5212 5200
5216 5214 5189
5218 5216 5182
5220 5219 5151
5222 942 578
5224 848 452
5226 5225 5223
5228 881 34
5230 5229 5226
5232 5231 473
5234 852 186
5236 5234 778
5238 34 20
5240 5238 857
5242 5241 5237
5244 5242 5233
5246 5244 5221
5248 5246 5085
10 1 1
12 0 0
5250 131 120
5252 131 5251
5254 57 5253
5256 57 5255
5258 155 5257
5260 155 5259
5262 153 5261
5264 153 5263
5266 101 5265
5268 101 5267
5270 169 5269
5272 169 5271
5274 55 5273
5276 55 5275
5278 133 5277
5280 133 5279
5282 63 5281
5284 63 5283
5286 123 5285
5288 123 5287
5290 116 5289
5292 117 5281
5294 5291 5293
5296 90 5289
5298 91 5295
5300 5297 5299
5302 67 5301
5304 67 5303
5306 125 5304
5308 125 5307
5310 134 124
5312 135 5309
5314 5311 5313
14 5315 5315
16 3 3
30 0 0
32 0 0
34 0 0
36 0 0
28 66 66
26 5281 5281
24 0 0
22 0 0
5316 123 62
5318 123 5317
5320 116 5319
5322 90 5319
5324 91 5320
5326 5323 5325
5328 67 5326
5330 67 5329
5332 135 5330
5334 135 5333
20 5335 5335
18 3 3
i0 r_2
i1 r_0
i2 rm
i3 r_1
l0 __bad __qdead
l1 __q7k2
l2 __q8k2
l3 __q13k2
l4 __q16k0
l5 __q2k4
l6 __q11k1
l7 __q12k0
l8 __q10k2
l9 __q17k1
l10 __q3k0
l11 __q2k1
l12 __q8k1
l13 __q8k4
l14 __q8k0
l15 __q9k3
l16 __q3k3
l17 __q16k3
l18 __q8k3
l19 __q6k4
l20 __q5k0
l21 __q4k4
l22 __q13k0
l23 __q3k4
l24 __q15k3
l25 __q7k3
l26 __q14k0
l27 __q9k1
l28 __q12k3
l29 __q14k2
l30 __q12k1
l31 __q10k1
l32 __q11k0
l33 __q3k1
l34 __q5k3
l35 __q14k1
l36 __q2k2
l37 __q13k3
l38 __q2k3
l39 __q7k1
l40 __q15k1
l41 __q17k0
l42 __q15k0
l43 __q9k0
l44 __q5k1
l45 __q13k1
l46 __q10k0
l47 __q10k3
l48 __q7k0
l49 __q12k2
l50 __q11k3
l51 __q16k1
l52 __q9k4
l53 __q7k4
l54 __q3k2
l55 __q2k0
l56 __q11k2
l57 __q17k3
l58 __q10k4
l59 __q14k3
l60 __q9k2
l61 __q15k2
l62 __q16k2
l63 __q5k4
l64 __q5k2
l65 __q17k2
l66 !__q0k4
o0 __vp1_1
o1 __vp1_0
o2 g_0
o3 __d1_r_2
o4 __d2_r_0
o5 __d2_rm
o6 __d2_r_1
o7 __d1_r_0
o8 g_2
o9 gm
o10 __d1_rm
o11 __d1_r_1
o12 g_1
o13 __d2_r_2
c
Generated by Yosys 0.7+217 (git sha1 5442554, clang 3.8.0-2ubuntu4 -fPIC -Os)

