09:27:47  Namespace(maxK=8, minK=2, moore=False, output=None, spec='./experiments-for-synt/prioritized_arbiter_2_k1.tlsf', unreal=False, verbose=0)
09:27:47  UCW automaton has 14 states
09:27:47  setting k to 2...
09:27:47  k_reduce
09:27:47  k-LA automaton has 29 states
09:27:47  atm_to_verilog
09:27:47  verilog_to_aiger
09:27:50  synthesize
09:27:50  executing sdf...
09:27:50  sdf completed
09:27:50  setting k to 4...
09:27:50  k_reduce
09:27:50  k-LA automaton has 49 states
09:27:50  atm_to_verilog
09:27:50  verilog_to_aiger
09:27:56  synthesize
09:27:56  executing sdf...
09:27:56  sdf completed
REALIZABLE
aag 447 3 49 7 395
2
4
6
22 207
24 212
26 218
28 224
30 210
32 222
34 238
36 244
38 301
40 447
42 242
44 1
46 452
48 456
50 216
52 450
54 460
56 466
58 470
60 464
62 472
64 475
66 477
68 603
70 604
72 606
74 608
76 614
78 622
80 628
82 612
84 459
86 630
88 667
90 669
92 711
94 717
96 718
98 724
100 726
102 777
104 226
106 722
108 619
110 782
112 626
114 807
116 780
118 848
8
10
12
20
18
16
14
120 17 5
122 16 4
124 123 121
126 14 2
128 126 6
130 118 8
132 130 128
134 14 7
136 15 6
138 137 135
140 138 3
142 118 9
144 142 140
146 145 133
148 147 125
150 14 3
152 150 6
154 19 11
156 155 21
158 156 152
160 158 142
162 138 2
164 21 6
166 165 130
168 166 162
170 169 161
172 171 120
174 105 44
176 175 13
178 28 11
180 97 23
182 180 179
184 24 21
186 36 19
188 187 185
190 188 182
192 190 177
194 15 2
196 194 7
198 130 122
200 198 196
202 201 192
204 202 173
206 204 149
208 57 31
210 209 21
212 210 3
214 51 47
216 215 19
218 216 3
220 77 33
222 221 11
224 222 3
226 175 12
228 8 3
230 9 2
232 231 229
234 232 138
236 234 125
238 236 226
240 43 27
242 241 19
244 242 3
246 38 8
248 246 16
250 248 196
252 38 9
254 252 16
256 254 140
258 257 251
260 248 128
262 92 9
264 262 16
266 264 140
268 267 261
270 268 258
272 271 4
274 252 140
276 92 8
278 277 247
280 279 162
282 281 275
284 283 120
286 262 120
288 286 140
290 276 16
292 290 4
294 292 162
296 295 289
298 296 285
300 298 273
302 259 20
304 194 155
306 21 7
308 306 16
310 308 304
312 164 16
314 312 126
316 314 155
318 317 311
320 319 246
322 256 155
324 323 321
326 324 303
328 327 4
330 269 4
332 15 3
334 332 7
336 334 286
338 337 295
340 338 331
342 340 285
344 343 20
346 126 17
348 346 164
350 306 17
352 350 194
354 353 349
356 246 155
358 356 355
360 252 17
362 360 156
364 362 140
366 352 19
368 367 349
370 276 155
372 370 369
374 373 365
376 374 359
378 377 5
380 18 5
382 380 276
384 382 352
386 350 332
388 155 5
390 388 262
392 390 386
394 152 20
396 394 286
398 397 393
400 398 385
402 276 4
404 402 319
406 262 164
408 155 150
410 408 120
412 19 10
414 412 122
416 414 150
418 417 411
420 419 406
422 122 18
424 422 150
426 424 406
428 334 156
430 262 122
432 430 428
434 433 427
436 434 421
438 436 405
440 438 400
442 440 379
444 442 345
446 444 329
448 99 53
450 449 19
452 450 3
454 81 49
456 455 11
458 85 73
460 459 3
462 111 61
464 463 21
466 464 3
468 87 59
470 469 21
472 456 3
474 115 65
476 71 67
478 234 34
480 478 20
482 34 9
484 482 164
486 484 408
488 487 481
490 489 17
492 355 155
494 34 8
496 494 492
498 482 155
500 498 386
502 501 497
504 502 491
506 505 5
508 140 16
510 508 482
512 510 156
514 494 319
516 515 513
518 517 4
520 494 16
522 520 196
524 523 511
526 525 4
528 526 20
530 529 519
532 94 9
534 532 334
536 534 120
538 94 8
540 538 122
542 538 120
544 543 541
546 545 162
548 547 537
550 534 122
552 532 152
554 552 125
556 128 4
558 556 520
560 559 555
562 560 551
564 562 548
566 565 20
568 532 386
570 538 352
572 571 569
574 573 388
576 156 128
578 576 545
580 579 575
582 540 196
584 583 551
586 585 156
588 532 164
590 425 418
592 591 588
594 593 587
596 594 580
598 596 567
600 598 530
602 600 507
604 475 3
606 477 3
608 470 3
610 83 63
612 611 11
614 612 3
616 45 12
618 617 109
620 11 4
622 620 619
624 113 79
626 625 11
628 626 3
630 619 164
632 68 9
634 88 9
636 635 633
638 637 17
640 638 140
642 88 8
644 68 8
646 645 643
648 647 17
650 648 162
652 651 641
654 653 5
656 637 4
658 656 508
660 647 122
662 660 162
664 663 659
666 664 655
668 91 55
670 644 352
672 637 386
674 673 671
676 675 155
678 638 158
680 648 576
682 352 155
684 682 642
686 685 681
688 686 679
690 688 677
692 691 5
694 654 20
696 665 20
698 658 156
700 647 4
702 700 319
704 703 699
706 704 697
708 706 695
710 708 693
712 478 120
714 713 564
716 714 527
718 669 3
720 107 101
722 721 19
724 722 3
726 619 2
728 40 9
730 102 9
732 731 729
734 733 508
736 102 8
738 40 8
740 739 737
742 741 16
744 742 162
746 745 735
748 747 4
750 728 334
752 733 152
754 753 751
756 755 17
758 334 17
760 758 730
762 736 17
764 738 17
766 765 763
768 767 162
770 769 761
772 770 757
774 773 5
776 775 749
778 117 75
780 779 21
782 780 3
784 720 37
786 784 19
788 448 214
790 788 240
792 790 786
794 21 11
796 618 18
798 797 795
800 798 793
802 20 10
804 802 619
806 805 801
808 773 20
810 738 155
812 810 355
814 733 17
816 814 158
818 817 5
820 736 682
822 762 576
824 814 428
826 825 823
828 826 821
830 828 818
832 830 813
834 832 809
836 747 20
838 741 319
840 734 155
842 841 839
844 842 837
846 844 4
848 847 835
8 3 3
10 28 28
12 1 1
850 51 106
852 51 851
854 53 853
856 53 855
858 101 857
860 101 859
862 99 861
864 99 863
866 43 865
868 43 867
870 47 869
872 47 871
874 37 873
876 37 875
878 27 877
880 27 879
882 29 881
884 29 883
886 45 884
888 45 887
890 108 885
892 109 888
894 891 893
20 894 894
18 881 881
16 0 0
14 0 0
i0 rm
i1 r_0
i2 r_1
l0 __bad __qdead
l1 __q6k0
l2 __q8k1
l3 __q7k0
l4 __q11k0
l5 __q12k0
l6 __q2k4
l7 __q8k0
l8 __q9k1
l9 __q2k1
l10 __q13k0
l11 !__q0k4
l12 __q8k2
l13 __q12k2
l14 __q13k1
l15 __q13k2
l16 __q3k1
l17 __q6k1
l18 __q11k3
l19 __q11k1
l20 __q7k2
l21 __q10k3
l22 __q10k2
l23 __q2k3
l24 __q3k3
l25 __q3k2
l26 __q6k3
l27 __q7k1
l28 __q7k4
l29 __q7k3
l30 __q12k1
l31 __q10k1
l32 __q6k4
l33 __q9k2
l34 __q10k0
l35 __q2k2
l36 __q9k3
l37 __q3k0
l38 __q8k3
l39 __q8k4
l40 __q9k0
l41 __q5k4
l42 __q13k3
l43 __q4k4
l44 __q6k2
l45 __q12k3
l46 __q3k4
l47 __q11k2
l48 __q2k0
o0 __d1_rm
o1 g_0
o2 __vp1_0
o3 g_1
o4 gm
o5 __d1_r_0
o6 __d1_r_1
c
Generated by Yosys 0.7+217 (git sha1 5442554, clang 3.8.0-2ubuntu4 -fPIC -Os)

