09:27:47  Namespace(maxK=8, minK=2, moore=False, output=None, spec='./experiments-for-synt/prioritized_arbiter_3_k1.tlsf', unreal=False, verbose=0)
09:27:47  UCW automaton has 16 states
09:27:47  setting k to 2...
09:27:47  k_reduce
09:27:47  k-LA automaton has 34 states
09:27:47  atm_to_verilog
09:27:47  verilog_to_aiger
09:27:57  synthesize
09:27:57  executing sdf...
09:27:57  sdf completed
09:27:57  setting k to 4...
09:27:57  k_reduce
09:27:57  k-LA automaton has 58 states
09:27:57  atm_to_verilog
09:27:57  verilog_to_aiger
09:28:14  synthesize
09:28:14  executing sdf...
09:28:15  sdf completed
REALIZABLE
aag 1756 4 58 9 1694
2
4
6
8
28 409
30 414
32 420
34 412
36 426
38 430
40 433
42 438
44 424
46 440
48 436
50 446
52 452
54 444
56 450
58 458
60 462
62 637
64 456
66 813
68 429
70 1365
72 461
74 1368
76 1939
78 2409
80 2412
82 2420
84 2426
86 2428
88 2430
90 2436
92 2973
94 2417
96 2434
98 3017
100 3063
102 3066
104 3095
106 3098
108 3100
110 3261
112 3264
114 3268
116 3270
118 3272
120 3274
122 3278
124 2424
126 3280
128 1
130 3286
132 3289
134 3290
136 3284
138 3292
140 3296
142 418
10
12
14
16
18
26
24
22
20
144 15 6
146 23 21
148 146 144
150 16 2
152 150 5
154 70 9
156 154 152
158 156 12
160 158 148
162 20 6
164 162 14
166 17 3
168 70 8
170 168 166
172 170 4
174 150 4
176 174 168
178 177 173
180 179 164
182 144 21
184 166 5
186 184 154
188 186 182
190 189 26
192 190 181
194 192 161
196 15 13
198 196 156
200 196 186
202 201 199
204 24 6
206 204 146
208 25 6
210 208 146
212 210 10
214 213 207
216 215 203
218 167 151
220 162 15
222 154 4
224 222 220
226 224 219
228 182 156
230 14 6
232 230 21
234 168 5
236 234 219
238 236 232
240 239 229
242 240 227
244 242 217
246 244 194
248 174 154
250 248 196
252 14 13
254 252 172
256 254 25
258 257 251
260 23 20
262 260 7
264 25 11
266 265 262
268 266 259
270 15 7
272 270 20
274 222 166
276 274 272
278 14 7
280 278 20
282 280 176
284 15 12
286 284 262
288 286 248
290 289 283
292 290 27
294 292 277
296 294 269
298 270 21
300 298 186
302 270 146
304 302 158
306 24 7
308 306 146
310 308 200
312 278 21
314 312 236
316 315 311
318 316 305
320 318 301
322 306 260
324 322 254
326 272 248
328 10 5
330 25 7
332 330 146
334 332 328
336 334 252
338 336 170
340 339 327
342 340 325
344 196 10
346 344 332
348 346 156
350 308 198
352 351 349
354 352 342
356 354 320
358 356 296
360 359 247
362 26 22
364 362 228
366 50 13
368 47 29
370 368 367
372 42 25
374 108 23
376 375 373
378 376 370
380 88 11
382 128 121
384 383 19
386 385 381
388 386 378
390 20 4
392 278 27
394 392 170
396 394 390
398 397 388
400 298 27
402 400 156
404 403 398
406 404 365
408 406 361
410 59 35
412 411 13
414 412 3
416 143 127
418 417 11
420 418 3
422 107 45
424 423 23
426 424 3
428 105 69
430 429 3
432 139 41
434 131 49
436 435 25
438 436 3
440 433 3
442 55 31
444 443 13
446 444 3
448 83 57
450 449 25
452 450 3
454 87 65
456 455 13
458 456 3
460 73 39
462 461 3
464 62 8
466 464 152
468 466 312
470 26 14
472 471 469
474 464 184
476 21 6
478 476 474
480 464 150
482 480 4
484 482 162
486 485 26
488 486 479
490 489 473
492 62 9
494 492 152
496 494 182
498 497 26
500 76 9
502 500 152
504 502 182
506 492 184
508 506 182
510 509 505
512 510 498
514 166 4
516 514 464
518 76 8
520 518 514
522 521 517
524 523 164
526 500 174
528 526 220
530 500 184
532 530 182
534 533 529
536 534 525
538 536 512
540 518 152
542 540 232
544 514 492
546 514 500
548 547 545
550 549 220
552 551 543
554 492 174
556 554 220
558 518 174
560 558 164
562 561 557
564 466 232
566 518 184
568 566 232
570 569 565
572 570 562
574 572 552
576 574 538
578 503 495
580 578 531
582 581 298
584 558 280
586 540 312
588 544 272
590 589 587
592 590 585
594 592 583
596 554 272
598 526 272
600 599 597
602 474 312
604 520 280
606 605 603
608 606 600
610 482 280
612 506 298
614 613 611
616 546 272
618 617 27
620 516 280
622 566 312
624 623 621
626 624 618
628 626 614
630 628 608
632 630 594
634 633 577
636 635 491
638 66 8
640 638 152
642 640 312
644 643 471
646 638 184
648 646 476
650 638 174
652 650 162
654 653 26
656 654 649
658 657 645
660 110 9
662 660 152
664 662 182
666 665 26
668 640 232
670 110 8
672 670 166
674 672 4
676 674 164
678 677 669
680 678 666
682 672 5
684 682 232
686 660 166
688 686 5
690 688 182
692 691 685
694 638 514
696 670 150
698 696 4
700 699 695
702 701 164
704 703 692
706 704 680
708 686 4
710 708 220
712 696 5
714 712 232
716 660 174
718 716 220
720 719 715
722 720 711
724 66 9
726 724 174
728 724 166
730 728 4
732 731 727
734 733 220
736 728 5
738 724 152
740 739 737
742 741 182
744 743 735
746 744 722
748 746 706
750 650 280
752 736 298
754 753 751
756 738 298
758 694 280
760 759 757
762 682 312
764 763 27
766 764 760
768 766 754
770 712 312
772 674 280
774 773 771
776 708 272
778 777 774
780 688 298
782 698 280
784 783 781
786 716 272
788 646 312
790 789 787
792 790 784
794 662 298
796 730 272
798 797 795
800 726 272
802 801 798
804 802 792
806 804 778
808 806 768
810 809 749
812 811 659
814 146 25
816 506 344
818 494 344
820 819 817
822 252 10
824 822 474
826 252 166
828 826 518
830 828 328
832 502 344
834 833 831
836 834 825
838 836 820
840 839 814
842 480 252
844 146 5
846 844 24
848 846 842
850 14 12
852 850 260
854 852 516
856 855 849
858 390 23
860 858 10
862 860 842
864 862 25
866 555 545
868 260 25
870 868 344
872 870 867
874 873 865
876 874 856
878 506 146
880 494 146
882 881 879
884 196 24
886 884 883
888 530 284
890 888 146
892 284 146
894 892 494
896 850 146
898 896 466
900 899 895
902 900 891
904 902 887
906 904 876
908 858 828
910 260 196
912 910 544
914 826 464
916 914 844
918 917 913
920 918 909
922 921 24
924 822 516
926 924 25
928 554 284
930 25 13
932 931 14
934 932 482
936 935 929
938 936 927
940 939 260
942 941 923
944 942 906
946 944 841
948 947 7
950 597 469
952 950 614
954 952 621
956 955 22
958 330 260
960 958 344
962 960 546
964 822 466
966 964 332
968 23 12
970 968 612
972 971 967
974 972 963
976 544 284
978 24 4
980 978 914
982 981 977
984 983 262
986 910 306
988 986 554
990 968 312
992 990 474
994 993 27
996 994 989
998 996 985
1000 998 974
1002 1000 957
1004 1002 949
1006 492 150
1008 978 196
1010 1008 1006
1012 1011 929
1014 1012 982
1016 1015 260
1018 895 856
1020 816 814
1022 878 284
1024 1023 1021
1026 1024 1018
1028 1026 887
1030 1028 1017
1032 1031 6
1034 474 232
1036 1035 569
1038 1036 557
1040 509 497
1042 1040 1038
1044 1043 22
1046 23 13
1048 1047 564
1050 162 23
1052 1050 934
1054 1053 1049
1056 22 14
1058 1056 484
1060 260 208
1062 1060 344
1064 1062 554
1066 1065 26
1068 1066 1059
1070 1068 1054
1072 1035 543
1074 1073 968
1076 965 819
1078 1077 210
1080 919 204
1082 1081 1079
1084 1082 1075
1086 1084 1070
1088 1086 1045
1090 544 344
1092 1091 925
1094 1093 260
1096 916 10
1098 1097 863
1100 1098 1095
1102 1101 208
1104 1103 1088
1106 1104 1033
1108 1107 1005
1110 500 150
1112 196 5
1114 1112 1110
1116 500 166
1118 1116 1112
1120 1119 1115
1122 1121 206
1124 164 23
1126 1124 12
1128 1126 558
1130 968 568
1132 1131 1129
1134 540 252
1136 1134 206
1138 1050 284
1140 1139 1063
1142 1141 546
1144 1143 1137
1146 1144 1132
1148 1146 1123
1150 844 828
1152 910 546
1154 1153 1151
1156 1110 196
1158 1156 858
1160 1159 909
1162 1160 1154
1164 1163 204
1166 1050 24
1168 558 252
1170 1168 1166
1172 518 150
1174 1172 822
1176 21 5
1178 1177 391
1180 1179 23
1182 1180 1174
1184 1182 208
1186 1185 1171
1188 520 12
1190 1188 1124
1192 476 23
1194 1192 888
1196 1195 1191
1198 1196 1186
1200 1198 1165
1202 1200 1148
1204 561 505
1206 1204 534
1208 1206 525
1210 1209 22
1212 860 828
1214 530 344
1216 1215 831
1218 1217 146
1220 1219 1213
1222 1221 208
1224 1223 1211
1226 1224 1202
1228 1227 26
1230 860 25
1232 1230 1156
1234 892 502
1236 1235 1233
1238 1237 7
1240 1158 306
1242 1114 308
1244 322 252
1246 278 260
1248 1246 12
1250 1249 1245
1252 1251 558
1254 1253 1243
1256 1254 1241
1258 1213 1183
1260 1259 330
1262 547 527
1264 1263 286
1266 990 540
1268 1267 1265
1270 1268 1261
1272 1270 1256
1274 1272 1239
1276 1275 27
1278 27 22
1280 623 617
1282 605 599
1284 1282 603
1286 1284 1280
1288 1286 594
1290 1289 1278
1292 306 27
1294 1292 1155
1296 1292 146
1298 1296 1118
1300 518 166
1302 12 5
1304 1302 1300
1306 392 146
1308 1306 1304
1310 26 6
1312 1310 260
1314 1312 284
1316 1314 526
1318 1317 1309
1320 1318 1299
1322 210 26
1324 1322 328
1326 1324 1156
1328 1246 27
1330 1328 1188
1332 1331 1327
1334 1332 1320
1336 1334 1295
1338 146 27
1340 1134 306
1342 1214 330
1344 1343 1341
1346 1345 1338
1348 553 362
1350 1310 1237
1352 1351 1349
1354 1352 1347
1356 1354 1336
1358 1356 1291
1360 1358 1277
1362 1360 1229
1364 1362 1109
1366 75 33
1368 1367 11
1370 100 8
1372 1370 826
1374 1372 5
1376 1374 10
1378 1376 1192
1380 1370 150
1382 10 4
1384 1382 252
1386 1384 1380
1388 1386 1050
1390 1389 1379
1392 1391 25
1394 1382 1372
1396 100 9
1398 1396 166
1400 1398 196
1402 1400 1382
1404 1403 1395
1406 1405 1060
1408 1396 174
1410 1408 1062
1412 968 232
1414 1370 184
1416 1414 1412
1418 1417 26
1420 1418 1411
1422 1420 1407
1424 1380 5
1426 1424 252
1428 1427 1375
1430 1429 206
1432 148 12
1434 92 9
1436 1434 166
1438 1436 5
1440 1396 152
1442 1396 184
1444 1443 1441
1446 1444 1439
1448 1447 1432
1450 1449 1431
1452 1450 1422
1454 1396 150
1456 1454 196
1458 1457 1401
1460 1459 5
1462 1434 152
1464 1462 196
1466 1436 1112
1468 1467 1465
1470 1468 1461
1472 1471 206
1474 1426 212
1476 1166 4
1478 1476 1400
1480 1479 1475
1482 344 210
1484 1482 1445
1486 92 8
1488 1486 150
1490 1488 5
1492 1491 1425
1494 1493 1412
1496 1495 1485
1498 1496 1480
1500 1498 1473
1502 1500 1452
1504 1502 1393
1506 1380 4
1508 1506 164
1510 1414 232
1512 1511 1509
1514 1441 1439
1516 1515 182
1518 1486 166
1520 1518 5
1522 1520 232
1524 1408 220
1526 1525 1523
1528 1442 182
1530 1424 232
1532 1531 1529
1534 1532 1526
1536 1534 1517
1538 1536 1512
1540 1539 22
1542 1408 284
1544 978 252
1546 1544 1380
1548 1547 1543
1550 1396 514
1552 1550 284
1554 1544 1488
1556 1434 174
1558 1556 284
1560 1559 1555
1562 1560 1553
1564 1562 1548
1566 1518 252
1568 1457 1373
1570 1568 1567
1572 1571 978
1574 1488 4
1576 1370 514
1578 1577 1507
1580 1578 1575
1582 1581 850
1584 1583 1573
1586 1584 1564
1588 1587 1050
1590 1589 1541
1592 1590 1504
1594 1557 1409
1596 1595 344
1598 1395 1387
1600 1436 196
1602 1600 1382
1604 1603 1598
1606 1604 1597
1608 1607 958
1610 1490 252
1612 1611 1428
1614 1612 1461
1616 1615 308
1618 1617 1609
1620 1556 884
1622 1566 978
1624 1623 1553
1626 1624 1621
1628 1626 1548
1630 1629 262
1632 1520 252
1634 1633 1427
1636 1635 10
1638 1600 328
1640 1462 344
1642 1400 328
1644 1643 1641
1646 1644 1639
1648 1646 1637
1650 1649 332
1652 1651 1631
1654 1652 1618
1656 1440 344
1658 1657 1377
1660 1659 814
1662 1402 868
1664 1663 1661
1666 1665 7
1668 1518 4
1670 1669 1578
1672 1671 1248
1674 1576 1244
1676 1408 986
1678 1677 1675
1680 1550 986
1682 1414 990
1684 1683 1681
1686 1684 1678
1688 1438 298
1690 1688 968
1692 1424 990
1694 1693 27
1696 1694 1691
1698 1696 1686
1700 1698 1673
1702 1506 280
1704 1576 280
1706 1705 1703
1708 1424 312
1710 1442 298
1712 1711 1709
1714 1712 1706
1716 1715 22
1718 146 7
1720 1718 284
1722 1720 1445
1724 272 22
1726 1724 1595
1728 1462 298
1730 1728 968
1732 1731 1727
1734 1732 1723
1736 1734 1717
1738 1736 1700
1740 1738 1667
1742 1740 1654
1744 1743 1593
1746 1436 4
1748 1746 12
1750 1748 15
1752 1751 1621
1754 1753 1050
1756 1488 1384
1758 1756 1050
1760 1192 10
1762 1760 1632
1764 1763 1759
1766 1765 25
1768 1556 1062
1770 1520 1412
1772 1771 1769
1774 1462 1432
1776 1668 1126
1778 1777 1775
1780 1778 1772
1782 1574 164
1784 1782 22
1786 1746 910
1788 1786 204
1790 1789 1785
1792 1790 1780
1794 1792 1767
1796 1794 1755
1798 1490 822
1800 1799 1641
1802 1800 1639
1804 1803 210
1806 1633 1611
1808 1807 206
1810 1518 1384
1812 1811 1603
1814 1813 1060
1816 1556 220
1818 1462 182
1820 1819 1817
1822 1821 22
1824 1823 1815
1826 1824 1809
1828 1826 1805
1830 1828 1796
1832 1831 26
1834 1490 232
1836 1576 164
1838 1668 164
1840 1839 1837
1842 1746 220
1844 1550 220
1846 1845 1843
1848 1846 1840
1850 1848 1835
1852 1851 362
1854 270 260
1856 1854 27
1858 1856 1748
1860 1632 1296
1862 1861 1859
1864 1786 1292
1866 1865 1862
1868 1866 1853
1870 1521 1415
1872 1871 312
1874 1746 272
1876 1875 1729
1878 1876 1873
1880 1440 298
1882 1550 272
1884 1883 1881
1886 1884 1878
1888 1490 312
1890 1889 1689
1892 1669 1575
1894 1893 280
1896 1895 1890
1898 1896 1886
1900 1899 1278
1902 1469 308
1904 1558 262
1906 1574 1251
1908 1907 1905
1910 1908 1903
1912 1811 1757
1914 1913 958
1916 1520 990
1918 1917 1491
1920 822 332
1922 1921 991
1924 1923 1919
1926 1925 1915
1928 1926 1910
1930 1929 27
1932 1931 1901
1934 1932 1868
1936 1934 1833
1938 1936 1745
1940 744 692
1942 1941 22
1944 910 726
1946 858 196
1948 1946 728
1950 1949 1945
1952 1951 204
1954 660 150
1956 1954 1112
1958 1112 686
1960 1959 1957
1962 1961 206
1964 1302 146
1966 1964 696
1968 1966 230
1970 724 150
1972 1970 1964
1974 1972 144
1976 1482 736
1978 1977 1975
1980 1978 1969
1982 1980 1963
1984 1982 1953
1986 1302 686
1988 1986 148
1990 1971 729
1992 858 12
1994 1992 144
1996 1994 1991
1998 1997 1989
2000 1056 652
2002 826 638
2004 1180 204
2006 2004 2002
2008 2007 2001
2010 2008 1998
2012 647 641
2014 232 22
2016 2014 2013
2018 1412 646
2020 2019 26
2022 2020 2017
2024 738 196
2026 2024 212
2028 699 651
2030 1166 252
2032 2030 2029
2034 2033 2027
2036 2034 2022
2038 2036 2010
2040 2038 1984
2042 2040 1943
2044 2002 844
2046 2045 1949
2048 2047 10
2050 638 150
2052 2050 822
2054 2052 858
2056 2052 844
2058 2057 2055
2060 2002 858
2062 2061 1945
2064 2063 10
2066 2065 2058
2068 2066 2049
2070 2069 208
2072 698 12
2074 694 12
2076 650 12
2078 2077 2075
2080 2078 2073
2082 2081 1124
2084 1302 728
2086 2084 144
2088 2050 1302
2090 2088 230
2092 2091 2087
2094 2093 146
2096 1112 728
2098 2097 2025
2100 640 252
2102 2101 2098
2104 2103 206
2106 2105 2095
2108 2106 2083
2110 2108 2071
2112 2110 2042
2114 754 643
2116 2115 22
2118 2100 306
2120 330 10
2122 2120 2096
2124 2123 2119
2126 2125 146
2128 2127 2117
2130 910 716
2132 2130 2120
2134 1986 302
2136 1725 287
2138 2137 726
2140 2139 2135
2142 2140 2133
2144 990 640
2146 1244 650
2148 990 646
2150 2149 2147
2152 2150 2145
2154 1944 306
2156 1954 270
2158 2156 1964
2160 2159 27
2162 2160 2155
2164 2162 2152
2166 2164 2142
2168 2166 2128
2170 1946 686
2172 2170 10
2174 2173 2058
2176 2174 2065
2178 2177 330
2180 2099 308
2182 1992 728
2184 2183 1973
2186 2185 270
2188 2079 1246
2190 2189 2187
2192 2190 2181
2194 2192 2179
2196 2194 2168
2198 330 23
2200 2198 344
2202 2200 730
2204 2203 147
2206 2084 270
2208 822 646
2210 738 344
2212 2211 2209
2214 2212 21
2216 2215 330
2218 2217 2207
2220 2219 2205
2222 672 252
2224 2222 858
2226 2225 2061
2228 2226 2046
2230 2229 306
2232 2222 328
2234 662 344
2236 2235 2233
2238 2237 332
2240 797 760
2242 2241 22
2244 2243 2239
2246 2244 2231
2248 2246 2221
2250 2248 2196
2252 2251 2113
2254 795 763
2256 2254 792
2258 2257 22
2260 1966 278
2262 660 4
2264 2262 219
2266 2264 286
2268 2267 27
2270 2268 2261
2272 1251 698
2274 2224 10
2276 696 252
2278 2276 860
2280 2279 2275
2282 2281 330
2284 2130 306
2286 2285 2283
2288 2286 2273
2290 2288 2270
2292 2290 2259
2294 2276 844
2296 2294 10
2298 2296 208
2300 1994 686
2302 1482 688
2304 2303 26
2306 672 230
2308 1179 968
2310 2308 2306
2312 2311 2304
2314 2312 2301
2316 2314 2299
2318 703 677
2320 2319 22
2322 2237 210
2324 2323 2321
2326 2324 2316
2328 2222 844
2330 2329 2171
2332 2295 2131
2334 2332 2330
2336 2334 2225
2338 2337 204
2340 2130 10
2342 2280 2173
2344 2342 2341
2346 2345 208
2348 2347 2339
2350 2348 2326
2352 2351 2293
2354 2296 330
2356 1956 308
2358 2120 1958
2360 2276 5
2362 2360 306
2364 2363 2359
2366 2365 146
2368 2367 2357
2370 2368 2355
2372 2371 27
2374 1278 779
2376 723 362
2378 2377 2375
2380 2331 1292
2382 1310 15
2384 2382 1954
2386 672 392
2388 2387 2385
2390 2389 2308
2392 664 362
2394 1958 1296
2396 2395 2393
2398 2396 2391
2400 2398 2381
2402 2400 2378
2404 2402 2373
2406 2404 2353
2408 2406 2253
2410 135 81
2412 2411 13
2414 129 18
2416 2415 95
2418 25 8
2420 2418 2417
2422 125 53
2424 2423 25
2426 2424 3
2428 2412 3
2430 1368 3
2432 117 97
2434 2433 23
2436 2434 3
2438 78 8
2440 2438 150
2442 98 8
2444 2442 166
2446 2445 2441
2448 2447 1544
2450 2442 174
2452 2450 932
2454 2453 2449
2456 98 9
2458 2456 174
2460 2458 284
2462 78 9
2464 2462 174
2466 2464 284
2468 2467 2461
2470 2468 2454
2472 2440 1384
2474 2472 25
2476 2462 514
2478 2476 284
2480 2438 174
2482 2480 850
2484 2483 2479
2486 2462 150
2488 2486 1008
2490 2438 978
2492 2490 826
2494 2493 2489
2496 2494 2484
2498 2496 2475
2500 2498 2470
2502 2501 1050
2504 2462 184
2506 2504 182
2508 2444 5
2510 2508 232
2512 2511 2507
2514 2464 220
2516 2456 184
2518 2516 182
2520 2519 2515
2522 2520 2512
2524 2523 22
2526 2462 1112
2528 2526 219
2530 2456 166
2532 2530 1112
2534 2533 2529
2536 2456 152
2538 2536 196
2540 2539 24
2542 2540 2534
2544 2438 166
2546 2544 5
2548 2546 822
2550 2549 25
2552 2551 1192
2554 2552 2543
2556 2504 344
2558 2438 152
2560 2558 822
2562 2561 2557
2564 2462 152
2566 2564 344
2568 2567 2562
2570 2569 210
2572 2571 2555
2574 2572 2525
2576 2546 252
2578 2558 252
2580 2579 2577
2582 2581 206
2584 2462 196
2586 2584 219
2588 2586 1382
2590 2544 1384
2592 2591 2589
2594 2593 1060
2596 2546 2014
2598 2597 26
2600 2598 2595
2602 2600 2583
2604 2476 910
2606 2604 204
2608 2463 2457
2610 2609 1302
2612 2610 219
2614 2612 148
2616 2442 152
2618 2617 2547
2620 2619 1412
2622 2621 2615
2624 2622 2607
2626 2564 182
2628 2626 22
2630 2480 162
2632 2630 1056
2634 2633 2629
2636 2558 232
2638 2636 1047
2640 2544 4
2642 2640 164
2644 2642 968
2646 2645 2639
2648 2646 2634
2650 2648 2624
2652 2650 2602
2654 2652 2574
2656 2654 2503
2658 2485 262
2660 2465 2459
2662 2661 986
2664 2444 4
2666 2664 1248
2668 2667 2663
2670 2546 990
2672 2671 27
2674 2672 2668
2676 2674 2659
2678 2480 280
2680 2504 298
2682 2681 2679
2684 2683 22
2686 2640 280
2688 2458 272
2690 2689 2687
2692 2691 22
2694 2693 2685
2696 2694 2676
2698 2530 196
2700 2698 334
2702 2612 302
2704 2464 2137
2706 2705 2703
2708 2706 2701
2710 2640 1251
2712 2665 2481
2714 2713 1244
2716 2715 2711
2718 2604 306
2720 2558 312
2722 2720 1047
2724 2723 2719
2726 2724 2716
2728 2726 2708
2730 2728 2696
2732 2616 252
2734 2733 2580
2736 2734 2534
2738 2737 308
2740 2536 344
2742 2508 822
2744 2743 2741
2746 2744 2568
2748 2746 2549
2750 2749 332
2752 2456 514
2754 2752 344
2756 2458 344
2758 2757 2473
2760 2758 2755
2762 2760 2592
2764 2763 958
2766 2765 2751
2768 2766 2739
2770 2768 2730
2772 2771 2657
2774 2537 2517
2776 2775 298
2778 2450 280
2780 2616 312
2782 2781 2779
2784 2782 2777
2786 2785 22
2788 2444 1384
2790 2450 822
2792 2791 2789
2794 2793 958
2796 2450 1244
2798 2538 308
2800 2799 27
2802 2800 2797
2804 2802 2795
2806 2450 850
2808 2807 2461
2810 2809 262
2812 2616 1923
2814 2813 2811
2816 2814 2804
2818 2816 2787
2820 2742 1192
2822 2790 1050
2824 2823 2821
2826 2825 25
2828 2664 164
2830 2828 968
2832 2831 26
2834 2832 2827
2836 2789 2755
2838 2837 1060
2840 2508 252
2842 2841 2733
2844 2843 206
2846 2732 212
2848 2847 2845
2850 2848 2839
2852 2458 220
2854 2853 2829
2856 2450 164
2858 2536 182
2860 2859 2857
2862 2860 2854
2864 2863 22
2866 230 146
2868 2444 1302
2870 2868 2866
2872 2698 858
2874 2872 204
2876 2875 2871
2878 2876 2865
2880 2878 2850
2882 2880 2834
2884 2883 2819
2886 2547 2509
2888 2887 312
2890 2664 280
2892 2476 272
2894 2564 298
2896 2752 272
2898 2897 2895
2900 2898 2893
2902 2900 2891
2904 2902 2889
2906 2905 1278
2908 2752 1314
2910 2868 1306
2912 2456 150
2914 2912 1312
2916 2914 1008
2918 2917 2911
2920 2918 2909
2922 2642 362
2924 1310 870
2926 2924 2458
2928 2927 2923
2930 2698 1324
2932 2740 1322
2934 2933 2931
2936 2934 2928
2938 2936 2920
2940 2616 232
2942 2752 220
2944 2943 2941
2946 2476 220
2948 2947 2944
2950 2949 362
2952 2752 12
2954 2952 1856
2956 2840 1296
2958 2872 1292
2960 2959 2957
2962 2960 2955
2964 2962 2951
2966 2964 2938
2968 2966 2907
2970 2968 2885
2972 2970 2773
2974 2721 471
2976 2546 476
2978 2631 26
2980 2978 2977
2982 2981 2975
2984 2464 272
2986 2985 27
2988 2986 2690
2990 2889 2682
2992 2990 2988
2994 2902 2784
2996 2994 2992
2998 2637 26
3000 2998 2512
3002 2944 2520
3004 3002 3000
3006 2947 2643
3008 3006 2627
3010 3008 2862
3012 3010 3004
3014 3013 2997
3016 3015 2983
3018 1709 471
3020 1414 476
3022 1506 162
3024 3023 26
3026 3024 3021
3028 3027 3019
3030 1820 1526
3032 1840 1517
3034 3032 3030
3036 1783 1529
3038 3036 1835
3040 1531 26
3042 3040 1846
3044 3042 3038
3046 3044 3034
3048 1595 272
3050 1711 27
3052 3050 3049
3054 3052 1706
3056 3054 1896
3058 3056 1886
3060 3059 3047
3062 3061 3029
3064 103 91
3066 3065 23
3068 264 23
3070 2417 12
3072 410 51
3074 454 442
3076 3074 2410
3078 3076 3072
3080 3079 13
3082 3081 3071
3084 3083 3069
3086 265 22
3088 24 10
3090 3089 3087
3092 3091 2417
3094 3093 3085
3096 23 6
3098 3096 2417
3100 3066 3
3102 120 8
3104 3102 184
3106 20 5
3108 18 7
3110 120 9
3112 3110 150
3114 21 4
3116 3115 3112
3118 3117 15
3120 3119 3108
3122 3120 3107
3124 3122 3104
3126 3102 152
3128 278 18
3130 3128 3126
3132 3131 3125
3134 3133 21
3136 129 8
3138 3136 166
3140 3138 390
3142 3136 150
3144 3142 1176
3146 3145 3141
3148 3142 390
3150 3149 3146
3152 3150 14
3154 129 9
3156 3154 166
3158 3156 1179
3160 3154 150
3162 3160 1179
3164 3163 3159
3166 3164 15
3168 3167 3108
3170 3168 3153
3172 3110 21
3174 3172 184
3176 3174 3108
3178 3177 3123
3180 3179 15
3182 3181 3171
3184 3138 1176
3186 3184 3128
3188 391 17
3190 3189 1179
3192 120 18
3194 14 9
3196 3195 3192
3198 3196 219
3200 3198 3190
3202 20 7
3204 27 16
3206 3205 9
3208 3207 15
3210 3209 3202
3212 3210 3200
3214 3213 3187
3216 3214 3182
3218 3216 3135
3220 3219 27
3222 16 14
3224 3223 3200
3226 3224 3209
3228 3162 2382
3230 3175 15
3232 3230 3159
3234 3127 3105
3236 3235 21
3238 3102 150
3240 3238 390
3242 3185 14
3244 3242 3241
3246 3244 3150
3248 3246 3237
3250 3249 3233
3252 3251 3229
3254 3253 18
3256 3255 3227
3258 3257 1310
3260 3259 3221
3262 141 113
3264 3263 11
3266 115 37
3268 3267 23
3270 3268 3
3272 3264 3
3274 383 18
3276 123 119
3278 3277 11
3280 3278 3
3282 137 85
3284 3283 25
3286 3284 3
3288 133 61
3290 2417 2
3292 3289 3
3294 11 4
3296 3294 2417
3298 103 90
3300 103 3299
3302 74 3301
3304 32 3301
3306 33 3302
3308 3305 3307
3310 137 84
3312 137 3311
3314 131 3313
3316 131 3315
3318 49 3317
3320 49 3319
3322 49 130
3324 49 3323
3326 96 3321
3328 97 3325
3330 3327 3329
3332 116 3321
3334 117 3331
3336 3333 3335
3338 91 3337
3340 91 3339
3342 103 3341
3344 103 3343
3346 143 126
3348 143 3347
3350 84 3349
3352 136 3349
3354 137 3350
3356 3353 3355
3358 131 3356
3360 131 3359
3362 49 3361
3364 49 3363
3366 130 3349
3368 131 3357
3370 3367 3369
3372 48 3349
3374 49 3371
3376 3373 3375
3378 96 3377
3380 116 3377
3382 117 3378
3384 3381 3383
3386 90 3365
3388 91 3384
3390 3387 3389
3392 102 3365
3394 103 3391
3396 3393 3395
3398 74 3345
3400 75 3396
3402 3399 3401
3404 32 3345
3406 33 3403
3408 3405 3407
3410 42 3309
3412 43 3409
3414 3411 3413
3416 109 3414
3418 109 3417
3420 89 3418
3422 89 3421
10 3423 3423
3424 95 129
3426 95 3425
3428 129 3344
3430 129 3429
3432 94 3345
3434 95 3430
3436 3433 3435
3438 131 3357
3440 131 3439
3442 49 3441
3444 49 3443
3446 90 3445
3448 91 3385
3450 3447 3449
3452 102 3445
3454 103 3451
3456 3453 3455
3458 129 3456
3460 129 3459
3462 94 3457
3464 95 3460
3466 3463 3465
3468 74 3437
3470 75 3467
3472 3469 3471
3474 32 3437
3476 33 3473
3478 3475 3477
3480 42 3427
3482 43 3479
3484 3481 3483
3486 108 3427
3488 109 3485
3490 3487 3489
3492 88 3427
3494 89 3491
3496 3493 3495
12 3496 3496
14 9 9
16 0 0
18 1 1
26 0 0
24 42 42
3498 90 3325
3500 102 3325
3502 103 3498
3504 3501 3503
3506 43 3504
3508 43 3507
3510 109 3508
3512 109 3511
22 3513 3513
20 0 0
i0 rm
i1 r_0
i2 r_2
i3 r_1
l0 __bad __qdead
l1 __q9k1
l2 __q8k1
l3 __q15k1
l4 __q6k3
l5 __q3k3
l6 __q11k0
l7 __q7k0
l8 __q12k3
l9 __q3k0
l10 __q13k0
l11 __q9k0
l12 __q7k3
l13 __q15k0
l14 __q13k3
l15 __q9k2
l16 __q3k2
l17 __q10k0
l18 __q15k2
l19 __q10k3
l20 __q11k3
l21 __q2k0
l22 __q11k2
l23 __q14k0
l24 __q2k1
l25 __q2k3
l26 __q15k3
l27 __q7k4
l28 __q7k2
l29 __q9k3
l30 __q8k0
l31 __q6k1
l32 __q2k2
l33 __q4k4
l34 __q12k1
l35 __q10k2
l36 __q10k1
l37 __q12k0
l38 __q3k4
l39 __q6k4
l40 __q6k0
l41 __q2k4
l42 __q14k3
l43 __q12k2
l44 __q6k2
l45 __q8k3
l46 __q5k4
l47 __q14k2
l48 __q13k2
l49 __q8k2
l50 !__q0k4
l51 __q7k1
l52 __q11k1
l53 __q9k4
l54 __q13k1
l55 __q3k1
l56 __q8k4
l57 __q14k1
o0 g_0
o1 gm
o2 __d1_r_1
o3 __d1_rm
o4 __vp1_0
o5 __d1_r_2
o6 g_1
o7 g_2
o8 __d1_r_0
c
Generated by Yosys 0.7+217 (git sha1 5442554, clang 3.8.0-2ubuntu4 -fPIC -Os)

