09:28:17  Namespace(maxK=8, minK=2, moore=False, output=None, spec='./experiments-for-synt/prioritized_arbiter_3_kmax.tlsf', unreal=False, verbose=0)
09:28:17  UCW automaton has 18 states
09:28:17  setting k to 2...
09:28:17  k_reduce
09:28:17  k-LA automaton has 39 states
09:28:17  atm_to_verilog
09:28:17  verilog_to_aiger
09:28:38  synthesize
09:28:38  executing sdf...
09:28:38  sdf completed
09:28:38  setting k to 4...
09:28:38  k_reduce
09:28:38  k-LA automaton has 67 states
09:28:38  atm_to_verilog
09:28:38  verilog_to_aiger
09:29:15  synthesize
09:29:15  executing sdf...
09:29:16  sdf completed
REALIZABLE
aag 2775 4 67 14 2704
2
4
6
8
38 735
40 824
42 912
44 918
46 924
48 1567
50 1570
52 1576
54 1579
56 1
58 1584
60 1574
62 1588
64 1594
66 1620
68 2119
70 2181
72 1587
74 2611
76 2616
78 2622
80 3117
82 3118
84 2614
86 3123
88 3126
90 3130
92 3136
94 1592
96 3140
98 3274
100 3134
102 3623
104 3625
106 4073
108 922
110 4076
112 4080
114 4139
116 4140
118 4142
120 4187
122 4655
124 4656
126 1582
128 2620
130 4660
132 4693
134 4694
136 4698
138 3125
140 4725
142 4730
144 4736
146 4738
148 4740
150 4728
152 4744
154 4734
156 4748
158 4750
160 5185
162 5186
164 5200
166 916
168 5313
170 5314
10
12
14
16
30
32
34
36
28
26
24
22
20
18
172 8 7
174 172 37
176 22 2
178 176 4
180 178 14
182 160 10
184 182 180
186 184 174
188 9 7
190 188 37
192 160 11
194 192 180
196 194 190
198 197 187
200 199 12
202 48 7
204 202 16
206 28 4
208 32 31
210 208 206
212 20 13
214 8 2
216 214 212
218 216 210
220 33 31
222 220 3
224 29 5
226 224 8
228 226 222
230 229 219
232 29 4
234 28 5
236 235 233
238 236 208
240 238 214
242 241 230
244 243 204
246 245 201
248 17 9
250 21 13
252 250 48
254 252 248
256 25 7
258 256 208
260 32 30
262 25 6
264 262 260
266 265 259
268 206 18
270 268 2
272 270 267
274 224 18
276 274 264
278 276 2
280 25 18
282 280 6
284 33 30
286 284 3
288 286 224
290 288 282
292 291 279
294 292 273
296 295 254
298 16 8
300 298 252
302 274 256
304 302 222
306 305 279
308 307 300
310 309 297
312 310 246
314 212 2
316 224 208
318 316 9
320 318 314
322 202 17
324 322 320
326 260 2
328 326 206
330 328 282
332 330 300
334 333 325
336 15 5
338 336 176
340 338 182
342 178 20
344 14 13
346 344 182
348 346 342
350 349 341
352 351 174
354 23 3
356 190 24
358 356 354
360 21 4
362 344 192
364 362 360
366 364 358
368 367 353
370 368 334
372 206 8
374 222 204
376 12 3
378 376 284
380 48 6
382 380 16
384 382 378
386 385 375
388 387 372
390 210 9
392 390 314
394 392 322
396 395 389
398 396 198
400 398 370
402 36 6
404 402 9
406 14 4
408 406 354
410 408 192
412 410 12
414 413 195
416 415 404
418 326 226
420 260 206
422 12 2
424 422 8
426 424 420
428 427 419
430 429 382
432 402 8
434 432 184
436 37 7
438 437 403
440 439 9
442 440 410
444 443 435
446 444 431
448 446 417
450 448 400
452 404 354
454 190 176
456 455 453
458 457 364
460 360 346
462 432 354
464 176 174
466 465 463
468 467 460
470 336 250
472 470 192
474 472 454
476 475 469
478 476 459
480 479 24
482 372 284
484 382 3
486 484 482
488 354 336
490 24 8
492 490 402
494 250 182
496 494 492
498 496 488
500 499 487
502 404 342
504 502 362
506 284 224
508 506 376
510 380 17
512 510 9
514 512 508
516 515 505
518 516 500
520 34 27
522 35 26
524 523 521
526 83 56
528 527 524
530 146 21
532 89 39
534 532 531
536 78 13
538 64 19
540 539 537
542 134 25
544 543 540
546 544 534
548 546 529
550 322 2
552 550 390
554 212 3
556 554 220
558 226 204
560 558 556
562 561 553
564 562 548
566 564 518
568 458 280
570 280 176
572 570 460
574 407 337
576 575 354
578 576 182
580 579 573
582 581 174
584 583 569
586 584 566
588 586 481
590 588 450
592 590 312
594 327 287
596 595 236
598 596 510
600 322 222
602 510 212
604 602 286
606 605 601
608 607 224
610 355 177
612 611 280
614 612 472
616 336 192
618 611 212
620 618 616
622 621 615
624 623 402
626 625 609
628 626 599
630 250 2
632 630 24
634 632 238
636 220 206
638 636 3
640 250 3
642 224 220
644 642 24
646 644 640
648 647 639
650 648 635
652 651 322
654 510 250
656 654 595
658 206 24
660 224 24
662 661 659
664 663 656
666 260 236
668 510 422
670 668 666
672 550 316
674 673 671
676 611 439
678 676 616
680 679 674
682 680 665
684 682 653
686 684 628
688 687 9
690 658 208
692 690 630
694 693 647
696 695 204
698 284 206
700 698 24
702 700 640
704 703 329
706 705 382
708 506 484
710 224 12
712 710 374
714 713 709
716 714 707
718 716 697
720 489 339
722 720 409
724 402 182
726 724 723
728 727 718
730 729 8
732 731 689
734 732 592
736 9 6
738 527 11
740 738 576
742 575 176
744 82 11
746 744 742
748 57 11
750 748 742
752 751 747
754 752 741
756 755 736
758 8 6
760 82 10
762 760 336
764 762 176
766 611 4
768 57 10
770 768 14
772 770 766
774 773 765
776 760 576
778 768 336
780 778 611
782 760 406
784 782 176
786 785 781
788 786 777
790 788 774
792 791 758
794 793 36
796 794 757
798 762 354
800 799 781
802 800 774
804 803 172
806 738 575
808 807 9
810 783 8
812 611 7
814 812 811
816 814 809
818 817 37
820 818 805
822 821 520
824 822 797
826 106 7
828 826 17
830 42 7
832 830 17
834 833 829
836 210 2
838 642 3
840 316 2
842 841 839
844 842 837
846 845 835
848 42 6
850 848 17
852 106 6
854 852 17
856 854 595
858 857 851
860 859 596
862 861 847
864 828 638
866 832 3
868 866 636
870 869 9
872 870 865
874 872 862
876 848 16
878 876 326
880 826 16
882 208 2
884 883 223
886 885 880
888 887 879
890 830 16
892 890 885
894 852 16
896 894 595
898 897 893
900 898 888
902 901 236
904 876 236
906 904 286
908 907 8
910 908 903
912 911 875
914 167 163
916 915 25
918 916 9
920 153 109
922 921 19
924 922 9
926 260 6
928 926 268
930 208 7
932 930 268
934 930 274
936 935 933
938 936 929
940 250 74
942 940 248
944 942 2
946 944 939
948 940 298
950 948 2
952 950 932
954 953 947
956 236 18
958 956 260
960 958 950
962 506 18
964 948 3
966 942 3
968 967 965
970 969 962
972 971 6
974 972 961
976 964 268
978 250 70
980 978 298
982 980 3
984 982 274
986 966 956
988 987 985
990 988 977
992 991 220
994 316 18
996 994 950
998 997 7
1000 998 993
1002 1001 975
1004 1003 954
1006 1005 25
1008 284 25
1010 1008 984
1012 1011 257
1014 978 248
1016 1014 3
1018 1016 274
1020 982 268
1022 1021 1019
1024 1023 220
1026 882 274
1028 1026 980
1030 1029 7
1032 1030 1025
1034 1033 1013
1036 284 24
1038 640 236
1040 1038 1036
1042 1041 509
1044 666 632
1046 251 2
1048 260 224
1050 1048 1046
1052 698 554
1054 1053 1051
1056 1054 1045
1058 1056 1042
1060 74 6
1062 1060 16
1064 1062 1059
1066 220 24
1068 1066 1038
1070 316 24
1072 1070 630
1074 1073 1069
1076 74 7
1078 1076 16
1080 1078 1075
1082 1081 1065
1084 1083 8
1086 1085 1035
1088 284 262
1090 1017 965
1092 1090 967
1094 1093 268
1096 1095 1022
1098 1097 1088
1100 640 24
1102 1100 506
1104 1060 17
1106 1104 1102
1108 1076 17
1110 1108 422
1112 1110 316
1114 1104 554
1116 1114 698
1118 1117 1113
1120 1048 24
1122 1104 630
1124 1122 1120
1126 1104 376
1128 1126 506
1130 1129 1125
1132 1130 1118
1134 1132 1107
1136 28 24
1138 260 4
1140 1138 1122
1142 220 4
1144 1142 640
1146 1144 1108
1148 1147 1141
1150 1149 1136
1152 314 210
1154 1153 635
1156 1155 1108
1158 1157 1151
1160 1158 1134
1162 1161 9
1164 1163 1099
1166 1164 1086
1168 554 506
1170 658 260
1172 1170 630
1174 1103 509
1176 1174 1173
1178 1176 1169
1180 70 6
1182 1180 16
1184 1182 1179
1186 70 7
1188 1186 16
1190 1188 376
1192 1190 642
1194 1188 630
1196 1194 1070
1198 1194 690
1200 1199 1197
1202 1200 1193
1204 698 376
1206 1205 1169
1208 1207 1062
1210 1182 1052
1212 658 220
1214 1188 640
1216 1214 1212
1218 1217 1211
1220 838 251
1222 1221 1153
1224 1222 693
1226 1225 1078
1228 1227 1218
1230 1228 1209
1232 1230 1202
1234 1232 1185
1236 1235 8
1238 1136 9
1240 1180 17
1242 1240 630
1244 1242 1138
1246 1186 17
1248 1246 640
1250 1248 1142
1252 1251 1245
1254 1253 1238
1256 636 554
1258 1257 693
1260 1246 9
1262 1260 1259
1264 1263 1255
1266 932 25
1268 1267 265
1270 956 2
1272 1270 980
1274 1272 1269
1276 372 220
1278 1276 554
1280 1276 376
1282 1281 1279
1284 1283 1078
1286 1285 1275
1288 1286 1264
1290 8 3
1292 1290 212
1294 1292 642
1296 316 216
1298 1297 219
1300 1298 1295
1302 1301 1188
1304 1062 426
1306 642 490
1308 1306 1214
1310 1278 1188
1312 1311 1309
1314 1312 1305
1316 1314 1303
1318 418 251
1320 482 376
1322 1321 1319
1324 1323 1182
1326 640 372
1328 1326 1036
1330 1329 427
1332 1331 1182
1334 1333 1325
1336 1334 1316
1338 1336 1288
1340 284 9
1342 1340 660
1344 1340 658
1346 1345 1343
1348 1347 640
1350 12 9
1352 1350 328
1354 1168 9
1356 420 9
1358 1356 314
1360 1359 1355
1362 1360 1353
1364 1362 1349
1366 1365 1240
1368 1051 703
1370 1369 1104
1372 1257 647
1374 1373 1108
1376 1375 1371
1378 1377 9
1380 1379 1367
1382 1380 1338
1384 1014 2
1386 274 267
1388 268 264
1390 1389 1267
1392 1390 1387
1394 1393 1384
1396 1240 1050
1398 1246 422
1400 1398 316
1402 1248 644
1404 1403 1401
1406 1404 1397
1408 1407 9
1410 256 220
1412 1410 274
1414 1412 964
1416 698 9
1418 1416 376
1420 1418 1240
1422 1421 1415
1424 424 238
1426 1424 1188
1428 944 276
1430 1429 1427
1432 1430 1422
1434 1432 1409
1436 1434 1395
1438 642 9
1440 1438 554
1442 1440 1246
1444 372 260
1446 1444 314
1448 1446 1062
1450 1110 390
1452 1451 1449
1454 1452 1443
1456 1424 1078
1458 1410 268
1460 1458 1016
1462 1461 1457
1464 1462 1454
1466 1446 1182
1468 1296 1078
1470 1469 1467
1472 506 9
1474 1472 1114
1476 1260 1152
1478 1477 1475
1480 1478 1470
1482 260 9
1484 1482 660
1486 1484 1242
1488 1276 1190
1490 1489 1487
1492 1416 1126
1494 1398 390
1496 1495 1493
1498 1496 1490
1500 1498 1480
1502 1500 1464
1504 1246 320
1506 1260 1072
1508 1507 1505
1510 1356 1046
1512 1510 1104
1514 1048 490
1516 1514 630
1518 1516 1182
1520 1519 1513
1522 1520 1508
1524 236 222
1526 1524 1350
1528 1187 1077
1530 1529 17
1532 1530 1526
1534 1440 1108
1536 1535 1533
1538 212 206
1540 1539 711
1542 1541 1340
1544 1240 3
1546 1544 1542
1548 1108 320
1550 1549 1547
1552 1550 1536
1554 1552 1522
1556 1554 1502
1558 1556 1436
1560 1558 1382
1562 1560 1237
1564 1562 1166
1566 1564 1007
1568 157 51
1570 1569 21
1572 93 61
1574 1573 13
1576 1574 9
1578 63 55
1580 127 119
1582 1581 21
1584 1582 9
1586 169 73
1588 1587 9
1590 143 95
1592 1591 19
1594 1592 9
1596 611 575
1598 40 11
1600 1598 9
1602 1600 1596
1604 67 41
1606 10 8
1608 1606 1605
1610 66 11
1612 1610 9
1614 1613 1609
1616 1615 1596
1618 1617 1603
1620 1619 439
1622 354 280
1624 102 11
1626 1624 344
1628 1626 360
1630 1628 1622
1632 14 12
1634 140 11
1636 1634 1632
1638 1636 178
1640 1639 1631
1642 1632 1624
1644 1642 766
1646 354 5
1648 15 12
1650 1648 1624
1652 1650 1646
1654 1626 342
1656 1655 1653
1658 1656 1645
1660 1658 1640
1662 336 212
1664 1662 1624
1666 1664 176
1668 1624 470
1670 1668 1622
1672 1671 1667
1674 1634 344
1676 1674 360
1678 1676 1622
1680 1674 342
1682 1681 1679
1684 354 4
1686 1684 20
1688 1686 1626
1690 1628 570
1692 1691 1689
1694 1692 1682
1696 1694 1672
1698 1696 1660
1700 1699 188
1702 140 10
1704 1702 344
1706 1704 360
1708 1706 176
1710 1702 470
1712 1710 176
1714 1713 1709
1716 1715 280
1718 1702 354
1720 1718 1662
1722 1721 1717
1724 102 10
1726 1724 344
1728 1726 360
1730 1729 1707
1732 1731 1622
1734 1702 488
1736 1734 12
1738 1724 1662
1740 1738 176
1742 1741 1737
1744 178 12
1746 1702 14
1748 1746 1744
1750 176 5
1752 1724 1648
1754 1752 1750
1756 1724 1632
1758 1756 1684
1760 1759 1755
1762 1760 1749
1764 1762 1742
1766 1764 1733
1768 1738 354
1770 1724 470
1772 1770 176
1774 1772 280
1776 1775 1769
1778 1770 1622
1780 1746 178
1782 1780 212
1784 1702 338
1786 1784 212
1788 1787 1783
1790 1788 1779
1792 1790 1776
1794 1792 1766
1796 1794 1722
1798 1797 172
1800 1799 1701
1802 1801 37
1804 1770 354
1806 1728 176
1808 1807 1805
1810 1809 280
1812 1811 1776
1814 1783 1760
1816 1814 1742
1818 1710 354
1820 1818 280
1822 1756 178
1824 1726 342
1826 1752 1646
1828 1827 1825
1830 1828 1823
1832 1830 1821
1834 1832 1816
1836 1834 1812
1838 1837 432
1840 1726 1686
1842 1784 12
1844 1843 1841
1846 1844 1733
1848 1846 1722
1850 1849 432
1852 1662 1634
1854 1852 176
1856 1634 470
1858 1856 1622
1860 1684 1636
1862 1861 1859
1864 1862 1855
1866 1856 570
1868 1852 354
1870 1869 1867
1872 1870 1682
1874 1872 1672
1876 1874 1864
1878 1877 404
1880 1879 1851
1882 1880 1839
1884 1706 354
1886 1885 1808
1888 1887 432
1890 404 176
1892 611 190
1894 1893 1891
1896 1895 1628
1898 1728 611
1900 1899 1709
1902 1901 174
1904 1903 1897
1906 354 174
1908 1771 1711
1910 1909 1906
1912 1728 462
1914 1856 454
1916 1915 1913
1918 1916 1911
1920 439 8
1922 1920 1772
1924 1892 1668
1926 1925 1923
1928 1926 1918
1930 1928 1904
1932 1930 1889
1934 1933 24
1936 1820 172
1938 1854 188
1940 1939 1937
1942 1941 37
1944 1841 1823
1946 1944 1843
1948 1728 570
1950 1684 12
1952 1950 1746
1954 1953 1828
1956 1954 1949
1958 1956 1946
1960 1959 174
1962 1750 1650
1964 1963 1631
1966 1964 1658
1968 1664 354
1970 1668 570
1972 1971 1969
1974 1972 1692
1976 1974 1966
1978 1977 404
1980 1979 1961
1982 1980 1943
1984 1676 570
1986 1750 12
1988 1634 15
1990 1988 1986
1992 1991 1985
1994 1992 1870
1996 1995 190
1998 1963 1859
2000 1998 1972
2002 2001 190
2004 2003 1997
2006 1677 1629
2008 2007 3
2010 2009 1669
2012 404 24
2014 2012 611
2016 2014 2011
2018 1686 1674
2020 2019 1639
2022 2021 736
2024 1786 758
2026 2025 2023
2028 2027 36
2030 2029 2017
2032 2030 2004
2034 490 436
2036 1885 1713
2038 2037 2034
2040 1857 1677
2042 2012 176
2044 2043 359
2046 2045 2041
2048 2047 2039
2050 1819 1709
2052 2051 492
2054 1646 1350
2056 2054 439
2058 1986 404
2060 2059 2057
2062 2061 1988
2064 2063 2053
2066 2064 2048
2068 1784 250
2070 2068 492
2072 452 24
2074 2072 1856
2076 2019 1861
2078 2077 190
2080 2079 2075
2082 2080 2071
2084 1704 1686
2086 2084 1920
2088 356 176
2090 2088 1676
2092 2091 2087
2094 1632 432
2096 2094 766
2098 2096 1702
2100 1984 404
2102 2101 2099
2104 2102 2092
2106 2104 2082
2108 2106 2066
2110 2108 2032
2112 2110 1982
2114 2112 1935
2116 2114 1882
2118 2116 1803
2120 1544 1416
2122 882 226
2124 2122 1188
2126 2125 2121
2128 1078 224
2130 206 16
2132 2130 1529
2134 2133 2129
2136 2135 885
2138 1183 1063
2140 2139 596
2142 1188 838
2144 2143 8
2146 2144 2141
2148 2146 2137
2150 842 639
2152 2151 1529
2154 1060 206
2156 2154 286
2158 1181 1061
2160 326 236
2162 2161 289
2164 2163 2159
2166 2165 2157
2168 2166 2153
2170 2169 17
2172 1530 836
2174 2173 9
2176 2174 2171
2178 2177 2149
2180 2179 2126
2182 250 80
2184 2182 298
2186 2184 270
2188 250 120
2190 2188 248
2192 2182 248
2194 2193 2191
2196 2195 270
2198 274 2
2200 2198 2184
2202 2201 2197
2204 2202 2187
2206 2198 2190
2208 2188 298
2210 2208 1270
2212 2211 2207
2214 2213 930
2216 2215 2204
2218 931 927
2220 2219 2217
2222 220 7
2224 2190 3
2226 2224 274
2228 2184 3
2230 2228 268
2232 2231 2227
2234 2208 3
2236 2234 268
2238 2224 268
2240 2239 2237
2242 2234 274
2244 2192 3
2246 2244 956
2248 2247 2243
2250 2248 2240
2252 2250 2232
2254 2253 2222
2256 2192 2
2258 2256 934
2260 2245 2229
2262 2260 2235
2264 962 6
2266 2264 2263
2268 2267 2259
2270 2268 2255
2272 2270 2221
2274 2273 25
2276 80 7
2278 2276 16
2280 633 315
2282 2281 210
2284 120 7
2286 2284 16
2288 2287 2279
2290 2289 1220
2292 2291 2283
2294 2293 2278
2296 2289 1068
2298 80 6
2300 2298 16
2302 2300 1052
2304 120 6
2306 2304 16
2308 2307 2301
2310 2309 1168
2312 2311 2303
2314 710 222
2316 2314 2286
2318 2309 1050
2320 2319 2317
2322 2320 2312
2324 2322 2297
2326 2324 2295
2328 378 236
2330 2329 1045
2332 2330 1041
2334 2333 2300
2336 251 3
2338 2336 698
2340 2339 1042
2342 2341 2306
2344 1171 1121
2346 2345 2306
2348 2286 690
2350 2289 1070
2352 2351 2349
2354 2352 2347
2356 2355 630
2358 2357 2343
2360 2358 2335
2362 2360 2326
2364 2363 8
2366 2304 17
2368 2366 630
2370 2368 1138
2372 2284 17
2374 2372 1144
2376 2375 2371
2378 2377 1136
2380 2372 1152
2382 1048 314
2384 2382 2366
2386 2385 2381
2388 2276 17
2390 2388 1152
2392 2388 640
2394 2392 1212
2396 2395 2391
2398 2396 2386
2400 2388 2
2402 316 12
2404 2402 2400
2406 2372 554
2408 2406 636
2410 2409 2405
2412 2368 1120
2414 2366 3
2416 2414 250
2418 2416 700
2420 2419 2413
2422 2420 2410
2424 2422 2398
2426 2424 2379
2428 2366 1102
2430 2298 17
2432 2430 1044
2434 2433 2429
2436 2431 2367
2438 2329 1053
2440 2439 2437
2442 2372 646
2444 2443 2441
2446 2444 2434
2448 1524 12
2450 2448 2372
2452 2430 1102
2454 2453 2451
2456 2372 882
2458 2366 326
2460 2459 2457
2462 2461 710
2464 2389 2373
2466 2465 634
2468 2467 2463
2470 2468 2454
2472 2470 2446
2474 2472 2426
2476 2475 9
2478 2241 1088
2480 2213 264
2482 422 390
2484 2482 2388
2486 2388 554
2488 2487 2407
2490 2489 1438
2492 2491 2485
2494 2430 1354
2496 2366 1510
2498 2497 2495
2500 2498 2492
2502 2500 2481
2504 2502 2479
2506 2309 1446
2508 2286 218
2510 2372 314
2512 2510 318
2514 2513 2509
2516 2514 2507
2518 2278 1278
2520 2309 426
2522 2521 2519
2524 226 208
2526 2278 314
2528 2526 2524
2530 2286 1296
2532 2531 2529
2534 2532 2522
2536 2534 2516
2538 1527 321
2540 2539 2388
2542 236 220
2544 2542 1292
2546 2545 1425
2548 2547 2286
2550 2549 2541
2552 2550 2536
2554 2366 1354
2556 2482 2372
2558 2557 2555
2560 2278 1424
2562 2228 1412
2564 2563 2561
2566 2564 2558
2568 2192 278
2570 2289 1280
2572 2571 2569
2574 2430 1358
2576 2430 1352
2578 2577 2575
2580 2578 2572
2582 2580 2566
2584 2582 2552
2586 2244 268
2588 2587 2232
2590 2589 1088
2592 2430 1369
2594 2388 1373
2596 2595 2593
2598 2597 9
2600 2599 2591
2602 2600 2584
2604 2602 2504
2606 2604 2477
2608 2606 2365
2610 2608 2275
2612 85 47
2614 2613 19
2616 2614 9
2618 145 129
2620 2619 13
2622 2620 9
2624 1179 894
2626 890 376
2628 2627 220
2630 876 554
2632 2631 30
2634 224 33
2636 2634 2633
2638 890 692
2640 2639 2637
2642 2641 2629
2644 2315 693
2646 2645 880
2648 890 3
2650 1212 250
2652 2650 2648
2654 880 3
2656 2655 2649
2658 636 12
2660 2658 2657
2662 2661 2653
2664 2662 2647
2666 2664 2643
2668 2666 2625
2670 2669 8
2672 1258 1069
2674 2673 828
2676 2449 1153
2678 2650 3
2680 2679 2676
2682 2681 832
2684 658 250
2686 2685 711
2688 882 832
2690 2688 2687
2692 850 630
2694 2692 1170
2696 1204 850
2698 2697 2695
2700 2698 2691
2702 2700 2683
2704 2702 2675
2706 2705 9
2708 250 106
2710 2708 298
2712 2710 3
2714 2712 268
2716 2708 248
2718 2716 3
2720 2718 274
2722 2721 2715
2724 2718 268
2726 2725 2722
2728 2727 1088
2730 226 212
2732 2730 2648
2734 660 250
2736 2735 1539
2738 866 9
2740 2738 2737
2742 2741 2733
2744 250 42
2746 2744 298
2748 2746 3
2750 2749 2713
2752 2751 302
2754 2753 2742
2756 2755 220
2758 2730 222
2760 2759 1425
2762 2761 880
2764 2744 248
2766 2764 2
2768 2766 1386
2770 2716 2
2772 2771 2767
2774 2773 1266
2776 2775 2769
2778 2776 2763
2780 2778 2757
2782 2780 2729
2784 2782 2707
2786 2784 2671
2788 2764 3
2790 2788 274
2792 2790 262
2794 850 640
2796 658 9
2798 2796 2794
2800 2799 33
2802 1101 377
2804 904 8
2806 2804 2803
2808 2807 2800
2810 2808 2793
2812 2746 262
2814 2812 1270
2816 224 9
2818 2816 850
2820 2818 1046
2822 2821 32
2824 876 630
2826 372 24
2828 2826 2824
2830 848 424
2832 2830 2130
2834 2833 2829
2836 2834 2822
2838 2836 2815
2840 2839 30
2842 2840 2811
2844 2773 928
2846 2788 268
2848 2847 2725
2850 2849 2222
2852 2851 2845
2854 2853 25
2856 2855 2843
2858 506 280
2860 2858 2712
2862 2861 257
2864 2723 220
2866 2710 2
2868 2866 994
2870 2869 7
2872 2870 2865
2874 2873 2863
2876 2858 2748
2878 2877 257
2880 2748 268
2882 2881 2791
2884 2883 220
2886 2746 1026
2888 2887 7
2890 2888 2885
2892 2891 2879
2894 2893 2875
2896 2894 2856
2898 2866 276
2900 828 422
2902 391 319
2904 2903 2900
2906 2905 2899
2908 1306 250
2910 2908 2657
2912 2866 1388
2914 2913 2911
2916 2914 2906
2918 1356 850
2920 2918 314
2922 880 218
2924 1446 894
2926 2925 2923
2928 2926 2921
2930 1484 630
2932 2930 850
2934 891 881
2936 490 316
2938 2936 630
2940 2938 2935
2942 2941 2933
2944 2942 2928
2946 2944 2916
2948 2482 832
2950 2866 1266
2952 895 877
2954 2953 1318
2956 2955 2951
2958 2956 2949
2960 1440 832
2962 2746 258
2964 2962 270
2966 2965 2961
2968 850 3
2970 2968 1542
2972 318 24
2974 835 630
2976 2974 2972
2978 2977 2971
2980 2978 2966
2982 2980 2958
2984 2982 2946
2986 890 314
2988 2986 372
2990 2816 314
2992 2990 832
2994 2993 2989
2996 2995 208
2998 393 321
3000 2999 828
3002 3001 2997
3004 2770 1386
3006 1527 1441
3008 3007 828
3010 3009 3005
3012 3010 3002
3014 1446 876
3016 2824 1514
3018 3017 3015
3020 1278 890
3022 554 482
3024 3022 876
3026 3025 3021
3028 3026 3018
3030 2794 1342
3032 1354 850
3034 3033 3031
3036 2986 2524
3038 3022 894
3040 3039 3037
3042 3040 3034
3044 3042 3028
3046 208 8
3048 3046 890
3050 3048 236
3052 3051 2919
3054 3053 422
3056 1419 1353
3058 3057 854
3060 3059 3055
3062 3060 3044
3064 3062 3012
3066 3064 2984
3068 1053 509
3070 3068 1051
3072 3070 1173
3074 3073 9
3076 3075 1349
3078 3077 854
3080 2881 2847
3082 3081 1088
3084 2931 1360
3086 3085 854
3088 3087 3083
3090 1321 427
3092 1517 1329
3094 3092 3090
3096 3095 894
3098 2650 1290
3100 1297 1279
3102 3100 3099
3104 3103 880
3106 3105 3097
3108 3106 3088
3110 3108 3079
3112 3110 3066
3114 3112 2896
3116 3114 2786
3118 527 525
3120 525 57
3122 3121 87
3124 139 125
3126 3125 9
3128 91 45
3130 3129 25
3132 137 101
3134 3133 13
3136 3134 9
3138 97 59
3140 3139 21
3142 57 7
3144 3142 16
3146 3144 220
3148 57 6
3150 3148 16
3152 3150 284
3154 3153 3147
3156 236 26
3158 3156 1290
3160 3158 3155
3162 3148 17
3164 3162 284
3166 3164 3156
3168 3142 17
3170 3168 26
3172 3170 642
3174 3173 3167
3176 3175 3
3178 206 26
3180 3178 3168
3182 3180 885
3184 3183 3177
3186 3185 9
3188 3187 3161
3190 3162 2
3192 3190 3178
3194 3192 1482
3196 3195 3188
3198 3142 882
3200 82 6
3202 3200 286
3204 3203 3199
3206 3148 326
3208 82 7
3210 3208 222
3212 3211 3207
3214 3212 3204
3216 3215 236
3218 3200 206
3220 3218 326
3222 3221 3217
3224 3223 298
3226 3162 326
3228 3168 882
3230 3229 3227
3232 3231 2816
3234 33 9
3236 3235 3
3238 31 6
3240 3239 82
3242 30 7
3244 33 2
3246 3245 3243
3248 3246 3240
3250 3248 3237
3252 6 4
3254 3253 16
3256 3255 8
3258 16 9
3260 3259 236
3262 3260 3257
3264 3262 3250
3266 3265 3233
3268 3266 3225
3270 3269 26
3272 3271 3196
3274 3273 35
3276 40 10
3278 3276 14
3280 1684 212
3282 3281 1745
3284 3282 1951
3286 3285 3278
3288 66 10
3290 3288 344
3292 3290 1686
3294 3276 1648
3296 3294 1750
3298 3276 344
3300 3298 342
3302 3301 3297
3304 3302 3293
3306 3298 360
3308 3306 570
3310 3289 3277
3312 3311 1662
3314 3312 176
3316 3315 3309
3318 3316 3304
3320 3318 3287
3322 3294 1646
3324 3288 1632
3326 3324 766
3328 3290 360
3330 3328 612
3332 3331 3327
3334 3332 3323
3336 3276 470
3338 3337 3307
3340 3339 1622
3342 3312 354
3344 570 470
3346 3344 3311
3348 3347 3343
3350 3288 470
3352 3350 354
3354 3352 280
3356 3355 3348
3358 3356 3341
3360 3358 3334
3362 3360 3320
3364 3363 172
3366 1610 344
3368 3366 1686
3370 1662 1598
3372 3370 176
3374 3373 3369
3376 1598 470
3378 1598 344
3380 3378 360
3382 3381 3377
3384 3383 1622
3386 3385 3374
3388 3380 176
3390 3388 280
3392 1648 1610
3394 3392 1750
3396 1687 343
3398 3397 3378
3400 3399 3395
3402 3400 3391
3404 3402 3386
3406 3370 354
3408 3376 570
3410 3409 3407
3412 1610 470
3414 3412 570
3416 3415 3410
3418 3366 342
3420 3366 360
3422 3420 354
3424 3422 280
3426 3425 3419
3428 611 5
3430 1648 1598
3432 3430 3428
3434 1610 611
3436 3434 1662
3438 1632 1610
3440 1632 1598
3442 3441 3439
3444 3443 766
3446 3445 3437
3448 3446 3433
3450 3448 3426
3452 3450 3416
3454 3452 3404
3456 3455 188
3458 3457 3365
3460 3459 37
3462 3438 1684
3464 3463 3426
3466 3465 404
3468 3412 176
3470 3469 3389
3472 3471 2012
3474 440 24
3476 3423 3377
3478 3477 611
3480 3478 3474
3482 3481 3473
3484 3290 342
3486 3288 1648
3488 3486 1646
3490 3489 3485
3492 3491 174
3494 3328 176
3496 3495 3353
3498 490 439
3500 3498 3497
3502 3501 3493
3504 3502 3482
3506 3380 354
3508 3420 176
3510 3412 354
3512 3511 3509
3514 3512 3507
3516 3515 2012
3518 3339 611
3520 3350 176
3522 3328 354
3524 3523 3521
3526 3524 3519
3528 3527 3498
3530 3529 3517
3532 3530 3504
3534 3532 3467
3536 3486 1750
3538 3536 436
3540 3352 18
3542 3541 3489
3544 3543 402
3546 3545 3539
3548 3547 8
3550 3537 3485
3552 3550 3323
3554 3552 3332
3556 3348 3341
3558 3556 3554
3560 3558 3320
3562 3561 432
3564 3563 3549
3566 3564 3534
3568 3509 3389
3570 3511 3469
3572 3570 3507
3574 3572 3568
3576 3575 24
3578 3392 1646
3580 3513 280
3582 3581 3579
3584 3582 3577
3586 3585 190
3588 3440 1684
3590 3589 3399
3592 3437 3433
3594 3592 3590
3596 3594 3386
3598 3569 280
3600 3412 1622
3602 3443 178
3604 3603 3601
3606 3428 3392
3608 3607 3604
3610 3608 3416
3612 3610 3599
3614 3612 3596
3616 3615 404
3618 3617 3587
3620 3618 3566
3622 3620 3461
3624 171 105
3626 250 98
3628 3626 248
3630 3628 2
3632 3626 298
3634 3632 2
3636 3634 932
3638 3637 3631
3640 3639 939
3642 250 114
3644 3642 298
3646 3644 3
3648 3646 274
3650 3628 3
3652 3650 274
3654 3653 3649
3656 3650 268
3658 3632 3
3660 3658 268
3662 3661 3657
3664 3662 3654
3666 3665 220
3668 3634 994
3670 3669 7
3672 3670 3667
3674 3659 3651
3676 3675 962
3678 3634 958
3680 3679 6
3682 3680 3677
3684 3683 3673
3686 3685 3641
3688 3687 25
3690 98 6
3692 3690 17
3694 1174 1045
3696 3695 3692
3698 98 7
3700 3698 17
3702 3700 1155
3704 3700 1136
3706 3704 1144
3708 3707 9
3710 3700 2
3712 3710 2402
3714 3692 554
3716 3714 698
3718 3717 3713
3720 3718 3708
3722 3720 3703
3724 3722 3697
3726 3698 16
3728 3726 1075
3730 3729 8
3732 3690 16
3734 3732 1059
3736 3735 3730
3738 3737 3725
3740 114 6
3742 3740 16
3744 3023 1329
3746 3744 1319
3748 3747 3742
3750 3675 268
3752 3750 1088
3754 3740 17
3756 3754 3
3758 3756 1542
3760 3642 248
3762 3760 278
3764 114 7
3766 3764 17
3768 3766 1440
3770 3769 3763
3772 3770 3759
3774 3772 3753
3776 3774 3749
3778 3776 3739
3780 3648 1008
3782 3781 257
3784 3760 3
3786 3784 274
3788 3646 268
3790 3789 3787
3792 3791 220
3794 3644 2
3796 3794 994
3798 3797 7
3800 3798 3793
3802 3801 3783
3804 3742 1179
3806 3764 16
3808 3806 376
3810 3808 642
3812 3806 630
3814 3812 690
3816 3815 8
3818 3816 3811
3820 3818 3805
3822 3767 3701
3824 3823 1373
3826 3755 3693
3828 3827 1050
3830 3766 882
3832 3830 710
3834 3833 9
3836 3834 3829
3838 3692 702
3840 3766 692
3842 3841 3839
3844 3842 3836
3846 3844 3825
3848 3847 3821
3850 3849 3803
3852 3850 3778
3854 3732 1207
3856 3726 1225
3858 3857 3855
3860 3859 8
3862 3785 3647
3864 3863 1088
3866 3794 264
3868 3760 2
3870 3868 258
3872 3871 3867
3874 3872 3865
3876 3875 268
3878 3742 3091
3880 3754 630
3882 3880 1138
3884 3766 1144
3886 3885 3883
3888 3887 1238
3890 3889 3879
3892 3870 274
3894 3754 1348
3896 3895 3893
3898 3896 3890
3900 3898 3877
3902 3900 3861
3904 3868 1388
3906 3823 1526
3908 3907 3905
3910 3784 1458
3912 3754 1352
3914 3913 3911
3916 3914 3908
3918 3710 210
3920 3918 1350
3922 3766 314
3924 3922 318
3926 3806 1294
3928 3927 3925
3930 3928 3921
3932 3628 278
3934 3806 640
3936 1066 372
3938 3937 1307
3940 3939 3934
3942 3941 3933
3944 3942 3930
3946 3944 3916
3948 3644 278
3950 3726 1296
3952 3951 3949
3954 3766 630
3956 3954 2972
3958 3658 1412
3960 3959 3957
3962 3960 3952
3964 3794 1266
3966 3766 2482
3968 3967 3965
3970 3754 1354
3972 3700 320
3974 3973 3971
3976 3974 3968
3978 3976 3962
3980 3978 3946
3982 1425 1281
3984 3983 3726
3986 1425 219
3988 3987 3806
3990 3989 3985
3992 3692 1356
3994 3732 1444
3996 3995 3993
3998 3997 1046
4000 1419 1359
4002 4001 3754
4004 4003 3999
4006 4004 3990
4008 3714 1472
4010 3806 1296
4012 4011 4009
4014 3742 1446
4016 3700 554
4018 4016 1438
4020 4019 4015
4022 4020 4012
4024 3808 1276
4026 3806 1278
4028 4027 4025
4030 3812 2936
4032 3742 630
4034 4032 1514
4036 4035 4031
4038 4036 4028
4040 4038 4022
4042 3786 1088
4044 3726 1278
4046 3880 1484
4048 4047 4045
4050 3922 390
4052 3692 376
4054 4052 1416
4056 4055 4051
4058 4056 4048
4060 4058 4043
4062 4060 4040
4064 4062 4006
4066 4064 3980
4068 4066 3902
4070 4068 3852
4072 4070 3689
4074 117 111
4076 4075 21
4078 149 113
4080 4079 25
4082 1525 837
4084 4083 3766
4086 3700 1524
4088 4087 3919
4090 3710 316
4092 3754 2160
4094 4093 4091
4096 4094 4088
4098 3692 596
4100 3754 286
4102 4101 3831
4104 4103 224
4106 4105 4099
4108 4106 4096
4110 4108 4085
4112 4111 9
4114 3756 1416
4116 3806 2122
4118 4117 4115
4120 3743 3733
4122 4121 596
4124 4083 3806
4126 3726 236
4128 4126 885
4130 4129 4125
4132 4130 4123
4134 4133 8
4136 4135 4118
4138 4136 4113
4140 1570 9
4142 4076 9
4144 2278 885
4146 2309 595
4148 4147 4145
4150 4149 8
4152 2465 222
4154 2430 595
4156 4155 2460
4158 4156 4153
4160 4159 9
4162 4161 4151
4164 4163 236
4166 4083 8
4168 4167 2123
4170 4169 2286
4172 2414 1416
4174 2400 238
4176 2414 506
4178 4177 4175
4180 4179 9
4182 4181 4173
4184 4182 4171
4186 4184 4165
4188 68 11
4190 4188 344
4192 4190 360
4194 4192 354
4196 4194 280
4198 4190 342
4200 4199 4197
4202 4188 1662
4204 4202 354
4206 4188 470
4208 4206 176
4210 4208 280
4212 4211 4205
4214 4188 1648
4216 4214 3428
4218 4188 14
4220 4218 1950
4222 4221 4217
4224 4192 570
4226 4218 3283
4228 4227 4225
4230 4228 4222
4232 4230 4212
4234 4232 4200
4236 4235 736
4238 68 10
4240 4238 488
4242 4240 250
4244 4242 280
4246 4238 14
4248 4246 1950
4250 4238 338
4252 4250 12
4254 4253 4249
4256 4254 4245
4258 4240 12
4260 4246 13
4262 4260 342
4264 4263 4259
4266 4250 212
4268 4267 4264
4270 4260 360
4272 4270 570
4274 4238 250
4276 4274 338
4278 4276 280
4280 4238 354
4282 4280 1662
4284 4283 4279
4286 4284 4273
4288 4286 4268
4290 4288 4256
4292 4291 758
4294 4293 4237
4296 4295 36
4298 132 11
4300 4298 1662
4302 4300 176
4304 4298 14
4306 4304 1744
4308 4307 4303
4310 4309 188
4312 132 10
4314 4312 14
4316 4314 13
4318 4316 360
4320 4318 354
4322 4312 488
4324 4322 250
4326 4325 4321
4328 280 172
4330 4328 4327
4332 4331 4311
4334 4333 37
4336 4312 470
4338 4336 176
4340 4339 4321
4342 4341 2034
4344 4318 176
4346 4345 4325
4348 4347 492
4350 4265 174
4352 4351 4349
4354 4352 4343
4356 4304 1950
4358 4356 190
4360 4304 190
4362 4360 3280
4364 4363 4359
4366 4338 492
4368 4298 15
4370 4368 2056
4372 4371 4367
4374 4372 4364
4376 4298 344
4378 4376 360
4380 4378 570
4382 4380 404
4384 4378 176
4386 4384 356
4388 4387 4383
4390 4388 4374
4392 4390 4354
4394 4392 4335
4396 4298 470
4398 4396 1622
4400 4399 4212
4402 4368 1986
4404 4188 15
4406 4404 1986
4408 4407 4403
4410 4408 4381
4412 4300 354
4414 4396 176
4416 4414 280
4418 4417 4413
4420 4418 4410
4422 4420 4400
4424 4423 190
4426 4396 354
4428 4378 354
4430 4429 4427
4432 4431 356
4434 4427 4385
4436 4435 2012
4438 4437 4433
4440 4304 3283
4442 4441 4403
4444 4443 404
4446 4396 2042
4448 4312 2096
4450 4312 1662
4452 4450 176
4454 4452 432
4456 4455 4449
4458 4456 4447
4460 4458 4445
4462 4460 4438
4464 4462 4425
4466 4206 1622
4468 4467 4303
4470 4202 176
4472 4471 4399
4474 4472 4468
4476 4474 4418
4478 4477 404
4480 4376 342
4482 4428 280
4484 4483 4481
4486 4484 4357
4488 4487 404
4490 4489 4479
4492 4490 4464
4494 4492 4394
4496 4206 354
4498 4497 4209
4500 4498 4195
4502 4500 4429
4504 4503 404
4506 4270 611
4508 4277 4243
4510 4508 4507
4512 4511 1920
4514 4498 4415
4516 4515 190
4518 4192 1895
4520 4336 1906
4522 4318 467
4524 4523 4521
4526 4524 4519
4528 4526 4517
4530 4528 4513
4532 4530 4505
4534 4533 24
4536 4312 408
4538 4536 212
4540 4270 1622
4542 4541 4539
4544 4320 280
4546 4260 1686
4548 4246 1744
4550 4322 12
4552 4551 4549
4554 4552 4547
4556 4554 4545
4558 4556 4542
4560 4559 432
4562 4312 15
4564 4562 1750
4566 4565 4537
4568 4567 12
4570 4314 178
4572 4570 212
4574 4573 4547
4576 4552 4273
4578 4576 4574
4580 4578 4569
4582 4581 174
4584 4324 280
4586 4344 280
4588 4587 4585
4590 4450 354
4592 4336 570
4594 4593 4591
4596 4562 1986
4598 4597 4573
4600 4598 4594
4602 4600 4588
4604 4603 432
4606 4605 4583
4608 4606 4561
4610 4608 4535
4612 4610 4494
4614 4594 4284
4616 4614 4587
4618 4314 1744
4620 4453 4267
4622 4620 4619
4624 4622 4542
4626 4624 4256
4628 4626 4616
4630 4629 172
4632 4214 1646
4634 4633 4467
4636 4471 4221
4638 4636 4634
4640 4484 4228
4642 4640 4200
4644 4642 4638
4646 4645 188
4648 4647 4631
4650 4649 37
4652 4651 4612
4654 4652 4297
4656 3625 9
4658 159 131
4660 4659 25
4662 4246 766
4664 4565 4241
4666 4664 4251
4668 4666 4663
4670 4669 1920
4672 4571 4323
4674 4672 4537
4676 4675 1920
4678 4188 440
4680 4298 404
4682 4298 190
4684 4683 4681
4686 4684 4679
4688 4687 1596
4690 4689 4677
4692 4690 4671
4694 3130 9
4696 13 2
4698 4696 3123
4700 1724 1596
4702 4701 1785
4704 4703 1920
4706 1746 766
4708 4707 1735
4710 4709 1920
4712 1624 1596
4714 4712 440
4716 1634 1596
4718 4716 440
4720 4719 4715
4722 4720 4711
4724 4722 4705
4726 151 77
4728 4727 19
4730 4728 9
4732 155 53
4734 4733 13
4736 4734 9
4738 3140 9
4740 4660 9
4742 19 4
4744 4742 3123
4746 21 6
4748 4746 3123
4750 3123 8
4752 164 10
4754 4752 1662
4756 4754 354
4758 4752 344
4760 4758 342
4762 4761 4757
4764 4758 1686
4766 4752 470
4768 4758 360
4770 4769 4767
4772 4771 1622
4774 4773 4765
4776 4774 4762
4778 4768 570
4780 4766 570
4782 4752 1648
4784 4782 3428
4786 4752 1632
4788 4786 1684
4790 4789 4785
4792 4790 4781
4794 4792 4779
4796 4794 4776
4798 122 10
4800 4798 470
4802 4800 176
4804 4802 280
4806 4798 1662
4808 4806 354
4810 4809 4805
4812 4798 14
4814 4812 3283
4816 4754 176
4818 4786 178
4820 4819 4817
4822 4806 176
4824 4798 344
4826 4824 360
4828 4826 570
4830 4829 4823
4832 4830 4820
4834 4832 4815
4836 4834 4810
4838 4836 4796
4840 4839 172
4842 122 11
4844 4842 344
4846 4844 342
4848 4844 360
4850 4848 354
4852 4850 280
4854 4853 4847
4856 164 11
4858 4856 344
4860 4858 1686
4862 4856 1632
4864 4862 178
4866 4865 4861
4868 4856 1648
4870 4868 1750
4872 4856 1662
4874 4872 354
4876 4856 470
4878 4876 570
4880 4879 4875
4882 4880 4871
4884 4858 342
4886 4868 1646
4888 4876 1622
4890 4889 4887
4892 4890 4885
4894 4858 360
4896 4894 1622
4898 4894 570
4900 4862 1684
4902 4872 176
4904 4903 4901
4906 4904 4899
4908 4906 4897
4910 4908 4892
4912 4910 4882
4914 4912 4866
4916 4914 4854
4918 4917 188
4920 4919 4841
4922 4921 37
4924 4842 470
4926 4924 1622
4928 4842 1662
4930 4928 176
4932 4842 14
4934 4932 1950
4936 4924 570
4938 4928 354
4940 4939 4937
4942 4940 4935
4944 4942 4854
4946 4944 4931
4948 4946 4927
4950 4949 404
4952 4800 1622
4954 4829 4819
4956 4798 1632
4958 4956 766
4960 4798 15
4962 4960 12
4964 4962 3428
4966 4965 4959
4968 4966 4954
4970 4968 4953
4972 4970 4810
4974 4973 432
4976 4824 342
4978 4956 1684
4980 4979 4977
4982 4980 4965
4984 4983 174
4986 4842 15
4988 4986 1986
4990 4844 1686
4992 4991 4989
4994 4992 4940
4996 4995 190
4998 4812 3280
5000 4826 1622
5002 5001 4999
5004 5003 432
5006 5005 4997
5008 5006 4985
5010 5008 4975
5012 5010 4951
5014 4850 404
5016 611 404
5018 5016 4894
5020 5019 5015
5022 5016 4876
5024 1907 463
5026 5025 4766
5028 5027 5023
5030 5028 5020
5032 4800 354
5034 4826 176
5036 5035 5033
5038 5037 174
5040 4766 176
5042 4768 611
5044 5043 5041
5046 5045 1920
5048 4895 4877
5050 5049 1892
5052 4924 454
5054 4826 462
5056 5055 5053
5058 5056 5051
5060 5058 5047
5062 5060 5039
5064 5062 5030
5066 5065 24
5068 4822 758
5070 5069 36
5072 4932 736
5074 5072 3283
5076 5075 5070
5078 4952 172
5080 4930 188
5082 5081 5079
5084 5082 37
5086 5085 5077
5088 4826 354
5090 5089 4803
5092 5091 2034
5094 4934 190
5096 4988 404
5098 5097 5095
5100 5098 5093
5102 4802 492
5104 4976 432
5106 5105 5103
5108 4986 2056
5110 4848 176
5112 5110 356
5114 5113 5109
5116 5114 5106
5118 5116 5100
5120 5118 5087
5122 5000 172
5124 4932 1744
5126 5124 188
5128 5127 5123
5130 5129 37
5132 4924 611
5134 5133 5111
5136 5135 2012
5138 5037 492
5140 5139 5137
5142 4848 570
5144 5142 404
5146 4926 190
5148 5147 5145
5150 4925 4849
5152 5151 358
5154 5142 190
5156 5155 5153
5158 5156 5148
5160 5158 5140
5162 5160 5131
5164 5162 5120
5166 5164 5067
5168 5166 5012
5170 4915 404
5172 4797 758
5174 4816 758
5176 5175 5173
5178 5177 36
5180 5179 5171
5182 5180 5168
5184 5182 4923
5186 4080 9
5188 165 123
5190 5189 611
5192 11 9
5194 5193 1607
5196 575 439
5198 5196 5195
5200 5198 5190
5202 87 20
5204 5203 18
5206 5205 91
5208 25 13
5210 4078 131
5212 5210 914
5214 5213 5208
5216 5214 18
5218 5216 5207
5220 25 12
5222 5221 20
5224 5223 134
5226 5225 91
5228 5221 281
5230 5229 5227
5232 5209 18
5234 57 21
5236 24 12
5238 5237 5234
5240 5238 5232
5242 5240 522
5244 5210 163
5246 5245 5220
5248 5247 5243
5250 250 19
5252 159 45
5254 5253 25
5256 5254 5251
5258 5257 5248
5260 5258 5231
5262 5260 5219
5264 5209 3122
5266 135 131
5268 5266 5206
5270 5268 5208
5272 5271 20
5274 5272 5265
5276 3120 212
5278 5276 280
5280 5240 520
5282 5281 5279
5284 4081 917
5286 5220 166
5288 5287 213
5290 5289 5285
5292 5236 5234
5294 5292 525
5296 5237 19
5298 86 21
5300 5298 5209
5302 5300 5297
5304 5303 5295
5306 5304 5291
5308 5306 5282
5310 5308 5275
5312 5310 5262
5314 1579 9
10 9 9
5316 95 142
5318 95 5317
5320 77 5319
5322 77 5321
5324 151 5323
5326 151 5325
5328 126 5327
5330 127 5319
5332 5329 5331
5334 118 5327
5336 119 5333
5338 5335 5337
5340 96 5319
5342 97 5338
5344 5341 5343
5346 58 5319
5348 59 5345
5350 5347 5349
5352 76 5319
5354 5353 76
5356 150 5319
5358 151 5355
5360 5357 5359
5362 126 5327
5364 118 5327
5366 119 5362
5368 5365 5367
5370 96 5361
5372 97 5368
5374 5371 5373
5376 58 5361
5378 59 5375
5380 5377 5379
5382 52 5381
5384 5383 52
5386 154 5381
5388 155 5385
5390 5387 5389
5392 128 5351
5394 129 5391
5396 5393 5395
5398 144 5351
5400 145 5397
5402 5399 5401
5404 65 5403
5406 65 5405
5408 147 5407
5410 147 5409
5412 79 5410
5414 79 5413
12 5415 5415
14 0 0
16 9 9
30 0 0
32 0 0
34 0 0
36 0 0
28 0 0
26 1 1
5416 87 57
5418 87 5417
5420 142 5419
5422 94 5419
5424 95 5420
5426 5423 5425
5428 76 5419
5430 77 5427
5432 5429 5431
5434 150 5419
5436 151 5433
5438 5435 5437
5440 126 5439
5442 127 5427
5444 5441 5443
5446 118 5439
5448 119 5445
5450 5447 5449
5452 96 5419
5454 97 5451
5456 5453 5455
5458 58 5419
5460 59 5457
5462 5459 5461
5464 126 5439
5466 118 5439
5468 119 5464
5470 5467 5469
5472 96 5439
5474 97 5471
5476 5473 5475
5478 58 5439
5480 59 5477
5482 5479 5481
5484 96 5427
5486 58 5427
5488 59 5484
5490 5487 5489
5492 52 5483
5494 53 5491
5496 5493 5495
5498 154 5483
5500 155 5497
5502 5499 5501
5504 128 5463
5506 129 5503
5508 5505 5507
5510 144 5463
5512 145 5509
5514 5511 5513
5516 64 5419
5518 65 5515
5520 5517 5519
5522 146 5419
5524 147 5521
5526 5523 5525
5528 78 5419
5530 79 5527
5532 5529 5531
24 5532 5532
22 0 0
20 146 146
5534 96 5319
5536 58 5319
5538 59 5534
5540 5537 5539
5542 65 5541
5544 65 5543
5546 146 64
5548 147 5545
5550 5547 5549
18 5551 5551
i0 r_1
i1 r_0
i2 r_2
i3 rm
l0 __bad __qdead
l1 __q4k4
l2 __q11k2
l3 __q10k1
l4 __q9k3
l5 __q2k0
l6 __q15k3
l7 __q7k2
l8 __q12k2
l9 !__q0k4
l10 __q8k1
l11 __q14k2
l12 __q3k3
l13 __q9k0
l14 __q13k3
l15 __q4k2
l16 __q11k0
l17 __q12k3
l18 __q2k1
l19 __q9k2
l20 __q7k0
l21 __q2k2
l22 __q6k4
l23 __q16k2
l24 __q5k4
l25 __q3k0
l26 __q17k0
l27 __q7k3
l28 __q16k0
l29 __q15k0
l30 __q2k4
l31 __q14k3
l32 __q4k3
l33 __q12k1
l34 __q2k3
l35 __q16k3
l36 __q15k2
l37 __q17k2
l38 __q11k3
l39 __q8k3
l40 __q8k2
l41 __q11k1
l42 __q4k1
l43 __q3k1
l44 __q15k1
l45 __q14k0
l46 __q17k3
l47 __q13k1
l48 __q10k0
l49 __q7k4
l50 __q12k0
l51 __q13k2
l52 __q9k1
l53 __q7k1
l54 __q8k0
l55 __q10k3
l56 __q16k1
l57 __q9k4
l58 __q14k1
l59 __q8k4
l60 __q10k4
l61 __q4k0
l62 __q10k2
l63 __q13k0
l64 __q17k1
l65 __q3k4
l66 __q3k2
o0 __d2_rm
o1 g_1
o2 __d2_r_0
o3 __d1_rm
o4 __d1_r_2
o5 __d1_r_1
o6 __vp1_1
o7 __d2_r_2
o8 __d1_r_0
o9 __vp1_0
o10 gm
o11 __d2_r_1
o12 g_2
o13 g_0
c
Generated by Yosys 0.7+217 (git sha1 5442554, clang 3.8.0-2ubuntu4 -fPIC -Os)

