09:27:17  Namespace(maxK=8, minK=2, moore=False, output=None, spec='./experiments-for-synt/simple_res_arb_4_k1.tlsf', unreal=False, verbose=0)
09:27:17  UCW automaton has 8 states
09:27:17  setting k to 2...
09:27:17  k_reduce
09:27:17  k-LA automaton has 19 states
09:27:17  atm_to_verilog
09:27:17  verilog_to_aiger
09:27:29  synthesize
09:27:29  executing sdf...
09:27:29  sdf completed
09:27:29  setting k to 4...
09:27:29  k_reduce
09:27:29  k-LA automaton has 31 states
09:27:29  atm_to_verilog
09:27:29  verilog_to_aiger
09:27:48  synthesize
09:27:48  executing sdf...
09:27:48  sdf completed
REALIZABLE
aag 1409 4 31 9 1374
2
4
6
8
28 389
30 741
32 883
34 1441
36 1442
38 1458
40 1460
42 1462
44 1523
46 1524
48 1534
50 1536
52 1538
54 1540
56 1542
58 1933
60 1934
62 1940
64 1942
66 1989
68 1990
70 1992
72 2329
74 2330
76 2336
78 2399
80 2400
82 2402
84 2404
86 2741
88 2742
10
12
14
16
18
26
24
22
20
90 58 7
92 90 16
94 26 4
96 27 5
98 97 95
100 22 2
102 100 99
104 102 25
106 25 4
108 106 18
110 100 26
112 110 108
114 100 27
116 20 19
118 25 5
120 118 116
122 120 114
124 123 113
126 23 3
128 126 26
130 128 106
132 21 14
134 132 19
136 134 130
138 128 108
140 139 137
142 140 124
144 142 105
146 145 92
148 58 6
150 148 16
152 127 101
154 153 99
156 154 24
158 156 150
160 96 23
162 25 3
164 162 92
166 164 160
168 94 23
170 168 164
172 171 8
174 172 167
176 174 159
178 176 147
180 148 17
182 180 156
184 24 5
186 126 27
188 186 184
190 188 19
192 190 180
194 126 17
196 194 90
198 120 27
200 106 19
202 200 26
204 203 199
206 205 196
208 207 193
210 25 20
212 211 133
214 213 209
216 25 17
218 216 90
220 218 154
222 96 25
224 222 134
226 224 196
228 108 26
230 228 196
232 231 9
234 232 227
236 234 221
238 236 215
240 238 183
242 241 179
244 21 15
246 20 15
248 247 133
250 249 11
252 251 245
254 253 19
256 244 11
258 257 255
260 259 13
262 19 10
264 262 132
266 265 261
268 267 77
270 21 19
272 270 8
274 16 10
276 274 272
278 24 15
280 278 148
282 280 3
284 282 276
286 284 160
288 17 9
290 288 270
292 290 10
294 292 280
296 294 102
298 297 287
300 284 168
302 162 15
304 302 90
306 304 168
308 306 292
310 309 301
312 310 298
314 22 5
316 314 2
318 316 276
320 126 5
322 320 292
324 323 319
326 280 27
328 326 325
330 15 11
332 331 77
334 332 116
336 80 11
338 337 29
340 88 21
342 50 15
344 84 19
346 345 343
348 346 341
350 348 338
352 350 335
354 77 20
356 355 333
358 357 18
360 359 352
362 27 22
364 362 5
366 364 276
368 25 2
370 368 15
372 370 90
374 372 366
376 306 276
378 377 375
380 378 360
382 380 329
384 382 312
386 384 269
388 386 243
390 77 12
392 390 7
394 392 302
396 394 11
398 396 9
400 398 116
402 270 9
404 11 3
406 24 6
408 390 14
410 408 406
412 410 404
414 412 402
416 415 401
418 406 15
420 418 390
422 420 404
424 422 9
426 424 116
428 427 416
430 429 168
432 26 22
434 392 370
436 434 11
438 436 9
440 438 116
442 440 432
444 26 23
446 420 3
448 446 402
450 448 444
452 451 443
454 453 4
456 94 22
458 21 18
460 458 438
462 11 2
464 462 410
466 464 402
468 467 461
470 469 456
472 458 398
474 472 160
476 25 7
478 476 408
480 478 462
482 480 402
484 482 364
486 485 475
488 486 471
490 488 455
492 490 431
494 434 402
496 459 117
498 462 420
500 498 9
502 500 497
504 503 495
506 505 362
508 27 23
510 478 404
512 510 402
514 513 401
516 515 508
518 517 507
520 519 5
522 521 492
524 523 17
526 396 8
528 526 116
530 528 444
532 436 8
534 532 458
536 534 432
538 537 531
540 539 4
542 446 272
544 422 8
546 544 497
548 547 543
550 549 168
552 544 116
554 412 272
556 394 272
558 557 555
560 558 553
562 561 160
564 364 272
566 420 2
568 567 465
570 569 564
572 456 272
574 572 480
576 575 16
578 576 571
580 578 563
582 580 551
584 582 541
586 469 364
588 495 483
590 589 456
592 402 394
594 592 168
596 595 17
598 596 591
600 598 587
602 601 585
604 532 116
606 605 16
608 569 272
610 609 606
612 500 458
614 613 17
616 615 94
618 616 611
620 619 22
622 557 16
624 623 94
626 458 424
628 513 17
630 628 627
632 630 473
634 633 624
636 272 94
638 636 16
640 638 412
642 641 457
644 642 635
646 645 621
648 627 427
650 593 17
652 650 449
654 652 648
656 654 415
658 510 272
660 526 458
662 661 659
664 543 16
666 664 662
668 667 160
670 668 657
672 663 168
674 534 364
676 434 272
678 497 8
680 678 498
682 681 677
684 683 456
686 685 675
688 686 673
690 689 16
692 682 606
694 441 17
696 695 364
698 696 693
700 544 458
702 701 529
704 160 16
706 704 703
708 564 16
710 708 480
712 99 22
714 712 290
716 714 566
718 288 116
720 718 456
722 720 498
724 723 717
726 724 711
728 726 707
730 728 699
732 730 691
734 732 671
736 734 647
738 736 603
740 738 525
742 24 22
744 743 288
746 16 8
748 746 315
750 749 745
752 477 407
754 753 153
756 26 5
758 757 185
760 758 30
762 26 24
764 763 4
766 764 433
768 767 760
770 768 754
772 770 751
774 30 6
776 774 17
778 24 2
780 778 776
782 32 7
784 782 17
786 784 368
788 786 27
790 789 781
792 791 712
794 30 7
796 794 17
798 796 130
800 786 456
802 32 17
804 802 753
806 126 99
808 806 804
810 809 801
812 810 799
814 32 6
816 814 17
818 816 24
820 818 102
822 776 188
824 823 9
826 824 821
828 826 812
830 828 793
832 126 96
834 833 103
836 782 16
838 836 25
840 838 835
842 794 16
844 842 25
846 126 94
848 114 5
850 849 847
852 851 844
854 774 16
856 153 96
858 856 24
860 858 854
862 861 8
864 836 130
866 814 16
868 866 24
870 868 154
872 871 865
874 872 862
876 874 853
878 876 841
880 879 831
882 881 773
884 44 6
886 884 16
888 886 24
890 44 7
892 890 16
894 892 25
896 895 889
898 100 94
900 898 134
902 900 897
904 72 7
906 904 16
908 907 893
910 118 18
912 910 114
914 912 909
916 915 903
918 888 18
920 918 102
922 184 18
924 922 186
926 924 886
928 927 921
930 928 916
932 898 116
934 18 5
936 934 186
938 937 933
940 939 894
942 909 136
944 943 941
946 906 25
948 946 936
950 24 4
952 950 116
954 952 128
956 954 886
958 957 949
960 270 96
962 126 14
964 962 960
966 964 894
968 186 16
970 905 891
972 971 120
974 972 968
976 975 967
978 976 958
980 978 944
982 980 930
984 846 24
986 984 886
988 72 6
990 988 16
992 990 984
994 909 130
996 995 993
998 996 987
1000 999 18
1002 184 116
1004 1002 27
1006 1004 153
1008 984 134
1010 964 24
1012 1011 1009
1014 1012 1007
1016 1015 886
1018 1017 1001
1020 1018 982
1022 950 18
1024 1022 110
1026 100 14
1028 960 24
1030 1028 1026
1032 1031 1025
1034 1032 1012
1036 952 110
1038 922 114
1040 1039 1037
1042 1040 925
1044 1042 1007
1046 1044 1034
1048 1047 990
1050 1026 960
1052 1051 933
1054 947 889
1056 1055 1053
1058 134 126
1060 1058 906
1062 1026 270
1064 1062 892
1066 1065 1061
1068 1067 222
1070 1069 1057
1072 997 116
1074 909 125
1076 1075 1073
1078 1076 1070
1080 1078 1049
1082 1080 1020
1084 1083 8
1086 988 17
1088 884 17
1090 1089 1087
1092 134 24
1094 1092 898
1096 1095 1039
1098 1097 1091
1100 1088 126
1102 922 27
1104 1028 14
1106 94 24
1108 245 19
1110 1108 1106
1112 1111 1105
1114 1112 1103
1116 1115 1100
1118 1117 1099
1120 1022 26
1122 1121 1005
1124 1088 100
1126 1124 1123
1128 1025 925
1130 1129 1086
1132 1131 1127
1134 904 17
1136 1134 186
1138 890 17
1140 1138 186
1142 1141 1137
1144 1143 120
1146 1134 114
1148 1147 1141
1150 1149 910
1152 1151 1145
1154 1152 1132
1156 1154 1118
1158 271 106
1160 1158 110
1162 1161 123
1164 1163 1138
1166 1100 1004
1168 1138 128
1170 132 106
1172 1171 109
1174 1173 1168
1176 116 106
1178 1134 110
1180 1178 1176
1182 1181 1175
1184 1182 1167
1186 1184 1165
1188 1086 190
1190 1188 132
1192 1086 1008
1194 1176 1168
1196 1086 271
1198 1196 984
1200 1199 1195
1202 1200 1193
1204 1202 1191
1206 1204 1186
1208 202 21
1210 1134 1026
1212 1138 1026
1214 1213 1211
1216 1215 1208
1218 270 222
1220 1218 1212
1222 1221 1217
1224 1091 1030
1226 1146 120
1228 1134 100
1230 1228 228
1232 1231 1227
1234 132 118
1236 1234 1136
1238 1236 19
1240 1239 1232
1242 1240 1225
1244 1242 1222
1246 1244 1206
1248 1091 1036
1250 1218 1210
1252 1120 1100
1254 1134 128
1256 1254 108
1258 1257 1253
1260 1258 1251
1262 1086 114
1264 1262 1002
1266 1136 910
1268 245 200
1270 1268 1254
1272 1271 1267
1274 1272 1265
1276 1274 1260
1278 1276 1249
1280 1278 1246
1282 1280 1156
1284 1283 9
1286 22 4
1288 1286 370
1290 1288 971
1292 23 4
1294 278 3
1296 1294 988
1298 1294 884
1300 1299 1297
1302 1301 1292
1304 1303 1291
1306 1305 26
1308 904 370
1310 778 15
1312 1310 988
1314 1313 1309
1316 1315 364
1318 1296 160
1320 1312 456
1322 1321 1319
1324 99 23
1326 971 302
1328 1326 1324
1330 1310 884
1332 1330 364
1334 1333 1329
1336 1334 1322
1338 1336 1317
1340 1338 1307
1342 1341 292
1344 1301 276
1346 302 276
1348 1346 890
1350 1349 1345
1352 1351 168
1354 1002 186
1356 1354 9
1358 1356 1086
1360 1359 1353
1362 1346 904
1364 1363 1345
1366 1365 160
1368 1298 292
1370 1369 1349
1372 1371 160
1374 1373 1367
1376 1374 1360
1378 712 276
1380 364 292
1382 1381 1379
1384 1383 370
1386 222 18
1388 288 100
1390 1388 1386
1392 1391 1385
1394 1393 890
1396 19 9
1398 1396 1234
1400 1398 1140
1402 1330 366
1404 1403 1401
1406 990 24
1408 1407 947
1410 1026 636
1412 1410 1409
1414 293 277
1416 1330 456
1418 1416 1415
1420 1419 1413
1422 1420 1404
1424 1362 168
1426 1378 1315
1428 1427 1425
1430 1428 1422
1432 1430 1395
1434 1432 1376
1436 1434 1343
1438 1436 1285
1440 1438 1085
1442 70 21
1444 390 330
1446 1444 458
1448 390 19
1450 1448 11
1452 20 14
1454 1453 1450
1456 1455 1447
1458 1457 8
1460 48 15
1462 38 11
1464 1406 806
1466 1465 103
1468 1467 1409
1470 894 851
1472 888 856
1474 946 806
1476 1475 1473
1478 1476 1471
1480 1478 1469
1482 1481 8
1484 753 154
1486 1484 72
1488 890 130
1490 742 2
1492 884 99
1494 1492 1490
1496 1495 1489
1498 1496 1487
1500 1499 288
1502 746 185
1504 1503 745
1506 107 3
1508 8 5
1510 1509 2
1512 1511 1507
1514 1513 1505
1516 1514 1484
1518 1516 44
1520 1519 1501
1522 1520 1483
1524 40 15
1526 1450 246
1528 1448 244
1530 1529 1447
1532 1530 1527
1534 1533 6
1536 60 15
1538 74 19
1540 42 11
1542 82 21
1544 34 6
1546 66 6
1548 1547 1545
1550 1549 1294
1552 1550 292
1554 34 7
1556 1554 302
1558 1550 276
1560 1559 1557
1562 1561 1415
1564 1563 1553
1566 1565 1324
1568 1546 1310
1570 1544 1310
1572 1571 1569
1574 1573 292
1576 1574 456
1578 1554 370
1580 66 7
1582 1580 370
1584 1583 1579
1586 1585 292
1588 1586 456
1590 1589 1577
1592 1544 16
1594 1592 24
1596 1554 16
1598 1596 25
1600 1599 1595
1602 1546 16
1604 1602 24
1606 1580 16
1608 1606 25
1610 1609 1605
1612 1610 1600
1614 1613 1410
1616 1579 1569
1618 1617 1378
1620 1619 1615
1622 1620 1590
1624 1587 1575
1626 1625 364
1628 1583 1571
1630 1629 1378
1632 1580 302
1634 1324 276
1636 1634 1632
1638 1637 1631
1640 1324 292
1642 1640 1632
1644 20 9
1646 1544 17
1648 1546 17
1650 1649 1647
1652 1651 190
1654 1652 1644
1656 1655 1643
1658 1656 1638
1660 1658 1627
1662 1660 1622
1664 1662 1567
1666 1596 130
1668 1592 984
1670 1669 1667
1672 1606 130
1674 1602 984
1676 1675 1673
1678 1677 18
1680 1679 1670
1682 1681 271
1684 1031 1009
1686 271 184
1688 1686 114
1690 1689 1037
1692 1690 1684
1694 1693 1602
1696 1025 955
1698 1697 1602
1700 1606 125
1702 1701 1699
1704 1386 126
1706 271 118
1708 1706 114
1710 1709 1705
1712 1711 1596
1714 198 126
1716 1715 113
1718 1717 1596
1720 1719 1713
1722 1720 1702
1724 1722 1695
1726 1724 1683
1728 130 116
1730 1729 913
1732 1058 99
1734 1052 937
1736 1734 1733
1738 1737 25
1740 1739 1730
1742 1741 1606
1744 1603 1593
1746 1686 186
1748 1592 1024
1750 1749 1747
1752 1751 1745
1754 846 134
1756 1755 1052
1758 1757 1601
1760 1580 120
1762 1760 968
1764 1598 964
1766 1765 8
1768 1766 1763
1770 1688 1592
1772 1745 1010
1774 1773 1771
1776 1774 1768
1778 1776 1759
1780 1778 1753
1782 1780 1743
1784 1782 1726
1786 1696 1096
1788 1787 1646
1790 1646 1008
1792 1791 1031
1794 1793 1651
1796 1580 17
1798 1796 1160
1800 1002 114
1802 1800 1646
1804 1803 1799
1806 1218 1026
1808 1554 17
1810 1808 1806
1812 1808 130
1814 1812 134
1816 1815 1811
1818 1816 1804
1820 1818 1795
1822 1820 1789
1824 1809 1797
1826 1208 1026
1828 1826 1825
1830 1120 153
1832 1831 925
1834 1833 1648
1836 1835 1829
1838 1646 984
1840 1839 1813
1842 1841 18
1844 200 128
1846 1844 1796
1848 1847 1653
1850 1849 132
1852 1851 1843
1854 1852 1836
1856 1812 116
1858 1646 924
1860 1859 1857
1862 1825 122
1864 1808 100
1866 1158 26
1868 1867 1387
1870 1869 1864
1872 1871 1863
1874 1872 1860
1876 1648 1036
1878 1877 9
1880 1808 126
1882 1108 222
1884 1882 1880
1886 1646 1036
1888 1887 1885
1890 1888 1878
1892 1880 1386
1894 1846 20
1896 1895 1893
1898 1896 1890
1900 1898 1874
1902 1900 1854
1904 1009 955
1906 1904 1801
1908 1906 1096
1910 1909 1648
1912 1882 126
1914 1807 139
1916 1705 913
1918 1916 1914
1920 1918 1913
1922 1921 1796
1924 1923 1911
1926 1924 1902
1928 1926 1822
1930 1929 1785
1932 1931 1664
1934 46 15
1936 1450 249
1938 1937 1529
1940 1939 4
1942 54 11
1944 1604 154
1946 1594 856
1948 1608 102
1950 1949 1947
1952 1598 851
1954 1324 162
1956 1954 1606
1958 1957 1953
1960 1958 1950
1962 1960 1945
1964 1963 8
1966 1516 34
1968 1649 24
1970 1797 25
1972 1971 154
1974 1972 1969
1976 1490 99
1978 1976 1646
1980 1979 1813
1982 1980 1975
1984 1983 9
1986 1985 1967
1988 1986 1965
1990 52 19
1992 56 21
1994 78 7
1996 1994 16
1998 1996 25
2000 1734 965
2002 2001 1998
2004 86 7
2006 2004 16
2008 2006 25
2010 2008 1737
2012 1730 124
2014 2013 2006
2016 2015 2011
2018 2016 2003
2020 78 6
2022 2020 16
2024 86 6
2026 2024 16
2028 2027 2023
2030 2029 924
2032 1689 1025
2034 2032 1355
2036 2034 2031
2038 2037 2022
2040 2029 984
2042 2007 1997
2044 2043 130
2046 2045 2041
2048 2047 18
2050 1037 1011
2052 2051 2029
2054 2053 2049
2056 1747 1025
2058 2057 2026
2060 1709 113
2062 2061 1996
2064 2063 2059
2066 2064 2054
2068 1996 130
2070 2069 2041
2072 2071 116
2074 851 134
2076 2029 24
2078 2076 2074
2080 2079 2073
2082 2068 134
2084 2043 1714
2086 2026 1688
2088 2087 2085
2090 2088 2083
2092 2090 2080
2094 2092 2066
2096 2094 2039
2098 2096 2018
2100 2099 8
2102 2004 17
2104 1994 17
2106 2105 2103
2108 2107 122
2110 2020 17
2112 2110 1800
2114 2113 2109
2116 2102 128
2118 2116 1158
2120 2104 128
2122 2120 1268
2124 2110 110
2126 2124 952
2128 2127 2123
2130 2128 2119
2132 2130 2114
2134 1039 1031
2136 2135 2110
2138 2024 17
2140 2139 2111
2142 1009 925
2144 2143 2141
2146 2145 2137
2148 2146 2132
2150 2110 1094
2152 2151 2139
2154 1092 102
2156 950 271
2158 2156 110
2160 2159 1039
2162 2160 2155
2164 2163 2153
2166 2102 1160
2168 2138 1800
2170 2169 2167
2172 2141 128
2174 2172 952
2176 2107 912
2178 2177 2175
2180 2178 2170
2182 2180 2165
2184 2182 2148
2186 1807 1705
2188 2186 1913
2190 2188 1827
2192 2191 2107
2194 2173 2125
2196 2195 1022
2198 2141 190
2200 2116 200
2202 2201 2199
2204 2203 132
2206 1161 139
2208 2207 2104
2210 2209 2205
2212 2210 2197
2214 2212 2193
2216 2214 2184
2218 2217 9
2220 1994 370
2222 2220 276
2224 2024 1310
2226 2020 1310
2228 2227 2225
2230 2229 292
2232 2231 2223
2234 2233 456
2236 2024 1294
2238 2236 292
2240 2020 1294
2242 2240 292
2244 2243 2239
2246 1994 1346
2248 2247 2244
2250 2249 160
2252 2224 276
2254 2252 712
2256 2004 370
2258 2257 2227
2260 2259 1378
2262 2004 302
2264 2263 2237
2266 2265 1634
2268 2267 2261
2270 2268 2255
2272 2270 2251
2274 2272 2235
2276 2257 2221
2278 2277 292
2280 2279 2232
2282 2281 364
2284 2278 1286
2286 2245 1292
2288 2287 2285
2290 2289 26
2292 2262 1640
2294 1994 302
2296 2294 1640
2298 2297 2293
2300 2198 1644
2302 2240 1634
2304 2303 2301
2306 2304 2298
2308 2009 1999
2310 2308 2077
2312 2311 1410
2314 2246 168
2316 2315 2313
2318 2316 2306
2320 2318 2291
2322 2320 2283
2324 2322 2274
2326 2324 2219
2328 2326 2101
2330 62 19
2332 1450 132
2334 2333 1530
2336 2334 1527
2338 99 2
2340 2339 1325
2342 1507 23
2344 185 78
2346 2344 753
2348 2346 2343
2350 2348 751
2352 2350 2341
2354 1484 86
2356 477 97
2358 407 95
2360 126 78
2362 2360 2359
2364 2362 2357
2366 2020 1976
2368 2367 2365
2370 2368 2355
2372 2371 17
2374 2373 9
2376 2026 24
2378 2376 94
2380 2379 97
2382 2076 153
2384 2382 2381
2386 1998 851
2388 2008 154
2390 2389 8
2392 2390 2387
2394 2392 2385
2396 2395 2375
2398 2397 2353
2400 64 11
2402 2335 2
2404 68 19
2406 1801 1009
2408 2406 925
2410 2409 776
2412 815 775
2414 2413 17
2416 2414 190
2418 796 126
2420 2418 202
2422 784 126
2424 2422 202
2426 2425 2421
2428 2426 2417
2430 2429 132
2432 2134 955
2434 2433 776
2436 2435 2431
2438 2436 2411
2440 1807 913
2442 2441 796
2444 1688 816
2446 2445 2443
2448 1095 1037
2450 2449 2414
2452 225 199
2454 2452 1387
2456 2454 229
2458 2457 2418
2460 2459 2451
2462 2460 2446
2464 796 122
2466 912 784
2468 2467 2465
2470 2414 1830
2472 2420 20
2474 2473 2471
2476 2474 2468
2478 797 785
2480 2479 1826
2482 796 110
2484 2482 1176
2486 2482 108
2488 116 4
2490 2488 128
2492 2490 818
2494 2493 2487
2496 2494 2485
2498 2496 2481
2500 2498 2476
2502 2500 2462
2504 2452 1868
2506 2505 126
2508 1807 1162
2510 2508 2507
2512 2511 784
2514 1051 937
2516 2515 24
2518 2517 1009
2520 2519 816
2522 2521 2513
2524 2522 2502
2526 2524 2438
2528 2527 9
2530 984 854
2532 842 130
2534 2533 2531
2536 984 866
2538 2537 865
2540 2538 2534
2542 2541 18
2544 2074 24
2546 2544 854
2548 2413 16
2550 1689 925
2552 2550 1355
2554 2553 2548
2556 2555 2547
2558 2556 2543
2560 1735 844
2562 2535 116
2564 1036 854
2566 2490 868
2568 2567 2565
2570 842 112
2572 854 24
2574 2572 964
2576 2575 2571
2578 2576 2568
2580 2578 2563
2582 2580 2561
2584 1708 842
2586 912 836
2588 2587 2585
2590 939 838
2592 864 116
2594 2593 2591
2596 2594 2588
2598 962 842
2600 2598 1208
2602 2548 1024
2604 2603 2601
2606 1714 842
2608 1050 838
2610 2609 2607
2612 2610 2604
2614 2612 2596
2616 2614 2582
2618 1954 134
2620 1716 123
2622 2620 2619
2624 2623 836
2626 1756 965
2628 964 844
2630 2629 869
2632 2631 2627
2634 2633 2625
2636 2634 2616
2638 2636 2558
2640 2639 8
2642 845 839
2644 2573 869
2646 2644 2642
2648 2647 1410
2650 1294 814
2652 2650 292
2654 1294 774
2656 2654 292
2658 2657 2653
2660 2659 168
2662 782 370
2664 2662 1378
2666 794 302
2668 782 302
2670 2669 2667
2672 2671 1640
2674 2673 2665
2676 2674 2661
2678 2676 2649
2680 2414 1356
2682 1310 774
2684 2682 1378
2686 2669 2655
2688 2687 1634
2690 2667 2651
2692 276 168
2694 2692 2691
2696 2695 2689
2698 2696 2685
2700 2698 2681
2702 2700 2678
2704 1310 814
2706 2705 2663
2708 2706 2683
2710 2709 292
2712 2704 276
2714 794 370
2716 2714 1415
2718 2717 2713
2720 2718 2711
2722 2721 712
2724 2650 1415
2726 2666 276
2728 2727 2657
2730 2728 2725
2732 2731 160
2734 2733 2723
2736 2734 2702
2738 2736 2641
2740 2738 2529
2742 36 21
2744 85 68
2746 85 2745
2748 89 2747
2750 89 2749
2752 81 2750
2754 81 2753
2756 54 2755
2758 55 80
2760 2757 2759
2762 60 80
2764 61 2761
2766 2763 2765
2768 64 2755
2770 65 2767
2772 2769 2771
2774 50 80
2776 51 2773
2778 2775 2777
10 2779 2779
12 1 1
2780 81 2751
2782 81 2781
2784 55 2783
2786 55 2785
2788 60 2783
2790 61 2787
2792 2789 2791
2794 65 2793
2796 65 2795
2798 51 2796
2800 51 2799
14 2801 2801
16 9 9
2802 88 84
2804 89 2747
2806 2803 2805
2808 80 84
2810 81 2807
2812 2809 2811
2814 50 84
2816 51 2813
2818 2815 2817
18 2819 2819
26 0 0
24 0 0
22 0 0
20 88 88
i0 r_3
i1 r_2
i2 r_1
i3 r_0
l0 __bad __qdead
l1 __q2k4
l2 __q7k3
l3 __q2k1
l4 __q4k1
l5 __q3k4
l6 __q5k3
l7 __q3k3
l8 __q7k1
l9 __q5k2
l10 __q5k4
l11 __q5k0
l12 __q6k2
l13 __q3k2
l14 __q4k3
l15 __q2k0
l16 __q5k1
l17 __q6k4
l18 __q3k1
l19 __q7k0
l20 __q6k1
l21 __q4k2
l22 __q2k2
l23 __q6k3
l24 !__q0k4
l25 __q7k2
l26 __q3k0
l27 __q4k4
l28 __q6k0
l29 __q2k3
l30 __q4k0
o0 g_0
o1 __vp1_0
o2 g_1
o3 __d1_r_0
o4 g_2
o5 __d1_r_2
o6 __d1_r_1
o7 __d1_r_3
o8 g_3
c
Generated by Yosys 0.7+217 (git sha1 5442554, clang 3.8.0-2ubuntu4 -fPIC -Os)

