09:28:17  Namespace(maxK=8, minK=2, moore=False, output=None, spec='./experiments-for-synt/simple_res_arb_3_k1.tlsf', unreal=False, verbose=0)
09:28:17  UCW automaton has 7 states
09:28:17  setting k to 2...
09:28:17  k_reduce
09:28:17  k-LA automaton has 16 states
09:28:17  atm_to_verilog
09:28:17  verilog_to_aiger
09:28:20  synthesize
09:28:20  executing sdf...
09:28:20  sdf completed
09:28:20  setting k to 4...
09:28:20  k_reduce
09:28:20  k-LA automaton has 26 states
09:28:20  atm_to_verilog
09:28:20  verilog_to_aiger
09:28:25  synthesize
09:28:25  executing sdf...
09:28:25  sdf completed
REALIZABLE
aag 595 3 26 7 566
2
4
6
22 203
24 306
26 308
28 316
30 324
32 326
34 328
36 330
38 332
40 334
42 336
44 574
46 576
48 584
50 571
52 586
54 720
56 722
58 724
60 936
62 1056
64 1061
66 785
68 983
70 1062
72 1166
8
10
12
20
18
16
14
74 19 9
76 75 7
78 16 4
80 60 11
82 80 3
84 82 78
86 84 76
88 17 5
90 60 10
92 90 3
94 75 6
96 94 92
98 96 88
100 99 87
102 101 13
104 88 12
106 18 6
108 106 104
110 90 2
112 110 108
114 113 37
116 18 8
118 117 14
120 119 65
122 78 12
124 80 2
126 124 122
128 126 76
130 129 121
132 130 114
134 132 103
136 135 21
138 89 79
140 139 12
142 140 7
144 142 124
146 74 14
148 65 20
150 148 147
152 56 19
154 32 9
156 155 23
158 156 153
160 158 151
162 160 145
164 88 13
166 164 6
168 16 13
170 168 6
172 170 4
174 173 167
176 175 92
178 164 7
180 168 7
182 180 4
184 183 179
186 185 82
188 104 6
190 122 6
192 191 189
194 193 110
196 195 187
198 196 177
200 198 162
202 200 137
204 16 12
206 204 6
208 54 10
210 208 2
212 24 10
214 212 2
216 215 211
218 217 206
220 54 11
222 220 3
224 222 180
226 204 7
228 24 11
230 228 2
232 230 226
234 233 4
236 234 225
238 236 219
240 208 3
242 212 3
244 243 241
246 245 170
248 220 2
250 248 226
252 228 3
254 252 180
256 255 251
258 256 247
260 258 238
262 17 12
264 262 6
266 264 210
268 267 5
270 17 13
272 270 6
274 272 240
276 270 7
278 276 222
280 279 275
282 262 7
284 282 230
286 264 214
288 287 285
290 288 280
292 290 268
294 272 242
296 282 248
298 297 295
300 276 252
302 301 298
304 302 292
306 305 261
308 46 9
310 65 14
312 21 6
314 312 117
316 314 310
318 20 18
320 319 310
322 9 2
324 322 320
326 26 9
328 28 21
330 52 21
332 30 9
334 58 19
336 34 21
338 62 11
340 338 2
342 19 7
344 342 340
346 19 6
348 50 10
350 348 2
352 62 10
354 352 2
356 355 351
358 357 346
360 359 345
362 361 8
364 18 7
366 364 340
368 357 106
370 369 367
372 370 363
374 373 122
376 338 3
378 376 342
380 13 8
382 380 5
384 382 17
386 384 378
388 104 7
390 50 11
392 390 2
394 392 388
396 394 18
398 354 108
400 399 21
402 400 397
404 352 3
406 8 4
408 406 168
410 408 346
412 410 404
414 408 378
416 415 413
418 404 106
420 376 364
422 421 419
424 423 164
426 425 416
428 426 402
430 428 387
432 430 375
434 350 106
436 435 12
438 436 367
440 346 8
442 440 404
444 390 3
446 444 364
448 447 13
450 448 443
452 451 439
454 452 5
456 455 17
458 13 4
460 342 8
462 460 444
464 348 3
466 464 440
468 467 463
470 468 422
472 470 447
474 473 458
476 12 4
478 476 392
480 478 76
482 481 16
484 482 475
486 485 457
488 8 5
490 488 262
492 392 342
494 493 360
496 495 490
498 139 106
500 498 464
502 500 13
504 469 164
506 505 503
508 506 497
510 508 487
512 510 432
514 340 282
516 376 276
518 517 5
520 518 515
522 444 180
524 392 226
526 525 4
528 526 523
530 357 206
532 465 405
534 533 170
536 535 531
538 536 528
540 539 521
542 122 7
544 542 340
546 545 395
548 357 188
550 464 166
552 444 178
554 553 551
556 554 549
558 556 546
560 558 541
562 376 180
564 562 4
566 404 166
568 567 565
570 568 560
572 570 20
574 573 513
576 38 9
578 20 8
580 19 4
582 580 310
584 582 579
586 42 21
588 65 11
590 588 2
592 590 342
594 476 14
596 594 592
598 596 16
600 104 14
602 600 592
604 603 20
606 604 599
608 588 3
610 608 342
612 610 5
614 270 14
616 614 612
618 617 606
620 65 10
622 620 3
624 622 106
626 624 5
628 608 364
630 629 477
632 630 627
634 633 9
636 635 613
638 78 14
640 590 364
642 640 638
644 14 13
646 644 139
648 647 643
650 649 637
652 620 2
654 652 106
656 655 641
658 657 600
660 638 13
662 660 624
664 663 21
666 664 659
668 667 9
670 13 5
672 670 14
674 622 346
676 674 672
678 677 17
680 594 9
682 680 654
684 683 597
686 685 679
688 687 603
690 688 669
692 690 651
694 693 619
696 652 346
698 696 600
700 458 14
702 700 610
704 700 674
706 705 703
708 706 16
710 696 594
712 711 708
714 713 679
716 715 699
718 716 695
720 719 579
722 40 19
724 70 19
726 44 11
728 726 3
730 728 185
732 66 11
734 732 2
736 726 2
738 737 735
740 739 142
742 741 731
744 44 10
746 744 3
748 66 10
750 748 3
752 751 747
754 753 175
756 755 742
758 744 2
760 758 190
762 748 2
764 763 759
766 765 188
768 767 761
770 732 3
772 770 178
774 762 190
776 770 182
778 777 775
780 778 773
782 780 768
784 782 756
786 784 20
788 746 106
790 788 270
792 758 106
794 792 262
796 795 791
798 797 5
800 770 342
802 800 488
804 803 17
806 750 106
808 806 458
810 809 271
812 811 805
814 813 799
816 728 342
818 816 382
820 819 169
822 788 4
824 750 410
826 825 823
828 827 821
830 773 761
832 831 18
834 833 829
836 834 814
838 440 140
840 838 758
842 728 364
844 843 807
846 845 164
848 847 841
850 734 342
852 762 346
854 853 851
856 855 490
858 746 346
860 859 817
862 861 384
864 863 857
866 864 848
868 406 204
870 868 855
872 859 801
874 873 408
876 875 871
878 774 18
880 488 346
882 880 750
884 883 17
886 458 364
888 886 770
890 889 271
892 891 885
894 893 879
896 894 876
898 736 460
900 898 140
902 728 75
904 902 182
906 905 901
908 364 122
910 908 739
912 364 104
914 912 736
916 915 911
918 916 906
920 762 108
922 912 734
924 923 21
926 924 921
928 926 918
930 928 896
932 930 866
934 932 836
936 935 787
938 72 11
940 938 2
942 68 11
944 942 2
946 945 941
948 947 142
950 938 3
952 942 3
954 953 951
956 955 185
958 957 949
960 68 10
962 960 3
964 72 10
966 964 3
968 967 963
970 969 175
972 964 2
974 960 2
976 975 973
978 977 193
980 979 971
982 980 958
984 982 20
986 139 94
988 986 962
990 950 76
992 990 88
994 993 989
996 139 76
998 996 952
1000 966 498
1002 1001 999
1004 1002 994
1006 1005 13
1008 966 346
1010 950 342
1012 1011 1009
1014 1013 408
1016 974 838
1018 944 76
1020 1018 140
1022 1021 21
1024 1022 1017
1026 1024 1015
1028 966 880
1030 1029 17
1032 950 886
1034 1033 271
1036 1035 1031
1038 977 106
1040 940 76
1042 972 440
1044 1043 1041
1046 1044 1039
1048 1047 140
1050 1049 1037
1052 1050 1026
1054 1052 1007
1056 1055 985
1058 579 117
1060 1058 320
1062 48 19
1064 307 20
1066 249 231
1068 1067 342
1070 1068 490
1072 986 242
1074 996 252
1076 1075 1073
1078 1077 13
1080 210 106
1082 214 106
1084 1083 1081
1086 364 248
1088 1087 1084
1090 1089 104
1092 1091 1079
1094 214 140
1096 210 104
1098 1097 1095
1100 1099 346
1102 1100 8
1104 1068 868
1106 1105 1103
1108 880 240
1110 1109 17
1112 886 222
1114 1113 271
1116 1115 1111
1118 1067 364
1120 1119 1084
1122 1121 122
1124 1123 1117
1126 365 78
1128 347 88
1130 1129 1127
1132 77 11
1134 1133 1131
1136 95 10
1138 13 3
1140 1138 54
1142 1140 1137
1144 1142 1134
1146 440 210
1148 1146 122
1150 912 230
1152 1151 21
1154 1152 1149
1156 1154 1145
1158 1156 1124
1160 1158 1106
1162 1160 1092
1164 1162 1071
1166 1165 1065
1168 57 40
1170 57 1169
1172 52 1171
1174 53 56
1176 1173 1175
1178 37 1177
1180 37 1179
1182 65 1180
1184 65 1183
8 1185 1185
10 7 7
12 0 0
20 36 36
1186 36 56
1188 37 1177
1190 1187 1189
18 1191 1191
16 0 0
14 1 1
i0 r_2
i1 r_0
i2 r_1
l0 __bad __qdead
l1 __q6k3
l2 __q5k1
l3 __q4k4
l4 __q5k4
l5 __q5k0
l6 __q4k3
l7 __q4k0
l8 __q5k3
l9 __q3k1
l10 __q4k2
l11 __q2k1
l12 __q5k2
l13 __q3k4
l14 __q6k1
l15 __q4k1
l16 __q2k4
l17 __q3k0
l18 __q3k2
l19 __q2k0
l20 __q2k2
l21 !__q0k4
l22 __q6k0
l23 __q6k2
l24 __q3k3
l25 __q2k3
o0 g_2
o1 __d1_r_1
o2 __d1_r_2
o3 g_1
o4 g_0
o5 __d1_r_0
o6 __vp1_0
c
Generated by Yosys 0.7+217 (git sha1 5442554, clang 3.8.0-2ubuntu4 -fPIC -Os)

