09:49:46  Namespace(bound=128, direct=True, dot=None, incr=True, log=None, size=0, spec='./experiments-for-synt/simple_res_arb_3.py', tmp=False, verbose=0)
09:49:46  check_real
09:49:46  created z3 process: 14406
09:49:46  search
09:49:46  searching a model of size 1..
09:49:46  solving the query..
09:49:46  searching a model of size 2..
09:49:46  solving the query..
09:49:46  searching a model of size 3..
09:49:46  solving the query..
09:49:46  searching a model of size 4..
09:49:46  solving the query..
09:49:49  searching a model of size 5..
09:49:49  solving the query..
09:50:11  FOUND model for sys
09:50:11  digraph module {
 rankdir=LR;

"0" [label="g_0 -g_1 -g_2\n0", fillcolor="green", style=filled]
"1" [label="-g_0 -g_1 -g_2\n1"]
"2" [label="-g_0 g_1 -g_2\n2"]
"3" [label="-g_0 g_1 -g_2\n3"]
"4" [label="-g_0 -g_1 g_2\n4"]
"1" -> "3" [label="r_1 r_0"]
"1" -> "3" [label="-r_2 r_0"]
"1" -> "3" [label="r_2 -r_0"]
"3" -> "4" [label="1"]
"1" -> "1" [label="-r_2 -r_1 -r_0"]
"1" -> "4" [label="r_2 -r_1 r_0"]
"0" -> "2" [label="-r_2 -r_0"]
"0" -> "2" [label="-r_2 -r_1"]
"2" -> "0" [label="-r_2 -r_1 r_0"]
"2" -> "0" [label="-r_2 r_1 -r_0"]
"2" -> "3" [label="r_2"]
"2" -> "1" [label="-r_2 -r_1 -r_0"]
"1" -> "0" [label="-r_2 r_1 -r_0"]
"0" -> "3" [label="r_2"]
"0" -> "3" [label="r_1 r_0"]
"2" -> "4" [label="-r_2 r_1 r_0"]
"4" -> "0" [label="1"]
}
