09:27:17  Namespace(maxK=8, minK=2, moore=False, output=None, spec='./experiments-for-synt/simple_res_arb_3_kmax.tlsf', unreal=False, verbose=0)
09:27:17  UCW automaton has 9 states
09:27:17  setting k to 2...
09:27:17  k_reduce
09:27:17  k-LA automaton has 21 states
09:27:17  atm_to_verilog
09:27:17  verilog_to_aiger
09:27:24  synthesize
09:27:24  executing sdf...
09:27:24  sdf completed
09:27:24  setting k to 4...
09:27:24  k_reduce
09:27:24  k-LA automaton has 35 states
09:27:24  atm_to_verilog
09:27:24  verilog_to_aiger
09:27:36  synthesize
09:27:36  executing sdf...
09:27:36  sdf completed
REALIZABLE
aag 840 3 35 11 802
2
4
6
30 389
32 408
34 451
36 478
38 486
40 492
42 496
44 498
46 677
48 819
50 820
52 824
54 826
56 828
58 915
60 1049
62 1050
64 1052
66 1054
68 1056
70 1058
72 1062
74 1064
76 1066
78 1159
80 1221
82 1222
84 1224
86 1364
88 1453
90 1457
92 1460
94 1464
96 1548
98 1657
8
22
24
26
28
20
18
16
14
12
10
100 23 18
102 100 10
104 9 2
106 104 88
108 106 102
110 9 3
112 110 88
114 112 19
116 115 109
118 17 6
120 118 5
122 23 11
124 123 120
126 124 117
128 16 6
130 22 18
132 130 128
134 106 4
136 134 132
138 137 127
140 139 26
142 128 4
144 143 121
146 26 3
148 146 145
150 88 19
152 150 148
154 29 25
156 91 9
158 91 8
160 158 11
162 161 157
164 163 23
166 164 154
168 167 153
170 168 141
172 15 7
174 21 4
176 20 5
178 177 175
180 13 3
182 180 80
184 182 178
186 184 8
188 12 2
190 188 80
192 190 178
194 21 5
196 194 180
198 196 80
200 123 9
202 200 198
204 203 193
206 204 187
208 207 172
210 16 7
212 210 18
214 212 123
216 214 134
218 22 19
220 218 210
222 220 4
224 17 7
226 224 5
228 226 218
230 229 223
232 231 112
234 233 217
236 235 27
238 237 209
240 238 170
242 14 6
244 20 4
246 244 180
248 246 80
250 244 188
252 250 200
254 253 197
256 255 80
258 257 249
260 259 242
262 184 172
264 64 23
266 265 31
268 82 11
270 76 9
272 271 269
274 272 266
276 274 263
278 27 3
280 278 226
282 280 150
284 26 2
286 284 18
288 286 88
290 142 8
292 290 288
294 293 283
296 294 276
298 28 24
300 298 164
302 10 5
304 23 19
306 304 27
308 306 224
310 308 302
312 310 112
314 313 301
316 314 296
318 288 145
320 194 188
322 80 9
324 242 22
326 324 322
328 326 320
330 329 319
332 210 4
334 333 227
336 27 2
338 336 18
340 338 88
342 340 335
344 172 123
346 344 322
348 346 246
350 349 343
352 350 330
354 332 278
356 354 150
358 299 155
360 156 11
362 360 22
364 362 359
366 365 357
368 242 192
370 22 10
372 371 9
374 373 123
376 374 91
378 377 369
380 378 366
382 380 352
384 382 316
386 384 261
388 386 240
390 284 145
392 391 18
394 336 335
396 395 392
398 281 19
400 398 149
402 400 355
404 403 397
406 61 33
408 407 404
410 393 34
412 410 401
414 87 35
416 278 19
418 417 339
420 419 332
422 338 226
424 423 421
426 425 415
428 146 142
430 429 281
432 431 19
434 286 142
436 146 19
438 437 287
440 439 120
442 441 435
444 442 433
446 445 86
448 447 427
450 448 413
452 14 7
454 15 6
456 455 453
458 456 178
460 189 181
462 461 96
464 188 36
466 465 463
468 467 456
470 452 97
472 180 36
474 472 471
476 475 469
478 477 458
480 160 23
482 481 361
484 358 6
486 484 483
488 79 41
490 461 458
492 490 489
494 47 43
496 495 404
498 68 11
500 110 4
502 500 415
504 502 10
506 210 19
508 506 504
510 104 34
512 302 18
514 512 510
516 110 34
518 302 19
520 518 516
522 521 515
524 523 224
526 525 509
528 527 23
530 415 104
532 226 18
534 532 530
536 19 5
538 536 110
540 415 224
542 540 538
544 543 535
546 545 22
548 104 86
550 548 512
552 23 17
554 552 550
556 110 86
558 556 4
560 218 16
562 560 558
564 563 555
566 565 7
568 214 4
570 568 530
572 516 222
574 573 571
576 574 567
578 576 547
580 578 529
582 581 27
584 451 8
586 304 128
588 586 504
590 548 4
592 128 102
594 592 590
596 130 120
598 596 530
600 599 595
602 600 589
604 593 133
606 510 4
608 606 605
610 118 23
612 610 523
614 613 609
616 614 602
618 617 26
620 26 6
622 218 5
624 622 556
626 624 620
628 550 26
630 556 518
632 631 629
634 27 7
636 635 621
638 637 23
640 638 633
642 641 627
644 643 17
646 620 560
648 646 502
650 620 17
652 110 5
654 652 218
656 654 650
658 656 34
660 130 16
662 660 620
664 662 590
666 665 659
668 666 649
670 668 645
672 670 619
674 672 585
676 674 583
678 78 9
680 678 180
682 680 178
684 188 178
686 684 678
688 687 683
690 689 22
692 40 9
694 692 180
696 23 10
698 696 178
700 698 694
702 194 23
704 188 10
706 704 692
708 706 702
710 244 23
712 704 678
714 712 710
716 715 709
718 716 701
720 685 197
722 78 8
724 722 721
726 40 8
728 726 188
730 722 180
732 731 729
734 733 244
736 712 702
738 737 735
740 738 725
742 740 718
744 742 691
746 745 456
748 692 461
750 748 22
752 750 178
754 321 197
756 754 247
758 757 726
760 680 10
762 760 702
764 692 10
766 188 4
768 23 20
770 768 766
772 770 764
774 773 763
776 774 759
778 776 753
780 779 172
782 702 242
784 710 456
786 785 783
788 787 760
790 706 23
792 791 751
794 6 4
796 20 14
798 796 794
800 798 793
802 801 789
804 22 5
806 804 21
808 806 748
810 809 759
812 811 242
814 813 802
816 814 781
818 816 747
820 74 23
822 53 49
824 823 490
826 44 11
828 72 23
830 52 9
832 830 684
834 830 246
836 48 9
838 836 180
840 838 178
842 841 835
844 842 833
846 845 22
848 178 23
850 836 704
852 830 704
854 853 851
856 855 848
858 52 8
860 48 8
862 861 859
864 863 246
866 858 684
868 867 865
870 868 857
872 870 847
874 873 456
876 860 721
878 684 22
880 878 836
882 881 877
884 838 698
886 858 196
888 830 196
890 22 14
892 890 888
894 893 887
896 894 885
898 896 882
900 899 456
902 830 180
904 902 10
906 904 787
908 888 344
910 909 907
912 910 901
914 912 875
916 99 67
918 917 104
920 918 512
922 652 10
924 922 917
926 924 19
928 927 921
930 929 610
932 918 4
934 932 132
936 935 26
938 500 10
940 938 66
942 940 586
944 142 102
946 945 597
948 947 918
950 949 943
952 950 936
954 952 931
956 224 18
958 957 22
960 652 66
962 960 224
964 963 958
966 940 506
968 104 66
970 968 804
972 971 219
974 972 967
976 975 965
978 932 214
980 500 220
982 980 917
984 224 100
986 984 302
988 986 918
990 989 27
992 990 983
994 992 979
996 994 977
998 997 955
1000 646 500
1002 1001 657
1004 404 8
1006 1005 1002
1008 1007 917
1010 938 98
1012 1010 210
1014 1013 23
1016 652 98
1018 1016 224
1020 1019 958
1022 101 27
1024 104 98
1026 1024 5
1028 1027 18
1030 1029 1022
1032 1030 1021
1034 1032 1015
1036 586 26
1038 1036 1010
1040 924 308
1042 1041 1039
1044 1042 1035
1046 1044 1009
1048 1046 999
1050 92 9
1052 50 23
1054 917 404
1056 38 11
1058 62 9
1060 358 4
1062 1060 164
1064 56 23
1066 84 9
1068 96 9
1070 1068 180
1072 1070 178
1074 36 9
1076 685 247
1078 1077 1074
1080 1079 1073
1082 1081 22
1084 96 8
1086 1084 721
1088 1068 878
1090 1089 1087
1092 1074 704
1094 1070 10
1096 1095 1093
1098 1097 702
1100 1074 180
1102 1100 806
1104 36 8
1106 1104 246
1108 1107 1103
1110 1108 1099
1112 1110 1090
1114 1068 704
1116 1114 710
1118 1092 710
1120 1119 1117
1122 1104 755
1124 1123 1120
1126 1084 246
1128 1094 710
1130 1129 1127
1132 1104 250
1134 1114 702
1136 1135 1133
1138 1136 1130
1140 1138 1124
1142 1140 1112
1144 1142 1083
1146 1145 456
1148 1100 10
1150 1148 787
1152 702 172
1154 1152 1148
1156 1155 1151
1158 1156 1147
1160 94 9
1162 1160 180
1164 1162 10
1166 1153 786
1168 1167 1164
1170 461 178
1172 1170 94
1174 1170 58
1176 1175 1173
1178 1177 8
1180 1162 194
1182 1162 20
1184 58 9
1186 1184 180
1188 1160 188
1190 1189 1187
1192 1190 1183
1194 1193 178
1196 1195 1181
1198 1197 22
1200 1191 698
1202 704 702
1204 710 704
1206 1205 1203
1208 1206 879
1210 1209 1184
1212 1211 1201
1214 1212 1199
1216 1214 1179
1218 1217 456
1220 1219 1169
1222 54 11
1224 70 9
1226 371 91
1228 1226 500
1230 1228 19
1232 104 91
1234 1232 4
1236 1235 100
1238 18 11
1240 1238 1234
1242 1241 22
1244 160 3
1246 1244 4
1248 1247 19
1250 1249 1243
1252 1250 1237
1254 1253 1231
1256 1255 128
1258 18 5
1260 1258 1232
1262 118 11
1264 1262 1260
1266 128 100
1268 160 2
1270 1268 4
1272 1270 1266
1274 1273 1265
1276 538 91
1278 1277 1261
1280 1244 536
1282 1281 1278
1284 1283 610
1286 1285 1274
1288 1286 1257
1290 26 25
1292 1290 1289
1294 27 25
1296 1294 23
1298 1271 1235
1300 1299 212
1302 1279 224
1304 1303 1301
1306 1305 1296
1308 1296 1244
1310 1308 4
1312 1294 1228
1314 1313 1311
1316 1315 506
1318 1294 22
1320 1318 224
1322 650 25
1324 1322 22
1326 1324 1276
1328 1327 1321
1330 1279 11
1332 1330 1329
1334 1268 5
1336 1322 100
1338 1294 984
1340 1339 1337
1342 1341 1334
1344 536 224
1346 1344 1308
1348 1318 210
1350 1348 1240
1352 1351 1347
1354 1352 1343
1356 1354 1333
1358 1356 1317
1360 1358 1307
1362 1360 1293
1364 1363 28
1366 407 110
1368 1366 310
1370 1036 938
1372 1371 1002
1374 1373 60
1376 1375 1369
1378 654 60
1380 110 32
1382 1380 622
1384 407 104
1386 1384 5
1388 131 103
1390 1389 1386
1392 1391 1383
1394 1392 1379
1396 1395 224
1398 304 210
1400 1398 407
1402 1400 938
1404 1384 4
1406 1404 214
1408 1366 222
1410 1409 1407
1412 1410 1403
1414 1412 1397
1416 1415 27
1418 1417 1376
1420 696 407
1422 1420 538
1424 1423 1392
1426 1425 118
1428 1404 605
1430 500 32
1432 1430 10
1434 1432 586
1436 218 128
1438 1436 1430
1440 1439 1435
1442 1440 1429
1444 1442 1427
1446 1445 26
1448 408 8
1450 1449 1447
1452 1450 1418
1454 363 165
1456 1455 358
1458 1232 358
1460 1458 371
1462 95 59
1464 1463 490
1466 371 156
1468 6 5
1470 1468 14
1472 1470 1466
1474 1472 461
1476 1475 21
1478 766 160
1480 172 23
1482 1480 1478
1484 794 188
1486 1484 1466
1488 1487 796
1490 180 4
1492 1490 480
1494 1228 13
1496 1495 1493
1498 1497 6
1500 1499 1488
1502 1490 164
1504 1503 15
1506 1505 455
1508 1506 1501
1510 1509 1483
1512 1511 1477
1514 156 15
1516 1515 481
1518 769 455
1520 1518 178
1522 23 7
1524 1522 156
1526 1524 250
1528 1527 1521
1530 453 371
1532 1530 461
1534 1532 1529
1536 1534 1517
1538 768 242
1540 1538 1478
1542 1541 1537
1544 1542 1513
1546 29 24
1548 1546 1545
1550 496 8
1552 938 42
1554 1552 506
1556 104 42
1558 1556 804
1560 1559 219
1562 1560 1555
1564 652 42
1566 1564 224
1568 1567 958
1570 1569 1563
1572 495 104
1574 1572 4
1576 1574 214
1578 500 495
1580 1578 220
1582 1581 1577
1584 1572 986
1586 1585 27
1588 1586 1582
1590 1588 1571
1592 1572 512
1594 495 19
1596 1594 922
1598 1597 1593
1600 1599 610
1602 1572 947
1604 1552 586
1606 1574 132
1608 1607 26
1610 1608 1605
1612 1610 1603
1614 1612 1601
1616 1615 1591
1618 922 308
1620 1619 1002
1622 1621 495
1624 938 46
1626 1624 210
1628 1627 23
1630 46 5
1632 224 110
1634 1632 1630
1636 1635 958
1638 1630 104
1640 1639 18
1642 1641 1022
1644 1642 1637
1646 1644 1629
1648 1624 1036
1650 1649 1647
1652 1650 1623
1654 1652 1617
1656 1654 1551
1658 84 82
1660 1659 84
1662 65 1661
1664 65 1663
1666 77 1664
1668 77 1667
8 1669 1669
22 64 64
24 1 1
26 0 0
28 0 0
20 0 0
18 0 0
16 5 5
14 0 0
12 3 3
1670 64 82
1672 65 1661
1674 1671 1673
1676 76 82
1678 77 1675
1680 1677 1679
10 1681 1681
i0 r_2
i1 r_0
i2 r_1
l0 __bad __qdead
l1 __q8k0
l2 __q8k3
l3 __q7k3
l4 __q3k4
l5 __q7k2
l6 __q8k2
l7 __q3k2
l8 __q6k3
l9 __q5k2
l10 __q4k1
l11 __q7k1
l12 __q3k1
l13 __q4k3
l14 __q5k1
l15 __q6k1
l16 __q2k3
l17 __q4k0
l18 __q8k1
l19 __q3k3
l20 __q2k2
l21 __q4k4
l22 __q4k2
l23 __q2k0
l24 __q5k3
l25 __q5k0
l26 __q3k0
l27 __q2k1
l28 __q6k4
l29 __q6k0
l30 !__q0k4
l31 __q2k4
l32 __q7k0
l33 __q5k4
l34 __q6k2
o0 g_2
o1 g_0
o2 __vp1_0
o3 __d2_r_1
o4 __vp1_1
o5 __d1_r_0
o6 __d2_r_2
o7 __d2_r_0
o8 __d1_r_1
o9 __d1_r_2
o10 g_1
c
Generated by Yosys 0.7+217 (git sha1 5442554, clang 3.8.0-2ubuntu4 -fPIC -Os)

