09:27:17  Namespace(maxK=8, minK=2, moore=False, output=None, spec='./experiments-for-synt/simple_res_arb_4_kmax.tlsf', unreal=False, verbose=0)
09:27:18  UCW automaton has 10 states
09:27:18  setting k to 2...
09:27:18  k_reduce
09:27:18  k-LA automaton has 24 states
09:27:18  atm_to_verilog
09:27:18  verilog_to_aiger
09:27:39  synthesize
09:27:39  executing sdf...
09:27:39  sdf completed
09:27:39  setting k to 4...
09:27:39  k_reduce
09:27:39  k-LA automaton has 40 states
09:27:39  atm_to_verilog
09:27:39  verilog_to_aiger
09:28:17  synthesize
09:28:17  executing sdf...
09:28:17  sdf completed
REALIZABLE
aag 2259 4 40 14 2215
2
4
6
8
38 561
40 562
42 564
44 951
46 1513
48 1722
50 1760
52 1802
54 2085
56 2086
58 2088
60 2090
62 2259
64 2263
66 2593
68 2861
70 2862
72 2880
74 2885
76 2886
78 2888
80 3057
82 3058
84 3066
86 3068
88 3074
90 3339
92 3593
94 3594
96 3601
98 3621
100 3622
102 3634
104 4075
106 4076
108 4078
110 4117
112 4427
114 4428
116 4430
10
12
14
16
30
32
34
36
28
26
24
22
20
18
118 32 4
120 24 8
122 54 3
124 17 12
126 124 6
128 126 122
130 128 120
132 130 118
134 18 15
136 120 27
138 136 134
140 54 2
142 16 12
144 142 6
146 144 140
148 33 5
150 148 37
152 150 146
154 152 138
156 155 133
158 118 37
160 158 128
162 160 138
164 25 9
166 16 13
168 166 7
170 168 140
172 170 164
174 37 27
176 174 134
178 176 148
180 178 172
182 181 163
184 182 156
186 172 148
188 20 6
190 112 2
192 190 188
194 30 28
196 22 8
198 196 194
200 198 4
202 23 9
204 202 194
206 204 4
208 207 201
210 209 192
212 211 187
214 26 15
216 17 13
218 216 7
220 218 122
222 148 120
224 222 220
226 224 214
228 31 28
230 228 196
232 230 174
234 112 3
236 234 6
238 20 4
240 238 134
242 240 236
244 242 232
246 245 227
248 246 212
250 248 184
252 198 5
254 21 6
256 254 190
258 256 252
260 258 176
262 27 15
264 262 18
266 264 164
268 266 160
270 269 261
272 164 128
274 36 27
276 274 15
278 276 148
280 278 272
282 228 202
284 282 174
286 284 242
288 287 281
290 288 270
292 258 214
294 276 252
296 294 256
298 297 293
300 175 15
302 196 4
304 302 228
306 234 188
308 306 304
310 308 300
312 20 7
314 312 234
316 31 29
318 316 302
320 318 314
322 320 176
324 323 311
326 324 298
328 326 290
330 328 250
332 164 146
334 333 173
336 335 278
338 332 148
340 165 121
342 341 118
344 342 146
346 345 339
348 35 10
350 34 11
352 351 349
354 37 15
356 355 175
358 356 263
360 174 15
362 361 18
364 363 359
366 364 353
368 367 73
370 369 346
372 370 337
374 254 234
376 282 5
378 376 374
380 190 20
382 380 302
384 15 7
386 30 29
388 386 26
390 388 384
392 390 382
394 393 379
396 204 5
398 396 256
400 316 202
402 400 4
404 402 314
406 405 399
408 406 394
410 21 7
412 410 190
414 386 202
416 414 5
418 416 412
420 94 27
422 40 19
424 423 421
426 114 15
428 427 39
430 428 424
432 430 419
434 15 6
436 194 26
438 436 434
440 438 382
442 441 321
444 442 432
446 444 408
448 196 5
450 448 228
452 450 374
454 410 234
456 448 316
458 456 454
460 459 453
462 309 259
464 462 460
466 282 4
468 466 306
470 469 225
472 400 5
474 472 454
476 448 386
478 476 412
480 479 475
482 480 470
484 482 464
486 484 446
488 486 372
490 488 330
492 171 147
494 493 120
496 332 176
498 220 164
500 273 131
502 500 499
504 502 497
506 504 495
508 507 148
510 214 146
512 511 171
514 512 221
516 515 341
518 300 130
520 519 273
522 520 517
524 523 118
526 414 4
528 386 302
530 529 527
532 380 7
534 532 531
536 469 419
538 536 187
540 539 214
542 541 535
544 398 264
546 545 71
548 547 37
550 347 14
552 551 549
554 552 542
556 554 525
558 556 509
560 558 490
562 60 19
564 78 37
566 37 34
568 73 11
570 568 3
572 570 21
574 572 384
576 26 19
578 576 316
580 578 574
582 568 2
584 582 21
586 584 384
588 576 386
590 588 586
592 591 581
594 572 434
596 576 228
598 596 594
600 584 434
602 436 19
604 602 600
606 605 599
608 606 592
610 609 202
612 599 581
614 613 196
616 198 27
618 616 600
620 576 198
622 620 600
624 623 619
626 19 14
628 626 7
630 628 572
632 316 27
634 203 197
636 635 632
638 636 630
640 204 27
642 626 6
644 642 584
646 644 640
648 647 639
650 648 624
652 400 27
654 652 574
656 230 27
658 642 572
660 658 656
662 661 655
664 282 27
666 664 594
668 414 27
670 668 586
672 671 667
674 672 662
676 674 650
678 676 615
680 678 611
682 681 5
684 228 27
686 570 20
688 686 642
690 688 684
692 582 20
694 194 27
696 694 642
698 696 692
700 699 691
702 701 202
704 686 384
706 704 652
708 692 384
710 386 196
712 710 576
714 712 708
716 715 707
718 716 703
720 719 4
722 721 683
724 723 566
726 36 19
728 34 5
730 728 656
732 730 594
734 316 196
736 734 27
738 736 574
740 619 5
742 671 655
744 742 740
746 744 739
748 686 434
750 684 635
752 750 748
754 710 27
756 754 708
758 757 4
760 758 753
762 761 34
764 762 747
766 765 733
768 767 726
770 34 4
772 770 756
774 754 586
776 775 739
778 777 728
780 779 773
782 781 37
784 728 37
786 640 600
788 786 784
790 770 37
792 790 656
794 792 748
796 770 726
798 796 736
800 798 704
802 801 795
804 784 712
806 804 586
808 174 34
810 808 252
812 810 644
814 813 807
816 814 802
818 816 789
820 628 584
822 820 784
824 692 628
826 824 790
828 827 823
830 829 754
832 790 686
834 636 628
836 834 832
838 588 202
840 838 790
842 840 708
844 843 837
846 792 688
848 26 18
850 849 384
852 850 734
854 852 832
856 855 847
858 856 844
860 858 831
862 860 818
864 708 668
866 692 434
868 866 640
870 869 865
872 866 616
874 873 707
876 874 870
878 877 796
880 775 667
882 880 787
884 728 726
886 884 883
888 887 879
890 888 862
892 890 783
894 820 668
896 664 658
898 897 895
900 899 728
902 748 664
904 903 873
906 905 770
908 907 733
910 908 901
912 911 37
914 748 596
916 866 602
918 917 915
920 704 578
922 921 918
924 923 202
926 915 699
928 927 196
930 824 668
932 866 620
934 933 931
936 934 870
938 936 929
940 938 925
942 941 790
944 943 913
946 944 892
948 946 769
950 948 725
952 50 3
954 952 6
956 635 228
958 956 954
960 50 2
962 960 6
964 635 194
966 964 962
968 960 7
970 968 710
972 971 967
974 972 959
976 975 20
978 66 2
980 978 188
982 980 198
984 960 312
986 984 414
988 978 312
990 988 414
992 991 987
994 992 983
996 980 204
998 988 710
1000 999 997
1002 1000 994
1004 1002 977
1006 1005 14
1008 20 15
1010 1008 962
1012 1010 202
1014 196 15
1016 1014 980
1018 1017 1013
1020 1019 436
1022 37 19
1024 952 312
1026 1024 1014
1028 1026 632
1030 1012 694
1032 1031 1029
1034 1033 1023
1036 228 26
1038 202 15
1040 952 188
1042 1040 1038
1044 635 15
1046 66 3
1048 1046 188
1050 1048 1044
1052 1051 1043
1054 1053 1036
1056 1055 1035
1058 1056 1021
1060 1040 1014
1062 1023 684
1064 1063 1037
1066 1065 1060
1068 400 263
1070 1068 1024
1072 986 176
1074 734 14
1076 1074 1024
1078 1077 1073
1080 1078 1071
1082 1080 1067
1084 316 26
1086 1046 312
1088 1086 1044
1090 1089 1027
1092 1091 1084
1094 1010 196
1096 1038 980
1098 1097 1095
1100 1099 436
1102 1101 1093
1104 20 14
1106 1046 7
1108 635 316
1110 1108 1106
1112 1046 6
1114 1112 956
1116 1115 1111
1118 1117 1104
1120 989 985
1122 1121 1038
1124 1014 988
1126 1014 984
1128 1127 1125
1130 1128 1123
1132 1131 388
1134 1133 1119
1136 1134 1102
1138 1136 1082
1140 1138 1058
1142 1140 1007
1144 1143 4
1146 978 254
1148 1146 204
1150 978 410
1152 1150 710
1154 1153 1149
1156 1046 410
1158 1156 1108
1160 1159 1154
1162 952 410
1164 1162 1108
1166 960 410
1168 1166 710
1170 1169 1165
1172 960 254
1174 1172 204
1176 1173 1147
1178 1177 198
1180 1179 1175
1182 1046 254
1184 952 254
1186 1185 1183
1188 1187 956
1190 1167 1151
1192 1191 414
1194 1193 1189
1196 1194 1180
1198 1196 1170
1200 1198 1160
1202 1201 14
1204 1184 230
1206 1156 734
1208 1207 1153
1210 1208 1205
1212 970 21
1214 1213 1193
1216 1214 1210
1218 1217 214
1220 1182 1036
1222 1220 1044
1224 1162 400
1226 1224 276
1228 1227 1223
1230 198 176
1232 1230 1172
1234 1022 27
1236 1235 15
1238 1184 282
1240 1238 1236
1242 1241 1233
1244 1242 1228
1246 1174 276
1248 1174 176
1250 1249 1247
1252 1250 1244
1254 436 15
1256 1172 198
1258 1256 276
1260 1259 1255
1262 1177 196
1264 1172 202
1266 1146 1038
1268 1267 1265
1270 1268 1263
1272 1271 1261
1274 1156 1038
1276 1162 1044
1278 1277 1275
1280 1279 1084
1282 1281 1273
1284 1282 1252
1286 1284 1219
1288 1286 1203
1290 1289 5
1292 37 18
1294 684 5
1296 1184 1014
1298 1296 1294
1300 27 4
1302 1300 316
1304 1302 1038
1306 1304 1024
1308 1307 1299
1310 1309 1292
1312 1162 1014
1314 1313 1275
1316 274 5
1318 1316 316
1320 1318 1315
1322 1049 1041
1324 1323 176
1326 1324 466
1328 276 5
1330 1328 1192
1332 1331 1327
1334 1332 1321
1336 472 174
1338 1162 134
1340 1338 1336
1342 37 5
1344 1342 134
1346 1344 668
1348 1346 1191
1350 1349 1341
1352 1156 134
1354 1353 1339
1356 1342 736
1358 1356 1355
1360 304 176
1362 1360 1048
1364 1363 1359
1366 1364 1350
1368 1366 1334
1370 1368 1311
1372 694 4
1374 1372 1094
1376 1294 1182
1378 1376 1038
1380 1379 1375
1382 1086 1014
1384 1382 1302
1386 694 5
1388 1386 1266
1390 1300 386
1392 1390 1038
1394 1392 988
1396 1395 1389
1398 1396 1385
1400 1398 1380
1402 1401 1292
1404 1328 1206
1406 1390 1023
1408 1406 1126
1410 1409 1405
1412 1146 198
1414 1344 27
1416 1414 1412
1418 1166 5
1420 1023 196
1422 386 262
1424 1422 1420
1426 1424 1418
1428 1427 1417
1430 1428 1410
1432 1146 294
1434 1352 1336
1436 1435 1433
1438 1436 1430
1440 36 4
1442 1440 684
1444 1442 1053
1446 1372 1096
1448 1447 1299
1450 1449 36
1452 1451 1445
1454 1452 1438
1456 1454 1403
1458 1456 1370
1460 1390 1124
1462 262 4
1464 1462 986
1466 1465 1461
1468 1466 1375
1470 1376 1044
1472 1471 1307
1474 1472 1468
1476 1304 1086
1478 1372 1016
1480 1422 1150
1482 1480 448
1484 1483 1479
1486 1484 1477
1488 1486 1398
1490 1488 1474
1492 1491 36
1494 1461 1447
1496 1495 37
1498 1376 1014
1500 1499 1486
1502 1500 1497
1504 1503 18
1506 1505 1493
1508 1506 1458
1510 1508 1291
1512 1510 1145
1514 726 148
1516 1515 577
1518 149 119
1520 1519 37
1522 73 10
1524 1522 3
1526 1524 124
1528 434 341
1530 1528 1526
1532 1530 1520
1534 1522 2
1536 1534 166
1538 1536 384
1540 1538 120
1542 1540 158
1544 1543 1533
1546 1545 26
1548 1538 164
1550 1534 142
1552 1550 434
1554 1552 120
1556 1555 1549
1558 1521 26
1560 1559 1557
1562 1561 1547
1564 1563 1517
1566 1524 216
1568 1566 384
1570 1568 164
1572 1552 164
1574 1573 1571
1576 576 150
1578 576 158
1580 1579 1577
1582 1581 1575
1584 1571 1531
1586 726 118
1588 1586 27
1590 1520 27
1592 1591 1589
1594 1593 1585
1596 1526 642
1598 1566 628
1600 1599 1553
1602 1600 1597
1604 1520 136
1606 1604 1603
1608 1607 1595
1610 1608 1583
1612 1536 628
1614 164 27
1616 1614 1520
1618 150 136
1620 1619 1617
1622 1621 1612
1624 1588 1572
1626 1625 1623
1628 1568 120
1630 1628 1578
1632 1519 27
1634 36 18
1636 1343 120
1638 1636 1635
1640 1638 1632
1642 1614 158
1644 1643 1619
1646 1644 1641
1648 1647 1538
1650 1649 1631
1652 1650 1626
1654 1550 642
1656 1655 1597
1658 1657 1616
1660 1616 1552
1662 1642 1598
1664 1663 1661
1666 1664 1659
1668 1628 1576
1670 1614 150
1672 1576 120
1674 1673 1671
1676 1675 1538
1678 1677 1669
1680 1678 1666
1682 1680 1652
1684 1682 1610
1686 1684 1565
1688 1612 4
1690 1689 1655
1692 1691 120
1694 1598 164
1696 1694 5
1698 1697 1693
1700 1699 1520
1702 1574 1531
1704 1703 1514
1706 1635 1519
1708 1706 1628
1710 1586 1557
1712 1711 1709
1714 1712 1705
1716 1714 1701
1718 1717 27
1720 1719 1686
1722 1721 35
1724 1154 5
1726 1724 1198
1728 1726 1159
1730 1111 967
1732 1731 20
1734 1040 230
1736 1735 1049
1738 1737 956
1740 1739 1733
1742 1121 710
1744 1040 282
1746 1745 997
1748 1108 1024
1750 1749 4
1752 1750 1746
1754 1752 1743
1756 1754 1740
1758 1756 994
1760 1759 1729
1762 1522 35
1764 1022 214
1766 1764 1762
1768 626 174
1770 1768 1762
1772 1771 1767
1774 1762 262
1776 1774 37
1778 568 566
1780 626 27
1782 1780 1778
1784 1783 1777
1786 262 73
1788 1786 350
1790 1788 37
1792 214 19
1794 1792 1778
1796 1795 1791
1798 1796 1784
1800 1798 1772
1802 1801 4
1804 64 2
1806 1804 144
1808 1806 164
1810 1808 148
1812 1811 119
1814 68 3
1816 1814 218
1818 1816 164
1820 68 2
1822 1820 144
1824 1822 164
1826 1825 1819
1828 64 3
1830 1828 126
1832 1830 164
1834 1828 218
1836 1834 164
1838 1837 1809
1840 1838 1833
1842 1840 1826
1844 1843 1813
1846 1822 120
1848 1846 1519
1850 1832 148
1852 1851 1849
1854 1852 1845
1856 1814 126
1858 1856 120
1860 1820 168
1862 1860 120
1864 1863 1859
1866 1804 168
1868 1866 120
1870 1866 164
1872 1871 1869
1874 1834 120
1876 1816 120
1878 1877 1875
1880 1878 1872
1882 1880 1864
1884 1883 118
1886 1875 1837
1888 1886 1859
1890 1888 1871
1892 1863 1819
1894 1830 120
1896 1895 1869
1898 1896 1892
1900 1898 1890
1902 1901 148
1904 1894 32
1906 1806 120
1908 1856 164
1910 1860 164
1912 1911 1909
1914 1912 1907
1916 1914 1905
1918 1917 1519
1920 1919 1903
1922 1920 1885
1924 1922 1854
1926 1925 14
1928 1519 264
1930 1871 1833
1932 1930 1912
1934 1875 1869
1936 1907 1837
1938 1936 1934
1940 1938 1932
1942 1893 32
1944 1895 1877
1946 1859 1847
1948 1946 1944
1950 1948 1943
1952 1950 1940
1954 1953 1928
1956 262 148
1958 1956 1893
1960 1519 262
1962 1960 1808
1964 1960 1824
1966 1965 1963
1968 1966 1959
1970 1969 18
1972 1971 37
1974 1972 1955
1976 262 118
1978 1896 1809
1980 1847 1819
1982 1980 1936
1984 1982 1978
1986 1984 1932
1988 1987 1976
1990 1877 1863
1992 1895 1809
1994 1992 1990
1996 1994 1934
1998 1997 1956
2000 1965 36
2002 2000 1999
2004 2002 1989
2006 2005 1975
2008 1980 1932
2010 2009 276
2012 1909 1877
2014 1869 1863
2016 2014 2012
2018 1992 1826
2020 2018 2016
2022 2021 214
2024 1832 214
2026 1937 214
2028 2027 2025
2030 1877 1825
2032 2031 14
2034 1874 214
2036 2035 2033
2038 2036 2028
2040 2038 2023
2042 2040 2011
2044 2043 148
2046 1991 276
2048 2047 2028
2050 2048 2023
2052 2051 118
2054 1519 214
2056 1911 1871
2058 2056 1847
2060 2059 2054
2062 300 118
2064 2062 1874
2066 1858 300
2068 2066 1519
2070 2069 2065
2072 1937 278
2074 2073 2070
2076 2074 2061
2078 2076 2053
2080 2078 2045
2082 2080 2007
2084 2082 1927
2086 86 19
2088 84 15
2090 56 19
2092 62 3
2094 2092 410
2096 2094 472
2098 62 2
2100 2098 410
2102 2100 476
2104 2103 2097
2106 2092 312
2108 2106 402
2110 21 5
2112 2098 6
2114 2112 2110
2116 2114 198
2118 2117 2109
2120 2118 2104
2122 44 3
2124 2122 410
2126 2124 456
2128 2122 312
2130 2128 402
2132 2131 2127
2134 2098 188
2136 2134 200
2138 2134 206
2140 2139 2137
2142 2140 2132
2144 2142 2120
2146 2122 188
2148 2146 466
2150 2124 472
2152 2151 2149
2154 2106 318
2156 44 2
2158 2156 7
2160 2158 21
2162 2160 476
2164 2163 2155
2166 2164 2152
2168 2092 188
2170 2168 466
2172 2100 416
2174 2173 2171
2176 2092 254
2178 2176 450
2180 2122 254
2182 2180 450
2184 2183 2179
2186 2184 2174
2188 2186 2166
2190 2188 2144
2192 2128 318
2194 2156 6
2196 2194 2110
2198 2196 204
2200 2199 2193
2202 2146 304
2204 2196 198
2206 2205 2203
2208 2206 2200
2210 964 238
2212 2210 2194
2214 2158 20
2216 2098 312
2218 2217 2215
2220 2219 528
2222 2221 2213
2224 2222 2208
2226 2094 456
2228 2168 304
2230 2229 2227
2232 2176 376
2234 2114 204
2236 2235 2233
2238 2236 2230
2240 2216 526
2242 2214 526
2244 2243 2241
2246 2180 376
2248 2160 416
2250 2249 2247
2252 2250 2244
2254 2252 2238
2256 2254 2224
2258 2256 2190
2260 2031 148
2262 2261 1924
2264 215 177
2266 2265 2178
2268 21 14
2270 2268 252
2272 2270 2194
2274 2273 2267
2276 2226 276
2278 1300 1023
2280 2278 204
2282 2194 1008
2284 2134 15
2286 2285 2283
2288 2287 2280
2290 2289 2277
2292 2290 2274
2294 2192 276
2296 2178 276
2298 2297 2295
2300 2154 176
2302 2136 14
2304 2303 2301
2306 2304 2298
2308 2306 2292
2310 2247 2171
2312 2310 2200
2314 2313 176
2316 2270 2112
2318 2202 176
2320 2319 2317
2322 2096 14
2324 1392 1023
2326 2324 2214
2328 2327 2323
2330 2328 2320
2332 2330 2315
2334 2332 2308
2336 2231 214
2338 2199 2127
2340 2339 300
2342 2341 2337
2344 2194 1104
2346 2344 200
2348 2216 1014
2350 2348 1406
2352 2351 2347
2354 2196 1230
2356 2128 14
2358 2356 318
2360 2359 2355
2362 2360 2352
2364 2108 300
2366 1344 736
2368 2366 2094
2370 2369 2365
2372 2370 2362
2374 2372 2342
2376 2102 214
2378 1023 262
2380 2379 27
2382 2381 2182
2384 2383 2377
2386 2130 1236
2388 2161 2101
2390 2389 1346
2392 2391 2387
2394 2392 2384
2396 1008 710
2398 2396 2158
2400 2398 2278
2402 2168 1360
2404 2403 2401
2406 2366 2124
2408 2378 2162
2410 2409 2407
2412 2410 2404
2414 2412 2394
2416 2414 2374
2418 2416 2334
2420 2249 2117
2422 2236 2206
2424 2422 2420
2426 2247 2097
2428 2426 2193
2430 2428 2166
2432 2430 2424
2434 2433 214
2436 2155 2152
2438 2206 2104
2440 2438 2420
2442 2440 2436
2444 2443 276
2446 2445 2435
2448 2446 2418
2450 2227 2199
2452 2450 2250
2454 2452 2244
2456 2124 5
2458 2456 1108
2460 2459 2164
2462 2149 2103
2464 2462 2236
2466 2464 2460
2468 2466 2186
2470 2468 2454
2472 2471 14
2474 198 15
2476 2474 2134
2478 1038 386
2480 2478 2216
2482 2481 2477
2484 2478 2214
2486 2485 2399
2488 2282 204
2490 2489 2486
2492 2490 2482
2494 2493 26
2496 2282 196
2498 2496 436
2500 1104 710
2502 2098 7
2504 2502 2500
2506 1104 204
2508 2506 2112
2510 2509 2505
2512 2510 2499
2514 2500 2158
2516 2356 400
2518 2344 204
2520 2122 6
2522 1104 230
2524 2522 2520
2526 2525 2519
2528 2526 2517
2530 2528 2515
2532 2348 388
2534 214 204
2536 2534 2134
2538 400 14
2540 2538 2106
2542 2092 6
2544 2542 2522
2546 2545 2541
2548 2546 2537
2550 2548 2533
2552 2550 2530
2554 2552 2512
2556 2554 2495
2558 2557 4
2560 2496 1372
2562 2237 262
2564 2563 2561
2566 2565 1023
2568 2152 2120
2570 2569 176
2572 2175 300
2574 2483 2278
2576 2247 2229
2578 2577 276
2580 2579 2575
2582 2580 2573
2584 2582 2571
2586 2584 2567
2588 2586 2559
2590 2588 2473
2592 2590 2448
2594 90 3
2596 2594 218
2598 2596 164
2600 74 2
2602 2600 168
2604 2602 164
2606 2605 2599
2608 2600 144
2610 2608 120
2612 74 3
2614 2612 126
2616 2614 164
2618 2612 218
2620 2618 164
2622 2621 2617
2624 2622 2611
2626 2624 2606
2628 2627 118
2630 90 2
2632 2630 168
2634 2632 120
2636 2632 164
2638 2637 2635
2640 2602 120
2642 2614 120
2644 2643 2641
2646 2644 2638
2648 2594 126
2650 2648 164
2652 2596 120
2654 2653 2651
2656 2648 120
2658 2630 144
2660 2658 120
2662 2661 2657
2664 2662 2654
2666 2664 2646
2668 2667 1519
2670 2598 148
2672 2618 120
2674 2672 118
2676 2604 148
2678 2677 2675
2680 2678 2671
2682 2618 341
2684 2682 148
2686 2658 164
2688 2686 1519
2690 2689 2685
2692 2690 2680
2694 2692 2669
2696 2694 2629
2698 2697 14
2700 1519 276
2702 2608 164
2704 2703 2611
2706 2704 2622
2708 2687 2651
2710 2673 2635
2712 2710 2708
2714 2712 2706
2716 2661 2599
2718 2717 32
2720 2719 2714
2722 2721 2700
2724 2617 2611
2726 2725 148
2728 2726 14
2730 276 118
2732 2730 2604
2734 2636 278
2736 2610 2054
2738 2737 2735
2740 2738 2733
2742 2740 2729
2744 2653 2637
2746 2744 2641
2748 2747 2730
2750 2653 2641
2752 2750 2605
2754 2753 278
2756 2755 2749
2758 2756 2742
2760 2661 2635
2762 2673 2621
2764 2762 2605
2766 2764 2760
2768 2641 2599
2770 2768 2744
2772 2770 2766
2774 2773 2054
2776 2717 278
2778 2702 1519
2780 2778 14
2782 2657 2643
2784 2783 2700
2786 2785 2781
2788 2786 2777
2790 2788 2775
2792 2790 2758
2794 2792 2723
2796 1519 176
2798 2643 2605
2800 2798 2768
2802 2800 2710
2804 2803 1519
2806 2744 2621
2808 2702 118
2810 2809 2662
2812 2724 2708
2814 2812 2810
2816 2814 2806
2818 2816 2805
2820 2819 2796
2822 214 118
2824 2702 178
2826 2825 2823
2828 2703 2643
2830 2657 2617
2832 2830 2828
2834 2832 2687
2836 2835 2827
2838 214 148
2840 2828 2708
2842 2841 2838
2844 2650 118
2846 2831 148
2848 2847 2845
2850 2849 214
2852 2851 2843
2854 2852 2837
2856 2854 2821
2858 2856 2794
2860 2858 2699
2862 100 37
2864 1774 726
2866 1791 1771
2868 2866 2865
2870 1788 726
2872 2871 1767
2874 1795 1783
2876 2874 1777
2878 2876 2872
2880 2878 2868
2882 2779 2727
2884 2882 2696
2886 116 27
2888 52 37
2890 80 3
2892 2890 254
2894 2892 376
2896 80 2
2898 2896 6
2900 2898 2110
2902 2900 204
2904 2903 2895
2906 104 2
2908 2906 6
2910 2908 2110
2912 2910 198
2914 2913 2904
2916 104 3
2918 2916 254
2920 2918 450
2922 2916 410
2924 2922 472
2926 2925 2921
2928 2906 7
2930 2928 21
2932 2930 416
2934 2890 188
2936 2934 304
2938 2937 2933
2940 2938 2926
2942 2896 188
2944 2942 206
2946 2942 200
2948 2928 20
2950 2948 526
2952 2951 2947
2954 2952 2945
2956 2954 2940
2958 2956 2914
2960 2908 2210
2962 2916 312
2964 2962 318
2966 2910 204
2968 2967 2965
2970 2896 7
2972 2971 2929
2974 2973 20
2976 2974 528
2978 2977 2968
2980 2978 2961
2982 2918 376
2984 2916 188
2986 2984 466
2988 2987 2983
2990 2890 410
2992 2990 456
2994 2892 450
2996 2995 2993
2998 2996 2988
3000 2900 198
3002 2990 472
3004 3003 3001
3006 2970 21
3008 3006 476
3010 2890 312
3012 3010 318
3014 3013 3009
3016 3014 3004
3018 3016 2998
3020 2930 476
3022 2962 402
3024 3023 3021
3026 3006 416
3028 3010 402
3030 3029 3027
3032 3030 3024
3034 2970 20
3036 3034 526
3038 2934 466
3040 3039 3037
3042 2984 304
3044 2922 456
3046 3045 3043
3048 3046 3040
3050 3048 3032
3052 3050 3018
3054 3052 2980
3056 3054 2958
3058 106 15
3060 1774 1635
3062 3061 1796
3064 3062 2872
3066 3065 2
3068 102 19
3070 2871 1784
3072 3070 2868
3074 3073 8
3076 92 3
3078 3076 126
3080 3078 164
3082 96 3
3084 3082 126
3086 3084 164
3088 3087 3081
3090 96 2
3092 3090 144
3094 3092 164
3096 92 2
3098 3096 168
3100 3098 120
3102 3101 3095
3104 3076 218
3106 3104 120
3108 3084 120
3110 3109 3107
3112 3110 3102
3114 3112 3088
3116 3115 214
3118 3096 144
3120 3118 164
3122 3104 164
3124 3123 3121
3126 3125 214
3128 3090 168
3130 3128 120
3132 3130 214
3134 3133 3127
3136 3092 120
3138 3082 218
3140 3138 164
3142 3141 3137
3144 3143 214
3146 3107 3101
3148 3147 276
3150 3149 3145
3152 3150 3134
3154 3152 3117
3156 3155 118
3158 3128 164
3160 3159 3123
3162 3160 3141
3164 3162 3088
3166 3165 118
3168 3138 120
3170 3169 3146
3172 3171 148
3174 3131 3109
3176 3094 33
3178 3177 3174
3180 3178 3173
3182 3180 3167
3184 3183 2700
3186 3140 118
3188 3175 148
3190 3189 3187
3192 3191 14
3194 3143 278
3196 3120 2700
3198 3168 2062
3200 1519 300
3202 3078 120
3204 3202 3200
3206 3205 3199
3208 3206 3197
3210 3208 3195
3212 3118 120
3214 3098 164
3216 3215 3213
3218 3137 3095
3220 3218 3216
3222 3221 2730
3224 3216 3159
3226 3225 2054
3228 3227 3223
3230 3228 3210
3232 3230 3193
3234 3232 3185
3236 3234 3157
3238 3203 3159
3240 3169 3107
3242 3240 3238
3244 3174 3142
3246 3244 3242
3248 3216 3088
3250 3123 3101
3252 3251 118
3254 3253 3248
3256 3254 3246
3258 3257 1928
3260 3094 1960
3262 3120 1976
3264 3263 3261
3266 3124 3101
3268 3267 1956
3270 3269 3264
3272 3271 18
3274 3273 3259
3276 3275 37
3278 3248 3160
3280 3279 276
3282 3145 3127
3284 3121 3107
3286 3285 14
3288 3169 3131
3290 3289 214
3292 3291 3287
3294 3292 3282
3296 3294 3117
3298 3296 3281
3300 3299 148
3302 3125 32
3304 3218 3088
3306 3304 3216
3308 3306 3303
3310 3309 1519
3312 3203 3169
3314 3312 3101
3316 3314 3162
3318 3317 148
3320 3238 3109
3322 3288 3146
3324 3322 3320
3326 3325 118
3328 3327 3319
3330 3328 3311
3332 3331 14
3334 3333 3301
3336 3334 3277
3338 3336 3236
3340 98 2
3342 3340 168
3344 3342 120
3346 98 3
3348 3346 126
3350 3348 120
3352 3351 3345
3354 3353 148
3356 48 3
3358 3356 126
3360 3358 164
3362 3348 164
3364 3363 3361
3366 3365 118
3368 3346 218
3370 3368 164
3372 3370 1519
3374 3373 3367
3376 3374 3355
3378 3356 218
3380 3378 120
3382 3368 120
3384 3382 1519
3386 3385 3381
3388 3387 148
3390 48 2
3392 3390 144
3394 3392 164
3396 3378 164
3398 3397 3395
3400 3399 1519
3402 3401 3389
3404 3358 120
3406 3390 168
3408 3406 120
3410 3409 3405
3412 3411 148
3414 3392 120
3416 3415 3361
3418 3417 148
3420 3419 3413
3422 3420 3402
3424 3340 144
3426 3424 120
3428 3362 148
3430 3429 3427
3432 3431 1519
3434 3350 118
3436 3383 3345
3438 3437 32
3440 3342 164
3442 3441 3439
3444 3443 1519
3446 3445 3435
3448 3446 3433
3450 3448 3422
3452 3450 3376
3454 3453 14
3456 3415 3405
3458 3383 3361
3460 3458 3456
3462 3398 3381
3464 3371 3345
3466 3424 164
3468 3467 3351
3470 3468 3363
3472 3470 3464
3474 3472 3462
3476 3474 3460
3478 3470 215
3480 3479 2265
3482 3480 3477
3484 3404 276
3486 3406 164
3488 3486 176
3490 3489 3485
3492 3490 3483
3494 3493 148
3496 3415 3397
3498 3497 278
3500 3383 3351
3502 3501 2700
3504 3488 118
3506 3505 3503
3508 3506 3499
3510 3441 3427
3512 3510 3409
3514 3513 2054
3516 3466 1976
3518 3394 1960
3520 3519 3517
3522 3521 1292
3524 3486 263
3526 3466 14
3528 3527 3525
3530 3529 1519
3532 3531 3523
3534 3532 3515
3536 3534 3508
3538 3477 2822
3540 3409 3381
3542 3348 342
3544 3543 3464
3546 3544 3540
3548 3510 3397
3550 3548 3460
3552 3550 3546
3554 3553 2796
3556 3555 3539
3558 3540 3456
3560 3559 14
3562 3561 3485
3564 3563 118
3566 3497 32
3568 3510 3487
3570 3467 3395
3572 3570 3464
3574 3572 3568
3576 3574 3364
3578 3576 3540
3580 3578 3567
3582 3581 2700
3584 3583 3565
3586 3584 3556
3588 3586 3536
3590 3588 3495
3592 3590 3455
3594 108 27
3596 3285 148
3598 3597 3190
3600 3598 3330
3602 3466 1519
3604 3419 3376
3606 3604 3603
3608 3559 118
3610 3486 1519
3612 3611 3413
3614 3612 3609
3616 3614 3402
3618 3616 3448
3620 3618 3606
3622 42 37
3624 1788 19
3626 1774 19
3628 3627 3625
3630 2874 1772
3632 3630 3628
3634 3633 6
3636 46 3
3638 3636 312
3640 3638 318
3642 46 2
3644 3642 6
3646 3644 2110
3648 3646 204
3650 3649 3641
3652 3651 37
3654 3636 188
3656 3654 304
3658 110 3
3660 3658 254
3662 3660 376
3664 3663 3657
3666 3646 198
3668 110 2
3670 3668 6
3672 3670 2110
3674 3672 204
3676 3675 3667
3678 3676 3664
3680 3679 36
3682 3681 3653
3684 3683 262
3686 3668 188
3688 3686 1014
3690 3644 1008
3692 3690 202
3694 3693 3689
3696 3695 1372
3698 3636 254
3700 3698 376
3702 3700 360
3704 3668 312
3706 3704 1392
3708 3707 3703
3710 3708 3697
3712 3710 3685
3714 3713 1023
3716 3658 188
3718 3716 466
3720 3668 7
3722 3720 710
3724 3722 2110
3726 3658 312
3728 3726 318
3730 3729 3725
3732 3730 3719
3734 3733 176
3736 3658 410
3738 3736 472
3740 3739 3730
3742 3741 276
3744 3736 456
3746 3660 450
3748 3747 3745
3750 3748 3725
3752 3751 214
3754 3753 3743
3756 3754 3735
3758 3744 276
3760 275 15
3762 3761 3640
3764 3668 410
3766 3764 1346
3768 3767 3763
3770 3768 3759
3772 3642 7
3774 3772 21
3776 3774 476
3778 3776 2378
3780 3772 2396
3782 3780 2278
3784 3783 3779
3786 3772 20
3788 3786 1038
3790 1390 1292
3792 3790 3788
3794 3717 3655
3796 3795 1360
3798 3797 3793
3800 3798 3784
3802 3800 3770
3804 3739 3663
3806 3747 3675
3808 3806 3804
3810 3809 176
3812 3638 402
3814 3698 450
3816 3726 402
3818 3817 3815
3820 3818 3813
3822 3821 1236
3824 3823 3811
3826 3824 3802
3828 3826 3756
3830 3672 198
3832 3831 3725
3834 3832 3804
3836 3654 466
3838 3837 3701
3840 3686 200
3842 3841 3815
3844 3842 3838
3846 3844 3834
3848 3636 410
3850 3848 456
3852 3851 3777
3854 3852 3748
3856 3704 526
3858 3857 3729
3860 3786 526
3862 3861 3719
3864 3862 3858
3866 3864 3854
3868 3866 3846
3870 3869 14
3872 3831 3739
3874 3777 3729
3876 3874 3872
3878 3876 3664
3880 3774 416
3882 3848 472
3884 3883 3881
3886 3884 3838
3888 3716 304
3890 3889 3641
3892 3890 3667
3894 3892 3886
3896 3894 3878
3898 3897 214
3900 3899 3871
3902 3900 3828
3904 3659 3637
3906 230 6
3908 3906 3905
3910 3670 204
3912 3911 3723
3914 3912 3909
3916 3915 1104
3918 3704 2478
3920 3688 194
3922 3921 3919
3924 3690 198
3926 3925 3781
3928 3926 3922
3930 3929 26
3932 3644 1104
3934 3932 204
3936 3638 2538
3938 3937 3935
3940 3692 436
3942 3941 3938
3944 3704 1014
3946 3945 3789
3948 3947 388
3950 3772 2500
3952 3686 2534
3954 3726 2538
3956 3955 3953
3958 3956 3951
3960 3958 3949
3962 3960 3942
3964 3962 3931
3966 3964 3917
3968 3967 4
3970 3851 3649
3972 3971 300
3974 3672 2534
3976 3975 1231
3978 3673 3647
3980 3979 3977
3982 3981 3973
3984 3883 3837
3986 3985 176
3988 2268 396
3990 3989 2271
3992 3991 3644
3994 3993 3987
3996 3994 3982
3998 3888 276
4000 3848 2366
4002 4001 3999
4004 3736 2366
4006 2280 15
4008 4006 3686
4010 4009 4005
4012 4010 4002
4014 3944 1406
4016 3932 200
4018 1420 1372
4020 4018 3690
4022 4021 4017
4024 4022 4015
4026 3774 1346
4028 1392 36
4030 4028 3786
4032 4031 4027
4034 4032 4024
4036 4034 4012
4038 4036 3996
4040 3831 3747
4042 4040 3886
4044 4043 276
4046 3764 416
4048 4047 3719
4050 4049 300
4052 3885 14
4054 4053 4051
4056 3670 396
4058 3720 416
4060 4059 4057
4062 4061 2268
4064 4063 4054
4066 4064 4045
4068 4066 4038
4070 4068 3969
4072 4070 3902
4074 4072 3715
4076 58 15
4078 76 27
4080 3817 3813
4082 3686 206
4084 4083 3889
4086 4084 4080
4088 4086 3854
4090 3886 3678
4092 4090 4088
4094 4048 3650
4096 3787 3705
4098 4097 528
4100 3644 2210
4102 4101 4099
4104 4102 4094
4106 3872 3730
4108 3861 3857
4110 4108 3842
4112 4110 4106
4114 4112 4104
4116 4114 4092
4118 2974 2478
4120 2928 2396
4122 2908 1008
4124 4122 204
4126 2942 2474
4128 4127 4125
4130 4128 4121
4132 4130 4119
4134 4133 26
4136 3034 1014
4138 4136 388
4140 2962 2538
4142 2890 6
4144 4142 2522
4146 4145 4141
4148 2898 2506
4150 2973 2500
4152 4151 4149
4154 4152 4146
4156 4154 4139
4158 4122 196
4160 4158 436
4162 2942 2534
4164 3010 2538
4166 4165 4163
4168 2916 6
4170 4168 2522
4172 2908 2506
4174 4173 4171
4176 4174 4166
4178 4176 4161
4180 4178 4156
4182 4180 4135
4184 4183 4
4186 3042 15
4188 4187 2921
4190 4189 263
4192 4158 1372
4194 2948 1392
4196 4195 4193
4198 4197 1292
4200 4199 4191
4202 3004 2895
4204 4203 214
4206 2993 2933
4208 4206 3014
4210 4209 214
4212 4211 4205
4214 4212 4200
4216 2982 276
4218 3044 300
4220 4219 4217
4222 4136 1406
4224 2991 2923
4226 4225 2366
4228 4227 4223
4230 4228 4220
4232 2986 176
4234 2964 276
4236 4235 4233
4238 4120 2278
4240 2268 476
4242 4240 2973
4244 4243 4239
4246 4244 4236
4248 4246 4230
4250 3003 2965
4252 3045 3037
4254 4252 4250
4256 4255 14
4258 3026 300
4260 3026 14
4262 2966 361
4264 4263 4261
4266 4264 4259
4268 4266 4257
4270 4268 4248
4272 4270 4214
4274 3039 3003
4276 3043 3014
4278 4276 4274
4280 4278 2914
4282 4281 276
4284 3013 2951
4286 4284 2947
4288 2925 2895
4290 4288 2988
4292 3039 2903
4294 4292 2996
4296 4294 4290
4298 4296 4286
4300 4299 14
4302 4301 4283
4304 4302 4272
4306 3013 2921
4308 4306 2904
4310 4274 2968
4312 4310 4308
4314 4313 176
4316 3001 2987
4318 4316 2940
4320 4319 276
4322 3034 1392
4324 2982 360
4326 4325 4323
4328 4129 1300
4330 4329 4326
4332 4331 1023
4334 4333 4321
4336 4334 4315
4338 4006 2942
4340 2924 176
4342 4341 4339
4344 2994 2265
4346 2930 1346
4348 4347 4345
4350 4348 4342
4352 3009 3001
4354 4353 176
4356 2909 2899
4358 4357 2270
4360 2908 1104
4362 4360 200
4364 4363 4359
4366 4364 4355
4368 4366 4350
4370 3020 1236
4372 2932 14
4374 4373 4371
4376 3028 1236
4378 3006 1346
4380 4379 4377
4382 4380 4374
4384 3022 1236
4386 2936 2265
4388 4387 4385
4390 2984 1360
4392 2912 176
4394 4393 4391
4396 4394 4388
4398 4396 4382
4400 4398 4368
4402 2997 262
4404 4403 4196
4406 4405 36
4408 2965 2925
4410 4408 2913
4412 4292 2988
4414 4412 4410
4416 4415 214
4418 4417 4407
4420 4418 4400
4422 4420 4336
4424 4422 4304
4426 4424 4185
4428 82 15
4430 88 27
10 1 1
12 7 7
4432 42 106
4434 83 4432
4436 83 4435
4438 101 4436
4440 101 4439
4442 106 76
4444 83 4442
4446 83 4445
4448 42 76
4450 42 4442
4452 82 4448
4454 83 4450
4456 4453 4455
4458 100 4447
4460 101 4457
4462 4459 4461
4464 108 4441
4466 109 4462
4468 4465 4467
4470 95 4469
4472 95 4471
4474 71 4473
4476 71 4475
4478 115 4476
4480 115 4479
14 4481 4481
16 0 0
30 0 0
32 0 0
34 0 0
36 70 70
28 0 0
4482 108 100
4484 95 4482
4486 95 4485
4488 70 94
4490 71 4487
4492 4489 4491
26 4493 4493
24 0 0
22 0 0
20 5 5
4494 101 4437
4496 101 4495
4498 108 4497
4500 109 4463
4502 4499 4501
4504 95 4503
4506 95 4505
4508 71 4507
4510 71 4509
4512 115 4511
4514 115 4513
4516 73 4514
4518 73 4517
18 4519 4519
i0 r_2
i1 r_1
i2 r_0
i3 r_3
l0 __bad __qdead
l1 __q2k0
l2 __q5k2
l3 __q6k4
l4 __q6k2
l5 __q7k4
l6 __q8k2
l7 __q5k4
l8 __q7k0
l9 __q2k2
l10 __q4k3
l11 __q2k1
l12 __q8k3
l13 __q9k0
l14 __q6k3
l15 __q7k1
l16 __q5k0
l17 !__q0k4
l18 __q9k1
l19 __q3k2
l20 __q5k3
l21 __q8k0
l22 __q4k1
l23 __q4k4
l24 __q2k3
l25 __q3k4
l26 __q7k2
l27 __q7k3
l28 __q3k0
l29 __q9k2
l30 __q9k3
l31 __q5k1
l32 __q2k4
l33 __q6k1
l34 __q4k2
l35 __q3k1
l36 __q8k1
l37 __q6k0
l38 __q4k0
l39 __q3k3
o0 __vp1_0
o1 __d1_r_0
o2 g_2
o3 __d1_r_2
o4 __d2_r_2
o5 __d1_r_1
o6 __vp1_1
o7 g_1
o8 __d2_r_0
o9 g_3
o10 __d1_r_3
o11 __d2_r_3
o12 __d2_r_1
o13 g_0
c
Generated by Yosys 0.7+217 (git sha1 5442554, clang 3.8.0-2ubuntu4 -fPIC -Os)

