15:59:44  Namespace(bound=32, dot=None, incr=True, log=None, maxK=0, moore=True, size=0, spec='./experiments-for-synt/simple_res_arb_3_k1.tlsf', spot=True, tmp=False, unreal=False, verbose=0)
15:59:44  created z3 process: 26247
15:59:44  automaton size is: 7
15:59:44  using CoBuchiEncoder
15:59:44  search
15:59:44  searching a model of size 1..
15:59:44  solving the query..
15:59:44  searching a model of size 2..
15:59:44  solving the query..
15:59:44  searching a model of size 3..
15:59:45  solving the query..
15:59:45  searching a model of size 4..
15:59:45  solving the query..
16:00:13  searching a model of size 5..
16:00:13  solving the query..
16:00:23  parse_model
16:00:23  searching a model took (sec): 39
16:00:23  FOUND model for sys of size 5
16:00:24  digraph module {
 rankdir=LR;

"0" [label="-__d1_r_2 __vp1_0 -g_0 -__d1_r_0 -g_2 -__d1_r_1 -g_1\n0", fillcolor="green", style=filled]
"1" [label="-__d1_r_2 __vp1_0 -g_0 -__d1_r_0 -g_2 -__d1_r_1 g_1\n1"]
"2" [label="-__d1_r_2 __vp1_0 g_0 -__d1_r_0 -g_2 -__d1_r_1 -g_1\n2"]
"3" [label="-__d1_r_2 __vp1_0 -g_0 -__d1_r_0 g_2 -__d1_r_1 -g_1\n3"]
"4" [label="-__d1_r_2 __vp1_0 -g_0 -__d1_r_0 -g_2 -__d1_r_1 g_1\n4"]
"0" -> "1" [label="r_0"]
"0" -> "1" [label="-r_1 r_2"]
"3" -> "2" [label="1"]
"0" -> "0" [label="-r_1 -r_0 -r_2"]
"4" -> "3" [label="-r_1 r_0 -r_2"]
"1" -> "3" [label="1"]
"4" -> "2" [label="r_1 -r_0 -r_2"]
"0" -> "3" [label="r_1 -r_0"]
"4" -> "1" [label="r_2"]
"4" -> "1" [label="r_1 r_0"]
"2" -> "4" [label="-r_1 -r_0 -r_2"]
"2" -> "1" [label="r_0"]
"2" -> "1" [label="r_1"]
"2" -> "1" [label="r_2"]
"4" -> "0" [label="-r_1 -r_0 -r_2"]
}
