11:59:13  Namespace(bound=32, dot=None, incr=True, log=None, maxK=0, moore=True, size=0, spec='./experiments-for-synt/user_arb_k6.tlsf', spot=True, tmp=False, unreal=False, verbose=0)
11:59:14  created z3 process: 21957
11:59:47  automaton size is: 135
11:59:48  using CoBuchiEncoder
11:59:48  search
11:59:48  searching a model of size 1..
11:59:56  solving the query..
12:00:28  searching a model of size 2..
12:00:36  solving the query..
12:02:59  searching a model of size 3..
12:03:07  solving the query..
12:09:53  searching a model of size 4..
12:10:04  solving the query..
13:55:50  searching a model of size 5..
13:55:54  solving the query..
14:09:19  parse_model
14:09:19  searching a model took (sec): 7771
14:09:19  FOUND model for sys of size 5
14:09:19  digraph module {
 rankdir=LR;

"0" [label="-__vp5_2 -__vp2_0 -__d4_r __vp7_2 -__d1_r -__vp7_1 __vp5_0 -__vp3_1 -__d3_r __d2_r -__d5_u __d6_r -__vp1_0 __d2_u -__vp2_2 __vp1_1 __vp5_1 __vp1_2 -g __d5_r __vp3_2 __d3_u -__d1_u __vp3_0 -__vp7_0 -__d4_u __vp2_1 -__d6_u\n0", fillcolor="green", style=filled]
"1" [label="-__vp5_2 -__vp2_0 __d4_r -__vp7_2 -__d1_r -__vp7_1 -__vp5_0 -__vp3_1 -__d3_r -__d2_r -__d5_u -__d6_r -__vp1_0 -__d2_u -__vp2_2 -__vp1_1 -__vp5_1 -__vp1_2 g -__d5_r -__vp3_2 __d3_u -__d1_u -__vp3_0 -__vp7_0 -__d4_u __vp2_1 -__d6_u\n1"]
"2" [label="-__vp5_2 -__vp2_0 -__d4_r -__vp7_2 -__d1_r -__vp7_1 -__vp5_0 -__vp3_1 -__d3_r -__d2_r __d5_u -__d6_r -__vp1_0 __d2_u -__vp2_2 -__vp1_1 -__vp5_1 -__vp1_2 g -__d5_r -__vp3_2 -__d3_u -__d1_u -__vp3_0 -__vp7_0 -__d4_u __vp2_1 -__d6_u\n2"]
"3" [label="-__vp5_2 -__vp2_0 -__d4_r -__vp7_2 -__d1_r -__vp7_1 -__vp5_0 -__vp3_1 -__d3_r __d2_r __d5_u -__d6_r -__vp1_0 -__d2_u -__vp2_2 -__vp1_1 -__vp5_1 -__vp1_2 g -__d5_r -__vp3_2 __d3_u -__d1_u -__vp3_0 -__vp7_0 -__d4_u -__vp2_1 -__d6_u\n3"]
"4" [label="-__vp5_2 -__vp2_0 -__d4_r -__vp7_2 -__d1_r -__vp7_1 -__vp5_0 -__vp3_1 -__d3_r -__d2_r -__d5_u -__d6_r -__vp1_0 -__d2_u -__vp2_2 -__vp1_1 -__vp5_1 -__vp1_2 g -__d5_r -__vp3_2 -__d3_u -__d1_u -__vp3_0 -__vp7_0 -__d4_u __vp2_1 __d6_u\n4"]
"0" -> "1" [label="u -r"]
"3" -> "2" [label="u -r"]
"1" -> "3" [label="u"]
"0" -> "3" [label="-u r"]
"3" -> "0" [label="-u r"]
"4" -> "1" [label="-u"]
"1" -> "4" [label="-u r"]
"2" -> "4" [label="r"]
"2" -> "4" [label="u"]
"0" -> "0" [label="-u -r"]
"4" -> "3" [label="u r"]
"2" -> "2" [label="-u -r"]
"1" -> "0" [label="-u -r"]
"3" -> "4" [label="u r"]
"3" -> "4" [label="-u -r"]
"0" -> "2" [label="u r"]
"4" -> "0" [label="u -r"]
}
