15:59:44  Namespace(bound=32, dot=None, incr=True, log=None, maxK=0, moore=True, size=0, spec='./experiments-for-synt/user_arb_k5.tlsf', spot=True, tmp=False, unreal=False, verbose=0)
15:59:45  created z3 process: 26286
15:59:51  automaton size is: 113
15:59:51  using CoBuchiEncoder
15:59:51  search
15:59:51  searching a model of size 1..
15:59:53  solving the query..
15:59:55  searching a model of size 2..
15:59:57  solving the query..
16:00:05  searching a model of size 3..
16:00:08  solving the query..
16:01:30  searching a model of size 4..
16:01:33  solving the query..
16:25:30  searching a model of size 5..
16:25:32  solving the query..
16:30:46  parse_model
16:30:46  searching a model took (sec): 1855
16:30:46  FOUND model for sys of size 5
16:30:46  digraph module {
 rankdir=LR;

"0" [label="__d3_r -__d5_u -__vp2_2 -g __vp7_0 -__vp3_0 -__vp7_1 -__d4_u -__vp3_1 -__d1_r -__d2_u __vp5_0 __vp3_2 __vp2_1 __d1_u __vp1_0 __d4_r -__d5_r __vp5_2 -__d3_u -__vp2_0 -__vp5_1 -__vp7_2 __vp1_1 -__vp1_2 __d2_r\n0", fillcolor="green", style=filled]
"1" [label="-__d3_r -__d5_u -__vp2_2 g -__vp7_0 -__vp3_0 -__vp7_1 -__d4_u -__vp3_1 -__d1_r -__d2_u -__vp5_0 __vp3_2 __vp2_1 -__d1_u -__vp1_0 -__d4_r -__d5_r -__vp5_2 -__d3_u -__vp2_0 -__vp5_1 -__vp7_2 -__vp1_1 -__vp1_2 -__d2_r\n1"]
"2" [label="-__d3_r -__d5_u -__vp2_2 g -__vp7_0 -__vp3_0 -__vp7_1 -__d4_u -__vp3_1 __d1_r -__d2_u -__vp5_0 __vp3_2 __vp2_1 -__d1_u -__vp1_0 -__d4_r -__d5_r -__vp5_2 -__d3_u -__vp2_0 -__vp5_1 -__vp7_2 -__vp1_1 -__vp1_2 -__d2_r\n2"]
"3" [label="__d3_r __d5_u -__vp2_2 g -__vp7_0 -__vp3_0 -__vp7_1 -__d4_u -__vp3_1 -__d1_r -__d2_u -__vp5_0 -__vp3_2 __vp2_1 -__d1_u -__vp1_0 -__d4_r -__d5_r -__vp5_2 -__d3_u -__vp2_0 -__vp5_1 -__vp7_2 -__vp1_1 -__vp1_2 -__d2_r\n3"]
"4" [label="-__d3_r -__d5_u -__vp2_2 g -__vp7_0 -__vp3_0 -__vp7_1 -__d4_u -__vp3_1 -__d1_r -__d2_u -__vp5_0 __vp3_2 __vp2_1 -__d1_u -__vp1_0 -__d4_r -__d5_r -__vp5_2 -__d3_u -__vp2_0 -__vp5_1 -__vp7_2 -__vp1_1 -__vp1_2 __d2_r\n4"]
"0" -> "1" [label="-u"]
"0" -> "0" [label="u"]
"3" -> "3" [label="r u"]
"3" -> "0" [label="r -u"]
"3" -> "4" [label="-r -u"]
"3" -> "1" [label="-r u"]
"2" -> "1" [label="u"]
"2" -> "0" [label="-u"]
"1" -> "3" [label="u"]
"1" -> "3" [label="-r"]
"4" -> "3" [label="-r u"]
"4" -> "2" [label="-r -u"]
"1" -> "0" [label="r -u"]
"4" -> "1" [label="r u"]
"4" -> "0" [label="r -u"]
}
