11:59:43  Namespace(bound=32, dot=None, incr=True, log=None, maxK=0, moore=True, size=0, spec='./experiments-for-synt/user_arb_k7.tlsf', spot=True, tmp=False, unreal=False, verbose=0)
11:59:44  created z3 process: 22051
12:00:47  automaton size is: 157
12:00:47  using CoBuchiEncoder
12:00:47  search
12:00:47  searching a model of size 1..
12:00:50  solving the query..
12:00:55  searching a model of size 2..
12:00:58  solving the query..
12:01:31  searching a model of size 3..
12:01:34  solving the query..
12:04:13  searching a model of size 4..
12:04:16  solving the query..
13:00:58  searching a model of size 5..
13:01:00  solving the query..
13:04:17  parse_model
13:04:17  searching a model took (sec): 3809
13:04:17  FOUND model for sys of size 5
13:04:17  digraph module {
 rankdir=LR;

"0" [label="__d1_r -__d1_u -g __d7_r -__d2_u -__vp2_0 __d2_r -__d5_r __d3_r __vp3_1 -__vp2_2 __vp2_1 __vp3_0 -__vp5_1 __vp7_2 __vp1_2 -__vp7_1 __vp7_0 __d4_u -__vp3_2 -__d3_u -__d5_u __vp5_2 -__d7_u -__vp5_0 __vp1_1 __d4_r __vp1_0 __d6_r -__d6_u\n0", fillcolor="green", style=filled]
"1" [label="-__d1_r __d1_u g -__d7_r __d2_u -__vp2_0 -__d2_r -__d5_r -__d3_r -__vp3_1 -__vp2_2 -__vp2_1 -__vp3_0 -__vp5_1 -__vp7_2 -__vp1_2 -__vp7_1 -__vp7_0 __d4_u -__vp3_2 __d3_u -__d5_u -__vp5_2 -__d7_u -__vp5_0 -__vp1_1 __d4_r -__vp1_0 -__d6_r -__d6_u\n1"]
"2" [label="-__d1_r -__d1_u g -__d7_r -__d2_u -__vp2_0 -__d2_r __d5_r -__d3_r -__vp3_1 -__vp2_2 -__vp2_1 -__vp3_0 -__vp5_1 -__vp7_2 -__vp1_2 -__vp7_1 -__vp7_0 -__d4_u -__vp3_2 -__d3_u -__d5_u -__vp5_2 -__d7_u -__vp5_0 -__vp1_1 __d4_r -__vp1_0 -__d6_r -__d6_u\n2"]
"3" [label="-__d1_r -__d1_u g -__d7_r -__d2_u -__vp2_0 -__d2_r -__d5_r -__d3_r -__vp3_1 -__vp2_2 -__vp2_1 -__vp3_0 -__vp5_1 -__vp7_2 -__vp1_2 -__vp7_1 -__vp7_0 -__d4_u -__vp3_2 -__d3_u -__d5_u -__vp5_2 -__d7_u -__vp5_0 -__vp1_1 __d4_r -__vp1_0 -__d6_r -__d6_u\n3"]
"4" [label="-__d1_r -__d1_u g -__d7_r __d2_u -__vp2_0 __d2_r -__d5_r -__d3_r -__vp3_1 -__vp2_2 -__vp2_1 -__vp3_0 -__vp5_1 -__vp7_2 -__vp1_2 -__vp7_1 -__vp7_0 -__d4_u -__vp3_2 -__d3_u -__d5_u -__vp5_2 -__d7_u -__vp5_0 -__vp1_1 -__d4_r -__vp1_0 -__d6_r -__d6_u\n4"]
"1" -> "2" [label="r -u"]
"1" -> "2" [label="-r u"]
"0" -> "1" [label="r -u"]
"3" -> "2" [label="r -u"]
"3" -> "2" [label="-r u"]
"1" -> "3" [label="-r -u"]
"3" -> "0" [label="-r -u"]
"4" -> "1" [label="r -u"]
"2" -> "4" [label="-r"]
"0" -> "0" [label="-r -u"]
"2" -> "3" [label="r -u"]
"4" -> "3" [label="-r -u"]
"2" -> "2" [label="r u"]
"1" -> "0" [label="r u"]
"4" -> "2" [label="-r u"]
"0" -> "3" [label="-r u"]
"3" -> "4" [label="r u"]
"0" -> "2" [label="r u"]
"4" -> "0" [label="r u"]
}
